<?xml version="1.0" encoding="UTF-8"?>
<testsuite xmlns:xsi="http://www.w3.org/2001/XMLSchema-instance" xsi:noNamespaceSchemaLocation="https://maven.apache.org/surefire/maven-surefire-plugin/xsd/surefire-test-report.xsd" version="3.0.2" name="TestSuite" time="577.542" tests="263" errors="0" skipped="0" failures="34">
  <properties>
    <property name="java.specification.version" value="17"/>
    <property name="sun.cpu.isalist" value="amd64"/>
    <property name="sun.jnu.encoding" value="Cp1252"/>
    <property name="java.class.path" value="C:\Users\Palanivel\eclipse-workspace\asta_dsalgoBDD\target\test-classes;C:\Users\Palanivel\eclipse-workspace\asta_dsalgoBDD\target\classes;C:\Users\Palanivel\.m2\repository\org\seleniumhq\selenium\selenium-java\4.24.0\selenium-java-4.24.0.jar;C:\Users\Palanivel\.m2\repository\org\seleniumhq\selenium\selenium-api\4.24.0\selenium-api-4.24.0.jar;C:\Users\Palanivel\.m2\repository\org\jspecify\jspecify\1.0.0\jspecify-1.0.0.jar;C:\Users\Palanivel\.m2\repository\org\seleniumhq\selenium\selenium-chrome-driver\4.24.0\selenium-chrome-driver-4.24.0.jar;C:\Users\Palanivel\.m2\repository\com\google\auto\service\auto-service-annotations\1.1.1\auto-service-annotations-1.1.1.jar;C:\Users\Palanivel\.m2\repository\org\seleniumhq\selenium\selenium-chromium-driver\4.24.0\selenium-chromium-driver-4.24.0.jar;C:\Users\Palanivel\.m2\repository\org\seleniumhq\selenium\selenium-json\4.24.0\selenium-json-4.24.0.jar;C:\Users\Palanivel\.m2\repository\org\seleniumhq\selenium\selenium-manager\4.24.0\selenium-manager-4.24.0.jar;C:\Users\Palanivel\.m2\repository\org\seleniumhq\selenium\selenium-devtools-v126\4.24.0\selenium-devtools-v126-4.24.0.jar;C:\Users\Palanivel\.m2\repository\org\seleniumhq\selenium\selenium-devtools-v127\4.24.0\selenium-devtools-v127-4.24.0.jar;C:\Users\Palanivel\.m2\repository\org\seleniumhq\selenium\selenium-devtools-v128\4.24.0\selenium-devtools-v128-4.24.0.jar;C:\Users\Palanivel\.m2\repository\org\seleniumhq\selenium\selenium-devtools-v85\4.24.0\selenium-devtools-v85-4.24.0.jar;C:\Users\Palanivel\.m2\repository\org\seleniumhq\selenium\selenium-edge-driver\4.24.0\selenium-edge-driver-4.24.0.jar;C:\Users\Palanivel\.m2\repository\org\seleniumhq\selenium\selenium-firefox-driver\4.24.0\selenium-firefox-driver-4.24.0.jar;C:\Users\Palanivel\.m2\repository\org\seleniumhq\selenium\selenium-http\4.24.0\selenium-http-4.24.0.jar;C:\Users\Palanivel\.m2\repository\dev\failsafe\failsafe\3.3.2\failsafe-3.3.2.jar;C:\Users\Palanivel\.m2\repository\org\seleniumhq\selenium\selenium-ie-driver\4.24.0\selenium-ie-driver-4.24.0.jar;C:\Users\Palanivel\.m2\repository\org\seleniumhq\selenium\selenium-remote-driver\4.24.0\selenium-remote-driver-4.24.0.jar;C:\Users\Palanivel\.m2\repository\com\google\guava\guava\33.3.0-jre\guava-33.3.0-jre.jar;C:\Users\Palanivel\.m2\repository\com\google\guava\failureaccess\1.0.2\failureaccess-1.0.2.jar;C:\Users\Palanivel\.m2\repository\com\google\guava\listenablefuture\9999.0-empty-to-avoid-conflict-with-guava\listenablefuture-9999.0-empty-to-avoid-conflict-with-guava.jar;C:\Users\Palanivel\.m2\repository\com\google\code\findbugs\jsr305\3.0.2\jsr305-3.0.2.jar;C:\Users\Palanivel\.m2\repository\org\checkerframework\checker-qual\3.43.0\checker-qual-3.43.0.jar;C:\Users\Palanivel\.m2\repository\com\google\errorprone\error_prone_annotations\2.28.0\error_prone_annotations-2.28.0.jar;C:\Users\Palanivel\.m2\repository\com\google\j2objc\j2objc-annotations\3.0.0\j2objc-annotations-3.0.0.jar;C:\Users\Palanivel\.m2\repository\io\opentelemetry\semconv\opentelemetry-semconv\1.25.0-alpha\opentelemetry-semconv-1.25.0-alpha.jar;C:\Users\Palanivel\.m2\repository\io\opentelemetry\opentelemetry-api\1.41.0\opentelemetry-api-1.41.0.jar;C:\Users\Palanivel\.m2\repository\io\opentelemetry\opentelemetry-context\1.41.0\opentelemetry-context-1.41.0.jar;C:\Users\Palanivel\.m2\repository\io\opentelemetry\opentelemetry-exporter-logging\1.41.0\opentelemetry-exporter-logging-1.41.0.jar;C:\Users\Palanivel\.m2\repository\io\opentelemetry\opentelemetry-sdk-common\1.41.0\opentelemetry-sdk-common-1.41.0.jar;C:\Users\Palanivel\.m2\repository\io\opentelemetry\opentelemetry-sdk-extension-autoconfigure-spi\1.41.0\opentelemetry-sdk-extension-autoconfigure-spi-1.41.0.jar;C:\Users\Palanivel\.m2\repository\io\opentelemetry\opentelemetry-sdk-extension-autoconfigure\1.41.0\opentelemetry-sdk-extension-autoconfigure-1.41.0.jar;C:\Users\Palanivel\.m2\repository\io\opentelemetry\opentelemetry-api-incubator\1.41.0-alpha\opentelemetry-api-incubator-1.41.0-alpha.jar;C:\Users\Palanivel\.m2\repository\io\opentelemetry\opentelemetry-sdk-trace\1.41.0\opentelemetry-sdk-trace-1.41.0.jar;C:\Users\Palanivel\.m2\repository\io\opentelemetry\opentelemetry-sdk\1.41.0\opentelemetry-sdk-1.41.0.jar;C:\Users\Palanivel\.m2\repository\io\opentelemetry\opentelemetry-sdk-metrics\1.41.0\opentelemetry-sdk-metrics-1.41.0.jar;C:\Users\Palanivel\.m2\repository\io\opentelemetry\opentelemetry-sdk-logs\1.41.0\opentelemetry-sdk-logs-1.41.0.jar;C:\Users\Palanivel\.m2\repository\net\bytebuddy\byte-buddy\1.15.0\byte-buddy-1.15.0.jar;C:\Users\Palanivel\.m2\repository\org\seleniumhq\selenium\selenium-os\4.24.0\selenium-os-4.24.0.jar;C:\Users\Palanivel\.m2\repository\org\apache\commons\commons-exec\1.4.0\commons-exec-1.4.0.jar;C:\Users\Palanivel\.m2\repository\org\seleniumhq\selenium\selenium-safari-driver\4.24.0\selenium-safari-driver-4.24.0.jar;C:\Users\Palanivel\.m2\repository\org\seleniumhq\selenium\selenium-support\4.24.0\selenium-support-4.24.0.jar;C:\Users\Palanivel\.m2\repository\io\cucumber\cucumber-java\7.18.1\cucumber-java-7.18.1.jar;C:\Users\Palanivel\.m2\repository\io\cucumber\cucumber-core\7.18.1\cucumber-core-7.18.1.jar;C:\Users\Palanivel\.m2\repository\io\cucumber\cucumber-gherkin\7.18.1\cucumber-gherkin-7.18.1.jar;C:\Users\Palanivel\.m2\repository\io\cucumber\cucumber-gherkin-messages\7.18.1\cucumber-gherkin-messages-7.18.1.jar;C:\Users\Palanivel\.m2\repository\io\cucumber\gherkin\28.0.0\gherkin-28.0.0.jar;C:\Users\Palanivel\.m2\repository\io\cucumber\messages\24.1.0\messages-24.1.0.jar;C:\Users\Palanivel\.m2\repository\io\cucumber\testng-xml-formatter\0.2.0\testng-xml-formatter-0.2.0.jar;C:\Users\Palanivel\.m2\repository\io\cucumber\query\12.2.0\query-12.2.0.jar;C:\Users\Palanivel\.m2\repository\io\cucumber\tag-expressions\6.1.0\tag-expressions-6.1.0.jar;C:\Users\Palanivel\.m2\repository\io\cucumber\cucumber-expressions\17.1.0\cucumber-expressions-17.1.0.jar;C:\Users\Palanivel\.m2\repository\io\cucumber\datatable\7.18.1\datatable-7.18.1.jar;C:\Users\Palanivel\.m2\repository\io\cucumber\cucumber-plugin\7.18.1\cucumber-plugin-7.18.1.jar;C:\Users\Palanivel\.m2\repository\io\cucumber\docstring\7.18.1\docstring-7.18.1.jar;C:\Users\Palanivel\.m2\repository\io\cucumber\html-formatter\21.4.1\html-formatter-21.4.1.jar;C:\Users\Palanivel\.m2\repository\io\cucumber\junit-xml-formatter\0.5.0\junit-xml-formatter-0.5.0.jar;C:\Users\Palanivel\.m2\repository\io\cucumber\ci-environment\10.0.1\ci-environment-10.0.1.jar;C:\Users\Palanivel\.m2\repository\org\apiguardian\apiguardian-api\1.1.2\apiguardian-api-1.1.2.jar;C:\Users\Palanivel\.m2\repository\io\cucumber\cucumber-junit\7.18.1\cucumber-junit-7.18.1.jar;C:\Users\Palanivel\.m2\repository\junit\junit\4.13.2\junit-4.13.2.jar;C:\Users\Palanivel\.m2\repository\org\hamcrest\hamcrest-core\1.3\hamcrest-core-1.3.jar;C:\Users\Palanivel\.m2\repository\io\cucumber\cucumber-testng\7.18.1\cucumber-testng-7.18.1.jar;C:\Users\Palanivel\.m2\repository\org\testng\testng\7.10.2\testng-7.10.2.jar;C:\Users\Palanivel\.m2\repository\org\slf4j\slf4j-api\1.7.36\slf4j-api-1.7.36.jar;C:\Users\Palanivel\.m2\repository\com\beust\jcommander\1.82\jcommander-1.82.jar;C:\Users\Palanivel\.m2\repository\org\webjars\jquery\3.7.1\jquery-3.7.1.jar;C:\Users\Palanivel\.m2\repository\io\qameta\allure\allure-cucumber7-jvm\2.29.0\allure-cucumber7-jvm-2.29.0.jar;C:\Users\Palanivel\.m2\repository\io\qameta\allure\allure-java-commons\2.29.0\allure-java-commons-2.29.0.jar;C:\Users\Palanivel\.m2\repository\io\qameta\allure\allure-model\2.29.0\allure-model-2.29.0.jar;C:\Users\Palanivel\.m2\repository\io\qameta\allure\allure-testng\2.29.0\allure-testng-2.29.0.jar;C:\Users\Palanivel\.m2\repository\io\qameta\allure\allure-test-filter\2.29.0\allure-test-filter-2.29.0.jar;C:\Users\Palanivel\.m2\repository\com\aventstack\extentreports\5.1.2\extentreports-5.1.2.jar;C:\Users\Palanivel\.m2\repository\io\reactivex\rxjava3\rxjava\3.1.6\rxjava-3.1.6.jar;C:\Users\Palanivel\.m2\repository\org\reactivestreams\reactive-streams\1.0.4\reactive-streams-1.0.4.jar;C:\Users\Palanivel\.m2\repository\org\freemarker\freemarker\2.3.32\freemarker-2.3.32.jar;C:\Users\Palanivel\.m2\repository\org\projectlombok\lombok\1.18.26\lombok-1.18.26.jar;C:\Users\Palanivel\.m2\repository\com\google\code\gson\gson\2.10.1\gson-2.10.1.jar;C:\Users\Palanivel\.m2\repository\tech\grasshopper\extentreports-cucumber7-adapter\1.14.0\extentreports-cucumber7-adapter-1.14.0.jar;C:\Users\Palanivel\.m2\repository\tech\grasshopper\extent-pdf-report\2.12.0\extent-pdf-report-2.12.0.jar;C:\Users\Palanivel\.m2\repository\tech\grasshopper\cucumber-pdf-report\2.14.0\cucumber-pdf-report-2.14.0.jar;C:\Users\Palanivel\.m2\repository\org\apache\pdfbox\pdfbox\2.0.26\pdfbox-2.0.26.jar;C:\Users\Palanivel\.m2\repository\org\apache\pdfbox\fontbox\2.0.26\fontbox-2.0.26.jar;C:\Users\Palanivel\.m2\repository\org\knowm\xchart\xchart\3.8.0\xchart-3.8.0.jar;C:\Users\Palanivel\.m2\repository\de\erichseifert\vectorgraphics2d\VectorGraphics2D\0.13\VectorGraphics2D-0.13.jar;C:\Users\Palanivel\.m2\repository\de\rototor\pdfbox\graphics2d\0.30\graphics2d-0.30.jar;C:\Users\Palanivel\.m2\repository\com\madgag\animated-gif-lib\1.4\animated-gif-lib-1.4.jar;C:\Users\Palanivel\.m2\repository\org\yaml\snakeyaml\2.0\snakeyaml-2.0.jar;C:\Users\Palanivel\.m2\repository\tech\grasshopper\table-layout\1.5.1\table-layout-1.5.1.jar;C:\Users\Palanivel\.m2\repository\tech\grasshopper\rest-assured-cucumber-pdf-report\1.5.0\rest-assured-cucumber-pdf-report-1.5.0.jar;C:\Users\Palanivel\.m2\repository\org\jsoup\jsoup\1.15.3\jsoup-1.15.3.jar;C:\Users\Palanivel\.m2\repository\com\aventstack\klov-reporter\5.1.0\klov-reporter-5.1.0.jar;C:\Users\Palanivel\.m2\repository\org\mongodb\mongodb-driver\3.6.4\mongodb-driver-3.6.4.jar;C:\Users\Palanivel\.m2\repository\org\mongodb\mongodb-driver-core\3.6.4\mongodb-driver-core-3.6.4.jar;C:\Users\Palanivel\.m2\repository\org\mongodb\bson\3.6.4\bson-3.6.4.jar;C:\Users\Palanivel\.m2\repository\org\apache\httpcomponents\httpclient\4.5.13\httpclient-4.5.13.jar;C:\Users\Palanivel\.m2\repository\org\apache\httpcomponents\httpcore\4.4.13\httpcore-4.4.13.jar;C:\Users\Palanivel\.m2\repository\commons-logging\commons-logging\1.2\commons-logging-1.2.jar;C:\Users\Palanivel\.m2\repository\org\apache\httpcomponents\httpmime\4.5.13\httpmime-4.5.13.jar;C:\Users\Palanivel\.m2\repository\tech\grasshopper\htmlextentreporter\1.1.0\htmlextentreporter-1.1.0.jar;C:\Users\Palanivel\.m2\repository\tech\grasshopper\extent-excel-report\1.4.0\extent-excel-report-1.4.0.jar;C:\Users\Palanivel\.m2\repository\org\apache\logging\log4j\log4j-api\2.17.2\log4j-api-2.17.2.jar;C:\Users\Palanivel\.m2\repository\org\apache\logging\log4j\log4j-core\2.17.2\log4j-core-2.17.2.jar;C:\Users\Palanivel\.m2\repository\org\apache\poi\poi\5.3.0\poi-5.3.0.jar;C:\Users\Palanivel\.m2\repository\commons-codec\commons-codec\1.17.0\commons-codec-1.17.0.jar;C:\Users\Palanivel\.m2\repository\org\apache\commons\commons-collections4\4.4\commons-collections4-4.4.jar;C:\Users\Palanivel\.m2\repository\org\apache\commons\commons-math3\3.6.1\commons-math3-3.6.1.jar;C:\Users\Palanivel\.m2\repository\commons-io\commons-io\2.16.1\commons-io-2.16.1.jar;C:\Users\Palanivel\.m2\repository\com\zaxxer\SparseBitSet\1.3\SparseBitSet-1.3.jar;C:\Users\Palanivel\.m2\repository\org\apache\poi\poi-ooxml\5.3.0\poi-ooxml-5.3.0.jar;C:\Users\Palanivel\.m2\repository\org\apache\poi\poi-ooxml-lite\5.3.0\poi-ooxml-lite-5.3.0.jar;C:\Users\Palanivel\.m2\repository\org\apache\xmlbeans\xmlbeans\5.2.1\xmlbeans-5.2.1.jar;C:\Users\Palanivel\.m2\repository\com\github\virtuald\curvesapi\1.08\curvesapi-1.08.jar;C:\Users\Palanivel\.m2\repository\org\apache\commons\commons-compress\1.27.1\commons-compress-1.27.1.jar;C:\Users\Palanivel\.m2\repository\org\apache\commons\commons-lang3\3.16.0\commons-lang3-3.16.0.jar;"/>
    <property name="java.vm.vendor" value="Oracle Corporation"/>
    <property name="sun.arch.data.model" value="64"/>
    <property name="user.variant" value=""/>
    <property name="java.vendor.url" value="https://java.oracle.com/"/>
    <property name="user.timezone" value="America/Los_Angeles"/>
    <property name="os.name" value="Windows 11"/>
    <property name="java.vm.specification.version" value="17"/>
    <property name="sun.java.launcher" value="SUN_STANDARD"/>
    <property name="user.country" value="US"/>
    <property name="sun.boot.library.path" value="C:\Program Files\Java\jdk-17\bin"/>
    <property name="sun.java.command" value="C:\Users\Palanivel\AppData\Local\Temp\surefire13927871424288638177\surefirebooter-20241021003619550_3.jar C:\Users\Palanivel\AppData\Local\Temp\surefire13927871424288638177 2024-10-21T00-36-19_351-jvmRun1 surefire-20241021003619550_1tmp surefire_0-20241021003619550_2tmp"/>
    <property name="jdk.debug" value="release"/>
    <property name="surefire.test.class.path" value="C:\Users\Palanivel\eclipse-workspace\asta_dsalgoBDD\target\test-classes;C:\Users\Palanivel\eclipse-workspace\asta_dsalgoBDD\target\classes;C:\Users\Palanivel\.m2\repository\org\seleniumhq\selenium\selenium-java\4.24.0\selenium-java-4.24.0.jar;C:\Users\Palanivel\.m2\repository\org\seleniumhq\selenium\selenium-api\4.24.0\selenium-api-4.24.0.jar;C:\Users\Palanivel\.m2\repository\org\jspecify\jspecify\1.0.0\jspecify-1.0.0.jar;C:\Users\Palanivel\.m2\repository\org\seleniumhq\selenium\selenium-chrome-driver\4.24.0\selenium-chrome-driver-4.24.0.jar;C:\Users\Palanivel\.m2\repository\com\google\auto\service\auto-service-annotations\1.1.1\auto-service-annotations-1.1.1.jar;C:\Users\Palanivel\.m2\repository\org\seleniumhq\selenium\selenium-chromium-driver\4.24.0\selenium-chromium-driver-4.24.0.jar;C:\Users\Palanivel\.m2\repository\org\seleniumhq\selenium\selenium-json\4.24.0\selenium-json-4.24.0.jar;C:\Users\Palanivel\.m2\repository\org\seleniumhq\selenium\selenium-manager\4.24.0\selenium-manager-4.24.0.jar;C:\Users\Palanivel\.m2\repository\org\seleniumhq\selenium\selenium-devtools-v126\4.24.0\selenium-devtools-v126-4.24.0.jar;C:\Users\Palanivel\.m2\repository\org\seleniumhq\selenium\selenium-devtools-v127\4.24.0\selenium-devtools-v127-4.24.0.jar;C:\Users\Palanivel\.m2\repository\org\seleniumhq\selenium\selenium-devtools-v128\4.24.0\selenium-devtools-v128-4.24.0.jar;C:\Users\Palanivel\.m2\repository\org\seleniumhq\selenium\selenium-devtools-v85\4.24.0\selenium-devtools-v85-4.24.0.jar;C:\Users\Palanivel\.m2\repository\org\seleniumhq\selenium\selenium-edge-driver\4.24.0\selenium-edge-driver-4.24.0.jar;C:\Users\Palanivel\.m2\repository\org\seleniumhq\selenium\selenium-firefox-driver\4.24.0\selenium-firefox-driver-4.24.0.jar;C:\Users\Palanivel\.m2\repository\org\seleniumhq\selenium\selenium-http\4.24.0\selenium-http-4.24.0.jar;C:\Users\Palanivel\.m2\repository\dev\failsafe\failsafe\3.3.2\failsafe-3.3.2.jar;C:\Users\Palanivel\.m2\repository\org\seleniumhq\selenium\selenium-ie-driver\4.24.0\selenium-ie-driver-4.24.0.jar;C:\Users\Palanivel\.m2\repository\org\seleniumhq\selenium\selenium-remote-driver\4.24.0\selenium-remote-driver-4.24.0.jar;C:\Users\Palanivel\.m2\repository\com\google\guava\guava\33.3.0-jre\guava-33.3.0-jre.jar;C:\Users\Palanivel\.m2\repository\com\google\guava\failureaccess\1.0.2\failureaccess-1.0.2.jar;C:\Users\Palanivel\.m2\repository\com\google\guava\listenablefuture\9999.0-empty-to-avoid-conflict-with-guava\listenablefuture-9999.0-empty-to-avoid-conflict-with-guava.jar;C:\Users\Palanivel\.m2\repository\com\google\code\findbugs\jsr305\3.0.2\jsr305-3.0.2.jar;C:\Users\Palanivel\.m2\repository\org\checkerframework\checker-qual\3.43.0\checker-qual-3.43.0.jar;C:\Users\Palanivel\.m2\repository\com\google\errorprone\error_prone_annotations\2.28.0\error_prone_annotations-2.28.0.jar;C:\Users\Palanivel\.m2\repository\com\google\j2objc\j2objc-annotations\3.0.0\j2objc-annotations-3.0.0.jar;C:\Users\Palanivel\.m2\repository\io\opentelemetry\semconv\opentelemetry-semconv\1.25.0-alpha\opentelemetry-semconv-1.25.0-alpha.jar;C:\Users\Palanivel\.m2\repository\io\opentelemetry\opentelemetry-api\1.41.0\opentelemetry-api-1.41.0.jar;C:\Users\Palanivel\.m2\repository\io\opentelemetry\opentelemetry-context\1.41.0\opentelemetry-context-1.41.0.jar;C:\Users\Palanivel\.m2\repository\io\opentelemetry\opentelemetry-exporter-logging\1.41.0\opentelemetry-exporter-logging-1.41.0.jar;C:\Users\Palanivel\.m2\repository\io\opentelemetry\opentelemetry-sdk-common\1.41.0\opentelemetry-sdk-common-1.41.0.jar;C:\Users\Palanivel\.m2\repository\io\opentelemetry\opentelemetry-sdk-extension-autoconfigure-spi\1.41.0\opentelemetry-sdk-extension-autoconfigure-spi-1.41.0.jar;C:\Users\Palanivel\.m2\repository\io\opentelemetry\opentelemetry-sdk-extension-autoconfigure\1.41.0\opentelemetry-sdk-extension-autoconfigure-1.41.0.jar;C:\Users\Palanivel\.m2\repository\io\opentelemetry\opentelemetry-api-incubator\1.41.0-alpha\opentelemetry-api-incubator-1.41.0-alpha.jar;C:\Users\Palanivel\.m2\repository\io\opentelemetry\opentelemetry-sdk-trace\1.41.0\opentelemetry-sdk-trace-1.41.0.jar;C:\Users\Palanivel\.m2\repository\io\opentelemetry\opentelemetry-sdk\1.41.0\opentelemetry-sdk-1.41.0.jar;C:\Users\Palanivel\.m2\repository\io\opentelemetry\opentelemetry-sdk-metrics\1.41.0\opentelemetry-sdk-metrics-1.41.0.jar;C:\Users\Palanivel\.m2\repository\io\opentelemetry\opentelemetry-sdk-logs\1.41.0\opentelemetry-sdk-logs-1.41.0.jar;C:\Users\Palanivel\.m2\repository\net\bytebuddy\byte-buddy\1.15.0\byte-buddy-1.15.0.jar;C:\Users\Palanivel\.m2\repository\org\seleniumhq\selenium\selenium-os\4.24.0\selenium-os-4.24.0.jar;C:\Users\Palanivel\.m2\repository\org\apache\commons\commons-exec\1.4.0\commons-exec-1.4.0.jar;C:\Users\Palanivel\.m2\repository\org\seleniumhq\selenium\selenium-safari-driver\4.24.0\selenium-safari-driver-4.24.0.jar;C:\Users\Palanivel\.m2\repository\org\seleniumhq\selenium\selenium-support\4.24.0\selenium-support-4.24.0.jar;C:\Users\Palanivel\.m2\repository\io\cucumber\cucumber-java\7.18.1\cucumber-java-7.18.1.jar;C:\Users\Palanivel\.m2\repository\io\cucumber\cucumber-core\7.18.1\cucumber-core-7.18.1.jar;C:\Users\Palanivel\.m2\repository\io\cucumber\cucumber-gherkin\7.18.1\cucumber-gherkin-7.18.1.jar;C:\Users\Palanivel\.m2\repository\io\cucumber\cucumber-gherkin-messages\7.18.1\cucumber-gherkin-messages-7.18.1.jar;C:\Users\Palanivel\.m2\repository\io\cucumber\gherkin\28.0.0\gherkin-28.0.0.jar;C:\Users\Palanivel\.m2\repository\io\cucumber\messages\24.1.0\messages-24.1.0.jar;C:\Users\Palanivel\.m2\repository\io\cucumber\testng-xml-formatter\0.2.0\testng-xml-formatter-0.2.0.jar;C:\Users\Palanivel\.m2\repository\io\cucumber\query\12.2.0\query-12.2.0.jar;C:\Users\Palanivel\.m2\repository\io\cucumber\tag-expressions\6.1.0\tag-expressions-6.1.0.jar;C:\Users\Palanivel\.m2\repository\io\cucumber\cucumber-expressions\17.1.0\cucumber-expressions-17.1.0.jar;C:\Users\Palanivel\.m2\repository\io\cucumber\datatable\7.18.1\datatable-7.18.1.jar;C:\Users\Palanivel\.m2\repository\io\cucumber\cucumber-plugin\7.18.1\cucumber-plugin-7.18.1.jar;C:\Users\Palanivel\.m2\repository\io\cucumber\docstring\7.18.1\docstring-7.18.1.jar;C:\Users\Palanivel\.m2\repository\io\cucumber\html-formatter\21.4.1\html-formatter-21.4.1.jar;C:\Users\Palanivel\.m2\repository\io\cucumber\junit-xml-formatter\0.5.0\junit-xml-formatter-0.5.0.jar;C:\Users\Palanivel\.m2\repository\io\cucumber\ci-environment\10.0.1\ci-environment-10.0.1.jar;C:\Users\Palanivel\.m2\repository\org\apiguardian\apiguardian-api\1.1.2\apiguardian-api-1.1.2.jar;C:\Users\Palanivel\.m2\repository\io\cucumber\cucumber-junit\7.18.1\cucumber-junit-7.18.1.jar;C:\Users\Palanivel\.m2\repository\junit\junit\4.13.2\junit-4.13.2.jar;C:\Users\Palanivel\.m2\repository\org\hamcrest\hamcrest-core\1.3\hamcrest-core-1.3.jar;C:\Users\Palanivel\.m2\repository\io\cucumber\cucumber-testng\7.18.1\cucumber-testng-7.18.1.jar;C:\Users\Palanivel\.m2\repository\org\testng\testng\7.10.2\testng-7.10.2.jar;C:\Users\Palanivel\.m2\repository\org\slf4j\slf4j-api\1.7.36\slf4j-api-1.7.36.jar;C:\Users\Palanivel\.m2\repository\com\beust\jcommander\1.82\jcommander-1.82.jar;C:\Users\Palanivel\.m2\repository\org\webjars\jquery\3.7.1\jquery-3.7.1.jar;C:\Users\Palanivel\.m2\repository\io\qameta\allure\allure-cucumber7-jvm\2.29.0\allure-cucumber7-jvm-2.29.0.jar;C:\Users\Palanivel\.m2\repository\io\qameta\allure\allure-java-commons\2.29.0\allure-java-commons-2.29.0.jar;C:\Users\Palanivel\.m2\repository\io\qameta\allure\allure-model\2.29.0\allure-model-2.29.0.jar;C:\Users\Palanivel\.m2\repository\io\qameta\allure\allure-testng\2.29.0\allure-testng-2.29.0.jar;C:\Users\Palanivel\.m2\repository\io\qameta\allure\allure-test-filter\2.29.0\allure-test-filter-2.29.0.jar;C:\Users\Palanivel\.m2\repository\com\aventstack\extentreports\5.1.2\extentreports-5.1.2.jar;C:\Users\Palanivel\.m2\repository\io\reactivex\rxjava3\rxjava\3.1.6\rxjava-3.1.6.jar;C:\Users\Palanivel\.m2\repository\org\reactivestreams\reactive-streams\1.0.4\reactive-streams-1.0.4.jar;C:\Users\Palanivel\.m2\repository\org\freemarker\freemarker\2.3.32\freemarker-2.3.32.jar;C:\Users\Palanivel\.m2\repository\org\projectlombok\lombok\1.18.26\lombok-1.18.26.jar;C:\Users\Palanivel\.m2\repository\com\google\code\gson\gson\2.10.1\gson-2.10.1.jar;C:\Users\Palanivel\.m2\repository\tech\grasshopper\extentreports-cucumber7-adapter\1.14.0\extentreports-cucumber7-adapter-1.14.0.jar;C:\Users\Palanivel\.m2\repository\tech\grasshopper\extent-pdf-report\2.12.0\extent-pdf-report-2.12.0.jar;C:\Users\Palanivel\.m2\repository\tech\grasshopper\cucumber-pdf-report\2.14.0\cucumber-pdf-report-2.14.0.jar;C:\Users\Palanivel\.m2\repository\org\apache\pdfbox\pdfbox\2.0.26\pdfbox-2.0.26.jar;C:\Users\Palanivel\.m2\repository\org\apache\pdfbox\fontbox\2.0.26\fontbox-2.0.26.jar;C:\Users\Palanivel\.m2\repository\org\knowm\xchart\xchart\3.8.0\xchart-3.8.0.jar;C:\Users\Palanivel\.m2\repository\de\erichseifert\vectorgraphics2d\VectorGraphics2D\0.13\VectorGraphics2D-0.13.jar;C:\Users\Palanivel\.m2\repository\de\rototor\pdfbox\graphics2d\0.30\graphics2d-0.30.jar;C:\Users\Palanivel\.m2\repository\com\madgag\animated-gif-lib\1.4\animated-gif-lib-1.4.jar;C:\Users\Palanivel\.m2\repository\org\yaml\snakeyaml\2.0\snakeyaml-2.0.jar;C:\Users\Palanivel\.m2\repository\tech\grasshopper\table-layout\1.5.1\table-layout-1.5.1.jar;C:\Users\Palanivel\.m2\repository\tech\grasshopper\rest-assured-cucumber-pdf-report\1.5.0\rest-assured-cucumber-pdf-report-1.5.0.jar;C:\Users\Palanivel\.m2\repository\org\jsoup\jsoup\1.15.3\jsoup-1.15.3.jar;C:\Users\Palanivel\.m2\repository\com\aventstack\klov-reporter\5.1.0\klov-reporter-5.1.0.jar;C:\Users\Palanivel\.m2\repository\org\mongodb\mongodb-driver\3.6.4\mongodb-driver-3.6.4.jar;C:\Users\Palanivel\.m2\repository\org\mongodb\mongodb-driver-core\3.6.4\mongodb-driver-core-3.6.4.jar;C:\Users\Palanivel\.m2\repository\org\mongodb\bson\3.6.4\bson-3.6.4.jar;C:\Users\Palanivel\.m2\repository\org\apache\httpcomponents\httpclient\4.5.13\httpclient-4.5.13.jar;C:\Users\Palanivel\.m2\repository\org\apache\httpcomponents\httpcore\4.4.13\httpcore-4.4.13.jar;C:\Users\Palanivel\.m2\repository\commons-logging\commons-logging\1.2\commons-logging-1.2.jar;C:\Users\Palanivel\.m2\repository\org\apache\httpcomponents\httpmime\4.5.13\httpmime-4.5.13.jar;C:\Users\Palanivel\.m2\repository\tech\grasshopper\htmlextentreporter\1.1.0\htmlextentreporter-1.1.0.jar;C:\Users\Palanivel\.m2\repository\tech\grasshopper\extent-excel-report\1.4.0\extent-excel-report-1.4.0.jar;C:\Users\Palanivel\.m2\repository\org\apache\logging\log4j\log4j-api\2.17.2\log4j-api-2.17.2.jar;C:\Users\Palanivel\.m2\repository\org\apache\logging\log4j\log4j-core\2.17.2\log4j-core-2.17.2.jar;C:\Users\Palanivel\.m2\repository\org\apache\poi\poi\5.3.0\poi-5.3.0.jar;C:\Users\Palanivel\.m2\repository\commons-codec\commons-codec\1.17.0\commons-codec-1.17.0.jar;C:\Users\Palanivel\.m2\repository\org\apache\commons\commons-collections4\4.4\commons-collections4-4.4.jar;C:\Users\Palanivel\.m2\repository\org\apache\commons\commons-math3\3.6.1\commons-math3-3.6.1.jar;C:\Users\Palanivel\.m2\repository\commons-io\commons-io\2.16.1\commons-io-2.16.1.jar;C:\Users\Palanivel\.m2\repository\com\zaxxer\SparseBitSet\1.3\SparseBitSet-1.3.jar;C:\Users\Palanivel\.m2\repository\org\apache\poi\poi-ooxml\5.3.0\poi-ooxml-5.3.0.jar;C:\Users\Palanivel\.m2\repository\org\apache\poi\poi-ooxml-lite\5.3.0\poi-ooxml-lite-5.3.0.jar;C:\Users\Palanivel\.m2\repository\org\apache\xmlbeans\xmlbeans\5.2.1\xmlbeans-5.2.1.jar;C:\Users\Palanivel\.m2\repository\com\github\virtuald\curvesapi\1.08\curvesapi-1.08.jar;C:\Users\Palanivel\.m2\repository\org\apache\commons\commons-compress\1.27.1\commons-compress-1.27.1.jar;C:\Users\Palanivel\.m2\repository\org\apache\commons\commons-lang3\3.16.0\commons-lang3-3.16.0.jar;"/>
    <property name="sun.cpu.endian" value="little"/>
    <property name="user.home" value="C:\Users\Palanivel"/>
    <property name="user.language" value="en"/>
    <property name="java.specification.vendor" value="Oracle Corporation"/>
    <property name="java.version.date" value="2024-01-16"/>
    <property name="java.home" value="C:\Program Files\Java\jdk-17"/>
    <property name="file.separator" value="\"/>
    <property name="basedir" value="C:\Users\Palanivel\eclipse-workspace\asta_dsalgoBDD"/>
    <property name="java.vm.compressedOopsMode" value="Zero based"/>
    <property name="line.separator" value="&#10;"/>
    <property name="java.vm.specification.vendor" value="Oracle Corporation"/>
    <property name="java.specification.name" value="Java Platform API Specification"/>
    <property name="surefire.real.class.path" value="C:\Users\Palanivel\AppData\Local\Temp\surefire13927871424288638177\surefirebooter-20241021003619550_3.jar"/>
    <property name="user.script" value=""/>
    <property name="sun.management.compiler" value="HotSpot 64-Bit Tiered Compilers"/>
    <property name="java.runtime.version" value="17.0.10+11-LTS-240"/>
    <property name="user.name" value="Palanivel"/>
    <property name="path.separator" value=";"/>
    <property name="os.version" value="10.0"/>
    <property name="java.runtime.name" value="Java(TM) SE Runtime Environment"/>
    <property name="file.encoding" value="Cp1252"/>
    <property name="java.vm.name" value="Java HotSpot(TM) 64-Bit Server VM"/>
    <property name="localRepository" value="C:\Users\Palanivel\.m2\repository"/>
    <property name="java.vendor.url.bug" value="https://bugreport.java.com/bugreport/"/>
    <property name="java.io.tmpdir" value="C:\Users\PALANI~1\AppData\Local\Temp\"/>
    <property name="java.version" value="17.0.10"/>
    <property name="user.dir" value="C:\Users\Palanivel\eclipse-workspace\asta_dsalgoBDD"/>
    <property name="os.arch" value="amd64"/>
    <property name="java.vm.specification.name" value="Java Virtual Machine Specification"/>
    <property name="sun.os.patch.level" value=""/>
    <property name="native.encoding" value="Cp1252"/>
    <property name="java.library.path" value="C:\Program Files\Java\jdk-17\bin;C:\WINDOWS\Sun\Java\bin;C:\WINDOWS\system32;C:\WINDOWS;C:\Program Files\Amazon Corretto\jdk11.0.23_9\bin;C:\Program Files\Common Files\Oracle\Java\javapath;C:\Program Files (x86)\Python312\Scripts\;C:\Program Files (x86)\Python312\;C:\Program Files (x86)\Scripts\;C:\Program Files (x86)\;C:\Python311\Scripts\;C:\Python311\;C:\WINDOWS\system32;C:\WINDOWS;C:\WINDOWS\System32\Wbem;C:\WINDOWS\System32\WindowsPowerShell\v1.0\;C:\WINDOWS\System32\OpenSSH\;C:\ProgramData\chocolatey\bin;C:\Program Files\Microsoft SQL Server\150\Tools\Binn\;C:\Program Files\Microsoft SQL Server\Client SDK\ODBC\170\Tools\Binn\;C:\Program Files\dotnet\;C:\ProgramData\chocolatey\lib\cunit\lib;C:\ProgramData\chocolatey\lib\tinyxml2\lib;C:\ProgramData\chocolatey\lib\bullet\lib;C:\Program Files\Cppcheck;C:\Program Files\MATLAB\R2023b\runtime\win64;C:\Program Files\MATLAB\R2023b\bin;C:\Program Files\Git\cmd;C:\HashiCorp\Vagrant\bin;C:\ProgramData\chocolatey\lib\maven\apache-maven-3.9.7\bin;C:\Program Files\Amazon\AWSCLIV2\;C:\Program Files\Microsoft VS Code\bin;C:\Users\Palanivel\AppData\Local\Programs\Python\Launcher\;C:\Users\Palanivel\AppData\Local\Microsoft\WindowsApps;C:\Program Files\OpenSSL-Win64\bin\;C:\Users\Palanivel\.dotnet\tools;C:\Users\Palanivel\AppData\Local\Programs\Microsoft VS Code\bin;C:\Users\Palanivel\AppData\Local\GitHubDesktop\bin;C:\Program Files\JetBrains\PyCharm Community Edition 2023.3.3\bin;;C:\Program Files\Java\jdk-17\bin;C:\Program Files\JetBrains\IntelliJ IDEA Community Edition 2023.3.4\bin;;C:\Users\Palanivel\AppData\Local\Programs\Python\Python312;C:\Users\Palanivel\AppData\Local\Programs\Python\Python312\Scripts;C:\Program Files\maven\apache-maven-3.9.6\bin;C:\Users\Palanivel\Downloads\allure-2.30.0\allure-2.30.0\bin;;."/>
    <property name="java.vm.info" value="mixed mode, sharing"/>
    <property name="java.vendor" value="Oracle Corporation"/>
    <property name="java.vm.version" value="17.0.10+11-LTS-240"/>
    <property name="sun.io.unicode.encoding" value="UnicodeLittle"/>
    <property name="java.class.version" value="61.0"/>
  </properties>
  <testcase name="runScenario[&quot;Validating Array Module&quot;, &quot;DsPortal Array Page Functionality&quot;](1)" classname="runner.TestRunner" time="28.682">
    <system-out><![CDATA[
@Array @AIPPracQns @Array_TC_006
Scenario: Validating Practice Questions link in Array in Python Page                              # src/test/resources/features/Array.feature:50

@Array @AIPTryEditor @Array_TC_003
Scenario: Validating Try here button in Arrays in Python                                      # src/test/resources/features/Array.feature:22

@Array @AIPTryEditorPageNegative @Array_TC_005
Scenario Outline: Validating Try here Page for negative input through the Arrays in Python Page # src/test/resources/features/Array.feature:47

@Array @AIPTryEditorPageNegative @Array_TC_005
Scenario Outline: Validating Try here Page for negative input through the Arrays in Python Page # src/test/resources/features/Array.feature:46

@Array @AIPPracQns1 @Array_TC_007
Scenario: Validating Search the Array in Array in Python Page               # src/test/resources/features/Array.feature:56

@Array @AIP @Array_TC_002
Scenario: Validating the Arrays in Python link in Array Module Page       # src/test/resources/features/Array.feature:16

@Array @Array_GetStarted @Array_TC_001
Scenario: Validating Array Module                                         # src/test/resources/features/Array.feature:10

@Array @AIPTryEditorPagePositive @Array_TC_004
Scenario: Validating Try here Page for positive input through the Arrays in Python Page # src/test/resources/features/Array.feature:29

@Array @AIPPracQns2 @AIPPracQns2TC_008
Scenario: Validating the Max Consecutive Ones in Array in Python Page           # src/test/resources/features/Array.feature:62

@Array @AIPPracQns3 @AIPPracQns3TC_009
Scenario: Validating the Find Numbers with Even Number of Digits in Array in Python Page           # src/test/resources/features/Array.feature:68
[INFO ] 2024-10-21 00:36:35.203 [TestNG-PoolService-8] LoggerLoad - The user is on the Login page.
[INFO ] 2024-10-21 00:36:35.203 [TestNG-PoolService-6] LoggerLoad - The user is on the Login page.
  Given The User is on the login page                                       # stepdefinitions.LoginStep.the_user_is_on_the_login_page()
[INFO ] 2024-10-21 00:36:35.203 [TestNG-PoolService-7] LoggerLoad - The user is on the Login page.
[INFO ] 2024-10-21 00:36:35.204 [TestNG-PoolService-2] LoggerLoad - The user is on the Login page.
[INFO ] 2024-10-21 00:36:35.203 [TestNG-PoolService-3] LoggerLoad - The user is on the Login page.
[INFO ] 2024-10-21 00:36:35.204 [TestNG-PoolService-9] LoggerLoad - The user is on the Login page.
[INFO ] 2024-10-21 00:36:35.203 [TestNG-PoolService-10] LoggerLoad - The user is on the Login page.
  Given The User is on the login page                                                              # stepdefinitions.LoginStep.the_user_is_on_the_login_page()
  Given The User is on the login page                                           # stepdefinitions.LoginStep.the_user_is_on_the_login_page()
  Given The User is on the login page                                                         # stepdefinitions.LoginStep.the_user_is_on_the_login_page()
  Given The User is on the login page                                     # stepdefinitions.LoginStep.the_user_is_on_the_login_page()
  Given The User is on the login page                                                             # stepdefinitions.LoginStep.the_user_is_on_the_login_page()
  Given The User is on the login page                                                           # stepdefinitions.LoginStep.the_user_is_on_the_login_page()
[INFO ] 2024-10-21 00:36:35.226 [TestNG-PoolService-4] LoggerLoad - The user is on the Login page.
  Given The User is on the login page                                                   # stepdefinitions.LoginStep.the_user_is_on_the_login_page()
[INFO ] 2024-10-21 00:36:35.387 [TestNG-PoolService-1] LoggerLoad - The user is on the Login page.
  Given The User is on the login page                                     # stepdefinitions.LoginStep.the_user_is_on_the_login_page()
[INFO ] 2024-10-21 00:36:35.498 [TestNG-PoolService-5] LoggerLoad - The user is on the Login page.
  Given The User is on the login page                                                           # stepdefinitions.LoginStep.the_user_is_on_the_login_page()
The Expected results are :You are logged in
[INFO ] 2024-10-21 00:36:39.720 [TestNG-PoolService-8] LoggerLoad - User Enter Login credential with username as " DreamTeam" and password as" Dre@mTe@m123" 
The Expected results are :You are logged in
[INFO ] 2024-10-21 00:36:39.774 [TestNG-PoolService-2] LoggerLoad - User Enter Login credential with username as " DreamTeam" and password as" Dre@mTe@m123" 
The Expected results are :You are logged in
[INFO ] 2024-10-21 00:36:39.842 [TestNG-PoolService-1] LoggerLoad - User Enter Login credential with username as " DreamTeam" and password as" Dre@mTe@m123" 
The Expected results are :You are logged in
[INFO ] 2024-10-21 00:36:39.858 [TestNG-PoolService-6] LoggerLoad - User Enter Login credential with username as " DreamTeam" and password as" Dre@mTe@m123" 
The Expected results are :You are logged in
[INFO ] 2024-10-21 00:36:40.077 [TestNG-PoolService-5] LoggerLoad - User Enter Login credential with username as " DreamTeam" and password as" Dre@mTe@m123" 
The Expected results are :You are logged in
[INFO ] 2024-10-21 00:36:40.201 [TestNG-PoolService-7] LoggerLoad - User Enter Login credential with username as " DreamTeam" and password as" Dre@mTe@m123" 
The Expected results are :You are logged in
[INFO ] 2024-10-21 00:36:40.399 [TestNG-PoolService-4] LoggerLoad - User Enter Login credential with username as " DreamTeam" and password as" Dre@mTe@m123" 
The Expected results are :You are logged in
[INFO ] 2024-10-21 00:36:40.402 [TestNG-PoolService-9] LoggerLoad - User Enter Login credential with username as " DreamTeam" and password as" Dre@mTe@m123" 
The Expected results are :You are logged in
[INFO ] 2024-10-21 00:36:40.405 [TestNG-PoolService-3] LoggerLoad - User Enter Login credential with username as " DreamTeam" and password as" Dre@mTe@m123" 
The Expected results are :You are logged in
[INFO ] 2024-10-21 00:36:40.481 [TestNG-PoolService-10] LoggerLoad - User Enter Login credential with username as " DreamTeam" and password as" Dre@mTe@m123" 
  When The User enters the valid username and password "LoginCredentials"   # stepdefinitions.LoginStep.the_user_enters_the_valid_username_and_password(java.lang.String)
  When The User enters the valid username and password "LoginCredentials"                         # stepdefinitions.LoginStep.the_user_enters_the_valid_username_and_password(java.lang.String)
  When The User enters the valid username and password "LoginCredentials"                     # stepdefinitions.LoginStep.the_user_enters_the_valid_username_and_password(java.lang.String)
  When The User enters the valid username and password "LoginCredentials" # stepdefinitions.LoginStep.the_user_enters_the_valid_username_and_password(java.lang.String)
  When The User enters the valid username and password "LoginCredentials"               # stepdefinitions.LoginStep.the_user_enters_the_valid_username_and_password(java.lang.String)
  When The User enters the valid username and password "LoginCredentials" # stepdefinitions.LoginStep.the_user_enters_the_valid_username_and_password(java.lang.String)
  Given the User is on the Arrays in Python page                                                  # stepdefinitions.ArrayStep.the_user_is_on_the_arrays_in_python_page()
  Given the User is on the Arrays in Python page                                              # stepdefinitions.ArrayStep.the_user_is_on_the_arrays_in_python_page()
  When The User enters the valid username and password "LoginCredentials"                       # stepdefinitions.LoginStep.the_user_enters_the_valid_username_and_password(java.lang.String)
  Given the User is on the Practice Questions page                          # stepdefinitions.ArrayStep.the_user_is_on_the_practice_questions_page()
  When the User clicks Practice Questions link in the Python Page                                 # stepdefinitions.ArrayStep.the_user_clicks_practice_questions_link_in_the_python_page()
  When The User enters the valid username and password "LoginCredentials"                          # stepdefinitions.LoginStep.the_user_enters_the_valid_username_and_password(java.lang.String)
  Then the User should get navigated to the Practice Questions Page from the Array in Python Page # stepdefinitions.ArrayStep.the_user_should_get_navigated_to_the_practice_questions_page_from_the_array_in_python_page()
[INFO ] 2024-10-21 00:36:44.929 [TestNG-PoolService-1] LoggerLoad - You are in NumpyNinjahome page.
  Given the user is in homepage and logged in                             # stepdefinitions.CommonStepDefinitions.the_user_is_in_homepage_and_logged_in()
  When The User enters the valid username and password "LoginCredentials"       # stepdefinitions.LoginStep.the_user_enters_the_valid_username_and_password(java.lang.String)
  Given the User is on the Array Module page                              # stepdefinitions.ArrayStep.the_user_is_on_the_array_module_page()
  When The User enters the valid username and password "LoginCredentials"                       # stepdefinitions.LoginStep.the_user_enters_the_valid_username_and_password(java.lang.String)
  When the User clicks Arrays in Python link in the Array Module Page     # stepdefinitions.ArrayStep.the_user_clicks_arrays_in_python_link_in_the_array_module_page()
  Then the User should get navigated to the Arrays in Python Page         # stepdefinitions.ArrayStep.the_user_should_get_navigated_to_the_arrays_in_python_page()
  When the User clicks Get Started button in the Array section            # stepdefinitions.ArrayStep.the_user_clicks_get_started_button_in_the_array_section()
  Given the User is on the Practice Questions page                              # stepdefinitions.ArrayStep.the_user_is_on_the_practice_questions_page()
  Then the User should get navigated to the Array Module  Page            # stepdefinitions.ArrayStep.the_user_should_get_navigated_to_the_array_module_page()
  Given the User is on the Practice Questions page                                                 # stepdefinitions.ArrayStep.the_user_is_on_the_practice_questions_page()
]]></system-out>
    <system-err><![CDATA[SLF4J: Failed to load class "org.slf4j.impl.StaticLoggerBinder".
SLF4J: Defaulting to no-operation (NOP) logger implementation
SLF4J: See http://www.slf4j.org/codes.html#StaticLoggerBinder for further details.
Oct 21, 2024 12:36:26 AM org.openqa.selenium.devtools.CdpVersionFinder findNearestMatch
WARNING: Unable to find an exact match for CDP version 129, returning the closest version; found: 128; Please update to a Selenium version that supports CDP version 129
Oct 21, 2024 12:36:26 AM org.openqa.selenium.devtools.CdpVersionFinder findNearestMatch
WARNING: Unable to find an exact match for CDP version 129, returning the closest version; found: 128; Please update to a Selenium version that supports CDP version 129
Oct 21, 2024 12:36:26 AM org.openqa.selenium.devtools.CdpVersionFinder findNearestMatch
WARNING: Unable to find an exact match for CDP version 129, returning the closest version; found: 128; Please update to a Selenium version that supports CDP version 129
Oct 21, 2024 12:36:26 AM org.openqa.selenium.devtools.CdpVersionFinder findNearestMatch
WARNING: Unable to find an exact match for CDP version 129, returning the closest version; found: 128; Please update to a Selenium version that supports CDP version 129
Oct 21, 2024 12:36:28 AM org.openqa.selenium.devtools.CdpVersionFinder findNearestMatch
WARNING: Unable to find an exact match for CDP version 129, returning the closest version; found: 128; Please update to a Selenium version that supports CDP version 129
Oct 21, 2024 12:36:28 AM org.openqa.selenium.devtools.CdpVersionFinder findNearestMatch
WARNING: Unable to find an exact match for CDP version 129, returning the closest version; found: 128; Please update to a Selenium version that supports CDP version 129
Oct 21, 2024 12:36:30 AM org.openqa.selenium.devtools.CdpVersionFinder findNearestMatch
WARNING: Unable to find an exact match for CDP version 129, returning the closest version; found: 128; Please update to a Selenium version that supports CDP version 129
Oct 21, 2024 12:36:30 AM org.openqa.selenium.devtools.CdpVersionFinder findNearestMatch
WARNING: Unable to find an exact match for CDP version 129, returning the closest version; found: 128; Please update to a Selenium version that supports CDP version 129
Oct 21, 2024 12:36:30 AM org.openqa.selenium.devtools.CdpVersionFinder findNearestMatch
WARNING: Unable to find an exact match for CDP version 129, returning the closest version; found: 128; Please update to a Selenium version that supports CDP version 129
Oct 21, 2024 12:36:31 AM org.openqa.selenium.devtools.CdpVersionFinder findNearestMatch
WARNING: Unable to find an exact match for CDP version 129, returning the closest version; found: 128; Please update to a Selenium version that supports CDP version 129
]]></system-err>
  </testcase>
  <testcase name="runScenario[&quot;Validating Practice Questions link in Array in Python Page&quot;, &quot;DsPortal Array Page Functionality&quot;](2)" classname="runner.TestRunner" time="0.303">
    <system-out><![CDATA[
@Array @AIPPracQns4 @AIPPracQns4TC_010
Scenario: Validating the Squares of a Sorted Array in Array in Python Page           # src/test/resources/features/Array.feature:74
]]></system-out>
  </testcase>
  <testcase name="runScenario[&quot;Validating the Arrays in Python link in Array Module Page&quot;, &quot;DsPortal Array Page Functionality&quot;](3)" classname="runner.TestRunner" time="0.311">
    <system-out><![CDATA[
@Array @AUL @AULTC_011
Scenario: Validating the Arrays using List link in Array Module Page      # src/test/resources/features/Array.feature:80
]]></system-out>
  </testcase>
  <testcase name="runScenario[&quot;Validating Try here Page for negative input through the Arrays in Python Page&quot;, &quot;DsPortal Array Page Functionality&quot;](4)" classname="runner.TestRunner" time="2.09">
    <system-out><![CDATA[
@Array @AULTryEditor @AULEditorTC_012
Scenario: Validating Try here button in Arrays using List Page                     # src/test/resources/features/Array.feature:86
  Given the User is on the Try Editor page through the Arrays in Python Page                    # stepdefinitions.ArrayStep.the_user_is_on_the_try_editor_page_through_the_arrays_in_python_page()
aer234@$
  When the User clicks the Max Consecutive Ones link in Practice Questions Page # stepdefinitions.ArrayStep.the_user_clicks_the_max_consecutive_ones_link_in_practice_questions_page()
  When the User enters a sample code as "aer234@$" in the Editor section and click Run          # stepdefinitions.CommonStepDefinitions.the_user_enters_a_sample_code_as_in_the_editor_section_and_click_run(java.lang.String)
  Then the User should get navigated to the Max Consecutive Ones Page           # stepdefinitions.ArrayStep.the_user_should_get_navigated_to_the_max_consecutive_ones_page()
[INFO ] 2024-10-21 00:36:52.415 [TestNG-PoolService-6] LoggerLoad - actual error SyntaxError: bad token T_OP on line 1
  Then the User should get the "SyntaxError: bad token T_OP on line 1" in the alert             # stepdefinitions.CommonStepDefinitions.the_user_should_get_the_in_the_alert(java.lang.String)
]]></system-out>
  </testcase>
  <testcase name="runScenario[&quot;Validating the Max Consecutive Ones in Array in Python Page&quot;, &quot;DsPortal Array Page Functionality&quot;](5)" classname="runner.TestRunner" time="0.39">
    <system-out><![CDATA[
@Array @AULTryEditorPagePositive @Array_TC_013
Scenario: Validating Try here Page for positive input through the Arrays using List Page # src/test/resources/features/Array.feature:92
]]></system-out>
  </testcase>
  <testcase name="runScenario[&quot;Validating Search the Array in Array in Python Page&quot;, &quot;DsPortal Array Page Functionality&quot;](6)" classname="runner.TestRunner" time="3.668">
    <system-out><![CDATA[
@Array @AULTryEditorPageNegative @Array_TC_014
Scenario Outline: Validating Try here Page for negative input through the Arrays using List Page # src/test/resources/features/Array.feature:109
  When the User clicks the Search the array link in Practice Questions Page # stepdefinitions.ArrayStep.the_user_clicks_the_search_the_array_link_in_practice_questions_page()
  Then the User should get navigated to the Search the Array Page           # stepdefinitions.ArrayStep.the_user_should_get_navigated_to_the_search_the_array_page()
  When the User clicks the Find Numbers with Even Number of Digits link in Practice Questions Page # stepdefinitions.ArrayStep.the_user_clicks_the_find_numbers_with_even_number_of_digits_link_in_practice_questions_page()
  Then the User should get navigated to the Find Numbers with Even Number of Digits Page           # stepdefinitions.ArrayStep.the_user_should_get_navigated_to_the_find_numbers_with_even_number_of_digits_page()
]]></system-out>
    <system-err><![CDATA[Oct 21, 2024 12:36:55 AM org.openqa.selenium.devtools.CdpVersionFinder findNearestMatch
WARNING: Unable to find an exact match for CDP version 129, returning the closest version; found: 128; Please update to a Selenium version that supports CDP version 129
Oct 21, 2024 12:36:55 AM org.openqa.selenium.devtools.CdpVersionFinder findNearestMatch
WARNING: Unable to find an exact match for CDP version 129, returning the closest version; found: 128; Please update to a Selenium version that supports CDP version 129
Oct 21, 2024 12:36:55 AM org.openqa.selenium.devtools.CdpVersionFinder findNearestMatch
WARNING: Unable to find an exact match for CDP version 129, returning the closest version; found: 128; Please update to a Selenium version that supports CDP version 129
]]></system-err>
  </testcase>
  <testcase name="runScenario[&quot;Validating the Find Numbers with Even Number of Digits in Array in Python Page&quot;, &quot;DsPortal Array Page Functionality&quot;](7)" classname="runner.TestRunner" time="0.224">
    <system-out><![CDATA[
@Array @AULTryEditorPageNegative @Array_TC_014
Scenario Outline: Validating Try here Page for negative input through the Arrays using List Page # src/test/resources/features/Array.feature:110
]]></system-out>
  </testcase>
  <testcase name="runScenario[&quot;Validating Try here Page for negative input through the Arrays in Python Page&quot;, &quot;DsPortal Array Page Functionality&quot;](8)" classname="runner.TestRunner" time="4.48">
    <system-out><![CDATA[
@Array @AULPracQns @AULPracQnsTC_015
Scenario: Validating Practice Questions link in Arrays using List Page                     # src/test/resources/features/Array.feature:113
  Given the User is on the Try Editor page through the Arrays in Python Page                    # stepdefinitions.ArrayStep.the_user_is_on_the_try_editor_page_through_the_arrays_in_python_page()
print hello
  Given the User is on the Try Editor page through the Arrays in Python Page            # stepdefinitions.ArrayStep.the_user_is_on_the_try_editor_page_through_the_arrays_in_python_page()
  When the User clicks the Try here in Arrays in Python Page                                  # stepdefinitions.ArrayStep.the_user_clicks_the_try_here_in_arrays_in_python_page()
  Then the User should get navigated to the Try Editor Page through the Arrays in Python Page # stepdefinitions.ArrayStep.the_user_should_get_navigated_to_the_try_editor_page_through_the_arrays_in_python_page()
  When the User enters a sample code as "print hello" in the Editor section and click Run       # stepdefinitions.CommonStepDefinitions.the_user_enters_a_sample_code_as_in_the_editor_section_and_click_run(java.lang.String)
[INFO ] 2024-10-21 00:36:58.854 [TestNG-PoolService-5] LoggerLoad - actual error NameError: name 'hello' is not defined on line 1
  Then the User should get the "NameError: name 'hello' is not defined on line 1" in the alert  # stepdefinitions.CommonStepDefinitions.the_user_should_get_the_in_the_alert(java.lang.String)
[INFO ] 2024-10-21 00:36:59.723 [TestNG-PoolService-1] LoggerLoad - The user is on the Login page.
  Given The User is on the login page                                                # stepdefinitions.LoginStep.the_user_is_on_the_login_page()
[INFO ] 2024-10-21 00:36:59.898 [TestNG-PoolService-2] LoggerLoad - The user is on the Login page.
  Given The User is on the login page                                              # stepdefinitions.LoginStep.the_user_is_on_the_login_page()
[INFO ] 2024-10-21 00:36:59.962 [TestNG-PoolService-7] LoggerLoad - The user is on the Login page.
  Given The User is on the login page                                     # stepdefinitions.LoginStep.the_user_is_on_the_login_page()
The Expected results are :You are logged in
[INFO ] 2024-10-21 00:37:00.449 [TestNG-PoolService-1] LoggerLoad - User Enter Login credential with username as " DreamTeam" and password as" Dre@mTe@m123" 
The Expected results are :You are logged in
[INFO ] 2024-10-21 00:37:00.524 [TestNG-PoolService-2] LoggerLoad - User Enter Login credential with username as " DreamTeam" and password as" Dre@mTe@m123" 
The Expected results are :You are logged in
[INFO ] 2024-10-21 00:37:00.595 [TestNG-PoolService-7] LoggerLoad - User Enter Login credential with username as " DreamTeam" and password as" Dre@mTe@m123" 
[INFO ] 2024-10-21 00:37:01.047 [TestNG-PoolService-6] LoggerLoad - The user is on the Login page.
  Given The User is on the login page                                                    # stepdefinitions.LoginStep.the_user_is_on_the_login_page()
[INFO ] 2024-10-21 00:37:01.489 [TestNG-PoolService-9] LoggerLoad - The user is on the Login page.
  Given The User is on the login page                                                            # stepdefinitions.LoginStep.the_user_is_on_the_login_page()
The Expected results are :You are logged in
[INFO ] 2024-10-21 00:37:01.532 [TestNG-PoolService-6] LoggerLoad - User Enter Login credential with username as " DreamTeam" and password as" Dre@mTe@m123" 
  When The User enters the valid username and password "LoginCredentials"            # stepdefinitions.LoginStep.the_user_enters_the_valid_username_and_password(java.lang.String)
  When The User enters the valid username and password "LoginCredentials"          # stepdefinitions.LoginStep.the_user_enters_the_valid_username_and_password(java.lang.String)
  When The User enters the valid username and password "LoginCredentials" # stepdefinitions.LoginStep.the_user_enters_the_valid_username_and_password(java.lang.String)
]]></system-out>
    <system-err><![CDATA[Oct 21, 2024 12:36:58 AM org.openqa.selenium.devtools.CdpVersionFinder findNearestMatch
WARNING: Unable to find an exact match for CDP version 129, returning the closest version; found: 128; Please update to a Selenium version that supports CDP version 129
Oct 21, 2024 12:36:59 AM org.openqa.selenium.devtools.CdpVersionFinder findNearestMatch
WARNING: Unable to find an exact match for CDP version 129, returning the closest version; found: 128; Please update to a Selenium version that supports CDP version 129
]]></system-err>
  </testcase>
  <testcase name="runScenario[&quot;Validating Try here button in Arrays in Python&quot;, &quot;DsPortal Array Page Functionality&quot;](9)" classname="runner.TestRunner" time="0.019">
    <system-out><![CDATA[
@Array @BOL @BOLTC_016
Scenario: Validating the Basic Operations in Lists link in Array Module Page   # src/test/resources/features/Array.feature:119
]]></system-out>
  </testcase>
  <testcase name="runScenario[&quot;Validating the Arrays using List link in Array Module Page&quot;, &quot;DsPortal Array Page Functionality&quot;](10)" classname="runner.TestRunner" time="3.899">
    <system-out><![CDATA[
@Array @BOLTryEditor @BOLEditorTC_017
Scenario: Validating Try here button in Basic Operations in Lists Page                         # src/test/resources/features/Array.feature:125
  When the User enters the following code in the Editor section and clicks Run          # stepdefinitions.CommonStepDefinitions.the_User_enters_the_following_code_in_the_Editor_section_and_clicks_Run(io.cucumber.datatable.DataTable)
    | code           | output |
    | print("Hello") | Hello  |
    | print(1234)    | 1234   |
[INFO ] 2024-10-21 00:37:02.055 [TestNG-PoolService-4] LoggerLoad - Actual Output: Hello Expected Output: Hello
[INFO ] 2024-10-21 00:37:02.055 [TestNG-PoolService-4] LoggerLoad - Actual Output: 1234 Expected Output: 1234
  Then the User should get the correct output on the screen                             # stepdefinitions.CommonStepDefinitions.the_User_should_get_the_correct_output_on_the_screen()
The Expected results are :You are logged in
[INFO ] 2024-10-21 00:37:02.165 [TestNG-PoolService-9] LoggerLoad - User Enter Login credential with username as " DreamTeam" and password as" Dre@mTe@m123" 
  Given the User is on the Array Module page                              # stepdefinitions.ArrayStep.the_user_is_on_the_array_module_page()
  When The User enters the valid username and password "LoginCredentials"                # stepdefinitions.LoginStep.the_user_enters_the_valid_username_and_password(java.lang.String)
  Given the User is on the Arrays using List page                                  # stepdefinitions.ArrayStep.the_user_is_on_the_arrays_using_list_page()
  When The User enters the valid username and password "LoginCredentials"                        # stepdefinitions.LoginStep.the_user_enters_the_valid_username_and_password(java.lang.String)
  Given the User is on the Practice Questions page                                   # stepdefinitions.ArrayStep.the_user_is_on_the_practice_questions_page()
  When the User clicks Arrays using List link in the Array Module Page    # stepdefinitions.ArrayStep.the_user_clicks_arrays_using_list_link_in_the_array_module_page()
  Then the User should get navigated to the Arrays using List Page        # stepdefinitions.ArrayStep.the_user_should_get_navigated_to_the_arrays_using_list_page()
]]></system-out>
    <system-err><![CDATA[Oct 21, 2024 12:37:02 AM org.openqa.selenium.devtools.CdpVersionFinder findNearestMatch
WARNING: Unable to find an exact match for CDP version 129, returning the closest version; found: 128; Please update to a Selenium version that supports CDP version 129
Oct 21, 2024 12:37:03 AM org.openqa.selenium.devtools.CdpVersionFinder findNearestMatch
WARNING: Unable to find an exact match for CDP version 129, returning the closest version; found: 128; Please update to a Selenium version that supports CDP version 129
]]></system-err>
  </testcase>
  <testcase name="runScenario[&quot;Validating Try here Page for positive input through the Arrays in Python Page&quot;, &quot;DsPortal Array Page Functionality&quot;](11)" classname="runner.TestRunner" time="1.362">
    <system-out><![CDATA[
@Array @BOLTryEditorPagePositive @Array_TC_018
Scenario: Validating Try here Page for positive input through the Basic Operations in Lists Page # src/test/resources/features/Array.feature:131
  When the User clicks the Try here in Arrays using List Page                      # stepdefinitions.ArrayStep.the_user_clicks_the_try_here_in_arrays_using_list_page()
[INFO ] 2024-10-21 00:37:06.341 [TestNG-PoolService-8] LoggerLoad - The user is on the Login page.
  Given The User is on the login page                                                            # stepdefinitions.LoginStep.the_user_is_on_the_login_page()
  Then the User should get navigated to the Try Editor Page from Arrays using List # stepdefinitions.ArrayStep.the_user_should_get_navigated_to_the_try_editor_page_from_arrays_using_list()
      io.cucumber.core.exception.CucumberException: Step [the User should get navigated to the Try Editor Page from Arrays using List] is defined with 0 parameters at 'stepdefinitions.ArrayStep.the_user_should_get_navigated_to_the_try_editor_page_from_arrays_using_list()'.
However, the gherkin step has 1 arguments:
 * Table:

Step text: the User should get navigated to the Try Editor Page from Arrays using List
	at io.cucumber.core.runner.PickleStepDefinitionMatch.arityMismatch(PickleStepDefinitionMatch.java:83)
	at io.cucumber.core.runner.PickleStepDefinitionMatch.runStep(PickleStepDefinitionMatch.java:42)
	at io.cucumber.core.runner.ExecutionMode$1.execute(ExecutionMode.java:10)
	at io.cucumber.core.runner.TestStep.executeStep(TestStep.java:81)
	at io.cucumber.core.runner.TestStep.run(TestStep.java:53)
	at io.cucumber.core.runner.PickleStepTestStep.run(PickleStepTestStep.java:51)
	at io.cucumber.core.runner.TestCase.run(TestCase.java:84)
	at io.cucumber.core.runner.Runner.runPickle(Runner.java:75)
	at io.cucumber.testng.TestNGCucumberRunner.lambda$runScenario$1(TestNGCucumberRunner.java:132)
	at io.cucumber.core.runtime.CucumberExecutionContext.lambda$runTestCase$5(CucumberExecutionContext.java:136)
	at io.cucumber.core.runtime.RethrowingThrowableCollector.executeAndThrow(RethrowingThrowableCollector.java:23)
	at io.cucumber.core.runtime.CucumberExecutionContext.runTestCase(CucumberExecutionContext.java:136)
	at io.cucumber.testng.TestNGCucumberRunner.runScenario(TestNGCucumberRunner.java:129)
	at io.cucumber.testng.AbstractTestNGCucumberTests.runScenario(AbstractTestNGCucumberTests.java:35)
	at java.base/jdk.internal.reflect.NativeMethodAccessorImpl.invoke0(Native Method)
	at java.base/jdk.internal.reflect.NativeMethodAccessorImpl.invoke(NativeMethodAccessorImpl.java:77)
	at java.base/jdk.internal.reflect.DelegatingMethodAccessorImpl.invoke(DelegatingMethodAccessorImpl.java:43)
	at java.base/java.lang.reflect.Method.invoke(Method.java:568)
	at org.testng.internal.invokers.MethodInvocationHelper.invokeMethod(MethodInvocationHelper.java:141)
	at org.testng.internal.invokers.TestInvoker.invokeMethod(TestInvoker.java:686)
	at org.testng.internal.invokers.TestInvoker.invokeTestMethod(TestInvoker.java:230)
	at org.testng.internal.invokers.TestMethodWithDataProviderMethodWorker.call(TestMethodWithDataProviderMethodWorker.java:81)
	at org.testng.internal.thread.Async$AsyncTask.run(Async.java:34)
	at java.base/java.util.concurrent.ThreadPoolExecutor.runWorker(ThreadPoolExecutor.java:1136)
	at java.base/java.util.concurrent.ThreadPoolExecutor$Worker.run(ThreadPoolExecutor.java:635)
	at java.base/java.lang.Thread.run(Thread.java:842)


    Embedding Validating Try here button in Arrays using List Page [image/png 7635 bytes]

[INFO ] 2024-10-21 00:37:06.702 [TestNG-PoolService-10] LoggerLoad - The user is on the Login page.
  Given The User is on the login page                                                      # stepdefinitions.LoginStep.the_user_is_on_the_login_page()
The Expected results are :You are logged in
[INFO ] 2024-10-21 00:37:06.972 [TestNG-PoolService-8] LoggerLoad - User Enter Login credential with username as " DreamTeam" and password as" Dre@mTe@m123" 
  When the User clicks the Squares of a Sorted Array link in Practice Questions Page # stepdefinitions.ArrayStep.the_user_clicks_the_squares_of_a_sorted_array_link_in_practice_questions_page()
]]></system-out>
  </testcase>
  <testcase name="runScenario[&quot;Validating Try here button in Arrays using List Page&quot;, &quot;DsPortal Array Page Functionality&quot;](12)" classname="runner.TestRunner" time="3.744">
    <failure message="Step [the User should get navigated to the Try Editor Page from Arrays using List] is defined with 0 parameters at &apos;stepdefinitions.ArrayStep.the_user_should_get_navigated_to_the_try_editor_page_from_arrays_using_list()&apos;.&#10;However, the gherkin step has 1 arguments:&#10; * Table:&#10;&#10;Step text: the User should get navigated to the Try Editor Page from Arrays using List" type="io.cucumber.core.exception.CucumberException"><![CDATA[io.cucumber.core.exception.CucumberException: 
Step [the User should get navigated to the Try Editor Page from Arrays using List] is defined with 0 parameters at 'stepdefinitions.ArrayStep.the_user_should_get_navigated_to_the_try_editor_page_from_arrays_using_list()'.
However, the gherkin step has 1 arguments:
 * Table:

Step text: the User should get navigated to the Try Editor Page from Arrays using List
	at io.cucumber.core.runner.PickleStepDefinitionMatch.arityMismatch(PickleStepDefinitionMatch.java:83)
	at io.cucumber.core.runner.PickleStepDefinitionMatch.runStep(PickleStepDefinitionMatch.java:42)
	at io.cucumber.core.runner.ExecutionMode$1.execute(ExecutionMode.java:10)
	at io.cucumber.core.runner.TestStep.executeStep(TestStep.java:81)
	at io.cucumber.core.runner.TestStep.run(TestStep.java:53)
	at io.cucumber.core.runner.PickleStepTestStep.run(PickleStepTestStep.java:51)
	at io.cucumber.core.runner.TestCase.run(TestCase.java:84)
	at io.cucumber.core.runner.Runner.runPickle(Runner.java:75)
	at io.cucumber.testng.TestNGCucumberRunner.lambda$runScenario$1(TestNGCucumberRunner.java:132)
	at io.cucumber.core.runtime.CucumberExecutionContext.lambda$runTestCase$5(CucumberExecutionContext.java:136)
	at io.cucumber.core.runtime.RethrowingThrowableCollector.executeAndThrow(RethrowingThrowableCollector.java:23)
	at io.cucumber.core.runtime.CucumberExecutionContext.runTestCase(CucumberExecutionContext.java:136)
	at io.cucumber.testng.TestNGCucumberRunner.runScenario(TestNGCucumberRunner.java:129)
	at io.cucumber.testng.AbstractTestNGCucumberTests.runScenario(AbstractTestNGCucumberTests.java:35)
	at java.base/jdk.internal.reflect.NativeMethodAccessorImpl.invoke0(Native Method)
	at java.base/jdk.internal.reflect.NativeMethodAccessorImpl.invoke(NativeMethodAccessorImpl.java:77)
	at java.base/jdk.internal.reflect.DelegatingMethodAccessorImpl.invoke(DelegatingMethodAccessorImpl.java:43)
	at java.base/java.lang.reflect.Method.invoke(Method.java:568)
	at org.testng.internal.invokers.MethodInvocationHelper.invokeMethod(MethodInvocationHelper.java:141)
	at org.testng.internal.invokers.TestInvoker.invokeMethod(TestInvoker.java:686)
	at org.testng.internal.invokers.TestInvoker.invokeTestMethod(TestInvoker.java:230)
	at org.testng.internal.invokers.TestMethodWithDataProviderMethodWorker.call(TestMethodWithDataProviderMethodWorker.java:81)
	at org.testng.internal.thread.Async$AsyncTask.run(Async.java:34)
	at java.base/java.util.concurrent.ThreadPoolExecutor.runWorker(ThreadPoolExecutor.java:1136)
	at java.base/java.util.concurrent.ThreadPoolExecutor$Worker.run(ThreadPoolExecutor.java:635)
	at java.base/java.lang.Thread.run(Thread.java:842)
]]></failure>
    <system-out><![CDATA[
@Array @BOLTryEditorPageNegative @Array_TC_019
Scenario Outline: Validating Try here Page for negative input through the Arrays using List Page # src/test/resources/features/Array.feature:147
  Then the User should get navigated to the Squares of a Sorted Array Page           # stepdefinitions.ArrayStep.the_user_should_get_navigated_to_the_squares_of_a_sorted_array_page()
The Expected results are :You are logged in
[INFO ] 2024-10-21 00:37:07.672 [TestNG-PoolService-10] LoggerLoad - User Enter Login credential with username as " DreamTeam" and password as" Dre@mTe@m123" 
  Given the User is on the Try Editor page through the Arrays using List                 # stepdefinitions.ArrayStep.the_user_is_on_the_try_editor_page_through_the_arrays_using_list()
  When The User enters the valid username and password "LoginCredentials"                        # stepdefinitions.LoginStep.the_user_enters_the_valid_username_and_password(java.lang.String)
  Given the User is on the Try Editor page through the Arrays using List                         # stepdefinitions.ArrayStep.the_user_is_on_the_try_editor_page_through_the_arrays_using_list()
print hello
  When The User enters the valid username and password "LoginCredentials"                  # stepdefinitions.LoginStep.the_user_enters_the_valid_username_and_password(java.lang.String)
  When the User enters a sample code as "print hello" in the Editor section and click Run        # stepdefinitions.CommonStepDefinitions.the_user_enters_a_sample_code_as_in_the_editor_section_and_click_run(java.lang.String)
[INFO ] 2024-10-21 00:37:09.584 [TestNG-PoolService-9] LoggerLoad - actual error NameError: name 'hello' is not defined on line 1
  Then the User should get the "NameError: name 'hello' is not defined on line 1" in the alert   # stepdefinitions.CommonStepDefinitions.the_user_should_get_the_in_the_alert(java.lang.String)
  Given the User is on the Arrays using List page                                          # stepdefinitions.ArrayStep.the_user_is_on_the_arrays_using_list_page()
[INFO ] 2024-10-21 00:37:10.826 [TestNG-PoolService-3] LoggerLoad - The user is on the Login page.
  Given The User is on the login page                                                          # stepdefinitions.LoginStep.the_user_is_on_the_login_page()
  When the User enters the following code in the Editor section and clicks Run           # stepdefinitions.CommonStepDefinitions.the_User_enters_the_following_code_in_the_Editor_section_and_clicks_Run(io.cucumber.datatable.DataTable)
    | code           | output |
    | print("Hello") | Hello  |
    | print(1234)    | 1234   |
[INFO ] 2024-10-21 00:37:10.841 [TestNG-PoolService-6] LoggerLoad - Actual Output: Hello Expected Output: Hello
[INFO ] 2024-10-21 00:37:10.842 [TestNG-PoolService-6] LoggerLoad - Actual Output: 1234 Expected Output: 1234
  Then the User should get the correct output on the screen                              # stepdefinitions.CommonStepDefinitions.the_User_should_get_the_correct_output_on_the_screen()
]]></system-out>
    <system-err><![CDATA[Oct 21, 2024 12:37:08 AM org.openqa.selenium.devtools.CdpVersionFinder findNearestMatch
WARNING: Unable to find an exact match for CDP version 129, returning the closest version; found: 128; Please update to a Selenium version that supports CDP version 129
Oct 21, 2024 12:37:08 AM org.openqa.selenium.devtools.CdpVersionFinder findNearestMatch
WARNING: Unable to find an exact match for CDP version 129, returning the closest version; found: 128; Please update to a Selenium version that supports CDP version 129
]]></system-err>
  </testcase>
  <testcase name="runScenario[&quot;Validating the Squares of a Sorted Array in Array in Python Page&quot;, &quot;DsPortal Array Page Functionality&quot;](13)" classname="runner.TestRunner" time="1.455">
    <system-out><![CDATA[
@Array @BOLTryEditorPageNegative @Array_TC_019
Scenario Outline: Validating Try here Page for negative input through the Arrays using List Page # src/test/resources/features/Array.feature:148
  When the User clicks Practice Questions link in the Arrays using List Page               # stepdefinitions.ArrayStep.the_user_clicks_practice_questions_link_in_the_arrays_using_list_page()
  Then the User should get navigated to the Practice Questions Page from Arrays using List # stepdefinitions.ArrayStep.the_user_should_get_navigated_to_the_practice_questions_page_from_arrays_using_list()
The Expected results are :You are logged in
[INFO ] 2024-10-21 00:37:11.494 [TestNG-PoolService-3] LoggerLoad - User Enter Login credential with username as " DreamTeam" and password as" Dre@mTe@m123" 
[INFO ] 2024-10-21 00:37:12.101 [TestNG-PoolService-5] LoggerLoad - The user is on the Login page.
  Given The User is on the login page                                          # stepdefinitions.LoginStep.the_user_is_on_the_login_page()
]]></system-out>
    <system-err><![CDATA[Oct 21, 2024 12:37:12 AM org.openqa.selenium.devtools.CdpVersionFinder findNearestMatch
WARNING: Unable to find an exact match for CDP version 129, returning the closest version; found: 128; Please update to a Selenium version that supports CDP version 129
]]></system-err>
  </testcase>
  <testcase name="runScenario[&quot;Validating Try here Page for negative input through the Arrays using List Page&quot;, &quot;DsPortal Array Page Functionality&quot;](14)" classname="runner.TestRunner" time="0.013"/>
  <testcase name="runScenario[&quot;Validating Try here Page for positive input through the Arrays using List Page&quot;, &quot;DsPortal Array Page Functionality&quot;](15)" classname="runner.TestRunner" time="0.031">
    <system-out><![CDATA[
@Array @BOLPracQns @BOLPracQnsTC_020
Scenario: Validating Practice Questions link in Basic Operations in Lists Page                         # src/test/resources/features/Array.feature:151
]]></system-out>
  </testcase>
  <testcase name="runScenario[&quot;Validating Practice Questions link in Arrays using List Page&quot;, &quot;DsPortal Array Page Functionality&quot;](16)" classname="runner.TestRunner" time="0.017"/>
  <testcase name="runScenario[&quot;Validating Try here button in Basic Operations in Lists Page&quot;, &quot;DsPortal Array Page Functionality&quot;](17)" classname="runner.TestRunner" time="10.796">
    <failure message="Step [the User should get navigated to the Try Editor Page from the Basic Operations in Lists] is defined with 0 parameters at &apos;stepdefinitions.ArrayStep.the_user_should_get_navigated_to_the_try_editor_page_from_the_basic_operations_in_lists()&apos;.&#10;However, the gherkin step has 1 arguments:&#10; * Table:&#10;&#10;Step text: the User should get navigated to the Try Editor Page from the Basic Operations in Lists" type="io.cucumber.core.exception.CucumberException"><![CDATA[io.cucumber.core.exception.CucumberException: 
Step [the User should get navigated to the Try Editor Page from the Basic Operations in Lists] is defined with 0 parameters at 'stepdefinitions.ArrayStep.the_user_should_get_navigated_to_the_try_editor_page_from_the_basic_operations_in_lists()'.
However, the gherkin step has 1 arguments:
 * Table:

Step text: the User should get navigated to the Try Editor Page from the Basic Operations in Lists
	at io.cucumber.core.runner.PickleStepDefinitionMatch.arityMismatch(PickleStepDefinitionMatch.java:83)
	at io.cucumber.core.runner.PickleStepDefinitionMatch.runStep(PickleStepDefinitionMatch.java:42)
	at io.cucumber.core.runner.ExecutionMode$1.execute(ExecutionMode.java:10)
	at io.cucumber.core.runner.TestStep.executeStep(TestStep.java:81)
	at io.cucumber.core.runner.TestStep.run(TestStep.java:53)
	at io.cucumber.core.runner.PickleStepTestStep.run(PickleStepTestStep.java:51)
	at io.cucumber.core.runner.TestCase.run(TestCase.java:84)
	at io.cucumber.core.runner.Runner.runPickle(Runner.java:75)
	at io.cucumber.testng.TestNGCucumberRunner.lambda$runScenario$1(TestNGCucumberRunner.java:132)
	at io.cucumber.core.runtime.CucumberExecutionContext.lambda$runTestCase$5(CucumberExecutionContext.java:136)
	at io.cucumber.core.runtime.RethrowingThrowableCollector.executeAndThrow(RethrowingThrowableCollector.java:23)
	at io.cucumber.core.runtime.CucumberExecutionContext.runTestCase(CucumberExecutionContext.java:136)
	at io.cucumber.testng.TestNGCucumberRunner.runScenario(TestNGCucumberRunner.java:129)
	at io.cucumber.testng.AbstractTestNGCucumberTests.runScenario(AbstractTestNGCucumberTests.java:35)
	at java.base/jdk.internal.reflect.NativeMethodAccessorImpl.invoke0(Native Method)
	at java.base/jdk.internal.reflect.NativeMethodAccessorImpl.invoke(NativeMethodAccessorImpl.java:77)
	at java.base/jdk.internal.reflect.DelegatingMethodAccessorImpl.invoke(DelegatingMethodAccessorImpl.java:43)
	at java.base/java.lang.reflect.Method.invoke(Method.java:568)
	at org.testng.internal.invokers.MethodInvocationHelper.invokeMethod(MethodInvocationHelper.java:141)
	at org.testng.internal.invokers.TestInvoker.invokeMethod(TestInvoker.java:686)
	at org.testng.internal.invokers.TestInvoker.invokeTestMethod(TestInvoker.java:230)
	at org.testng.internal.invokers.TestMethodWithDataProviderMethodWorker.call(TestMethodWithDataProviderMethodWorker.java:81)
	at org.testng.internal.thread.Async$AsyncTask.run(Async.java:34)
	at java.base/java.util.concurrent.ThreadPoolExecutor.runWorker(ThreadPoolExecutor.java:1136)
	at java.base/java.util.concurrent.ThreadPoolExecutor$Worker.run(ThreadPoolExecutor.java:635)
	at java.base/java.lang.Thread.run(Thread.java:842)
]]></failure>
    <system-out><![CDATA[
@Array @AOA @AOATC_021
Scenario: Validating the Applications of Array link in Array Module Page   # src/test/resources/features/Array.feature:157

@Array @AOATryEditor @AOAEditorTC_022
Scenario: Validating Try here button in Applications of Array Page                     # src/test/resources/features/Array.feature:163
The Expected results are :You are logged in
[INFO ] 2024-10-21 00:37:12.585 [TestNG-PoolService-5] LoggerLoad - User Enter Login credential with username as " DreamTeam" and password as" Dre@mTe@m123" 

@Array @AOATryEditorPagePositive @Array_TC_023
Scenario: Validating Try here Page for positive input through the Applications of Array Page # src/test/resources/features/Array.feature:169
  When The User enters the valid username and password "LoginCredentials"                      # stepdefinitions.LoginStep.the_user_enters_the_valid_username_and_password(java.lang.String)
  Given the User is on the Try Editor page through the Arrays using List                         # stepdefinitions.ArrayStep.the_user_is_on_the_try_editor_page_through_the_arrays_using_list()
aer234@$
  Given the User is on the Basic Operations in Lists page                                      # stepdefinitions.ArrayStep.the_user_is_on_the_basic_operations_in_lists_page()
  When the User enters a sample code as "aer234@$" in the Editor section and click Run           # stepdefinitions.CommonStepDefinitions.the_user_enters_a_sample_code_as_in_the_editor_section_and_click_run(java.lang.String)
[INFO ] 2024-10-21 00:37:14.415 [TestNG-PoolService-8] LoggerLoad - actual error SyntaxError: bad token T_OP on line 1
  Then the User should get the "SyntaxError: bad token T_OP on line 1" in the alert              # stepdefinitions.CommonStepDefinitions.the_user_should_get_the_in_the_alert(java.lang.String)
  When The User enters the valid username and password "LoginCredentials"      # stepdefinitions.LoginStep.the_user_enters_the_valid_username_and_password(java.lang.String)
[INFO ] 2024-10-21 00:37:14.739 [TestNG-PoolService-7] LoggerLoad - The user is on the Login page.
  Given The User is on the login page                                                            # stepdefinitions.LoginStep.the_user_is_on_the_login_page()
  Given the User is on the Array Module page                                   # stepdefinitions.ArrayStep.the_user_is_on_the_array_module_page()
The Expected results are :You are logged in
[INFO ] 2024-10-21 00:37:15.362 [TestNG-PoolService-7] LoggerLoad - User Enter Login credential with username as " DreamTeam" and password as" Dre@mTe@m123" 
[INFO ] 2024-10-21 00:37:16.498 [TestNG-PoolService-4] LoggerLoad - The user is on the Login page.
  Given The User is on the login page                                                            # stepdefinitions.LoginStep.the_user_is_on_the_login_page()
  When the User clicks Basic Operations in Lists link in the Array Module Page # stepdefinitions.ArrayStep.the_user_clicks_basic_operations_in_lists_link_in_the_array_module_page()
  Then the User should get navigated to the Basic Operations in Lists Page     # stepdefinitions.ArrayStep.the_user_should_get_navigated_to_the_basic_operations_in_lists_page()
The Expected results are :You are logged in
[INFO ] 2024-10-21 00:37:17.199 [TestNG-PoolService-4] LoggerLoad - User Enter Login credential with username as " DreamTeam" and password as" Dre@mTe@m123" 
  When the User clicks the Try here in Basic Operations in Lists Page                          # stepdefinitions.ArrayStep.the_user_clicks_the_try_here_in_basic_operations_in_lists_page()
  Then the User should get navigated to the Try Editor Page from the Basic Operations in Lists # stepdefinitions.ArrayStep.the_user_should_get_navigated_to_the_try_editor_page_from_the_basic_operations_in_lists()
      io.cucumber.core.exception.CucumberException: Step [the User should get navigated to the Try Editor Page from the Basic Operations in Lists] is defined with 0 parameters at 'stepdefinitions.ArrayStep.the_user_should_get_navigated_to_the_try_editor_page_from_the_basic_operations_in_lists()'.
However, the gherkin step has 1 arguments:
 * Table:

Step text: the User should get navigated to the Try Editor Page from the Basic Operations in Lists
	at io.cucumber.core.runner.PickleStepDefinitionMatch.arityMismatch(PickleStepDefinitionMatch.java:83)
	at io.cucumber.core.runner.PickleStepDefinitionMatch.runStep(PickleStepDefinitionMatch.java:42)
	at io.cucumber.core.runner.ExecutionMode$1.execute(ExecutionMode.java:10)
	at io.cucumber.core.runner.TestStep.executeStep(TestStep.java:81)
	at io.cucumber.core.runner.TestStep.run(TestStep.java:53)
	at io.cucumber.core.runner.PickleStepTestStep.run(PickleStepTestStep.java:51)
	at io.cucumber.core.runner.TestCase.run(TestCase.java:84)
	at io.cucumber.core.runner.Runner.runPickle(Runner.java:75)
	at io.cucumber.testng.TestNGCucumberRunner.lambda$runScenario$1(TestNGCucumberRunner.java:132)
	at io.cucumber.core.runtime.CucumberExecutionContext.lambda$runTestCase$5(CucumberExecutionContext.java:136)
	at io.cucumber.core.runtime.RethrowingThrowableCollector.executeAndThrow(RethrowingThrowableCollector.java:23)
	at io.cucumber.core.runtime.CucumberExecutionContext.runTestCase(CucumberExecutionContext.java:136)
	at io.cucumber.testng.TestNGCucumberRunner.runScenario(TestNGCucumberRunner.java:129)
	at io.cucumber.testng.AbstractTestNGCucumberTests.runScenario(AbstractTestNGCucumberTests.java:35)
	at java.base/jdk.internal.reflect.NativeMethodAccessorImpl.invoke0(Native Method)
	at java.base/jdk.internal.reflect.NativeMethodAccessorImpl.invoke(NativeMethodAccessorImpl.java:77)
	at java.base/jdk.internal.reflect.DelegatingMethodAccessorImpl.invoke(DelegatingMethodAccessorImpl.java:43)
	at java.base/java.lang.reflect.Method.invoke(Method.java:568)
	at org.testng.internal.invokers.MethodInvocationHelper.invokeMethod(MethodInvocationHelper.java:141)
	at org.testng.internal.invokers.TestInvoker.invokeMethod(TestInvoker.java:686)
	at org.testng.internal.invokers.TestInvoker.invokeTestMethod(TestInvoker.java:230)
	at org.testng.internal.invokers.TestMethodWithDataProviderMethodWorker.call(TestMethodWithDataProviderMethodWorker.java:81)
	at org.testng.internal.thread.Async$AsyncTask.run(Async.java:34)
	at java.base/java.util.concurrent.ThreadPoolExecutor.runWorker(ThreadPoolExecutor.java:1136)
	at java.base/java.util.concurrent.ThreadPoolExecutor$Worker.run(ThreadPoolExecutor.java:635)
	at java.base/java.lang.Thread.run(Thread.java:842)

  When The User enters the valid username and password "LoginCredentials"                        # stepdefinitions.LoginStep.the_user_enters_the_valid_username_and_password(java.lang.String)

    Embedding Validating Try here button in Basic Operations in Lists Page [image/png 7635 bytes]

  When The User enters the valid username and password "LoginCredentials"                        # stepdefinitions.LoginStep.the_user_enters_the_valid_username_and_password(java.lang.String)
[INFO ] 2024-10-21 00:37:19.488 [TestNG-PoolService-2] LoggerLoad - The user is on the Login page.
  Given The User is on the login page                                                            # stepdefinitions.LoginStep.the_user_is_on_the_login_page()
The Expected results are :You are logged in
[INFO ] 2024-10-21 00:37:20.204 [TestNG-PoolService-2] LoggerLoad - User Enter Login credential with username as " DreamTeam" and password as" Dre@mTe@m123" 
  Given the User is on the Try Editor page through the Basic Operations in Lists Page            # stepdefinitions.ArrayStep.the_user_is_on_the_try_editor_page_through_the_basic_operations_in_lists_page()
  When The User enters the valid username and password "LoginCredentials"                        # stepdefinitions.LoginStep.the_user_enters_the_valid_username_and_password(java.lang.String)
[INFO ] 2024-10-21 00:37:22.258 [TestNG-PoolService-9] LoggerLoad - The user is on the Login page.
  Given The User is on the login page                                      # stepdefinitions.LoginStep.the_user_is_on_the_login_page()
[INFO ] 2024-10-21 00:37:22.855 [TestNG-PoolService-6] LoggerLoad - The user is on the Login page.
  Given The User is on the login page                                                  # stepdefinitions.LoginStep.the_user_is_on_the_login_page()
[INFO ] 2024-10-21 00:37:22.920 [TestNG-PoolService-1] LoggerLoad - The user is on the Login page.
[INFO ] 2024-10-21 00:37:22.920 [TestNG-PoolService-10] LoggerLoad - The user is on the Login page.
  Given The User is on the login page                                                                  # stepdefinitions.LoginStep.the_user_is_on_the_login_page()
  Given The User is on the login page                                                        # stepdefinitions.LoginStep.the_user_is_on_the_login_page()
The Expected results are :You are logged in
[INFO ] 2024-10-21 00:37:23.038 [TestNG-PoolService-9] LoggerLoad - User Enter Login credential with username as " DreamTeam" and password as" Dre@mTe@m123" 
]]></system-out>
    <system-err><![CDATA[Oct 21, 2024 12:37:13 AM org.openqa.selenium.devtools.CdpVersionFinder findNearestMatch
WARNING: Unable to find an exact match for CDP version 129, returning the closest version; found: 128; Please update to a Selenium version that supports CDP version 129
Oct 21, 2024 12:37:16 AM org.openqa.selenium.devtools.CdpVersionFinder findNearestMatch
WARNING: Unable to find an exact match for CDP version 129, returning the closest version; found: 128; Please update to a Selenium version that supports CDP version 129
Oct 21, 2024 12:37:18 AM org.openqa.selenium.devtools.CdpVersionFinder findNearestMatch
WARNING: Unable to find an exact match for CDP version 129, returning the closest version; found: 128; Please update to a Selenium version that supports CDP version 129
Oct 21, 2024 12:37:19 AM org.openqa.selenium.devtools.CdpVersionFinder findNearestMatch
WARNING: Unable to find an exact match for CDP version 129, returning the closest version; found: 128; Please update to a Selenium version that supports CDP version 129
Oct 21, 2024 12:37:20 AM org.openqa.selenium.devtools.CdpVersionFinder findNearestMatch
WARNING: Unable to find an exact match for CDP version 129, returning the closest version; found: 128; Please update to a Selenium version that supports CDP version 129
Oct 21, 2024 12:37:20 AM org.openqa.selenium.devtools.CdpVersionFinder findNearestMatch
WARNING: Unable to find an exact match for CDP version 129, returning the closest version; found: 128; Please update to a Selenium version that supports CDP version 129
]]></system-err>
  </testcase>
  <testcase name="runScenario[&quot;Validating the Basic Operations in Lists link in Array Module Page&quot;, &quot;DsPortal Array Page Functionality&quot;](18)" classname="runner.TestRunner" time="0.056">
    <system-out><![CDATA[
@Array @AOATryEditorPageNegative @Array_TC_024
Scenario Outline: Validating Try here Page for negative input through the Applications of Array Page # src/test/resources/features/Array.feature:186
The Expected results are :You are logged in
[INFO ] 2024-10-21 00:37:23.392 [TestNG-PoolService-6] LoggerLoad - User Enter Login credential with username as " DreamTeam" and password as" Dre@mTe@m123" 
]]></system-out>
  </testcase>
  <testcase name="runScenario[&quot;Validating Try here Page for positive input through the Basic Operations in Lists Page&quot;, &quot;DsPortal Array Page Functionality&quot;](19)" classname="runner.TestRunner" time="1.221">
    <system-out><![CDATA[The Expected results are :You are logged in
[INFO ] 2024-10-21 00:37:23.441 [TestNG-PoolService-1] LoggerLoad - User Enter Login credential with username as " DreamTeam" and password as" Dre@mTe@m123" 

@Array @AOATryEditorPageNegative @Array_TC_024
Scenario Outline: Validating Try here Page for negative input through the Applications of Array Page # src/test/resources/features/Array.feature:187
The Expected results are :You are logged in
[INFO ] 2024-10-21 00:37:23.568 [TestNG-PoolService-10] LoggerLoad - User Enter Login credential with username as " DreamTeam" and password as" Dre@mTe@m123" 
  Given the User is on the Try Editor page through the Basic Operations in Lists Page            # stepdefinitions.ArrayStep.the_user_is_on_the_try_editor_page_through_the_basic_operations_in_lists_page()
print hello
  When The User enters the valid username and password "LoginCredentials"  # stepdefinitions.LoginStep.the_user_enters_the_valid_username_and_password(java.lang.String)
  When the User enters the following code in the Editor section and clicks Run                   # stepdefinitions.CommonStepDefinitions.the_User_enters_the_following_code_in_the_Editor_section_and_clicks_Run(io.cucumber.datatable.DataTable)
    | code           | output |
    | print("Hello") | Hello  |
    | print(1234)    | 1234   |
[INFO ] 2024-10-21 00:37:24.213 [TestNG-PoolService-7] LoggerLoad - Actual Output: Hello Expected Output: Hello
[INFO ] 2024-10-21 00:37:24.213 [TestNG-PoolService-7] LoggerLoad - Actual Output: 1234 Expected Output: 1234
  Then the User should get the correct output on the screen                                      # stepdefinitions.CommonStepDefinitions.the_User_should_get_the_correct_output_on_the_screen()
  When the User enters a sample code as "print hello" in the Editor section and click Run        # stepdefinitions.CommonStepDefinitions.the_user_enters_a_sample_code_as_in_the_editor_section_and_click_run(java.lang.String)
[INFO ] 2024-10-21 00:37:24.498 [TestNG-PoolService-4] LoggerLoad - actual error NameError: name 'hello' is not defined on line 1
  Then the User should get the "NameError: name 'hello' is not defined on line 1" in the alert   # stepdefinitions.CommonStepDefinitions.the_user_should_get_the_in_the_alert(java.lang.String)
]]></system-out>
  </testcase>
  <testcase name="runScenario[&quot;Validating Try here Page for negative input through the Arrays using List Page&quot;, &quot;DsPortal Array Page Functionality&quot;](20)" classname="runner.TestRunner" time="0.429">
    <system-out><![CDATA[
@Array @AOAPracQns @AOAPracQnsTC_025
Scenario: Validating Practice Questions link in Applications of Array Page                         # src/test/resources/features/Array.feature:190
  When The User enters the valid username and password "LoginCredentials"              # stepdefinitions.LoginStep.the_user_enters_the_valid_username_and_password(java.lang.String)
  When The User enters the valid username and password "LoginCredentials"                              # stepdefinitions.LoginStep.the_user_enters_the_valid_username_and_password(java.lang.String)
  Given the User is on the Array Module page                               # stepdefinitions.ArrayStep.the_user_is_on_the_array_module_page()
  When The User enters the valid username and password "LoginCredentials"                    # stepdefinitions.LoginStep.the_user_enters_the_valid_username_and_password(java.lang.String)
]]></system-out>
  </testcase>
  <testcase name="runScenario[&quot;Validating Try here Page for negative input through the Arrays using List Page&quot;, &quot;DsPortal Array Page Functionality&quot;](21)" classname="runner.TestRunner" time="0.063">
    <system-out><![CDATA[
@Array @PracQns1RunButton @Array_TC_026
Scenario Outline: Validating Run button with valid and invalid code in Search the Array Page # src/test/resources/features/Array.feature:204
]]></system-out>
  </testcase>
  <testcase name="runScenario[&quot;Validating the Applications of Array link in Array Module Page&quot;, &quot;DsPortal Array Page Functionality&quot;](22)" classname="runner.TestRunner" time="5.275">
    <system-out><![CDATA[
@Array @PracQns1RunButton @Array_TC_026
Scenario Outline: Validating Run button with valid and invalid code in Search the Array Page # src/test/resources/features/Array.feature:205
  When the User clicks Applications of Array link in the Array Module Page # stepdefinitions.ArrayStep.the_user_clicks_applications_of_array_link_in_the_array_module_page()
  Then the User should get navigated to the Applications of Array Page     # stepdefinitions.ArrayStep.the_user_should_get_navigated_to_the_applications_of_array_page()
  Given the User is on the Applications of Array page                                  # stepdefinitions.ArrayStep.the_user_is_on_the_applications_of_array_page()
  Given the User is on the Basic Operations in Lists page                                              # stepdefinitions.ArrayStep.the_user_is_on_the_basic_operations_in_lists_page()
  Given the User is on the Try Editor page through the Basic Operations in Lists Page            # stepdefinitions.ArrayStep.the_user_is_on_the_try_editor_page_through_the_basic_operations_in_lists_page()
aer234@$
  When the User clicks Practice Questions link in the Basic Operations in Lists Page                   # stepdefinitions.ArrayStep.the_user_clicks_practice_questions_link_in_the_basic_operations_in_lists_page()
  When the User enters a sample code as "aer234@$" in the Editor section and click Run           # stepdefinitions.CommonStepDefinitions.the_user_enters_a_sample_code_as_in_the_editor_section_and_click_run(java.lang.String)
[INFO ] 2024-10-21 00:37:27.423 [TestNG-PoolService-2] LoggerLoad - actual error SyntaxError: bad token T_OP on line 1
  Then the User should get the "SyntaxError: bad token T_OP on line 1" in the alert              # stepdefinitions.CommonStepDefinitions.the_user_should_get_the_in_the_alert(java.lang.String)
  Then the User should get navigated to the Practice Questions Page from the Basic Operations in Lists # stepdefinitions.ArrayStep.the_user_should_get_navigated_to_the_practice_questions_page_from_the_basic_operations_in_lists()
  When the User clicks the Try here in Applications of Array Page                      # stepdefinitions.ArrayStep.the_user_clicks_the_try_here_in_applications_of_array_page()
  Then the User should get navigated to the Try Editor Page from Applications of Array # stepdefinitions.ArrayStep.the_user_should_get_navigated_to_the_try_editor_page_from_applications_of_array()
  Given the User is on the Try Editor page through the Applications of Array Page            # stepdefinitions.ArrayStep.the_user_is_on_the_try_editor_page_through_the_applications_of_array_page()
]]></system-out>
    <system-err><![CDATA[Oct 21, 2024 12:37:27 AM org.openqa.selenium.devtools.CdpVersionFinder findNearestMatch
WARNING: Unable to find an exact match for CDP version 129, returning the closest version; found: 128; Please update to a Selenium version that supports CDP version 129
Oct 21, 2024 12:37:28 AM org.openqa.selenium.devtools.CdpVersionFinder findNearestMatch
WARNING: Unable to find an exact match for CDP version 129, returning the closest version; found: 128; Please update to a Selenium version that supports CDP version 129
]]></system-err>
  </testcase>
  <testcase name="runScenario[&quot;Validating Practice Questions link in Basic Operations in Lists Page&quot;, &quot;DsPortal Array Page Functionality&quot;](23)" classname="runner.TestRunner" time="1.379">
    <system-out><![CDATA[
@Array @PracQns1SubmitButton @Array_TC_027
Scenario Outline: Validating Submit button with valid and invalid code in Search the Array Page # src/test/resources/features/Array.feature:215
[INFO ] 2024-10-21 00:37:31.100 [TestNG-PoolService-3] LoggerLoad - The user is on the Login page.
  Given The User is on the login page                                                                # stepdefinitions.LoginStep.the_user_is_on_the_login_page()
[INFO ] 2024-10-21 00:37:31.674 [TestNG-PoolService-5] LoggerLoad - The user is on the Login page.
  Given The User is on the login page                                                                # stepdefinitions.LoginStep.the_user_is_on_the_login_page()
]]></system-out>
    <system-err><![CDATA[Oct 21, 2024 12:37:30 AM org.openqa.selenium.devtools.CdpVersionFinder findNearestMatch
WARNING: Unable to find an exact match for CDP version 129, returning the closest version; found: 128; Please update to a Selenium version that supports CDP version 129
Oct 21, 2024 12:37:30 AM org.openqa.selenium.devtools.CdpVersionFinder findNearestMatch
WARNING: Unable to find an exact match for CDP version 129, returning the closest version; found: 128; Please update to a Selenium version that supports CDP version 129
Oct 21, 2024 12:37:30 AM org.openqa.selenium.devtools.CdpVersionFinder findNearestMatch
WARNING: Unable to find an exact match for CDP version 129, returning the closest version; found: 128; Please update to a Selenium version that supports CDP version 129
]]></system-err>
  </testcase>
  <testcase name="runScenario[&quot;Validating Try here button in Applications of Array Page&quot;, &quot;DsPortal Array Page Functionality&quot;](24)" classname="runner.TestRunner" time="1.488">
    <system-out><![CDATA[
@Array @PracQns2RunButton @Array_TC_028
Scenario Outline: Validating Run button with valid and invalid code in Max Consecutive Ones Page # src/test/resources/features/Array.feature:226
The Expected results are :You are logged in
[INFO ] 2024-10-21 00:37:31.951 [TestNG-PoolService-3] LoggerLoad - User Enter Login credential with username as " DreamTeam" and password as" Dre@mTe@m123" 
The Expected results are :You are logged in
[INFO ] 2024-10-21 00:37:32.350 [TestNG-PoolService-5] LoggerLoad - User Enter Login credential with username as " DreamTeam" and password as" Dre@mTe@m123" 
[INFO ] 2024-10-21 00:37:33.149 [TestNG-PoolService-4] LoggerLoad - The user is on the Login page.
  Given The User is on the login page                                                        # stepdefinitions.LoginStep.the_user_is_on_the_login_page()
[INFO ] 2024-10-21 00:37:33.193 [TestNG-PoolService-7] LoggerLoad - The user is on the Login page.
  Given The User is on the login page                                                              # stepdefinitions.LoginStep.the_user_is_on_the_login_page()
[INFO ] 2024-10-21 00:37:33.248 [TestNG-PoolService-8] LoggerLoad - The user is on the Login page.
  Given The User is on the login page                                                        # stepdefinitions.LoginStep.the_user_is_on_the_login_page()
]]></system-out>
  </testcase>
  <testcase name="runScenario[&quot;Validating Try here Page for negative input through the Arrays using List Page&quot;, &quot;DsPortal Array Page Functionality&quot;](25)" classname="runner.TestRunner" time="0.775">
    <system-out><![CDATA[
@Array @PracQns2RunButton @Array_TC_028
Scenario Outline: Validating Run button with valid and invalid code in Max Consecutive Ones Page # src/test/resources/features/Array.feature:227
  When The User enters the valid username and password "LoginCredentials"                            # stepdefinitions.LoginStep.the_user_enters_the_valid_username_and_password(java.lang.String)
  When the User enters the following code in the Editor section and clicks Run               # stepdefinitions.CommonStepDefinitions.the_User_enters_the_following_code_in_the_Editor_section_and_clicks_Run(io.cucumber.datatable.DataTable)
    | code           | output |
    | print("Hello") | Hello  |
    | print(1234)    | 1234   |
[INFO ] 2024-10-21 00:37:33.732 [TestNG-PoolService-10] LoggerLoad - Actual Output: Hello Expected Output: Hello
[INFO ] 2024-10-21 00:37:33.732 [TestNG-PoolService-10] LoggerLoad - Actual Output: 1234 Expected Output: 1234
  Then the User should get the correct output on the screen                                  # stepdefinitions.CommonStepDefinitions.the_User_should_get_the_correct_output_on_the_screen()
The Expected results are :You are logged in
[INFO ] 2024-10-21 00:37:33.746 [TestNG-PoolService-7] LoggerLoad - User Enter Login credential with username as " DreamTeam" and password as" Dre@mTe@m123" 
The Expected results are :You are logged in
[INFO ] 2024-10-21 00:37:33.804 [TestNG-PoolService-8] LoggerLoad - User Enter Login credential with username as " DreamTeam" and password as" Dre@mTe@m123" 
  When The User enters the valid username and password "LoginCredentials"                            # stepdefinitions.LoginStep.the_user_enters_the_valid_username_and_password(java.lang.String)
The Expected results are :You are logged in
[INFO ] 2024-10-21 00:37:33.896 [TestNG-PoolService-4] LoggerLoad - User Enter Login credential with username as " DreamTeam" and password as" Dre@mTe@m123" 
]]></system-out>
  </testcase>
  <testcase name="runScenario[&quot;Validating Try here Page for positive input through the Applications of Array Page&quot;, &quot;DsPortal Array Page Functionality&quot;](26)" classname="runner.TestRunner" time="2.351">
    <system-out><![CDATA[
@Array @PracQns2SubmitButton @Array_TC_029
Scenario Outline: Validating Submit button with valid and invalid code in Max Consecutive Ones Page # src/test/resources/features/Array.feature:237
  When The User enters the valid username and password "LoginCredentials"                          # stepdefinitions.LoginStep.the_user_enters_the_valid_username_and_password(java.lang.String)
  When The User enters the valid username and password "LoginCredentials"                    # stepdefinitions.LoginStep.the_user_enters_the_valid_username_and_password(java.lang.String)
  When The User enters the valid username and password "LoginCredentials"                    # stepdefinitions.LoginStep.the_user_enters_the_valid_username_and_password(java.lang.String)
  Given the User is on the Applications of Array page                                              # stepdefinitions.ArrayStep.the_user_is_on_the_applications_of_array_page()
]]></system-out>
    <system-err><![CDATA[Oct 21, 2024 12:37:35 AM org.openqa.selenium.devtools.CdpVersionFinder findNearestMatch
WARNING: Unable to find an exact match for CDP version 129, returning the closest version; found: 128; Please update to a Selenium version that supports CDP version 129
]]></system-err>
  </testcase>
  <testcase name="runScenario[&quot;Validating Practice Questions link in Applications of Array Page&quot;, &quot;DsPortal Array Page Functionality&quot;](27)" classname="runner.TestRunner" time="6.376">
    <system-out><![CDATA[  Given the User is on the Try Editor page through the Applications of Array Page                    # stepdefinitions.ArrayStep.the_user_is_on_the_try_editor_page_through_the_applications_of_array_page()
print hello

@Array @PracQns3RunButton @Array_TC_030
Scenario Outline: Validating Run button with valid and invalid code in Find Numbers with Even Number of Digits Page # src/test/resources/features/Array.feature:248
  When the User enters a sample code as "print hello" in the Editor section and click Run            # stepdefinitions.CommonStepDefinitions.the_user_enters_a_sample_code_as_in_the_editor_section_and_click_run(java.lang.String)
  When the User clicks Practice Questions link in the Applications of Array Page                   # stepdefinitions.ArrayStep.the_user_clicks_practice_questions_link_in_the_applications_of_array_page()
[INFO ] 2024-10-21 00:37:37.554 [TestNG-PoolService-3] LoggerLoad - actual error NameError: name 'hello' is not defined on line 1
  Then the User should get the "NameError: name 'hello' is not defined on line 1" in the alert       # stepdefinitions.CommonStepDefinitions.the_user_should_get_the_in_the_alert(java.lang.String)
  Then the User should get navigated to the Practice Questions Page from the Applications of Array # stepdefinitions.ArrayStep.the_user_should_get_navigated_to_the_practice_questions_page_from_the_applications_of_array()
  Given the User is on the Try Editor page through the Applications of Array Page                    # stepdefinitions.ArrayStep.the_user_is_on_the_try_editor_page_through_the_applications_of_array_page()
aer234@$
[INFO ] 2024-10-21 00:37:40.286 [TestNG-PoolService-9] LoggerLoad - The user is on the Login page.
  Given The User is on the login page                                                           # stepdefinitions.LoginStep.the_user_is_on_the_login_page()
  When the User enters a sample code as "aer234@$" in the Editor section and click Run               # stepdefinitions.CommonStepDefinitions.the_user_enters_a_sample_code_as_in_the_editor_section_and_click_run(java.lang.String)
[INFO ] 2024-10-21 00:37:40.532 [TestNG-PoolService-5] LoggerLoad - actual error SyntaxError: bad token T_OP on line 1
  Then the User should get the "SyntaxError: bad token T_OP on line 1" in the alert                  # stepdefinitions.CommonStepDefinitions.the_user_should_get_the_in_the_alert(java.lang.String)
  Given the User is on the Search the Array Page                                             # stepdefinitions.ArrayStep.the_user_is_on_the_search_the_array_page()
The Expected results are :You are logged in
[INFO ] 2024-10-21 00:37:41.027 [TestNG-PoolService-9] LoggerLoad - User Enter Login credential with username as " DreamTeam" and password as" Dre@mTe@m123" 
[INFO ] 2024-10-21 00:37:41.078 [TestNG-PoolService-1] LoggerLoad - The user is on the Login page.
  Given The User is on the login page                                                            # stepdefinitions.LoginStep.the_user_is_on_the_login_page()
  Given the User is on the Search the Array Page                                             # stepdefinitions.ArrayStep.the_user_is_on_the_search_the_array_page()
The Expected results are :You are logged in
[INFO ] 2024-10-21 00:37:41.747 [TestNG-PoolService-1] LoggerLoad - User Enter Login credential with username as " DreamTeam" and password as" Dre@mTe@m123" 
  When The User enters the valid username and password "LoginCredentials"                       # stepdefinitions.LoginStep.the_user_enters_the_valid_username_and_password(java.lang.String)
]]></system-out>
    <system-err><![CDATA[Oct 21, 2024 12:37:37 AM org.openqa.selenium.devtools.CdpVersionFinder findNearestMatch
WARNING: Unable to find an exact match for CDP version 129, returning the closest version; found: 128; Please update to a Selenium version that supports CDP version 129
Oct 21, 2024 12:37:39 AM org.openqa.selenium.devtools.CdpVersionFinder findNearestMatch
WARNING: Unable to find an exact match for CDP version 129, returning the closest version; found: 128; Please update to a Selenium version that supports CDP version 129
Oct 21, 2024 12:37:40 AM org.openqa.selenium.devtools.CdpVersionFinder findNearestMatch
WARNING: Unable to find an exact match for CDP version 129, returning the closest version; found: 128; Please update to a Selenium version that supports CDP version 129
Oct 21, 2024 12:37:42 AM org.openqa.selenium.devtools.CdpVersionFinder findNearestMatch
WARNING: Unable to find an exact match for CDP version 129, returning the closest version; found: 128; Please update to a Selenium version that supports CDP version 129
]]></system-err>
  </testcase>
  <testcase name="runScenario[&quot;Validating Try here Page for negative input through the Applications of Array Page&quot;, &quot;DsPortal Array Page Functionality&quot;](28)" classname="runner.TestRunner" time="2.311">
    <system-out><![CDATA[
@Array @PracQns3RunButton @Array_TC_030
Scenario Outline: Validating Run button with valid and invalid code in Find Numbers with Even Number of Digits Page # src/test/resources/features/Array.feature:249
[INFO ] 2024-10-21 00:37:43.254 [TestNG-PoolService-2] LoggerLoad - The user is on the Login page.
  Given The User is on the login page                                                               # stepdefinitions.LoginStep.the_user_is_on_the_login_page()
[INFO ] 2024-10-21 00:37:43.752 [TestNG-PoolService-6] LoggerLoad - The user is on the Login page.
  Given The User is on the login page                                                            # stepdefinitions.LoginStep.the_user_is_on_the_login_page()
  When The User enters the valid username and password "LoginCredentials"                        # stepdefinitions.LoginStep.the_user_enters_the_valid_username_and_password(java.lang.String)
The Expected results are :You are logged in
[INFO ] 2024-10-21 00:37:44.252 [TestNG-PoolService-2] LoggerLoad - User Enter Login credential with username as " DreamTeam" and password as" Dre@mTe@m123" 
The Expected results are :You are logged in
[INFO ] 2024-10-21 00:37:44.742 [TestNG-PoolService-6] LoggerLoad - User Enter Login credential with username as " DreamTeam" and password as" Dre@mTe@m123" 
[INFO ] 2024-10-21 00:37:45.076 [TestNG-PoolService-4] LoggerLoad - TextEditor is not waiting till the Code to be entered
[INFO ] 2024-10-21 00:37:45.156 [TestNG-PoolService-8] LoggerLoad - TextEditor is not waiting till the Code to be entered
[INFO ] 2024-10-21 00:37:45.189 [TestNG-PoolService-10] LoggerLoad - The user is on the Login page.
  Given The User is on the login page                                                                               # stepdefinitions.LoginStep.the_user_is_on_the_login_page()
]]></system-out>
  </testcase>
  <testcase name="runScenario[&quot;Validating Run button with valid and invalid code in Search the Array Page&quot;, &quot;DsPortal Array Page Functionality&quot;](29)" classname="runner.TestRunner" time="1.295">
    <system-out><![CDATA[
@Array @PracQns3SubmitButton @Array_TC_031
Scenario Outline: Validating Submit button with valid and invalid code in Find Numbers with Even Number of Digits Page # src/test/resources/features/Array.feature:259
[INFO ] 2024-10-21 00:37:45.349 [TestNG-PoolService-4] LoggerLoad - TextEditor Run
  When the User enters code from "PracticeQns" in 0 in the Editor section and click Run      # stepdefinitions.ArrayStep.the_user_enters_code_from_in_in_the_editor_section_and_click_run(java.lang.String,int)
  When The User enters the valid username and password "LoginCredentials"                           # stepdefinitions.LoginStep.the_user_enters_the_valid_username_and_password(java.lang.String)
  Then the User should vaidate the expected output in the Practice Questions Output section  # stepdefinitions.ArrayStep.the_User_should_vaidate_the_expected_output_in_the_Practice_Questions_Output_section()
[INFO ] 2024-10-21 00:37:45.474 [TestNG-PoolService-8] LoggerLoad - TextEditor Run
  When the User enters code from "PracticeQns" in 1 in the Editor section and click Run      # stepdefinitions.ArrayStep.the_user_enters_code_from_in_in_the_editor_section_and_click_run(java.lang.String,int)
  Then the User should vaidate the expected output in the Practice Questions Output section  # stepdefinitions.ArrayStep.the_User_should_vaidate_the_expected_output_in_the_Practice_Questions_Output_section()
The Expected results are :You are logged in
[INFO ] 2024-10-21 00:37:46.063 [TestNG-PoolService-10] LoggerLoad - User Enter Login credential with username as " DreamTeam" and password as" Dre@mTe@m123" 
  When The User enters the valid username and password "LoginCredentials"                        # stepdefinitions.LoginStep.the_user_enters_the_valid_username_and_password(java.lang.String)
]]></system-out>
  </testcase>
  <testcase name="runScenario[&quot;Validating Run button with valid and invalid code in Search the Array Page&quot;, &quot;DsPortal Array Page Functionality&quot;](30)" classname="runner.TestRunner" time="0.246">
    <system-out><![CDATA[
@Array @PracQns4RunButton @Array_TC_032
Scenario Outline: Validating Run button with valid and invalid code in Squares of a Sorted Array Page # src/test/resources/features/Array.feature:269
]]></system-out>
  </testcase>
  <testcase name="runScenario[&quot;Validating Try here Page for negative input through the Applications of Array Page&quot;, &quot;DsPortal Array Page Functionality&quot;](31)" classname="runner.TestRunner" time="0.401">
    <system-out><![CDATA[
@Array @PracQns4RunButton @Array_TC_032
Scenario Outline: Validating Run button with valid and invalid code in Squares of a Sorted Array Page # src/test/resources/features/Array.feature:270
]]></system-out>
  </testcase>
  <testcase name="runScenario[&quot;Validating Run button with valid and invalid code in Max Consecutive Ones Page&quot;, &quot;DsPortal Array Page Functionality&quot;](32)" classname="runner.TestRunner" time="14.091">
    <system-out><![CDATA[
@Array @PracQns4SubmitButton @Array_TC_0233
Scenario Outline: Validating Submit button with valid and invalid code in Squares of a Sorted Array Page # src/test/resources/features/Array.feature:280
  When The User enters the valid username and password "LoginCredentials"                                           # stepdefinitions.LoginStep.the_user_enters_the_valid_username_and_password(java.lang.String)
  Given the User is on the Search the Array Page                                                # stepdefinitions.ArrayStep.the_user_is_on_the_search_the_array_page()
  Given the User is on the Max Consecutive Ones Page                                             # stepdefinitions.ArrayStep.the_user_is_on_the_max_consecutive_ones_page()
  Given the User is on the Max Consecutive Ones Page                                                # stepdefinitions.ArrayStep.the_user_is_on_the_max_consecutive_ones_page()
[INFO ] 2024-10-21 00:37:51.254 [TestNG-PoolService-7] LoggerLoad - The user is on the Login page.
  Given The User is on the login page                                                                               # stepdefinitions.LoginStep.the_user_is_on_the_login_page()
  Given the User is on the Max Consecutive Ones Page                                             # stepdefinitions.ArrayStep.the_user_is_on_the_max_consecutive_ones_page()
The Expected results are :You are logged in
[INFO ] 2024-10-21 00:37:51.859 [TestNG-PoolService-7] LoggerLoad - User Enter Login credential with username as " DreamTeam" and password as" Dre@mTe@m123" 
  When The User enters the valid username and password "LoginCredentials"                                           # stepdefinitions.LoginStep.the_user_enters_the_valid_username_and_password(java.lang.String)
[INFO ] 2024-10-21 00:37:57.715 [TestNG-PoolService-5] LoggerLoad - The user is on the Login page.
  Given The User is on the login page                                                                                  # stepdefinitions.LoginStep.the_user_is_on_the_login_page()
[INFO ] 2024-10-21 00:37:57.777 [TestNG-PoolService-4] LoggerLoad - The user is on the Login page.
  Given The User is on the login page                                                                 # stepdefinitions.LoginStep.the_user_is_on_the_login_page()
The Expected results are :You are logged in
[INFO ] 2024-10-21 00:37:58.435 [TestNG-PoolService-5] LoggerLoad - User Enter Login credential with username as " DreamTeam" and password as" Dre@mTe@m123" 
The Expected results are :You are logged in
[INFO ] 2024-10-21 00:37:58.636 [TestNG-PoolService-4] LoggerLoad - User Enter Login credential with username as " DreamTeam" and password as" Dre@mTe@m123" 
  Given the User is on the Find Numbers with Even Number of Digits Page                                             # stepdefinitions.ArrayStep.the_user_is_on_the_find_numbers_with_even_number_of_digits_page()
[INFO ] 2024-10-21 00:37:59.888 [TestNG-PoolService-2] LoggerLoad - TextEditor is not waiting till the Code to be entered
[INFO ] 2024-10-21 00:38:00.054 [TestNG-PoolService-2] LoggerLoad - TextEditor Submit
  When the User enters code from "PracticeQns" in 10 in the Editor section and click Submit         # stepdefinitions.ArrayStep.the_user_enters_code_from_in_in_the_editor_section_and_click_submit(java.lang.String,int)
[INFO ] 2024-10-21 00:38:00.391 [TestNG-PoolService-9] LoggerLoad - TextEditor is not waiting till the Code to be entered
[INFO ] 2024-10-21 00:38:00.516 [TestNG-PoolService-9] LoggerLoad - TextEditor Submit
  When the User enters code from "PracticeQns" in 9 in the Editor section and click Submit      # stepdefinitions.ArrayStep.the_user_enters_code_from_in_in_the_editor_section_and_click_submit(java.lang.String,int)
[INFO ] 2024-10-21 00:38:00.742 [TestNG-PoolService-1] LoggerLoad - TextEditor is not waiting till the Code to be entered
[INFO ] 2024-10-21 00:38:00.906 [TestNG-PoolService-1] LoggerLoad - TextEditor Run
  When the User enters code from "PracticeQns" in 3 in the Editor section and click Run          # stepdefinitions.ArrayStep.the_user_enters_code_from_in_in_the_editor_section_and_click_run(java.lang.String,int)
[INFO ] 2024-10-21 00:38:00.930 [TestNG-PoolService-6] LoggerLoad - TextEditor is not waiting till the Code to be entered
  Then the User should vaidate the expected output in the Practice Questions Output section      # stepdefinitions.ArrayStep.the_User_should_vaidate_the_expected_output_in_the_Practice_Questions_Output_section()
[INFO ] 2024-10-21 00:38:01.137 [TestNG-PoolService-6] LoggerLoad - TextEditor Run
  When the User enters code from "PracticeQns" in 4 in the Editor section and click Run          # stepdefinitions.ArrayStep.the_user_enters_code_from_in_in_the_editor_section_and_click_run(java.lang.String,int)
  Then the User should vaidate the expected output in the Practice Questions Output section      # stepdefinitions.ArrayStep.the_User_should_vaidate_the_expected_output_in_the_Practice_Questions_Output_section()
      java.lang.AssertionError: expected [1] but found [3]
	at org.testng.Assert.fail(Assert.java:111)
	at org.testng.Assert.failNotEquals(Assert.java:1578)
	at org.testng.Assert.assertEqualsImpl(Assert.java:150)
	at org.testng.Assert.assertEquals(Assert.java:132)
	at org.testng.Assert.assertEquals(Assert.java:656)
	at org.testng.Assert.assertEquals(Assert.java:666)
	at stepdefinitions.ArrayStep.the_User_should_vaidate_the_expected_output_in_the_Practice_Questions_Output_section(ArrayStep.java:365)
	at âœ½.the User should vaidate the expected output in the Practice Questions Output section(file:///C:/Users/Palanivel/eclipse-workspace/asta_dsalgoBDD/./src/test/resources/features/Array.feature:222)

]]></system-out>
    <system-err><![CDATA[Oct 21, 2024 12:37:47 AM org.openqa.selenium.devtools.CdpVersionFinder findNearestMatch
WARNING: Unable to find an exact match for CDP version 129, returning the closest version; found: 128; Please update to a Selenium version that supports CDP version 129
Oct 21, 2024 12:37:51 AM org.openqa.selenium.devtools.CdpVersionFinder findNearestMatch
WARNING: Unable to find an exact match for CDP version 129, returning the closest version; found: 128; Please update to a Selenium version that supports CDP version 129
Oct 21, 2024 12:37:53 AM org.openqa.selenium.devtools.CdpVersionFinder findNearestMatch
WARNING: Unable to find an exact match for CDP version 129, returning the closest version; found: 128; Please update to a Selenium version that supports CDP version 129
Oct 21, 2024 12:37:54 AM org.openqa.selenium.devtools.CdpVersionFinder findNearestMatch
WARNING: Unable to find an exact match for CDP version 129, returning the closest version; found: 128; Please update to a Selenium version that supports CDP version 129
Oct 21, 2024 12:37:56 AM org.openqa.selenium.devtools.CdpVersionFinder findNearestMatch
WARNING: Unable to find an exact match for CDP version 129, returning the closest version; found: 128; Please update to a Selenium version that supports CDP version 129
]]></system-err>
  </testcase>
  <testcase name="runScenario[&quot;Validating Run button with valid and invalid code in Max Consecutive Ones Page&quot;, &quot;DsPortal Array Page Functionality&quot;](33)" classname="runner.TestRunner" time="0.361">
    <failure message="expected [1] but found [3]" type="java.lang.AssertionError"><![CDATA[java.lang.AssertionError: expected [1] but found [3]
	at org.testng.Assert.fail(Assert.java:111)
	at org.testng.Assert.failNotEquals(Assert.java:1578)
	at org.testng.Assert.assertEqualsImpl(Assert.java:150)
	at org.testng.Assert.assertEquals(Assert.java:132)
	at org.testng.Assert.assertEquals(Assert.java:656)
	at org.testng.Assert.assertEquals(Assert.java:666)
	at stepdefinitions.ArrayStep.the_User_should_vaidate_the_expected_output_in_the_Practice_Questions_Output_section(ArrayStep.java:365)
	at ✽.the User should vaidate the expected output in the Practice Questions Output section(file:///C:/Users/Palanivel/eclipse-workspace/asta_dsalgoBDD/./src/test/resources/features/Array.feature:222)
]]></failure>
    <system-out><![CDATA[
@DataStructure @DataIntro @DataTC_001
Scenario: Validate the DataStructure module page by clicking Get Started  # src/test/resources/features/DataStructure.feature:9

    Embedding Validating Run button with valid and invalid code in Max Consecutive Ones Page [image/png 69985 bytes]

]]></system-out>
  </testcase>
  <testcase name="runScenario[&quot;Validating Run button with valid and invalid code in Find Numbers with Even Number of Digits Page&quot;, &quot;DsPortal Array Page Functionality&quot;](34)" classname="runner.TestRunner" time="0.831">
    <system-out><![CDATA[
@DataStructure @DataTimecomp @DataTC_002
Scenario: Validate the DataStructure Introduction page Timecomplexity link # src/test/resources/features/DataStructure.feature:15
[INFO ] 2024-10-21 00:38:02.068 [TestNG-PoolService-10] LoggerLoad - TextEditor is not waiting till the Code to be entered
[INFO ] 2024-10-21 00:38:02.202 [TestNG-PoolService-10] LoggerLoad - TextEditor Run
  When the User enters code from "PracticeQns" in 5 in the Editor section and click Run                             # stepdefinitions.ArrayStep.the_user_enters_code_from_in_in_the_editor_section_and_click_run(java.lang.String,int)
  Then the User should vaidate the expected output in the Practice Questions Output section                         # stepdefinitions.ArrayStep.the_User_should_vaidate_the_expected_output_in_the_Practice_Questions_Output_section()
]]></system-out>
  </testcase>
  <testcase name="runScenario[&quot;Validating Submit button with valid and invalid code in Search the Array Page&quot;, &quot;DsPortal Array Page Functionality&quot;](35)" classname="runner.TestRunner" time="0.908">
    <system-out><![CDATA[
@DataStructure @TimeCompTryhere @DataTC_003
Scenario: Validate the Time Complexity page	Try here                      # src/test/resources/features/DataStructure.feature:21
  Then the User should vaidate the expected output in the Practice Questions Output section     # stepdefinitions.ArrayStep.the_User_should_vaidate_the_expected_output_in_the_Practice_Questions_Output_section()
  Then the User should vaidate the expected output in the Practice Questions Output section         # stepdefinitions.ArrayStep.the_User_should_vaidate_the_expected_output_in_the_Practice_Questions_Output_section()
[INFO ] 2024-10-21 00:38:02.904 [TestNG-PoolService-3] LoggerLoad - The user is on the Login page.
  Given The User is on the login page                                                                    # stepdefinitions.LoginStep.the_user_is_on_the_login_page()
  When The User enters the valid username and password "LoginCredentials"                             # stepdefinitions.LoginStep.the_user_enters_the_valid_username_and_password(java.lang.String)
]]></system-out>
  </testcase>
  <testcase name="runScenario[&quot;Validating Submit button with valid and invalid code in Max Consecutive Ones Page&quot;, &quot;DsPortal Array Page Functionality&quot;](36)" classname="runner.TestRunner" time="3.531">
    <system-out><![CDATA[
@DataStructure @TimeCompTryEditor @DataTC_004
Scenario: Validate the Try editor for positive input from Time Complexity page # src/test/resources/features/DataStructure.feature:27
  When The User enters the valid username and password "LoginCredentials"                                              # stepdefinitions.LoginStep.the_user_enters_the_valid_username_and_password(java.lang.String)
The Expected results are :You are logged in
[INFO ] 2024-10-21 00:38:03.682 [TestNG-PoolService-3] LoggerLoad - User Enter Login credential with username as " DreamTeam" and password as" Dre@mTe@m123" 
[INFO ] 2024-10-21 00:38:04.568 [TestNG-PoolService-8] LoggerLoad - The user is on the Login page.
  Given The User is on the login page                                                                 # stepdefinitions.LoginStep.the_user_is_on_the_login_page()
  When The User enters the valid username and password "LoginCredentials"                                # stepdefinitions.LoginStep.the_user_enters_the_valid_username_and_password(java.lang.String)
  Given the User is on the Find Numbers with Even Number of Digits Page                                             # stepdefinitions.ArrayStep.the_user_is_on_the_find_numbers_with_even_number_of_digits_page()
The Expected results are :You are logged in
[INFO ] 2024-10-21 00:38:05.324 [TestNG-PoolService-8] LoggerLoad - User Enter Login credential with username as " DreamTeam" and password as" Dre@mTe@m123" 
]]></system-out>
    <system-err><![CDATA[Oct 21, 2024 12:38:04 AM org.openqa.selenium.devtools.CdpVersionFinder findNearestMatch
WARNING: Unable to find an exact match for CDP version 129, returning the closest version; found: 128; Please update to a Selenium version that supports CDP version 129
Oct 21, 2024 12:38:06 AM org.openqa.selenium.devtools.CdpVersionFinder findNearestMatch
WARNING: Unable to find an exact match for CDP version 129, returning the closest version; found: 128; Please update to a Selenium version that supports CDP version 129
]]></system-err>
  </testcase>
  <testcase name="runScenario[&quot;Validate the DataStructure Introduction page Timecomplexity link&quot;, &quot;Ds Portal DataStructure-Introduction Page Functionality&quot;](37)" classname="runner.TestRunner" time="10.837">
    <system-out><![CDATA[
@DataStructure @TimeCompTryEditorNegative @TreeTC_005
Scenario Outline: validate the Try editor for negative input from Time Complexity page         # src/test/resources/features/DataStructure.feature:44
  When The User enters the valid username and password "LoginCredentials"                             # stepdefinitions.LoginStep.the_user_enters_the_valid_username_and_password(java.lang.String)
[INFO ] 2024-10-21 00:38:08.899 [TestNG-PoolService-6] LoggerLoad - The user is on the Login page.
  Given The User is on the login page                                      # stepdefinitions.LoginStep.the_user_is_on_the_login_page()
The Expected results are :You are logged in
[INFO ] 2024-10-21 00:38:09.643 [TestNG-PoolService-6] LoggerLoad - User Enter Login credential with username as " DreamTeam" and password as" Dre@mTe@m123" 
  When The User enters the valid username and password "LoginCredentials"  # stepdefinitions.LoginStep.the_user_enters_the_valid_username_and_password(java.lang.String)
  Given the User is on the Squares of a Sorted Page                                                   # stepdefinitions.ArrayStep.the_user_is_on_the_squares_of_a_sorted_page()
[INFO ] 2024-10-21 00:38:12.197 [TestNG-PoolService-6] LoggerLoad - You are in Data Structures-Introduction page.
  Given user is on the DataStructure Introduction page                     # stepdefinitions.DataStructureStep.user_is_on_the_data_structure_introduction_page()
[INFO ] 2024-10-21 00:38:12.720 [TestNG-PoolService-7] LoggerLoad - TextEditor is not waiting till the Code to be entered
[INFO ] 2024-10-21 00:38:13.214 [TestNG-PoolService-7] LoggerLoad - TextEditor Run
  When the User enters code from "PracticeQns" in 6 in the Editor section and click Run                             # stepdefinitions.ArrayStep.the_user_enters_code_from_in_in_the_editor_section_and_click_run(java.lang.String,int)
  Given the User is on the Squares of a Sorted Page                                                      # stepdefinitions.ArrayStep.the_user_is_on_the_squares_of_a_sorted_page()
[INFO ] 2024-10-21 00:38:13.249 [TestNG-PoolService-10] LoggerLoad - The user is on the Login page.
  Given The User is on the login page                                     # stepdefinitions.LoginStep.the_user_is_on_the_login_page()
  Then the User should vaidate the expected output in the Practice Questions Output section                         # stepdefinitions.ArrayStep.the_User_should_vaidate_the_expected_output_in_the_Practice_Questions_Output_section()
[INFO ] 2024-10-21 00:38:13.610 [TestNG-PoolService-9] LoggerLoad - The user is on the Login page.
  Given The User is on the login page                                          # stepdefinitions.LoginStep.the_user_is_on_the_login_page()
  When user clicked the Time complexity link from the DataStructure page   # stepdefinitions.DataStructureStep.user_clicked_the_page_time_complexity_link_from_the_DataStructure_page()
[INFO ] 2024-10-21 00:38:13.847 [TestNG-PoolService-6] LoggerLoad - You are viewing the Time Complexity page.
  Then user is able to view the Time Complexity Page                       # stepdefinitions.DataStructureStep.user_is_able_to_view_the_time_complexity_page()
  Given the User is on the Find Numbers with Even Number of Digits Page                                                # stepdefinitions.ArrayStep.the_user_is_on_the_find_numbers_with_even_number_of_digits_page()
The Expected results are :You are logged in
[INFO ] 2024-10-21 00:38:14.240 [TestNG-PoolService-10] LoggerLoad - User Enter Login credential with username as " DreamTeam" and password as" Dre@mTe@m123" 
The Expected results are :You are logged in
[INFO ] 2024-10-21 00:38:14.317 [TestNG-PoolService-9] LoggerLoad - User Enter Login credential with username as " DreamTeam" and password as" Dre@mTe@m123" 
  When The User enters the valid username and password "LoginCredentials"      # stepdefinitions.LoginStep.the_user_enters_the_valid_username_and_password(java.lang.String)
  When The User enters the valid username and password "LoginCredentials" # stepdefinitions.LoginStep.the_user_enters_the_valid_username_and_password(java.lang.String)
  Given The User is on the login page                                     # stepdefinitions.LoginStep.the_user_is_on_the_login_page()
      org.openqa.selenium.NoSuchElementException: no such element: Unable to locate element: {"method":"xpath","selector":"//button[text()='Get Started']"}
  (Session info: chrome=129.0.6668.101)
For documentation on this error, please visit: https://www.selenium.dev/documentation/webdriver/troubleshooting/errors#no-such-element-exception
Build info: version: '4.24.0', revision: '748ffc9bc3'
System info: os.name: 'Windows 11', os.arch: 'amd64', os.version: '10.0', java.version: '17.0.10'
Driver info: org.openqa.selenium.chrome.ChromeDriver
Command: [6d586d1640a11752f089ac541872b3df, findElement {using=xpath, value=//button[text()='Get Started']}]
Capabilities {acceptInsecureCerts: false, browserName: chrome, browserVersion: 129.0.6668.101, chrome: {chromedriverVersion: 129.0.6668.100 (cf58cba358d..., userDataDir: C:\Users\PALANI~1\AppData\L...}, fedcm:accounts: true, goog:chromeOptions: {debuggerAddress: localhost:56009}, networkConnectionEnabled: false, pageLoadStrategy: normal, platformName: windows, proxy: Proxy(), se:cdp: ws://localhost:56009/devtoo..., se:cdpVersion: 129.0.6668.101, setWindowRect: true, strictFileInteractability: false, timeouts: {implicit: 0, pageLoad: 300000, script: 30000}, unhandledPromptBehavior: dismiss and notify, webauthn:extension:credBlob: true, webauthn:extension:largeBlob: true, webauthn:extension:minPinLength: true, webauthn:extension:prf: true, webauthn:virtualAuthenticators: true}
Session ID: 6d586d1640a11752f089ac541872b3df
	at java.base/jdk.internal.reflect.NativeConstructorAccessorImpl.newInstance0(Native Method)
	at java.base/jdk.internal.reflect.NativeConstructorAccessorImpl.newInstance(NativeConstructorAccessorImpl.java:77)
	at java.base/jdk.internal.reflect.DelegatingConstructorAccessorImpl.newInstance(DelegatingConstructorAccessorImpl.java:45)
	at java.base/java.lang.reflect.Constructor.newInstanceWithCaller(Constructor.java:499)
	at java.base/java.lang.reflect.Constructor.newInstance(Constructor.java:480)
	at org.openqa.selenium.remote.ErrorCodec.decode(ErrorCodec.java:167)
	at org.openqa.selenium.remote.codec.w3c.W3CHttpResponseCodec.decode(W3CHttpResponseCodec.java:138)
	at org.openqa.selenium.remote.codec.w3c.W3CHttpResponseCodec.decode(W3CHttpResponseCodec.java:50)
	at org.openqa.selenium.remote.HttpCommandExecutor.execute(HttpCommandExecutor.java:190)
	at org.openqa.selenium.remote.service.DriverCommandExecutor.invokeExecute(DriverCommandExecutor.java:216)
	at org.openqa.selenium.remote.service.DriverCommandExecutor.execute(DriverCommandExecutor.java:174)
	at org.openqa.selenium.remote.RemoteWebDriver.execute(RemoteWebDriver.java:545)
	at org.openqa.selenium.remote.ElementLocation$ElementFinder$2.findElement(ElementLocation.java:165)
	at org.openqa.selenium.remote.ElementLocation.findElement(ElementLocation.java:59)
	at org.openqa.selenium.remote.RemoteWebDriver.findElement(RemoteWebDriver.java:368)
	at org.openqa.selenium.remote.RemoteWebDriver.findElement(RemoteWebDriver.java:362)
	at org.openqa.selenium.support.pagefactory.DefaultElementLocator.findElement(DefaultElementLocator.java:68)
	at org.openqa.selenium.support.pagefactory.internal.LocatingElementHandler.invoke(LocatingElementHandler.java:38)
	at jdk.proxy2/jdk.proxy2.$Proxy28.click(Unknown Source)
	at pageObjects.HomePage.getStartedhomeclick(HomePage.java:83)
	at stepdefinitions.LoginStep.the_user_is_on_the_login_page(LoginStep.java:37)
	at âœ½.The User is on the login page(file:///C:/Users/Palanivel/eclipse-workspace/asta_dsalgoBDD/./src/test/resources/features/DataStructure.feature:5)


    Embedding Validate the DataStructure module page by clicking Get Started [image/png 19769 bytes]

  When The User enters the valid username and password "LoginCredentials" # stepdefinitions.LoginStep.the_user_enters_the_valid_username_and_password(java.lang.String)
  Given the user is in homepage and logged in                             # stepdefinitions.CommonStepDefinitions.the_user_is_in_homepage_and_logged_in()
  When user clicked on the Data Structure Get Started link button         # stepdefinitions.DataStructureStep.user_clicked_on_the_data_structure_get_started_link_button()
  Then user is able view the Data Structure Introduction Page             # stepdefinitions.DataStructureStep.user_is_able_view_the_data_structure_introduction_page()
  Given the User is on the Squares of a Sorted Page                                                   # stepdefinitions.ArrayStep.the_user_is_on_the_squares_of_a_sorted_page()
[INFO ] 2024-10-21 00:38:17.489 [TestNG-PoolService-10] LoggerLoad - You are in Time Complexity page.
  Given user is on the time complexity page                               # stepdefinitions.DataStructureStep.user_is_on_the_time_complexity_page()
]]></system-out>
    <system-err><![CDATA[Oct 21, 2024 12:38:08 AM org.openqa.selenium.devtools.CdpVersionFinder findNearestMatch
WARNING: Unable to find an exact match for CDP version 129, returning the closest version; found: 128; Please update to a Selenium version that supports CDP version 129
Oct 21, 2024 12:38:10 AM org.openqa.selenium.devtools.CdpVersionFinder findNearestMatch
WARNING: Unable to find an exact match for CDP version 129, returning the closest version; found: 128; Please update to a Selenium version that supports CDP version 129
Oct 21, 2024 12:38:15 AM org.openqa.selenium.devtools.CdpVersionFinder findNearestMatch
WARNING: Unable to find an exact match for CDP version 129, returning the closest version; found: 128; Please update to a Selenium version that supports CDP version 129
]]></system-err>
  </testcase>
  <testcase name="runScenario[&quot;Validating Run button with valid and invalid code in Find Numbers with Even Number of Digits Page&quot;, &quot;DsPortal Array Page Functionality&quot;](38)" classname="runner.TestRunner" time="0.763">
    <system-out><![CDATA[
@DataStructure @TimeCompTryEditorNegative @TreeTC_005
Scenario Outline: validate the Try editor for negative input from Time Complexity page # src/test/resources/features/DataStructure.feature:45
[INFO ] 2024-10-21 00:38:18.452 [TestNG-PoolService-4] LoggerLoad - TextEditor is not waiting till the Code to be entered
]]></system-out>
  </testcase>
  <testcase name="runScenario[&quot;Validate the DataStructure module page by clicking Get Started&quot;, &quot;Ds Portal DataStructure-Introduction Page Functionality&quot;](39)" classname="runner.TestRunner" time="0.012">
    <failure message="no such element: Unable to locate element: {&quot;method&quot;:&quot;xpath&quot;,&quot;selector&quot;:&quot;//button[text()=&apos;Get Started&apos;]&quot;}&#10;  (Session info: chrome=129.0.6668.101)&#10;For documentation on this error, please visit: https://www.selenium.dev/documentation/webdriver/troubleshooting/errors#no-such-element-exception&#10;Build info: version: &apos;4.24.0&apos;, revision: &apos;748ffc9bc3&apos;&#10;System info: os.name: &apos;Windows 11&apos;, os.arch: &apos;amd64&apos;, os.version: &apos;10.0&apos;, java.version: &apos;17.0.10&apos;&#10;Driver info: org.openqa.selenium.chrome.ChromeDriver&#10;Command: [6d586d1640a11752f089ac541872b3df, findElement {using=xpath, value=//button[text()=&apos;Get Started&apos;]}]&#10;Capabilities {acceptInsecureCerts: false, browserName: chrome, browserVersion: 129.0.6668.101, chrome: {chromedriverVersion: 129.0.6668.100 (cf58cba358d..., userDataDir: C:\Users\PALANI~1\AppData\L...}, fedcm:accounts: true, goog:chromeOptions: {debuggerAddress: localhost:56009}, networkConnectionEnabled: false, pageLoadStrategy: normal, platformName: windows, proxy: Proxy(), se:cdp: ws://localhost:56009/devtoo..., se:cdpVersion: 129.0.6668.101, setWindowRect: true, strictFileInteractability: false, timeouts: {implicit: 0, pageLoad: 300000, script: 30000}, unhandledPromptBehavior: dismiss and notify, webauthn:extension:credBlob: true, webauthn:extension:largeBlob: true, webauthn:extension:minPinLength: true, webauthn:extension:prf: true, webauthn:virtualAuthenticators: true}&#10;Session ID: 6d586d1640a11752f089ac541872b3df" type="org.openqa.selenium.NoSuchElementException"><![CDATA[org.openqa.selenium.NoSuchElementException: 
no such element: Unable to locate element: {"method":"xpath","selector":"//button[text()='Get Started']"}
  (Session info: chrome=129.0.6668.101)
For documentation on this error, please visit: https://www.selenium.dev/documentation/webdriver/troubleshooting/errors#no-such-element-exception
Build info: version: '4.24.0', revision: '748ffc9bc3'
System info: os.name: 'Windows 11', os.arch: 'amd64', os.version: '10.0', java.version: '17.0.10'
Driver info: org.openqa.selenium.chrome.ChromeDriver
Command: [6d586d1640a11752f089ac541872b3df, findElement {using=xpath, value=//button[text()='Get Started']}]
Capabilities {acceptInsecureCerts: false, browserName: chrome, browserVersion: 129.0.6668.101, chrome: {chromedriverVersion: 129.0.6668.100 (cf58cba358d..., userDataDir: C:\Users\PALANI~1\AppData\L...}, fedcm:accounts: true, goog:chromeOptions: {debuggerAddress: localhost:56009}, networkConnectionEnabled: false, pageLoadStrategy: normal, platformName: windows, proxy: Proxy(), se:cdp: ws://localhost:56009/devtoo..., se:cdpVersion: 129.0.6668.101, setWindowRect: true, strictFileInteractability: false, timeouts: {implicit: 0, pageLoad: 300000, script: 30000}, unhandledPromptBehavior: dismiss and notify, webauthn:extension:credBlob: true, webauthn:extension:largeBlob: true, webauthn:extension:minPinLength: true, webauthn:extension:prf: true, webauthn:virtualAuthenticators: true}
Session ID: 6d586d1640a11752f089ac541872b3df
	at java.base/jdk.internal.reflect.NativeConstructorAccessorImpl.newInstance0(Native Method)
	at java.base/jdk.internal.reflect.NativeConstructorAccessorImpl.newInstance(NativeConstructorAccessorImpl.java:77)
	at java.base/jdk.internal.reflect.DelegatingConstructorAccessorImpl.newInstance(DelegatingConstructorAccessorImpl.java:45)
	at java.base/java.lang.reflect.Constructor.newInstanceWithCaller(Constructor.java:499)
	at java.base/java.lang.reflect.Constructor.newInstance(Constructor.java:480)
	at org.openqa.selenium.remote.ErrorCodec.decode(ErrorCodec.java:167)
	at org.openqa.selenium.remote.codec.w3c.W3CHttpResponseCodec.decode(W3CHttpResponseCodec.java:138)
	at org.openqa.selenium.remote.codec.w3c.W3CHttpResponseCodec.decode(W3CHttpResponseCodec.java:50)
	at org.openqa.selenium.remote.HttpCommandExecutor.execute(HttpCommandExecutor.java:190)
	at org.openqa.selenium.remote.service.DriverCommandExecutor.invokeExecute(DriverCommandExecutor.java:216)
	at org.openqa.selenium.remote.service.DriverCommandExecutor.execute(DriverCommandExecutor.java:174)
	at org.openqa.selenium.remote.RemoteWebDriver.execute(RemoteWebDriver.java:545)
	at org.openqa.selenium.remote.ElementLocation$ElementFinder$2.findElement(ElementLocation.java:165)
	at org.openqa.selenium.remote.ElementLocation.findElement(ElementLocation.java:59)
	at org.openqa.selenium.remote.RemoteWebDriver.findElement(RemoteWebDriver.java:368)
	at org.openqa.selenium.remote.RemoteWebDriver.findElement(RemoteWebDriver.java:362)
	at org.openqa.selenium.support.pagefactory.DefaultElementLocator.findElement(DefaultElementLocator.java:68)
	at org.openqa.selenium.support.pagefactory.internal.LocatingElementHandler.invoke(LocatingElementHandler.java:38)
	at jdk.proxy2/jdk.proxy2.$Proxy28.click(Unknown Source)
	at pageObjects.HomePage.getStartedhomeclick(HomePage.java:83)
	at stepdefinitions.LoginStep.the_user_is_on_the_login_page(LoginStep.java:37)
	at ✽.The User is on the login page(file:///C:/Users/Palanivel/eclipse-workspace/asta_dsalgoBDD/./src/test/resources/features/DataStructure.feature:5)
]]></failure>
  </testcase>
  <testcase name="runScenario[&quot;Validating Run button with valid and invalid code in Squares of a Sorted Array Page&quot;, &quot;DsPortal Array Page Functionality&quot;](40)" classname="runner.TestRunner" time="1.626">
    <system-out><![CDATA[
@DataStructure @DataTimecompPracQues @DataTC_006
Scenario: Validate the Time Complexity page Practice Questions            # src/test/resources/features/DataStructure.feature:48

@Home @HomepageLogo @logoTC_001
Scenario: Validate the Logo of NumpyNinja in the Home page                    # src/test/resources/features/Home.feature:9
[INFO ] 2024-10-21 00:38:18.790 [TestNG-PoolService-4] LoggerLoad - TextEditor Run
  When the User enters code from "PracticeQns" in 8 in the Editor section and click Run               # stepdefinitions.ArrayStep.the_user_enters_code_from_in_in_the_editor_section_and_click_run(java.lang.String,int)
  Then the User should vaidate the expected output in the Practice Questions Output section           # stepdefinitions.ArrayStep.the_User_should_vaidate_the_expected_output_in_the_Practice_Questions_Output_section()
[INFO ] 2024-10-21 00:38:19.141 [TestNG-PoolService-3] LoggerLoad - TextEditor is not waiting till the Code to be entered
[INFO ] 2024-10-21 00:38:19.362 [TestNG-PoolService-3] LoggerLoad - TextEditor Submit
  When the User enters code from "PracticeQns" in 12 in the Editor section and click Submit              # stepdefinitions.ArrayStep.the_user_enters_code_from_in_in_the_editor_section_and_click_submit(java.lang.String,int)
[INFO ] 2024-10-21 00:38:19.380 [TestNG-PoolService-2] LoggerLoad - The user is on the Login page.
  Given The User is on the login page                                                          # stepdefinitions.LoginStep.the_user_is_on_the_login_page()
  Then the User should vaidate the expected output in the Practice Questions Output section              # stepdefinitions.ArrayStep.the_User_should_vaidate_the_expected_output_in_the_Practice_Questions_Output_section()
The Expected results are :You are logged in
[INFO ] 2024-10-21 00:38:20.015 [TestNG-PoolService-2] LoggerLoad - User Enter Login credential with username as " DreamTeam" and password as" Dre@mTe@m123" 
]]></system-out>
  </testcase>
  <testcase name="runScenario[&quot;Validating Submit button with valid and invalid code in Squares of a Sorted Array Page&quot;, &quot;DsPortal Array Page Functionality&quot;](41)" classname="runner.TestRunner" time="2.076">
    <system-out><![CDATA[
@Home @HomepageDropdown @DTTC_002
Scenario: Validating the Datastructure Introduction dropdown              # src/test/resources/features/Home.feature:15
[INFO ] 2024-10-21 00:38:20.679 [TestNG-PoolService-9] LoggerLoad - You are in Assessment page.
  Given the User is on the Try Editor page from Time Complexity page           # stepdefinitions.DataStructureStep.the_User_is_on_the_Try_Editor_page_from_Time_Complexity_page()
  When user clicked the Try here link from the time complexity Page       # stepdefinitions.DataStructureStep.user_clicked_the_try_here_link_from_the_time_complexity_page()
  Then the User should get navigated to the Try Editor Page               # stepdefinitions.CommonStepDefinitions.the_user_should_get_navigated_to_the_try_editor_page()
  When The User enters the valid username and password "LoginCredentials"                      # stepdefinitions.LoginStep.the_user_enters_the_valid_username_and_password(java.lang.String)
[INFO ] 2024-10-21 00:38:21.431 [TestNG-PoolService-5] LoggerLoad - TextEditor is not waiting till the Code to be entered
[INFO ] 2024-10-21 00:38:22.242 [TestNG-PoolService-5] LoggerLoad - TextEditor Submit
  When the User enters code from "PracticeQns" in 11 in the Editor section and click Submit                            # stepdefinitions.ArrayStep.the_user_enters_code_from_in_in_the_editor_section_and_click_submit(java.lang.String,int)
]]></system-out>
    <system-err><![CDATA[Oct 21, 2024 12:38:22 AM org.openqa.selenium.devtools.CdpVersionFinder findNearestMatch
WARNING: Unable to find an exact match for CDP version 129, returning the closest version; found: 128; Please update to a Selenium version that supports CDP version 129
]]></system-err>
  </testcase>
  <testcase name="runScenario[&quot;Validate the Time Complexity page	Try here&quot;, &quot;Ds Portal DataStructure-Introduction Page Functionality&quot;](42)" classname="runner.TestRunner" time="4.268">
    <system-out><![CDATA[
@Home @ArrayDropdown @ArrayDDTC_003
Scenario: Validating the Arrays page by clicking from the dropdown list   # src/test/resources/features/Home.feature:21
  When the User enters the following code in the Editor section and clicks Run # stepdefinitions.CommonStepDefinitions.the_User_enters_the_following_code_in_the_Editor_section_and_clicks_Run(io.cucumber.datatable.DataTable)
    | code           | output |
    | print("Hello") | Hello  |
    | print(1234)    | 1234   |
[INFO ] 2024-10-21 00:38:23.058 [TestNG-PoolService-9] LoggerLoad - Actual Output: Hello Expected Output: Hello
[INFO ] 2024-10-21 00:38:23.058 [TestNG-PoolService-9] LoggerLoad - Actual Output: 1234 Expected Output: 1234
  Then the User should get the correct output on the screen                    # stepdefinitions.CommonStepDefinitions.the_User_should_get_the_correct_output_on_the_screen()
  Then the User should vaidate the expected output in the Practice Questions Output section                            # stepdefinitions.ArrayStep.the_User_should_vaidate_the_expected_output_in_the_Practice_Questions_Output_section()
[INFO ] 2024-10-21 00:38:24.943 [TestNG-PoolService-8] LoggerLoad - TextEditor is not waiting till the Code to be entered
[INFO ] 2024-10-21 00:38:25.312 [TestNG-PoolService-8] LoggerLoad - TextEditor Run
  When the User enters code from "PracticeQns" in 7 in the Editor section and click Run               # stepdefinitions.ArrayStep.the_user_enters_code_from_in_in_the_editor_section_and_click_run(java.lang.String,int)
[INFO ] 2024-10-21 00:38:25.949 [TestNG-PoolService-2] LoggerLoad - You are in Assessment page.
  Given the User is on the Try Editor page from Time Complexity page                           # stepdefinitions.DataStructureStep.the_User_is_on_the_Try_Editor_page_from_Time_Complexity_page()
print hello
[INFO ] 2024-10-21 00:38:25.995 [TestNG-PoolService-6] LoggerLoad - The user is on the Login page.
  Given The User is on the login page                                                  # stepdefinitions.LoginStep.the_user_is_on_the_login_page()
  Then the User should vaidate the expected output in the Practice Questions Output section           # stepdefinitions.ArrayStep.the_User_should_vaidate_the_expected_output_in_the_Practice_Questions_Output_section()
The Expected results are :You are logged in
[INFO ] 2024-10-21 00:38:26.508 [TestNG-PoolService-6] LoggerLoad - User Enter Login credential with username as " DreamTeam" and password as" Dre@mTe@m123" 
  When the User enters a sample code as "print hello" in the Editor section and click Run      # stepdefinitions.CommonStepDefinitions.the_user_enters_a_sample_code_as_in_the_editor_section_and_click_run(java.lang.String)
[INFO ] 2024-10-21 00:38:26.625 [TestNG-PoolService-2] LoggerLoad - actual error NameError: name 'hello' is not defined on line 1
  Then the User should get the "NameError: name 'hello' is not defined on line 1" in the alert # stepdefinitions.CommonStepDefinitions.the_user_should_get_the_in_the_alert(java.lang.String)
]]></system-out>
    <system-err><![CDATA[Oct 21, 2024 12:38:23 AM org.openqa.selenium.devtools.CdpVersionFinder findNearestMatch
WARNING: Unable to find an exact match for CDP version 129, returning the closest version; found: 128; Please update to a Selenium version that supports CDP version 129
Oct 21, 2024 12:38:23 AM org.openqa.selenium.devtools.CdpVersionFinder findNearestMatch
WARNING: Unable to find an exact match for CDP version 129, returning the closest version; found: 128; Please update to a Selenium version that supports CDP version 129
Oct 21, 2024 12:38:26 AM org.openqa.selenium.devtools.CdpVersionFinder findNearestMatch
WARNING: Unable to find an exact match for CDP version 129, returning the closest version; found: 128; Please update to a Selenium version that supports CDP version 129
]]></system-err>
  </testcase>
  <testcase name="runScenario[&quot;Validating Submit button with valid and invalid code in Find Numbers with Even Number of Digits Page&quot;, &quot;DsPortal Array Page Functionality&quot;](43)" classname="runner.TestRunner" time="0.0"/>
  <testcase name="runScenario[&quot;Validate the Try editor for positive input from Time Complexity page&quot;, &quot;Ds Portal DataStructure-Introduction Page Functionality&quot;](44)" classname="runner.TestRunner" time="0.525">
    <system-out><![CDATA[
@Home @StackDropdown @StackDDTC_005
Scenario: Validating the Stack page by clicking the from dropdown list    # src/test/resources/features/Home.feature:33

@Home @LinkedListDropdown @LinkedListDDTC_004
Scenario: Validating the Linked List page by clicking from the dropdown list # src/test/resources/features/Home.feature:27
[INFO ] 2024-10-21 00:38:26.806 [TestNG-PoolService-7] LoggerLoad - The user is on the Login page.
  Given The User is on the login page                                     # stepdefinitions.LoginStep.the_user_is_on_the_login_page()
[INFO ] 2024-10-21 00:38:26.945 [TestNG-PoolService-1] LoggerLoad - The user is on the Login page.
  Given The User is on the login page                                         # stepdefinitions.LoginStep.the_user_is_on_the_login_page()
]]></system-out>
  </testcase>
  <testcase name="runScenario[&quot;Validating Run button with valid and invalid code in Squares of a Sorted Array Page&quot;, &quot;DsPortal Array Page Functionality&quot;](45)" classname="runner.TestRunner" time="1.514">
    <system-out><![CDATA[
@Home @QueueDropdown @QueueDDTC_006
Scenario: Validating the Queue page by clicking the from dropdown list    # src/test/resources/features/Home.feature:39
The Expected results are :You are logged in
[INFO ] 2024-10-21 00:38:27.371 [TestNG-PoolService-7] LoggerLoad - User Enter Login credential with username as " DreamTeam" and password as" Dre@mTe@m123" 
The Expected results are :You are logged in
[INFO ] 2024-10-21 00:38:27.444 [TestNG-PoolService-1] LoggerLoad - User Enter Login credential with username as " DreamTeam" and password as" Dre@mTe@m123" 
  When The User enters the valid username and password "LoginCredentials"              # stepdefinitions.LoginStep.the_user_enters_the_valid_username_and_password(java.lang.String)
[INFO ] 2024-10-21 00:38:28.659 [TestNG-PoolService-4] LoggerLoad - The user is on the Login page.
  Given The User is on the login page                                     # stepdefinitions.LoginStep.the_user_is_on_the_login_page()
]]></system-out>
    <system-err><![CDATA[Oct 21, 2024 12:38:28 AM org.openqa.selenium.devtools.CdpVersionFinder findNearestMatch
WARNING: Unable to find an exact match for CDP version 129, returning the closest version; found: 128; Please update to a Selenium version that supports CDP version 129
]]></system-err>
  </testcase>
  <testcase name="runScenario[&quot;validate the Try editor for negative input from Time Complexity page&quot;, &quot;Ds Portal DataStructure-Introduction Page Functionality&quot;](46)" classname="runner.TestRunner" time="0.313">
    <system-out><![CDATA[
@Home @TreeDropdown @TreeDDTC_007
Scenario: Validating the Tree page by clicking the from dropdown list     # src/test/resources/features/Home.feature:45
  When The User enters the valid username and password "LoginCredentials" # stepdefinitions.LoginStep.the_user_enters_the_valid_username_and_password(java.lang.String)
]]></system-out>
  </testcase>
  <testcase name="runScenario[&quot;Validate the Logo of NumpyNinja in the Home page&quot;, &quot;DsAlgo Homepage Functionality&quot;](47)" classname="runner.TestRunner" time="7.571">
    <system-out><![CDATA[
@Home @GraphDropdown @GraphTC_008
Scenario: Validating the Graph page by clicking the from dropdown list    # src/test/resources/features/Home.feature:51
  When The User enters the valid username and password "LoginCredentials"     # stepdefinitions.LoginStep.the_user_enters_the_valid_username_and_password(java.lang.String)
The Expected results are :You are logged in
[INFO ] 2024-10-21 00:38:29.265 [TestNG-PoolService-4] LoggerLoad - User Enter Login credential with username as " DreamTeam" and password as" Dre@mTe@m123" 
[INFO ] 2024-10-21 00:38:29.407 [TestNG-PoolService-1] LoggerLoad - You are in NumpyNinjahome page.
  Given the user is in homepage and logged in                                 # stepdefinitions.CommonStepDefinitions.the_user_is_in_homepage_and_logged_in()
  When The User should clicks Logo NumpyNinja                                 # stepdefinitions.HomeStep.the_user_should_clicks_logo_numpy_ninja()
[INFO ] 2024-10-21 00:38:30.102 [TestNG-PoolService-7] LoggerLoad - You are in Time Complexity page.
  Given user is on the time complexity page                               # stepdefinitions.DataStructureStep.user_is_on_the_time_complexity_page()
  When The User enters the valid username and password "LoginCredentials" # stepdefinitions.LoginStep.the_user_enters_the_valid_username_and_password(java.lang.String)
[INFO ] 2024-10-21 00:38:30.237 [TestNG-PoolService-1] LoggerLoad - The user is able to see the NumpyNinja Logo.
  Then The User get navigated to HomePage and able to see the NumpyNinja Logo # stepdefinitions.HomeStep.the_user_get_navigated_to_home_page_and_able_to_see_the_NumpyNinja_Logo()
[INFO ] 2024-10-21 00:38:30.479 [TestNG-PoolService-4] LoggerLoad - You are in NumpyNinjahome page.
  Given the user is in homepage and logged in                             # stepdefinitions.CommonStepDefinitions.the_user_is_in_homepage_and_logged_in()
[INFO ] 2024-10-21 00:38:30.699 [TestNG-PoolService-3] LoggerLoad - The user is on the Login page.
  Given The User is on the login page                                     # stepdefinitions.LoginStep.the_user_is_on_the_login_page()
  When user clicked the Practice Questions from the time complexity Page  # stepdefinitions.DataStructureStep.user_clicked_the_Practice_Questions_from_the_time_complexity_Page()
  When The User clicked the Data Structure dropdown from home page        # stepdefinitions.HomeStep.the_user_clicked_the_data_structure_dropdown_from_home_page()
[INFO ] 2024-10-21 00:38:30.848 [TestNG-PoolService-4] LoggerLoad - The user is able to view the Data Structure dropdown List from NumpyNinja home page.
  Then The user should able to view the dropdown list                     # stepdefinitions.HomeStep.the_user_should_able_to_view_the_dropdown_list()
The Expected results are :You are logged in
[INFO ] 2024-10-21 00:38:31.597 [TestNG-PoolService-3] LoggerLoad - User Enter Login credential with username as " DreamTeam" and password as" Dre@mTe@m123" 
[INFO ] 2024-10-21 00:38:31.662 [TestNG-PoolService-6] LoggerLoad - You are in Assessment page.
  Given the User is on the Try Editor page from Time Complexity page                   # stepdefinitions.DataStructureStep.the_User_is_on_the_Try_Editor_page_from_Time_Complexity_page()
aer234@$
  When The User enters the valid username and password "LoginCredentials" # stepdefinitions.LoginStep.the_user_enters_the_valid_username_and_password(java.lang.String)
[INFO ] 2024-10-21 00:38:33.386 [TestNG-PoolService-3] LoggerLoad - The user clicked the Array from Data Structure dropdown list.
  Given The User is on the Data Structure dropdown from home page         # stepdefinitions.HomeStep.the_user_is_on_the_data_structure_dropdown_from_home_page()
  When The User clicked the Arrays from dropdown list in home page        # stepdefinitions.HomeStep.the_user_clicked_the_arrays_from_dropdown_list_in_home_page()
[INFO ] 2024-10-21 00:38:34.050 [TestNG-PoolService-3] LoggerLoad - The user is able to view the Array page.
  Then The user should able to view the Arrays from dropdown list         # stepdefinitions.HomeStep.the_user_should_able_to_view_the_arrays_from_dropdown_list()
[INFO ] 2024-10-21 00:38:34.281 [TestNG-PoolService-10] LoggerLoad - The user is on the Login page.
  Given The User is on the login page                                        # stepdefinitions.LoginStep.the_user_is_on_the_login_page()
  When the User enters a sample code as "aer234@$" in the Editor section and click Run # stepdefinitions.CommonStepDefinitions.the_user_enters_a_sample_code_as_in_the_editor_section_and_click_run(java.lang.String)
[INFO ] 2024-10-21 00:38:34.867 [TestNG-PoolService-6] LoggerLoad - actual error SyntaxError: bad token T_OP on line 1
  Then the User should get the "SyntaxError: bad token T_OP on line 1" in the alert    # stepdefinitions.CommonStepDefinitions.the_user_should_get_the_in_the_alert(java.lang.String)
The Expected results are :You are logged in
[INFO ] 2024-10-21 00:38:35.407 [TestNG-PoolService-10] LoggerLoad - User Enter Login credential with username as " DreamTeam" and password as" Dre@mTe@m123" 
[INFO ] 2024-10-21 00:38:35.507 [TestNG-PoolService-5] LoggerLoad - The user is on the Login page.
  Given The User is on the login page                                     # stepdefinitions.LoginStep.the_user_is_on_the_login_page()
[INFO ] 2024-10-21 00:38:35.891 [TestNG-PoolService-9] LoggerLoad - The user is on the Login page.
  Given The User is on the login page                                     # stepdefinitions.LoginStep.the_user_is_on_the_login_page()
The Expected results are :You are logged in
[INFO ] 2024-10-21 00:38:36.021 [TestNG-PoolService-5] LoggerLoad - User Enter Login credential with username as " DreamTeam" and password as" Dre@mTe@m123" 
  When The User enters the valid username and password "LoginCredentials"    # stepdefinitions.LoginStep.the_user_enters_the_valid_username_and_password(java.lang.String)
The Expected results are :You are logged in
[INFO ] 2024-10-21 00:38:36.479 [TestNG-PoolService-9] LoggerLoad - User Enter Login credential with username as " DreamTeam" and password as" Dre@mTe@m123" 
[INFO ] 2024-10-21 00:38:36.619 [TestNG-PoolService-10] LoggerLoad - The user clicked the Linked List from Data Structure dropdown list.
  Given The User is on the Data Structure dropdown to click Linked List      # stepdefinitions.HomeStep.the_user_is_on_the_data_structure_dropdown_to_click_Linked_List()
]]></system-out>
    <system-err><![CDATA[Oct 21, 2024 12:38:31 AM org.openqa.selenium.devtools.CdpVersionFinder findNearestMatch
WARNING: Unable to find an exact match for CDP version 129, returning the closest version; found: 128; Please update to a Selenium version that supports CDP version 129
Oct 21, 2024 12:38:31 AM org.openqa.selenium.devtools.CdpVersionFinder findNearestMatch
WARNING: Unable to find an exact match for CDP version 129, returning the closest version; found: 128; Please update to a Selenium version that supports CDP version 129
Oct 21, 2024 12:38:32 AM org.openqa.selenium.devtools.CdpVersionFinder findNearestMatch
WARNING: Unable to find an exact match for CDP version 129, returning the closest version; found: 128; Please update to a Selenium version that supports CDP version 129
Oct 21, 2024 12:38:34 AM org.openqa.selenium.devtools.CdpVersionFinder findNearestMatch
WARNING: Unable to find an exact match for CDP version 129, returning the closest version; found: 128; Please update to a Selenium version that supports CDP version 129
Oct 21, 2024 12:38:35 AM org.openqa.selenium.devtools.CdpVersionFinder findNearestMatch
WARNING: Unable to find an exact match for CDP version 129, returning the closest version; found: 128; Please update to a Selenium version that supports CDP version 129
]]></system-err>
  </testcase>
  <testcase name="runScenario[&quot;Validating the Datastructure Introduction dropdown&quot;, &quot;DsAlgo Homepage Functionality&quot;](48)" classname="runner.TestRunner" time="0.024">
    <system-out><![CDATA[
@Home @accountHolder @HomeAccountTC_009
Scenario: Validating the account holdername in the Homepage               # src/test/resources/features/Home.feature:57
]]></system-out>
  </testcase>
  <testcase name="runScenario[&quot;validate the Try editor for negative input from Time Complexity page&quot;, &quot;Ds Portal DataStructure-Introduction Page Functionality&quot;](49)" classname="runner.TestRunner" time="0.068">
    <system-out><![CDATA[
@Home @Signout @SignOutTC_010
Scenario: Validating the signout of the user account                      # src/test/resources/features/Home.feature:63
]]></system-out>
  </testcase>
  <testcase name="runScenario[&quot;Validating the Arrays page by clicking from the dropdown list&quot;, &quot;DsAlgo Homepage Functionality&quot;](50)" classname="runner.TestRunner" time="1.048">
    <system-out><![CDATA[
@LinkedList @LikedListGetStarted @LinkedListTC_001
Scenario: validate linked list page                                       # src/test/resources/features/LinkedList.feature:9
  When The User enters the valid username and password "LoginCredentials" # stepdefinitions.LoginStep.the_user_enters_the_valid_username_and_password(java.lang.String)
[INFO ] 2024-10-21 00:38:37.129 [TestNG-PoolService-8] LoggerLoad - The user is on the Login page.
  Given The User is on the login page                                     # stepdefinitions.LoginStep.the_user_is_on_the_login_page()
[INFO ] 2024-10-21 00:38:37.243 [TestNG-PoolService-5] LoggerLoad - The user clicked the Stack from Data Structure dropdown list.
  Given The User is on the Data Structure dropdown to click Stack         # stepdefinitions.HomeStep.the_user_is_on_the_data_structure_dropdown_to_click_Stack()
  When The User clicked the Linked List from dropdown list in home page      # stepdefinitions.HomeStep.the_user_clicked_the_linked_list_from_dropdown_list_in_home_page()
[INFO ] 2024-10-21 00:38:37.562 [TestNG-PoolService-10] LoggerLoad - The user is able to view the Linked List page.
  Then The user should able to view the Linked List from dropdown list       # stepdefinitions.HomeStep.the_user_should_able_to_view_the_linked_list_from_dropdown_list()
The Expected results are :You are logged in
[INFO ] 2024-10-21 00:38:37.752 [TestNG-PoolService-8] LoggerLoad - User Enter Login credential with username as " DreamTeam" and password as" Dre@mTe@m123" 
[INFO ] 2024-10-21 00:38:37.774 [TestNG-PoolService-2] LoggerLoad - The user is on the Login page.
  Given The User is on the login page                                     # stepdefinitions.LoginStep.the_user_is_on_the_login_page()
  When The User enters the valid username and password "LoginCredentials" # stepdefinitions.LoginStep.the_user_enters_the_valid_username_and_password(java.lang.String)
  When The User clicked the Stack from dropdown list in home page         # stepdefinitions.HomeStep.the_user_clicked_the_stack_from_dropdown_list_in_home_page()
[INFO ] 2024-10-21 00:38:37.838 [TestNG-PoolService-5] LoggerLoad - The user is able to view the Stack page.
  Then The user should able to view the Stack from dropdown list          # stepdefinitions.HomeStep.the_user_should_able_to_view_the_stack_from_dropdown_list()
]]></system-out>
  </testcase>
  <testcase name="runScenario[&quot;Validating the Linked List page by clicking from the dropdown list&quot;, &quot;DsAlgo Homepage Functionality&quot;](51)" classname="runner.TestRunner" time="0.445">
    <system-out><![CDATA[
@LinkedList @LinkedListIntroduction @LinkedListTC_002
Scenario: validate the Introduction page                                      # src/test/resources/features/LinkedList.feature:15
[INFO ] 2024-10-21 00:38:38.006 [TestNG-PoolService-9] LoggerLoad - The user clicked the Queue from Data Structure dropdown list.
  Given The User is on the Data Structure dropdown to click Queue         # stepdefinitions.HomeStep.the_user_is_on_the_data_structure_dropdown_to_click_Queue()
]]></system-out>
  </testcase>
  <testcase name="runScenario[&quot;Validating the Stack page by clicking the from dropdown list&quot;, &quot;DsAlgo Homepage Functionality&quot;](52)" classname="runner.TestRunner" time="0.012"/>
  <testcase name="runScenario[&quot;Validating the Queue page by clicking the from dropdown list&quot;, &quot;DsAlgo Homepage Functionality&quot;](53)" classname="runner.TestRunner" time="0.967">
    <system-out><![CDATA[
@LinkedList @TryHereIntroduction @LinkedListTC_003
Scenario: validate the Try here page from Introduction page               # src/test/resources/features/LinkedList.feature:21

@LinkedList @TryEditorIntroductionPositive @LinkedListTC_004
Scenario: Validate the Try editor for positive input from Introduction page    # src/test/resources/features/LinkedList.feature:27
The Expected results are :You are logged in
[INFO ] 2024-10-21 00:38:38.335 [TestNG-PoolService-2] LoggerLoad - User Enter Login credential with username as " DreamTeam" and password as" Dre@mTe@m123" 
  When The User clicked the Queue from dropdown list in home page         # stepdefinitions.HomeStep.the_user_clicked_the_queue_from_dropdown_list_in_home_page()
[INFO ] 2024-10-21 00:38:38.662 [TestNG-PoolService-9] LoggerLoad - The user is able to view the Queue page.
  Then The user should able to view the Queue from dropdown list          # stepdefinitions.HomeStep.the_user_should_able_to_view_the_queue_from_dropdown_list()
  When The User enters the valid username and password "LoginCredentials" # stepdefinitions.LoginStep.the_user_enters_the_valid_username_and_password(java.lang.String)
[INFO ] 2024-10-21 00:38:38.969 [TestNG-PoolService-8] LoggerLoad - The user clicked the Tree from Data Structure dropdown list. 
  Given The User is on the Data Structure dropdown to click Tree          # stepdefinitions.HomeStep.the_user_is_on_the_data_structure_dropdown_to_click_Tree()
]]></system-out>
  </testcase>
  <testcase name="runScenario[&quot;Validating the Tree page by clicking the from dropdown list&quot;, &quot;DsAlgo Homepage Functionality&quot;](54)" classname="runner.TestRunner" time="6.293">
    <system-out><![CDATA[
@LinkedList @TryEditorIntroductionNegative @LinkedListTC_005
Scenario Outline: validate the Try editor for negative input from Introduction page            # src/test/resources/features/LinkedList.feature:43
  When The User enters the valid username and password "LoginCredentials" # stepdefinitions.LoginStep.the_user_enters_the_valid_username_and_password(java.lang.String)
[INFO ] 2024-10-21 00:38:39.509 [TestNG-PoolService-2] LoggerLoad - The user clicked the Graph from  Data Structure dropdown list. 
  Given The User is on the Data Structure dropdown to click Graph         # stepdefinitions.HomeStep.the_user_is_on_the_data_structure_dropdown_to_click_Graph()
  When The User clicked the Graph from dropdown list in home page         # stepdefinitions.HomeStep.the_user_clicked_the_graph_from_dropdown_list_in_home_page()
  When The User clicked the Tree from dropdown list in home page          # stepdefinitions.HomeStep.the_user_clicked_the_tree_from_dropdown_list_in_home_page()
[INFO ] 2024-10-21 00:38:40.256 [TestNG-PoolService-2] LoggerLoad - The user is able to view the Graph page.
  Then The user should able to view the Graph from dropdown list          # stepdefinitions.HomeStep.the_user_should_able_to_view_the_graph_from_dropdown_list()
  Then user should view the Practice Questions of DataStructure           # stepdefinitions.DataStructureStep.user_should_view_the_Practice_Questions_of_DataStructure()
      java.lang.AssertionError: No questions found
	at org.testng.Assert.fail(Assert.java:111)
	at stepdefinitions.DataStructureStep.user_should_view_the_Practice_Questions_of_DataStructure(DataStructureStep.java:76)
	at âœ½.user should view the Practice Questions of DataStructure(file:///C:/Users/Palanivel/eclipse-workspace/asta_dsalgoBDD/./src/test/resources/features/DataStructure.feature:52)


    Embedding Validate the Time Complexity page Practice Questions [image/png 14881 bytes]

[INFO ] 2024-10-21 00:38:41.043 [TestNG-PoolService-8] LoggerLoad - The user is able to view the Tree page.
  Then The user should able to view the Tree from dropdown list           # stepdefinitions.HomeStep.the_user_should_able_to_view_the_tree_from_dropdown_list()
[INFO ] 2024-10-21 00:38:44.294 [TestNG-PoolService-1] LoggerLoad - The user is on the Login page.
  Given The User is on the login page                                     # stepdefinitions.LoginStep.the_user_is_on_the_login_page()
[INFO ] 2024-10-21 00:38:44.307 [TestNG-PoolService-6] LoggerLoad - The user is on the Login page.
  Given The User is on the login page                                     # stepdefinitions.LoginStep.the_user_is_on_the_login_page()
The Expected results are :You are logged in
[INFO ] 2024-10-21 00:38:44.946 [TestNG-PoolService-1] LoggerLoad - User Enter Login credential with username as " DreamTeam" and password as" Dre@mTe@m123" 
The Expected results are :You are logged in
[INFO ] 2024-10-21 00:38:44.973 [TestNG-PoolService-6] LoggerLoad - User Enter Login credential with username as " DreamTeam" and password as" Dre@mTe@m123" 
[INFO ] 2024-10-21 00:38:45.134 [TestNG-PoolService-4] LoggerLoad - The user is on the Login page.
  Given The User is on the login page                                     # stepdefinitions.LoginStep.the_user_is_on_the_login_page()
]]></system-out>
    <system-err><![CDATA[Oct 21, 2024 12:38:41 AM org.openqa.selenium.devtools.CdpVersionFinder findNearestMatch
WARNING: Unable to find an exact match for CDP version 129, returning the closest version; found: 128; Please update to a Selenium version that supports CDP version 129
Oct 21, 2024 12:38:41 AM org.openqa.selenium.devtools.CdpVersionFinder findNearestMatch
WARNING: Unable to find an exact match for CDP version 129, returning the closest version; found: 128; Please update to a Selenium version that supports CDP version 129
Oct 21, 2024 12:38:41 AM org.openqa.selenium.devtools.CdpVersionFinder findNearestMatch
WARNING: Unable to find an exact match for CDP version 129, returning the closest version; found: 128; Please update to a Selenium version that supports CDP version 129
Oct 21, 2024 12:38:43 AM org.openqa.selenium.devtools.CdpVersionFinder findNearestMatch
WARNING: Unable to find an exact match for CDP version 129, returning the closest version; found: 128; Please update to a Selenium version that supports CDP version 129
Oct 21, 2024 12:38:44 AM org.openqa.selenium.devtools.CdpVersionFinder findNearestMatch
WARNING: Unable to find an exact match for CDP version 129, returning the closest version; found: 128; Please update to a Selenium version that supports CDP version 129
Oct 21, 2024 12:38:44 AM org.openqa.selenium.devtools.CdpVersionFinder findNearestMatch
WARNING: Unable to find an exact match for CDP version 129, returning the closest version; found: 128; Please update to a Selenium version that supports CDP version 129
]]></system-err>
  </testcase>
  <testcase name="runScenario[&quot;Validating the Graph page by clicking the from dropdown list&quot;, &quot;DsAlgo Homepage Functionality&quot;](55)" classname="runner.TestRunner" time="0.018">
    <system-out><![CDATA[
@LinkedList @TryEditorIntroductionNegative @LinkedListTC_005
Scenario Outline: validate the Try editor for negative input from Introduction page    # src/test/resources/features/LinkedList.feature:44
]]></system-out>
  </testcase>
  <testcase name="runScenario[&quot;Validate the Time Complexity page Practice Questions&quot;, &quot;Ds Portal DataStructure-Introduction Page Functionality&quot;](56)" classname="runner.TestRunner" time="2.213">
    <failure message="No questions found" type="java.lang.AssertionError"><![CDATA[java.lang.AssertionError: No questions found
	at org.testng.Assert.fail(Assert.java:111)
	at stepdefinitions.DataStructureStep.user_should_view_the_Practice_Questions_of_DataStructure(DataStructureStep.java:76)
	at ✽.user should view the Practice Questions of DataStructure(file:///C:/Users/Palanivel/eclipse-workspace/asta_dsalgoBDD/./src/test/resources/features/DataStructure.feature:52)
]]></failure>
    <system-out><![CDATA[
@LinkedList @CreatingLinkedList @LinkedListTC_006
Scenario: validate the Creating linked list page                                  # src/test/resources/features/LinkedList.feature:47
The Expected results are :You are logged in
[INFO ] 2024-10-21 00:38:45.792 [TestNG-PoolService-4] LoggerLoad - User Enter Login credential with username as " DreamTeam" and password as" Dre@mTe@m123" 
  When The User enters the valid username and password "LoginCredentials" # stepdefinitions.LoginStep.the_user_enters_the_valid_username_and_password(java.lang.String)
  When The User enters the valid username and password "LoginCredentials" # stepdefinitions.LoginStep.the_user_enters_the_valid_username_and_password(java.lang.String)
[INFO ] 2024-10-21 00:38:46.535 [TestNG-PoolService-6] LoggerLoad - You are in NumpyNinjahome page.
  Given the user is in homepage and logged in                             # stepdefinitions.CommonStepDefinitions.the_user_is_in_homepage_and_logged_in()
[INFO ] 2024-10-21 00:38:46.537 [TestNG-PoolService-1] LoggerLoad - You are in NumpyNinjahome page.
  Given the user is in homepage and logged in                             # stepdefinitions.CommonStepDefinitions.the_user_is_in_homepage_and_logged_in()
[INFO ] 2024-10-21 00:38:46.770 [TestNG-PoolService-3] LoggerLoad - The user is on the Login page.
  Given The User is on the login page                                         # stepdefinitions.LoginStep.the_user_is_on_the_login_page()
  When the user views the navigation menu                                 # stepdefinitions.HomeStep.the_user_views_the_navigation_menu()
[INFO ] 2024-10-21 00:38:47.054 [TestNG-PoolService-1] LoggerLoad - The User can able to view the account hoidername  DreamTeam
  Then The account holdername should be displayed in the hompage          # stepdefinitions.HomeStep.The_account_holdername_should_be_displayed_in_the_hompage()
  When the user clicks the get started button under linked list section   # stepdefinitions.LinkedListStep.the_user_clicks_the_get_started_button_under_linked_list_section()
  Then the user views the linked list page                                # stepdefinitions.LinkedListStep.the_user_views_the_linked_list_page()
The Expected results are :You are logged in
[INFO ] 2024-10-21 00:38:47.505 [TestNG-PoolService-3] LoggerLoad - User Enter Login credential with username as " DreamTeam" and password as" Dre@mTe@m123" 
[INFO ] 2024-10-21 00:38:47.752 [TestNG-PoolService-5] LoggerLoad - The user is on the Login page.
  Given The User is on the login page                                          # stepdefinitions.LoginStep.the_user_is_on_the_login_page()
]]></system-out>
    <system-err><![CDATA[Oct 21, 2024 12:38:46 AM org.openqa.selenium.devtools.CdpVersionFinder findNearestMatch
WARNING: Unable to find an exact match for CDP version 129, returning the closest version; found: 128; Please update to a Selenium version that supports CDP version 129
]]></system-err>
  </testcase>
  <testcase name="runScenario[&quot;validate linked list page&quot;, &quot;DS Portal Linked List Page Functionality&quot;](57)" classname="runner.TestRunner" time="0.627">
    <system-out><![CDATA[
@LinkedList @TryHereCreatingLinkedList @LinkedListTC_007
Scenario: validate the Try here page from Creating Linked list page       # src/test/resources/features/LinkedList.feature:53
  When The User enters the valid username and password "LoginCredentials" # stepdefinitions.LoginStep.the_user_enters_the_valid_username_and_password(java.lang.String)
[INFO ] 2024-10-21 00:38:47.903 [TestNG-PoolService-10] LoggerLoad - The user is on the Login page.
  Given The User is on the login page                                     # stepdefinitions.LoginStep.the_user_is_on_the_login_page()
[INFO ] 2024-10-21 00:38:48.222 [TestNG-PoolService-4] LoggerLoad - You are in NumpyNinjahome page.
  Given the user is in homepage and logged in                             # stepdefinitions.CommonStepDefinitions.the_user_is_in_homepage_and_logged_in()
The Expected results are :You are logged in
[INFO ] 2024-10-21 00:38:48.319 [TestNG-PoolService-5] LoggerLoad - User Enter Login credential with username as " DreamTeam" and password as" Dre@mTe@m123" 
The Expected results are :You are logged in
[INFO ] 2024-10-21 00:38:48.487 [TestNG-PoolService-10] LoggerLoad - User Enter Login credential with username as " DreamTeam" and password as" Dre@mTe@m123" 
]]></system-out>
  </testcase>
  <testcase name="runScenario[&quot;Validating the account holdername in the Homepage&quot;, &quot;DsAlgo Homepage Functionality&quot;](58)" classname="runner.TestRunner" time="0.028">
    <system-out><![CDATA[
@LinkedList @TryEditorCreatingLinkedListPositive @LinkedListTC_008
Scenario Outline: validate the Try editor for positive input from Creating Linked list page # src/test/resources/features/LinkedList.feature:59
]]></system-out>
  </testcase>
  <testcase name="runScenario[&quot;Validating the signout of the user account&quot;, &quot;DsAlgo Homepage Functionality&quot;](59)" classname="runner.TestRunner" time="0.767">
    <system-out><![CDATA[
@LinkedList @TryEditorCreatingLinkedListNegative @LinkedListTC_009
Scenario Outline: validate the Try editor for negative input from Creating Linked list page    # src/test/resources/features/LinkedList.feature:75
  When The User enters the valid username and password "LoginCredentials"     # stepdefinitions.LoginStep.the_user_enters_the_valid_username_and_password(java.lang.String)
[INFO ] 2024-10-21 00:38:48.837 [TestNG-PoolService-9] LoggerLoad - The user is on the Login page.
  Given The User is on the login page                                                          # stepdefinitions.LoginStep.the_user_is_on_the_login_page()
  When The user click the sign out in home page                           # stepdefinitions.HomeStep.The_user_click_the_sign_out_in_home_page()
[INFO ] 2024-10-21 00:38:48.992 [TestNG-PoolService-4] LoggerLoad - The User can succefully loggedout of the application Logged out successfully
  Then The user should logged out of the user account                     # stepdefinitions.HomeStep.The_user_should_logged_out_of_the_user_account()
]]></system-out>
  </testcase>
  <testcase name="runScenario[&quot;validate the Introduction page&quot;, &quot;DS Portal Linked List Page Functionality&quot;](60)" classname="runner.TestRunner" time="5.638">
    <system-out><![CDATA[
@LinkedList @TryEditorCreatingLinkedListNegative @LinkedListTC_009
Scenario Outline: validate the Try editor for negative input from Creating Linked list page # src/test/resources/features/LinkedList.feature:76
  Given the user is in linked list page                                       # stepdefinitions.LinkedListStep.the_user_is_in_linked_list_page()
The Expected results are :You are logged in
[INFO ] 2024-10-21 00:38:49.416 [TestNG-PoolService-9] LoggerLoad - User Enter Login credential with username as " DreamTeam" and password as" Dre@mTe@m123" 
  When The User enters the valid username and password "LoginCredentials"      # stepdefinitions.LoginStep.the_user_enters_the_valid_username_and_password(java.lang.String)
  When The User enters the valid username and password "LoginCredentials" # stepdefinitions.LoginStep.the_user_enters_the_valid_username_and_password(java.lang.String)
  When the user clicks the Introduction link under the topics covered section # stepdefinitions.LinkedListStep.the_user_clicks_the_introduction_link_under_the_topics_covered_section()
  Then the user views the Introduction page                                   # stepdefinitions.LinkedListStep.the_user_views_the_introduction_page()
  When The User enters the valid username and password "LoginCredentials"                      # stepdefinitions.LoginStep.the_user_enters_the_valid_username_and_password(java.lang.String)
  Given the User is on the Introduction page                              # stepdefinitions.LinkedListStep.the_user_is_on_the_introduction_page()
[INFO ] 2024-10-21 00:38:53.922 [TestNG-PoolService-8] LoggerLoad - The user is on the Login page.
  Given The User is on the login page                                                  # stepdefinitions.LoginStep.the_user_is_on_the_login_page()
The Expected results are :You are logged in
[INFO ] 2024-10-21 00:38:54.621 [TestNG-PoolService-8] LoggerLoad - User Enter Login credential with username as " DreamTeam" and password as" Dre@mTe@m123" 
[INFO ] 2024-10-21 00:38:54.764 [TestNG-PoolService-2] LoggerLoad - The user is on the Login page.
  Given The User is on the login page                                             # stepdefinitions.LoginStep.the_user_is_on_the_login_page()
  Given the User is on the Try Editor page through the introduction page       # stepdefinitions.LinkedListStep.the_user_is_on_the_try_editor_page_through_the_introduction_page()
]]></system-out>
    <system-err><![CDATA[Oct 21, 2024 12:38:50 AM org.openqa.selenium.devtools.CdpVersionFinder findNearestMatch
WARNING: Unable to find an exact match for CDP version 129, returning the closest version; found: 128; Please update to a Selenium version that supports CDP version 129
Oct 21, 2024 12:38:50 AM org.openqa.selenium.devtools.CdpVersionFinder findNearestMatch
WARNING: Unable to find an exact match for CDP version 129, returning the closest version; found: 128; Please update to a Selenium version that supports CDP version 129
Oct 21, 2024 12:38:53 AM org.openqa.selenium.devtools.CdpVersionFinder findNearestMatch
WARNING: Unable to find an exact match for CDP version 129, returning the closest version; found: 128; Please update to a Selenium version that supports CDP version 129
Oct 21, 2024 12:38:54 AM org.openqa.selenium.devtools.CdpVersionFinder findNearestMatch
WARNING: Unable to find an exact match for CDP version 129, returning the closest version; found: 128; Please update to a Selenium version that supports CDP version 129
]]></system-err>
  </testcase>
  <testcase name="runScenario[&quot;validate the Try here page from Introduction page&quot;, &quot;DS Portal Linked List Page Functionality&quot;](61)" classname="runner.TestRunner" time="4.82">
    <system-out><![CDATA[
@LinkedList @TypesOfLinkedList @LinkedListTC_010
Scenario: validate the Types of linked list page                                  # src/test/resources/features/LinkedList.feature:79
  When the User clicks the Try here in Introduction Page                  # stepdefinitions.LinkedListStep.the_user_clicks_the_try_here_in_introduction_page()
  Then the User should get navigated to the Try Editor Page               # stepdefinitions.CommonStepDefinitions.the_user_should_get_navigated_to_the_try_editor_page()
The Expected results are :You are logged in
[INFO ] 2024-10-21 00:38:55.494 [TestNG-PoolService-2] LoggerLoad - User Enter Login credential with username as " DreamTeam" and password as" Dre@mTe@m123" 
  Given the User is on the Try Editor page through the introduction page                       # stepdefinitions.LinkedListStep.the_user_is_on_the_try_editor_page_through_the_introduction_page()
print hello
  When The User enters the valid username and password "LoginCredentials"              # stepdefinitions.LoginStep.the_user_enters_the_valid_username_and_password(java.lang.String)
[INFO ] 2024-10-21 00:38:57.088 [TestNG-PoolService-7] LoggerLoad - The user is on the Login page.
  Given The User is on the login page                                     # stepdefinitions.LoginStep.the_user_is_on_the_login_page()
  When The User enters the valid username and password "LoginCredentials"         # stepdefinitions.LoginStep.the_user_enters_the_valid_username_and_password(java.lang.String)
  When the User enters a sample code as "print hello" in the Editor section and click Run      # stepdefinitions.CommonStepDefinitions.the_user_enters_a_sample_code_as_in_the_editor_section_and_click_run(java.lang.String)
[INFO ] 2024-10-21 00:38:57.601 [TestNG-PoolService-9] LoggerLoad - actual error NameError: name 'hello' is not defined on line 1
  Then the User should get the "NameError: name 'hello' is not defined on line 1" in the alert # stepdefinitions.CommonStepDefinitions.the_user_should_get_the_in_the_alert(java.lang.String)
The Expected results are :You are logged in
[INFO ] 2024-10-21 00:38:57.821 [TestNG-PoolService-7] LoggerLoad - User Enter Login credential with username as " DreamTeam" and password as" Dre@mTe@m123" 
[INFO ] 2024-10-21 00:38:58.453 [TestNG-PoolService-1] LoggerLoad - The user is on the Login page.
  Given The User is on the login page                                                          # stepdefinitions.LoginStep.the_user_is_on_the_login_page()
  Given the user is in linked list page                                           # stepdefinitions.LinkedListStep.the_user_is_in_linked_list_page()
[INFO ] 2024-10-21 00:38:58.825 [TestNG-PoolService-6] LoggerLoad - The user is on the Login page.
  Given The User is on the login page                                                       # stepdefinitions.LoginStep.the_user_is_on_the_login_page()
The Expected results are :You are logged in
[INFO ] 2024-10-21 00:38:59.020 [TestNG-PoolService-1] LoggerLoad - User Enter Login credential with username as " DreamTeam" and password as" Dre@mTe@m123" 
  When The User enters the valid username and password "LoginCredentials" # stepdefinitions.LoginStep.the_user_enters_the_valid_username_and_password(java.lang.String)
  When user clicks the creating linked list link under the topics covered section # stepdefinitions.LinkedListStep.user_clicks_the_creating_linked_list_link_under_the_topics_covered_section()
  Then user views the creating linked list page                                   # stepdefinitions.LinkedListStep.user_views_the_creating_linked_list_page()
The Expected results are :You are logged in
[INFO ] 2024-10-21 00:38:59.455 [TestNG-PoolService-6] LoggerLoad - User Enter Login credential with username as " DreamTeam" and password as" Dre@mTe@m123" 
[INFO ] 2024-10-21 00:38:59.463 [TestNG-PoolService-4] LoggerLoad - The user is on the Login page.
  Given The User is on the login page                                                       # stepdefinitions.LoginStep.the_user_is_on_the_login_page()
  When the User enters the following code in the Editor section and clicks Run # stepdefinitions.CommonStepDefinitions.the_User_enters_the_following_code_in_the_Editor_section_and_clicks_Run(io.cucumber.datatable.DataTable)
    | code           | output |
    | print("Hello") | Hello  |
    | print(1234)    | 1234   |
[INFO ] 2024-10-21 00:38:59.533 [TestNG-PoolService-5] LoggerLoad - Actual Output: Hello Expected Output: Hello
[INFO ] 2024-10-21 00:38:59.533 [TestNG-PoolService-5] LoggerLoad - Actual Output: 1234 Expected Output: 1234
  Then the User should get the correct output on the screen                    # stepdefinitions.CommonStepDefinitions.the_User_should_get_the_correct_output_on_the_screen()
]]></system-out>
    <system-err><![CDATA[Oct 21, 2024 12:38:55 AM org.openqa.selenium.devtools.CdpVersionFinder findNearestMatch
WARNING: Unable to find an exact match for CDP version 129, returning the closest version; found: 128; Please update to a Selenium version that supports CDP version 129
Oct 21, 2024 12:38:56 AM org.openqa.selenium.devtools.CdpVersionFinder findNearestMatch
WARNING: Unable to find an exact match for CDP version 129, returning the closest version; found: 128; Please update to a Selenium version that supports CDP version 129
]]></system-err>
  </testcase>
  <testcase name="runScenario[&quot;validate the Try editor for negative input from Introduction page&quot;, &quot;DS Portal Linked List Page Functionality&quot;](62)" classname="runner.TestRunner" time="0.849">
    <system-out><![CDATA[
@LinkedList @TryHereTypesOfLinkedList @LinkedListTC_011
Scenario: validate the Try here page from Types of Linked List page       # src/test/resources/features/LinkedList.feature:85
  When The User enters the valid username and password "LoginCredentials"                      # stepdefinitions.LoginStep.the_user_enters_the_valid_username_and_password(java.lang.String)
The Expected results are :You are logged in
[INFO ] 2024-10-21 00:39:00.066 [TestNG-PoolService-4] LoggerLoad - User Enter Login credential with username as " DreamTeam" and password as" Dre@mTe@m123" 
  When The User enters the valid username and password "LoginCredentials"                   # stepdefinitions.LoginStep.the_user_enters_the_valid_username_and_password(java.lang.String)
  Given the User is on the Creating Linked list page                      # stepdefinitions.LinkedListStep.the_user_is_on_the_creating_linked_list_page()
]]></system-out>
  </testcase>
  <testcase name="runScenario[&quot;validate the Creating linked list page&quot;, &quot;DS Portal Linked List Page Functionality&quot;](63)" classname="runner.TestRunner" time="0.06">
    <system-out><![CDATA[
@LinkedList @TryEditorTypesOfLinkedListPositive @LinkedListTC_012
Scenario Outline: validate the Try editor for positive input from Types of Linked List page # src/test/resources/features/LinkedList.feature:91
]]></system-out>
  </testcase>
  <testcase name="runScenario[&quot;Validate the Try editor for positive input from Introduction page&quot;, &quot;DS Portal Linked List Page Functionality&quot;](64)" classname="runner.TestRunner" time="0.142">
    <system-out><![CDATA[
@LinkedList @TryEditorTypesOfLinkedListNegative @LinkedListTC_013
Scenario Outline: validate the Try editor for negative input from Types of Linked List page    # src/test/resources/features/LinkedList.feature:107
]]></system-out>
  </testcase>
  <testcase name="runScenario[&quot;validate the Try editor for negative input from Introduction page&quot;, &quot;DS Portal Linked List Page Functionality&quot;](65)" classname="runner.TestRunner" time="4.797">
    <system-out><![CDATA[
@LinkedList @TryEditorTypesOfLinkedListNegative @LinkedListTC_013
Scenario Outline: validate the Try editor for negative input from Types of Linked List page # src/test/resources/features/LinkedList.feature:108
  Given the User is on the Try Editor page through the introduction page               # stepdefinitions.LinkedListStep.the_user_is_on_the_try_editor_page_through_the_introduction_page()
aer234@$
  When The User enters the valid username and password "LoginCredentials"                   # stepdefinitions.LoginStep.the_user_enters_the_valid_username_and_password(java.lang.String)
  When the User enters a sample code as "aer234@$" in the Editor section and click Run # stepdefinitions.CommonStepDefinitions.the_user_enters_a_sample_code_as_in_the_editor_section_and_click_run(java.lang.String)
[INFO ] 2024-10-21 00:39:02.261 [TestNG-PoolService-8] LoggerLoad - actual error SyntaxError: bad token T_OP on line 1
  Then the User should get the "SyntaxError: bad token T_OP on line 1" in the alert    # stepdefinitions.CommonStepDefinitions.the_user_should_get_the_in_the_alert(java.lang.String)
  When the User clicks the Try here in Creating Linked list Page          # stepdefinitions.LinkedListStep.the_user_clicks_the_try_here_in_creating_linked_list_page()
  Then the User should get navigated to the Try Editor Page               # stepdefinitions.CommonStepDefinitions.the_user_should_get_navigated_to_the_try_editor_page()
  Given the User is on the Try Editor page through the creating linked list page               # stepdefinitions.LinkedListStep.the_user_is_on_the_try_editor_page_through_the_creating_linked_list_page()
print hello
  Given the User is on the Try Editor page through the creating linked list page            # stepdefinitions.LinkedListStep.the_user_is_on_the_try_editor_page_through_the_creating_linked_list_page()
aer234@$
[INFO ] 2024-10-21 00:39:05.382 [TestNG-PoolService-3] LoggerLoad - The user is on the Login page.
  Given The User is on the login page                                             # stepdefinitions.LoginStep.the_user_is_on_the_login_page()
  Given the User is on the Try Editor page through the creating linked list page            # stepdefinitions.LinkedListStep.the_user_is_on_the_try_editor_page_through_the_creating_linked_list_page()
]]></system-out>
    <system-err><![CDATA[Oct 21, 2024 12:39:01 AM org.openqa.selenium.devtools.CdpVersionFinder findNearestMatch
WARNING: Unable to find an exact match for CDP version 129, returning the closest version; found: 128; Please update to a Selenium version that supports CDP version 129
Oct 21, 2024 12:39:05 AM org.openqa.selenium.devtools.CdpVersionFinder findNearestMatch
WARNING: Unable to find an exact match for CDP version 129, returning the closest version; found: 128; Please update to a Selenium version that supports CDP version 129
]]></system-err>
  </testcase>
  <testcase name="runScenario[&quot;validate the Try here page from Creating Linked list page&quot;, &quot;DS Portal Linked List Page Functionality&quot;](66)" classname="runner.TestRunner" time="1.103">
    <system-out><![CDATA[
@LinkedList @ImplementLinkedList @LinkedListTC_014
Scenario: validate the implement linked list in python page                                   # src/test/resources/features/LinkedList.feature:111
  When the User enters a sample code as "print hello" in the Editor section and click Run      # stepdefinitions.CommonStepDefinitions.the_user_enters_a_sample_code_as_in_the_editor_section_and_click_run(java.lang.String)
[INFO ] 2024-10-21 00:39:05.792 [TestNG-PoolService-1] LoggerLoad - actual error NameError: name 'hello' is not defined on line 1
  Then the User should get the "NameError: name 'hello' is not defined on line 1" in the alert # stepdefinitions.CommonStepDefinitions.the_user_should_get_the_in_the_alert(java.lang.String)
The Expected results are :You are logged in
[INFO ] 2024-10-21 00:39:06.323 [TestNG-PoolService-3] LoggerLoad - User Enter Login credential with username as " DreamTeam" and password as" Dre@mTe@m123" 
]]></system-out>
    <system-err><![CDATA[Oct 21, 2024 12:39:06 AM org.openqa.selenium.devtools.CdpVersionFinder findNearestMatch
WARNING: Unable to find an exact match for CDP version 129, returning the closest version; found: 128; Please update to a Selenium version that supports CDP version 129
]]></system-err>
  </testcase>
  <testcase name="runScenario[&quot;validate the Try editor for positive input from Creating Linked list page&quot;, &quot;DS Portal Linked List Page Functionality&quot;](67)" classname="runner.TestRunner" time="5.607">
    <system-out><![CDATA[
@LinkedList @TryHereImplementLinkedList @LinkedListTC_015
Scenario: validate the Try here page from Implement Linked List in python page # src/test/resources/features/LinkedList.feature:117
  When The User enters the valid username and password "LoginCredentials"         # stepdefinitions.LoginStep.the_user_enters_the_valid_username_and_password(java.lang.String)
  When the User enters a sample code as "aer234@$" in the Editor section and click Run      # stepdefinitions.CommonStepDefinitions.the_user_enters_a_sample_code_as_in_the_editor_section_and_click_run(java.lang.String)
[INFO ] 2024-10-21 00:39:07.915 [TestNG-PoolService-4] LoggerLoad - actual error SyntaxError: bad token T_OP on line 1
  Then the User should get the "SyntaxError: bad token T_OP on line 1" in the alert         # stepdefinitions.CommonStepDefinitions.the_user_should_get_the_in_the_alert(java.lang.String)
  When the User enters the following code in the Editor section and clicks Run              # stepdefinitions.CommonStepDefinitions.the_User_enters_the_following_code_in_the_Editor_section_and_clicks_Run(io.cucumber.datatable.DataTable)
    | code           | output |
    | print("Hello") | Hello  |
    | print(1234)    | 1234   |
[INFO ] 2024-10-21 00:39:08.549 [TestNG-PoolService-6] LoggerLoad - Actual Output: Hello Expected Output: Hello
[INFO ] 2024-10-21 00:39:08.549 [TestNG-PoolService-6] LoggerLoad - Actual Output: 1234 Expected Output: 1234
  Then the User should get the correct output on the screen                                 # stepdefinitions.CommonStepDefinitions.the_User_should_get_the_correct_output_on_the_screen()
  Given the user is in linked list page                                           # stepdefinitions.LinkedListStep.the_user_is_in_linked_list_page()
[INFO ] 2024-10-21 00:39:09.604 [TestNG-PoolService-10] LoggerLoad - The user is on the Login page.
  Given The User is on the login page                                     # stepdefinitions.LoginStep.the_user_is_on_the_login_page()
  When user clicks the Types of linked list link under the topics covered section # stepdefinitions.LinkedListStep.user_clicks_the_types_of_linked_list_link_under_the_topics_covered_section()
[INFO ] 2024-10-21 00:39:10.079 [TestNG-PoolService-5] LoggerLoad - The user is on the Login page.
  Given The User is on the login page                                                       # stepdefinitions.LoginStep.the_user_is_on_the_login_page()
  Then user views the types of linked list page                                   # stepdefinitions.LinkedListStep.user_views_the_types_of_linked_list_page()
[INFO ] 2024-10-21 00:39:10.213 [TestNG-PoolService-9] LoggerLoad - The user is on the Login page.
  Given The User is on the login page                                                       # stepdefinitions.LoginStep.the_user_is_on_the_login_page()
The Expected results are :You are logged in
[INFO ] 2024-10-21 00:39:10.297 [TestNG-PoolService-10] LoggerLoad - User Enter Login credential with username as " DreamTeam" and password as" Dre@mTe@m123" 
[INFO ] 2024-10-21 00:39:10.308 [TestNG-PoolService-2] LoggerLoad - The user is on the Login page.
  Given The User is on the login page                                                          # stepdefinitions.LoginStep.the_user_is_on_the_login_page()
The Expected results are :You are logged in
[INFO ] 2024-10-21 00:39:10.554 [TestNG-PoolService-5] LoggerLoad - User Enter Login credential with username as " DreamTeam" and password as" Dre@mTe@m123" 
The Expected results are :You are logged in
[INFO ] 2024-10-21 00:39:10.766 [TestNG-PoolService-2] LoggerLoad - User Enter Login credential with username as " DreamTeam" and password as" Dre@mTe@m123" 
The Expected results are :You are logged in
[INFO ] 2024-10-21 00:39:10.795 [TestNG-PoolService-9] LoggerLoad - User Enter Login credential with username as " DreamTeam" and password as" Dre@mTe@m123" 
  When The User enters the valid username and password "LoginCredentials" # stepdefinitions.LoginStep.the_user_enters_the_valid_username_and_password(java.lang.String)
  When The User enters the valid username and password "LoginCredentials"                   # stepdefinitions.LoginStep.the_user_enters_the_valid_username_and_password(java.lang.String)
  When The User enters the valid username and password "LoginCredentials"                   # stepdefinitions.LoginStep.the_user_enters_the_valid_username_and_password(java.lang.String)
  When The User enters the valid username and password "LoginCredentials"                      # stepdefinitions.LoginStep.the_user_enters_the_valid_username_and_password(java.lang.String)
]]></system-out>
    <system-err><![CDATA[Oct 21, 2024 12:39:07 AM org.openqa.selenium.devtools.CdpVersionFinder findNearestMatch
WARNING: Unable to find an exact match for CDP version 129, returning the closest version; found: 128; Please update to a Selenium version that supports CDP version 129
Oct 21, 2024 12:39:07 AM org.openqa.selenium.devtools.CdpVersionFinder findNearestMatch
WARNING: Unable to find an exact match for CDP version 129, returning the closest version; found: 128; Please update to a Selenium version that supports CDP version 129
Oct 21, 2024 12:39:11 AM org.openqa.selenium.devtools.CdpVersionFinder findNearestMatch
WARNING: Unable to find an exact match for CDP version 129, returning the closest version; found: 128; Please update to a Selenium version that supports CDP version 129
Oct 21, 2024 12:39:12 AM org.openqa.selenium.devtools.CdpVersionFinder findNearestMatch
WARNING: Unable to find an exact match for CDP version 129, returning the closest version; found: 128; Please update to a Selenium version that supports CDP version 129
]]></system-err>
  </testcase>
  <testcase name="runScenario[&quot;validate the Try editor for negative input from Creating Linked list page&quot;, &quot;DS Portal Linked List Page Functionality&quot;](68)" classname="runner.TestRunner" time="0.005">
    <system-out><![CDATA[
@LinkedList @TryHereImplementLinkedListPositive @LinkedListTC_016
Scenario Outline: validate the Try editor for positive input from Implement linked list in python page # src/test/resources/features/LinkedList.feature:123
]]></system-out>
  </testcase>
  <testcase name="runScenario[&quot;validate the Types of linked list page&quot;, &quot;DS Portal Linked List Page Functionality&quot;](69)" classname="runner.TestRunner" time="0.253">
    <system-out><![CDATA[
@LinkedList @TryHereImplementLinkedListNegative @LinkedListTC_017
Scenario Outline: validate the Try editor for negative input from Implement linked list in python page # src/test/resources/features/LinkedList.feature:139
]]></system-out>
  </testcase>
  <testcase name="runScenario[&quot;validate the Try editor for negative input from Creating Linked list page&quot;, &quot;DS Portal Linked List Page Functionality&quot;](70)" classname="runner.TestRunner" time="0.438">
    <system-out><![CDATA[
@LinkedList @TryHereImplementLinkedListNegative @LinkedListTC_017
Scenario Outline: validate the Try editor for negative input from Implement linked list in python page # src/test/resources/features/LinkedList.feature:140
  Given the User is on the Types of Linked List page                      # stepdefinitions.LinkedListStep.the_user_is_on_the_types_of_linked_list_page()
]]></system-out>
  </testcase>
  <testcase name="runScenario[&quot;validate the Try here page from Types of Linked List page&quot;, &quot;DS Portal Linked List Page Functionality&quot;](71)" classname="runner.TestRunner" time="3.143">
    <system-out><![CDATA[
@LinkedList @Traversal @LinkedListTC_018
Scenario: validate the traversal page                                     # src/test/resources/features/LinkedList.feature:143
[INFO ] 2024-10-21 00:39:14.052 [TestNG-PoolService-8] LoggerLoad - The user is on the Login page.
  Given The User is on the login page                                                         # stepdefinitions.LoginStep.the_user_is_on_the_login_page()
[INFO ] 2024-10-21 00:39:14.547 [TestNG-PoolService-7] LoggerLoad - The user is on the Login page.
  Given The User is on the login page                                          # stepdefinitions.LoginStep.the_user_is_on_the_login_page()
The Expected results are :You are logged in
[INFO ] 2024-10-21 00:39:14.701 [TestNG-PoolService-8] LoggerLoad - User Enter Login credential with username as " DreamTeam" and password as" Dre@mTe@m123" 
  When the User clicks the Try here in Types of Linked List Page          # stepdefinitions.LinkedListStep.the_user_clicks_the_try_here_in_types_of_linked_list_page()
  Then the User should get navigated to the Try Editor Page               # stepdefinitions.CommonStepDefinitions.the_user_should_get_navigated_to_the_try_editor_page()
The Expected results are :You are logged in
[INFO ] 2024-10-21 00:39:15.073 [TestNG-PoolService-7] LoggerLoad - User Enter Login credential with username as " DreamTeam" and password as" Dre@mTe@m123" 
  When The User enters the valid username and password "LoginCredentials"                     # stepdefinitions.LoginStep.the_user_enters_the_valid_username_and_password(java.lang.String)
]]></system-out>
  </testcase>
  <testcase name="runScenario[&quot;validate the Try editor for negative input from Types of Linked List page&quot;, &quot;DS Portal Linked List Page Functionality&quot;](72)" classname="runner.TestRunner" time="4.909">
    <system-out><![CDATA[  Given the User is on the Try Editor page through the types of linkedlist page             # stepdefinitions.LinkedListStep.the_user_is_on_the_try_editor_page_through_the_types_of_linkedlist_page()
aer234@$

@LinkedList @TryHereTraversal @LinkedListTC_019
Scenario: validate the Try here page from Traversal page                  # src/test/resources/features/LinkedList.feature:149
  Given the User is on the Try Editor page through the types of linkedlist page                # stepdefinitions.LinkedListStep.the_user_is_on_the_try_editor_page_through_the_types_of_linkedlist_page()
print hello
  Given the User is on the Try Editor page through the types of linkedlist page             # stepdefinitions.LinkedListStep.the_user_is_on_the_try_editor_page_through_the_types_of_linkedlist_page()
  When the User enters a sample code as "aer234@$" in the Editor section and click Run      # stepdefinitions.CommonStepDefinitions.the_user_enters_a_sample_code_as_in_the_editor_section_and_click_run(java.lang.String)
[INFO ] 2024-10-21 00:39:17.481 [TestNG-PoolService-5] LoggerLoad - actual error SyntaxError: bad token T_OP on line 1
  Then the User should get the "SyntaxError: bad token T_OP on line 1" in the alert         # stepdefinitions.CommonStepDefinitions.the_user_should_get_the_in_the_alert(java.lang.String)
  When The User enters the valid username and password "LoginCredentials"      # stepdefinitions.LoginStep.the_user_enters_the_valid_username_and_password(java.lang.String)
  When the User enters a sample code as "print hello" in the Editor section and click Run      # stepdefinitions.CommonStepDefinitions.the_user_enters_a_sample_code_as_in_the_editor_section_and_click_run(java.lang.String)
[INFO ] 2024-10-21 00:39:17.848 [TestNG-PoolService-2] LoggerLoad - actual error NameError: name 'hello' is not defined on line 1
  Then the User should get the "NameError: name 'hello' is not defined on line 1" in the alert # stepdefinitions.CommonStepDefinitions.the_user_should_get_the_in_the_alert(java.lang.String)
  Given the user is in linked list page                                                       # stepdefinitions.LinkedListStep.the_user_is_in_linked_list_page()
  Given the User is on the Implement linked list in python page                # stepdefinitions.LinkedListStep.the_user_is_on_the_implement_linked_list_in_python_page()
  When user clicks the implement linked list in python  link under the topics covered section # stepdefinitions.LinkedListStep.user_clicks_the_implement_linked_list_in_python_link_under_the_topics_covered_section()
  Then user views the implement linked list in python  page                                   # stepdefinitions.LinkedListStep.user_views_the_implement_linked_list_in_python_page()
[INFO ] 2024-10-21 00:39:20.634 [TestNG-PoolService-3] LoggerLoad - The user is on the Login page.
  Given The User is on the login page                                                                  # stepdefinitions.LoginStep.the_user_is_on_the_login_page()
[INFO ] 2024-10-21 00:39:21.128 [TestNG-PoolService-1] LoggerLoad - The user is on the Login page.
  Given The User is on the login page                                                                  # stepdefinitions.LoginStep.the_user_is_on_the_login_page()
[INFO ] 2024-10-21 00:39:21.131 [TestNG-PoolService-6] LoggerLoad - The user is on the Login page.
  Given The User is on the login page                                                                  # stepdefinitions.LoginStep.the_user_is_on_the_login_page()
]]></system-out>
    <system-err><![CDATA[Oct 21, 2024 12:39:16 AM org.openqa.selenium.devtools.CdpVersionFinder findNearestMatch
WARNING: Unable to find an exact match for CDP version 129, returning the closest version; found: 128; Please update to a Selenium version that supports CDP version 129
Oct 21, 2024 12:39:17 AM org.openqa.selenium.devtools.CdpVersionFinder findNearestMatch
WARNING: Unable to find an exact match for CDP version 129, returning the closest version; found: 128; Please update to a Selenium version that supports CDP version 129
Oct 21, 2024 12:39:17 AM org.openqa.selenium.devtools.CdpVersionFinder findNearestMatch
WARNING: Unable to find an exact match for CDP version 129, returning the closest version; found: 128; Please update to a Selenium version that supports CDP version 129
Oct 21, 2024 12:39:19 AM org.openqa.selenium.devtools.CdpVersionFinder findNearestMatch
WARNING: Unable to find an exact match for CDP version 129, returning the closest version; found: 128; Please update to a Selenium version that supports CDP version 129
]]></system-err>
  </testcase>
  <testcase name="runScenario[&quot;validate the implement linked list in python page&quot;, &quot;DS Portal Linked List Page Functionality&quot;](73)" classname="runner.TestRunner" time="1.422">
    <system-out><![CDATA[
@LinkedList @TryEditorTraversalPositive @LinkedListTC_020
Scenario Outline: validate the Try editor for positive input from Traversal page # src/test/resources/features/LinkedList.feature:155
The Expected results are :You are logged in
[INFO ] 2024-10-21 00:39:21.453 [TestNG-PoolService-3] LoggerLoad - User Enter Login credential with username as " DreamTeam" and password as" Dre@mTe@m123" 
  When the User enters the following code in the Editor section and clicks Run              # stepdefinitions.CommonStepDefinitions.the_User_enters_the_following_code_in_the_Editor_section_and_clicks_Run(io.cucumber.datatable.DataTable)
    | code           | output |
    | print("Hello") | Hello  |
    | print(1234)    | 1234   |
[INFO ] 2024-10-21 00:39:21.535 [TestNG-PoolService-9] LoggerLoad - Actual Output: Hello Expected Output: Hello
[INFO ] 2024-10-21 00:39:21.536 [TestNG-PoolService-9] LoggerLoad - Actual Output: 1234 Expected Output: 1234
  Then the User should get the correct output on the screen                                 # stepdefinitions.CommonStepDefinitions.the_User_should_get_the_correct_output_on_the_screen()
[INFO ] 2024-10-21 00:39:21.597 [TestNG-PoolService-4] LoggerLoad - The user is on the Login page.
  Given The User is on the login page                                     # stepdefinitions.LoginStep.the_user_is_on_the_login_page()
The Expected results are :You are logged in
[INFO ] 2024-10-21 00:39:21.642 [TestNG-PoolService-1] LoggerLoad - User Enter Login credential with username as " DreamTeam" and password as" Dre@mTe@m123" 
The Expected results are :You are logged in
[INFO ] 2024-10-21 00:39:21.656 [TestNG-PoolService-6] LoggerLoad - User Enter Login credential with username as " DreamTeam" and password as" Dre@mTe@m123" 
The Expected results are :You are logged in
[INFO ] 2024-10-21 00:39:22.230 [TestNG-PoolService-4] LoggerLoad - User Enter Login credential with username as " DreamTeam" and password as" Dre@mTe@m123" 
  When The User enters the valid username and password "LoginCredentials"                              # stepdefinitions.LoginStep.the_user_enters_the_valid_username_and_password(java.lang.String)
]]></system-out>
  </testcase>
  <testcase name="runScenario[&quot;validate the Try editor for positive input from Types of Linked List page&quot;, &quot;DS Portal Linked List Page Functionality&quot;](74)" classname="runner.TestRunner" time="0.137">
    <system-out><![CDATA[
@LinkedList @TryEditorTraversalNegative @LinkedListTC_021
Scenario Outline: validate the Try editor for negative input from Traversal page               # src/test/resources/features/LinkedList.feature:171
  When the User clicks the Try here in Implement linked list in python Page    # stepdefinitions.LinkedListStep.the_user_clicks_the_try_here_in_implement_linked_list_in_python_page()
  Then the User should get navigated to the Try Editor Page                    # stepdefinitions.CommonStepDefinitions.the_user_should_get_navigated_to_the_try_editor_page()
  When The User enters the valid username and password "LoginCredentials"                              # stepdefinitions.LoginStep.the_user_enters_the_valid_username_and_password(java.lang.String)
]]></system-out>
    <system-err><![CDATA[Oct 21, 2024 12:39:22 AM org.openqa.selenium.devtools.CdpVersionFinder findNearestMatch
WARNING: Unable to find an exact match for CDP version 129, returning the closest version; found: 128; Please update to a Selenium version that supports CDP version 129
]]></system-err>
  </testcase>
  <testcase name="runScenario[&quot;validate the Try editor for negative input from Types of Linked List page&quot;, &quot;DS Portal Linked List Page Functionality&quot;](75)" classname="runner.TestRunner" time="0.572">
    <system-out><![CDATA[
@LinkedList @TryEditorTraversalNegative @LinkedListTC_021
Scenario Outline: validate the Try editor for negative input from Traversal page       # src/test/resources/features/LinkedList.feature:172
  When The User enters the valid username and password "LoginCredentials"                              # stepdefinitions.LoginStep.the_user_enters_the_valid_username_and_password(java.lang.String)
]]></system-out>
  </testcase>
  <testcase name="runScenario[&quot;validate the Try here page from Implement Linked List in python page&quot;, &quot;DS Portal Linked List Page Functionality&quot;](76)" classname="runner.TestRunner" time="0.588">
    <system-out><![CDATA[
@LinkedList @Insertion @LinkedListTC_022
Scenario: validate the insertion page                                     # src/test/resources/features/LinkedList.feature:175
  When The User enters the valid username and password "LoginCredentials" # stepdefinitions.LoginStep.the_user_enters_the_valid_username_and_password(java.lang.String)
]]></system-out>
  </testcase>
  <testcase name="runScenario[&quot;validate the traversal page&quot;, &quot;DS Portal Linked List Page Functionality&quot;](77)" classname="runner.TestRunner" time="3.122">
    <system-out><![CDATA[
@LinkedList @TryHereInsertion @LinkedListTC_023
Scenario: validate the Try here page from Insertion page                  # src/test/resources/features/LinkedList.feature:181
  Given the user is in linked list page                                   # stepdefinitions.LinkedListStep.the_user_is_in_linked_list_page()
[INFO ] 2024-10-21 00:39:25.186 [TestNG-PoolService-10] LoggerLoad - The user is on the Login page.
  Given The User is on the login page                                     # stepdefinitions.LoginStep.the_user_is_on_the_login_page()
  When user clicks the traversal link under the topics covered section    # stepdefinitions.LinkedListStep.user_clicks_the_traversal_link_under_the_topics_covered_section()
  Then user views the traversal page                                      # stepdefinitions.LinkedListStep.user_views_the_traversal_page()
The Expected results are :You are logged in
[INFO ] 2024-10-21 00:39:25.961 [TestNG-PoolService-10] LoggerLoad - User Enter Login credential with username as " DreamTeam" and password as" Dre@mTe@m123" 
  Given the User is on the Try Editor page through the implement linked list in python page            # stepdefinitions.LinkedListStep.the_user_is_on_the_try_editor_page_through_the_implement_linked_list_in_python_page()
aer234@$
]]></system-out>
    <system-err><![CDATA[Oct 21, 2024 12:39:26 AM org.openqa.selenium.devtools.CdpVersionFinder findNearestMatch
WARNING: Unable to find an exact match for CDP version 129, returning the closest version; found: 128; Please update to a Selenium version that supports CDP version 129
]]></system-err>
  </testcase>
  <testcase name="runScenario[&quot;validate the Try editor for negative input from Implement linked list in python page&quot;, &quot;DS Portal Linked List Page Functionality&quot;](78)" classname="runner.TestRunner" time="7.46">
    <system-out><![CDATA[
@LinkedList @TryEditorInsertionPositive @LinkedListTC_024
Scenario Outline: validate the Try editor for positive input from Insertion page # src/test/resources/features/LinkedList.feature:187
  Given the User is on the Try Editor page through the implement linked list in python page            # stepdefinitions.LinkedListStep.the_user_is_on_the_try_editor_page_through_the_implement_linked_list_in_python_page()
  When The User enters the valid username and password "LoginCredentials" # stepdefinitions.LoginStep.the_user_enters_the_valid_username_and_password(java.lang.String)
  Given the User is on the Try Editor page through the implement linked list in python page            # stepdefinitions.LinkedListStep.the_user_is_on_the_try_editor_page_through_the_implement_linked_list_in_python_page()
print hello
  When the User enters a sample code as "aer234@$" in the Editor section and click Run                 # stepdefinitions.CommonStepDefinitions.the_user_enters_a_sample_code_as_in_the_editor_section_and_click_run(java.lang.String)
[INFO ] 2024-10-21 00:39:28.664 [TestNG-PoolService-3] LoggerLoad - actual error SyntaxError: bad token T_OP on line 1
  Then the User should get the "SyntaxError: bad token T_OP on line 1" in the alert                    # stepdefinitions.CommonStepDefinitions.the_user_should_get_the_in_the_alert(java.lang.String)
[INFO ] 2024-10-21 00:39:29.344 [TestNG-PoolService-2] LoggerLoad - The user is on the Login page.
  Given The User is on the login page                                            # stepdefinitions.LoginStep.the_user_is_on_the_login_page()
The Expected results are :You are logged in
[INFO ] 2024-10-21 00:39:30.006 [TestNG-PoolService-2] LoggerLoad - User Enter Login credential with username as " DreamTeam" and password as" Dre@mTe@m123" 
  Given the User is on the Traversal page                                 # stepdefinitions.LinkedListStep.the_user_is_on_the_traversal_page()
  When the User enters a sample code as "print hello" in the Editor section and click Run              # stepdefinitions.CommonStepDefinitions.the_user_enters_a_sample_code_as_in_the_editor_section_and_click_run(java.lang.String)
[INFO ] 2024-10-21 00:39:31.073 [TestNG-PoolService-8] LoggerLoad - The user is on the Login page.
  Given The User is on the login page                                                          # stepdefinitions.LoginStep.the_user_is_on_the_login_page()
[INFO ] 2024-10-21 00:39:31.074 [TestNG-PoolService-1] LoggerLoad - actual error NameError: name 'hello' is not defined on line 1
  Then the User should get the "NameError: name 'hello' is not defined on line 1" in the alert         # stepdefinitions.CommonStepDefinitions.the_user_should_get_the_in_the_alert(java.lang.String)
  When The User enters the valid username and password "LoginCredentials"        # stepdefinitions.LoginStep.the_user_enters_the_valid_username_and_password(java.lang.String)
[INFO ] 2024-10-21 00:39:31.850 [TestNG-PoolService-9] LoggerLoad - The user is on the Login page.
  Given The User is on the login page                                                  # stepdefinitions.LoginStep.the_user_is_on_the_login_page()
The Expected results are :You are logged in
[INFO ] 2024-10-21 00:39:31.864 [TestNG-PoolService-8] LoggerLoad - User Enter Login credential with username as " DreamTeam" and password as" Dre@mTe@m123" 
[INFO ] 2024-10-21 00:39:32.238 [TestNG-PoolService-5] LoggerLoad - The user is on the Login page.
  Given The User is on the login page                                     # stepdefinitions.LoginStep.the_user_is_on_the_login_page()
  When the User enters the following code in the Editor section and clicks Run                         # stepdefinitions.CommonStepDefinitions.the_User_enters_the_following_code_in_the_Editor_section_and_clicks_Run(io.cucumber.datatable.DataTable)
    | code           | output |
    | print("Hello") | Hello  |
    | print(1234)    | 1234   |
[INFO ] 2024-10-21 00:39:32.611 [TestNG-PoolService-6] LoggerLoad - Actual Output: Hello Expected Output: Hello
[INFO ] 2024-10-21 00:39:32.611 [TestNG-PoolService-6] LoggerLoad - Actual Output: 1234 Expected Output: 1234
  Then the User should get the correct output on the screen                                            # stepdefinitions.CommonStepDefinitions.the_User_should_get_the_correct_output_on_the_screen()
The Expected results are :You are logged in
[INFO ] 2024-10-21 00:39:32.719 [TestNG-PoolService-9] LoggerLoad - User Enter Login credential with username as " DreamTeam" and password as" Dre@mTe@m123" 
The Expected results are :You are logged in
[INFO ] 2024-10-21 00:39:32.891 [TestNG-PoolService-5] LoggerLoad - User Enter Login credential with username as " DreamTeam" and password as" Dre@mTe@m123" 
[INFO ] 2024-10-21 00:39:32.954 [TestNG-PoolService-7] LoggerLoad - The user is on the Login page.
  Given The User is on the login page                                     # stepdefinitions.LoginStep.the_user_is_on_the_login_page()
  When The User enters the valid username and password "LoginCredentials"                      # stepdefinitions.LoginStep.the_user_enters_the_valid_username_and_password(java.lang.String)
The Expected results are :You are logged in
[INFO ] 2024-10-21 00:39:33.583 [TestNG-PoolService-7] LoggerLoad - User Enter Login credential with username as " DreamTeam" and password as" Dre@mTe@m123" 
  When The User enters the valid username and password "LoginCredentials"              # stepdefinitions.LoginStep.the_user_enters_the_valid_username_and_password(java.lang.String)
  When the User clicks the Try here in Traversal Page                     # stepdefinitions.LinkedListStep.the_user_clicks_the_try_here_in_traversal_page()
  Then the User should get navigated to the Try Editor Page               # stepdefinitions.CommonStepDefinitions.the_user_should_get_navigated_to_the_try_editor_page()
  When The User enters the valid username and password "LoginCredentials" # stepdefinitions.LoginStep.the_user_enters_the_valid_username_and_password(java.lang.String)
]]></system-out>
    <system-err><![CDATA[Oct 21, 2024 12:39:27 AM org.openqa.selenium.devtools.CdpVersionFinder findNearestMatch
WARNING: Unable to find an exact match for CDP version 129, returning the closest version; found: 128; Please update to a Selenium version that supports CDP version 129
Oct 21, 2024 12:39:28 AM org.openqa.selenium.devtools.CdpVersionFinder findNearestMatch
WARNING: Unable to find an exact match for CDP version 129, returning the closest version; found: 128; Please update to a Selenium version that supports CDP version 129
Oct 21, 2024 12:39:29 AM org.openqa.selenium.devtools.CdpVersionFinder findNearestMatch
WARNING: Unable to find an exact match for CDP version 129, returning the closest version; found: 128; Please update to a Selenium version that supports CDP version 129
Oct 21, 2024 12:39:30 AM org.openqa.selenium.devtools.CdpVersionFinder findNearestMatch
WARNING: Unable to find an exact match for CDP version 129, returning the closest version; found: 128; Please update to a Selenium version that supports CDP version 129
Oct 21, 2024 12:39:34 AM org.openqa.selenium.devtools.CdpVersionFinder findNearestMatch
WARNING: Unable to find an exact match for CDP version 129, returning the closest version; found: 128; Please update to a Selenium version that supports CDP version 129
]]></system-err>
  </testcase>
  <testcase name="runScenario[&quot;validate the Try editor for negative input from Implement linked list in python page&quot;, &quot;DS Portal Linked List Page Functionality&quot;](79)" classname="runner.TestRunner" time="0.0"/>
  <testcase name="runScenario[&quot;validate the Try editor for positive input from Implement linked list in python page&quot;, &quot;DS Portal Linked List Page Functionality&quot;](80)" classname="runner.TestRunner" time="0.845">
    <system-out><![CDATA[
@LinkedList @TryEditorInsertionNegative @LinkedListTC_025
Scenario Outline: validate the Try editor for negative input from Insertion page       # src/test/resources/features/LinkedList.feature:204

@LinkedList @TryEditorInsertionNegative @LinkedListTC_025
Scenario Outline: validate the Try editor for negative input from Insertion page               # src/test/resources/features/LinkedList.feature:203
  When The User enters the valid username and password "LoginCredentials" # stepdefinitions.LoginStep.the_user_enters_the_valid_username_and_password(java.lang.String)
]]></system-out>
  </testcase>
  <testcase name="runScenario[&quot;validate the Try here page from Traversal page&quot;, &quot;DS Portal Linked List Page Functionality&quot;](81)" classname="runner.TestRunner" time="0.247">
    <system-out><![CDATA[
@LinkedList @Deletion @LinkedListTC_026
Scenario: validate the deletion page                                      # src/test/resources/features/LinkedList.feature:207
  Given the user is in linked list page                                   # stepdefinitions.LinkedListStep.the_user_is_in_linked_list_page()
]]></system-out>
  </testcase>
  <testcase name="runScenario[&quot;validate the insertion page&quot;, &quot;DS Portal Linked List Page Functionality&quot;](82)" classname="runner.TestRunner" time="1.416">
    <system-out><![CDATA[
@LinkedList @TryHereDeletion @LinkedListTC_027
Scenario: validate the Try here page from Deletion page                   # src/test/resources/features/LinkedList.feature:213
  Given the User is on the Try Editor page through the traversal page            # stepdefinitions.LinkedListStep.the_user_is_on_the_try_editor_page_through_the_traversal_page()
[INFO ] 2024-10-21 00:39:36.353 [TestNG-PoolService-4] LoggerLoad - The user is on the Login page.
  Given The User is on the login page                                            # stepdefinitions.LoginStep.the_user_is_on_the_login_page()
  When user clicks the insertion link under the topics covered section    # stepdefinitions.LinkedListStep.user_clicks_the_insertion_link_under_the_topics_covered_section()
  Then user views the insertion page                                      # stepdefinitions.LinkedListStep.user_views_the_insertion_page()
  Given the User is on the Insertion page                                 # stepdefinitions.LinkedListStep.the_user_is_on_the_insertion_page()
The Expected results are :You are logged in
[INFO ] 2024-10-21 00:39:36.973 [TestNG-PoolService-4] LoggerLoad - User Enter Login credential with username as " DreamTeam" and password as" Dre@mTe@m123" 
]]></system-out>
  </testcase>
  <testcase name="runScenario[&quot;validate the Try editor for positive input from Traversal page&quot;, &quot;DS Portal Linked List Page Functionality&quot;](83)" classname="runner.TestRunner" time="7.062">
    <system-out><![CDATA[
@LinkedList @TryEditorDeletionPositive @LinkedListTC_028
Scenario Outline: validate the Try editor for positive input from Deletion page # src/test/resources/features/LinkedList.feature:219
  Given the User is on the Try Editor page through the traversal page                          # stepdefinitions.LinkedListStep.the_user_is_on_the_try_editor_page_through_the_traversal_page()
print hello
  When The User enters the valid username and password "LoginCredentials"        # stepdefinitions.LoginStep.the_user_enters_the_valid_username_and_password(java.lang.String)
  When the User enters the following code in the Editor section and clicks Run   # stepdefinitions.CommonStepDefinitions.the_User_enters_the_following_code_in_the_Editor_section_and_clicks_Run(io.cucumber.datatable.DataTable)
    | code           | output |
    | print("Hello") | Hello  |
    | print(1234)    | 1234   |
[INFO ] 2024-10-21 00:39:38.273 [TestNG-PoolService-2] LoggerLoad - Actual Output: Hello Expected Output: Hello
[INFO ] 2024-10-21 00:39:38.274 [TestNG-PoolService-2] LoggerLoad - Actual Output: 1234 Expected Output: 1234
  Then the User should get the correct output on the screen                      # stepdefinitions.CommonStepDefinitions.the_User_should_get_the_correct_output_on_the_screen()
  When the User enters a sample code as "print hello" in the Editor section and click Run      # stepdefinitions.CommonStepDefinitions.the_user_enters_a_sample_code_as_in_the_editor_section_and_click_run(java.lang.String)
[INFO ] 2024-10-21 00:39:38.526 [TestNG-PoolService-8] LoggerLoad - actual error NameError: name 'hello' is not defined on line 1
  Then the User should get the "NameError: name 'hello' is not defined on line 1" in the alert # stepdefinitions.CommonStepDefinitions.the_user_should_get_the_in_the_alert(java.lang.String)
  Given the User is on the Try Editor page through the traversal page                  # stepdefinitions.LinkedListStep.the_user_is_on_the_try_editor_page_through_the_traversal_page()
aer234@$
  When the User clicks the Try here in Insertion Page                     # stepdefinitions.LinkedListStep.the_user_clicks_the_try_here_in_insertion_page()
  Then the User should get navigated to the Try Editor Page               # stepdefinitions.CommonStepDefinitions.the_user_should_get_navigated_to_the_try_editor_page()
  When the User enters a sample code as "aer234@$" in the Editor section and click Run # stepdefinitions.CommonStepDefinitions.the_user_enters_a_sample_code_as_in_the_editor_section_and_click_run(java.lang.String)
[INFO ] 2024-10-21 00:39:41.306 [TestNG-PoolService-9] LoggerLoad - actual error SyntaxError: bad token T_OP on line 1
  Then the User should get the "SyntaxError: bad token T_OP on line 1" in the alert    # stepdefinitions.CommonStepDefinitions.the_user_should_get_the_in_the_alert(java.lang.String)
[INFO ] 2024-10-21 00:39:42.887 [TestNG-PoolService-1] LoggerLoad - The user is on the Login page.
  Given The User is on the login page                                                          # stepdefinitions.LoginStep.the_user_is_on_the_login_page()
[INFO ] 2024-10-21 00:39:42.923 [TestNG-PoolService-3] LoggerLoad - The user is on the Login page.
  Given The User is on the login page                                                  # stepdefinitions.LoginStep.the_user_is_on_the_login_page()
  Given the User is on the Try Editor page through the insertion page            # stepdefinitions.LinkedListStep.the_user_is_on_the_try_editor_page_through_the_insertion_page()
The Expected results are :You are logged in
[INFO ] 2024-10-21 00:39:43.504 [TestNG-PoolService-1] LoggerLoad - User Enter Login credential with username as " DreamTeam" and password as" Dre@mTe@m123" 
The Expected results are :You are logged in
[INFO ] 2024-10-21 00:39:43.746 [TestNG-PoolService-3] LoggerLoad - User Enter Login credential with username as " DreamTeam" and password as" Dre@mTe@m123" 
[INFO ] 2024-10-21 00:39:44.052 [TestNG-PoolService-10] LoggerLoad - The user is on the Login page.
  Given The User is on the login page                                     # stepdefinitions.LoginStep.the_user_is_on_the_login_page()
[INFO ] 2024-10-21 00:39:44.115 [TestNG-PoolService-6] LoggerLoad - The user is on the Login page.
  Given The User is on the login page                                     # stepdefinitions.LoginStep.the_user_is_on_the_login_page()
]]></system-out>
    <system-err><![CDATA[Oct 21, 2024 12:39:39 AM org.openqa.selenium.devtools.CdpVersionFinder findNearestMatch
WARNING: Unable to find an exact match for CDP version 129, returning the closest version; found: 128; Please update to a Selenium version that supports CDP version 129
Oct 21, 2024 12:39:39 AM org.openqa.selenium.devtools.CdpVersionFinder findNearestMatch
WARNING: Unable to find an exact match for CDP version 129, returning the closest version; found: 128; Please update to a Selenium version that supports CDP version 129
Oct 21, 2024 12:39:41 AM org.openqa.selenium.devtools.CdpVersionFinder findNearestMatch
WARNING: Unable to find an exact match for CDP version 129, returning the closest version; found: 128; Please update to a Selenium version that supports CDP version 129
Oct 21, 2024 12:39:41 AM org.openqa.selenium.devtools.CdpVersionFinder findNearestMatch
WARNING: Unable to find an exact match for CDP version 129, returning the closest version; found: 128; Please update to a Selenium version that supports CDP version 129
Oct 21, 2024 12:39:43 AM org.openqa.selenium.devtools.CdpVersionFinder findNearestMatch
WARNING: Unable to find an exact match for CDP version 129, returning the closest version; found: 128; Please update to a Selenium version that supports CDP version 129
]]></system-err>
  </testcase>
  <testcase name="runScenario[&quot;validate the Try editor for negative input from Traversal page&quot;, &quot;DS Portal Linked List Page Functionality&quot;](84)" classname="runner.TestRunner" time="0.0"/>
  <testcase name="runScenario[&quot;validate the Try here page from Insertion page&quot;, &quot;DS Portal Linked List Page Functionality&quot;](85)" classname="runner.TestRunner" time="0.003"/>
  <testcase name="runScenario[&quot;validate the Try editor for negative input from Traversal page&quot;, &quot;DS Portal Linked List Page Functionality&quot;](86)" classname="runner.TestRunner" time="0.065">
    <system-out><![CDATA[
@LinkedList @TryEditorDeletionNegative @LinkedListTC_029
Scenario Outline: validate the Try editor for negative input from Deletion page                # src/test/resources/features/LinkedList.feature:235

@LinkedList @TryEditorDeletionNegative @LinkedListTC_029
Scenario Outline: validate the Try editor for negative input from Deletion page        # src/test/resources/features/LinkedList.feature:236

@LinkedList @PracticeIntroduction @LinkedListTC_030
Scenario: validate the Linked list practice questions page from Introduction page # src/test/resources/features/LinkedList.feature:239
]]></system-out>
  </testcase>
  <testcase name="runScenario[&quot;validate the Try editor for positive input from Insertion page&quot;, &quot;DS Portal Linked List Page Functionality&quot;](87)" classname="runner.TestRunner" time="0.928">
    <system-out><![CDATA[
@LinkedList @PracticeCreatingList @LinkedListTC_031
Scenario: validate the Linked list practice questions page from Introduction page # src/test/resources/features/LinkedList.feature:245
The Expected results are :You are logged in
[INFO ] 2024-10-21 00:39:44.582 [TestNG-PoolService-10] LoggerLoad - User Enter Login credential with username as " DreamTeam" and password as" Dre@mTe@m123" 
The Expected results are :You are logged in
[INFO ] 2024-10-21 00:39:44.593 [TestNG-PoolService-6] LoggerLoad - User Enter Login credential with username as " DreamTeam" and password as" Dre@mTe@m123" 
  When The User enters the valid username and password "LoginCredentials"                      # stepdefinitions.LoginStep.the_user_enters_the_valid_username_and_password(java.lang.String)
  When The User enters the valid username and password "LoginCredentials"              # stepdefinitions.LoginStep.the_user_enters_the_valid_username_and_password(java.lang.String)
  When the User enters the following code in the Editor section and clicks Run   # stepdefinitions.CommonStepDefinitions.the_User_enters_the_following_code_in_the_Editor_section_and_clicks_Run(io.cucumber.datatable.DataTable)
    | code           | output |
    | print("Hello") | Hello  |
    | print(1234)    | 1234   |
[INFO ] 2024-10-21 00:39:45.040 [TestNG-PoolService-4] LoggerLoad - Actual Output: Hello Expected Output: Hello
[INFO ] 2024-10-21 00:39:45.040 [TestNG-PoolService-4] LoggerLoad - Actual Output: 1234 Expected Output: 1234
  Then the User should get the correct output on the screen                      # stepdefinitions.CommonStepDefinitions.the_User_should_get_the_correct_output_on_the_screen()
]]></system-out>
  </testcase>
  <testcase name="runScenario[&quot;validate the Try editor for negative input from Insertion page&quot;, &quot;DS Portal Linked List Page Functionality&quot;](88)" classname="runner.TestRunner" time="8.621">
    <system-out><![CDATA[
@LinkedList @PracticeImplementList @LinkedListTC_032
Scenario: validate the Linked list practice questions page from Introduction page # src/test/resources/features/LinkedList.feature:251
  When The User enters the valid username and password "LoginCredentials" # stepdefinitions.LoginStep.the_user_enters_the_valid_username_and_password(java.lang.String)
  When The User enters the valid username and password "LoginCredentials" # stepdefinitions.LoginStep.the_user_enters_the_valid_username_and_password(java.lang.String)
[INFO ] 2024-10-21 00:39:45.847 [TestNG-PoolService-5] LoggerLoad - The user is on the Login page.
  Given The User is on the login page                                           # stepdefinitions.LoginStep.the_user_is_on_the_login_page()
The Expected results are :You are logged in
[INFO ] 2024-10-21 00:39:46.396 [TestNG-PoolService-5] LoggerLoad - User Enter Login credential with username as " DreamTeam" and password as" Dre@mTe@m123" 
  Given the user is in linked list page                                   # stepdefinitions.LinkedListStep.the_user_is_in_linked_list_page()
  Given the User is on the Deletion page                                  # stepdefinitions.LinkedListStep.the_user_is_on_the_deletion_page()
  When user clicks the deletion link under the topics covered section     # stepdefinitions.LinkedListStep.user_clicks_the_deletion_link_under_the_topics_covered_section()
  Then user views the deletion page                                       # stepdefinitions.LinkedListStep.user_views_the_deletion_page()
  When The User enters the valid username and password "LoginCredentials"       # stepdefinitions.LoginStep.the_user_enters_the_valid_username_and_password(java.lang.String)
  When the User clicks the Try here in Deletion Page                      # stepdefinitions.LinkedListStep.the_user_clicks_the_try_here_in_deletion_page()
  Then the User should get navigated to the Try Editor Page               # stepdefinitions.CommonStepDefinitions.the_user_should_get_navigated_to_the_try_editor_page()
  Given the User is on the Try Editor page through the insertion page                          # stepdefinitions.LinkedListStep.the_user_is_on_the_try_editor_page_through_the_insertion_page()
print hello
  Given the User is on the Try Editor page through the insertion page                  # stepdefinitions.LinkedListStep.the_user_is_on_the_try_editor_page_through_the_insertion_page()
aer234@$
  When the User enters a sample code as "print hello" in the Editor section and click Run      # stepdefinitions.CommonStepDefinitions.the_user_enters_a_sample_code_as_in_the_editor_section_and_click_run(java.lang.String)
[INFO ] 2024-10-21 00:39:51.889 [TestNG-PoolService-1] LoggerLoad - actual error NameError: name 'hello' is not defined on line 1
  Then the User should get the "NameError: name 'hello' is not defined on line 1" in the alert # stepdefinitions.CommonStepDefinitions.the_user_should_get_the_in_the_alert(java.lang.String)
[INFO ] 2024-10-21 00:39:52.566 [TestNG-PoolService-2] LoggerLoad - The user is on the Login page.
  Given The User is on the login page                                                          # stepdefinitions.LoginStep.the_user_is_on_the_login_page()
[INFO ] 2024-10-21 00:39:52.633 [TestNG-PoolService-7] LoggerLoad - The user is on the Login page.
  Given The User is on the login page                                             # stepdefinitions.LoginStep.the_user_is_on_the_login_page()
  When the User enters a sample code as "aer234@$" in the Editor section and click Run # stepdefinitions.CommonStepDefinitions.the_user_enters_a_sample_code_as_in_the_editor_section_and_click_run(java.lang.String)
[INFO ] 2024-10-21 00:39:52.783 [TestNG-PoolService-3] LoggerLoad - actual error SyntaxError: bad token T_OP on line 1
  Then the User should get the "SyntaxError: bad token T_OP on line 1" in the alert    # stepdefinitions.CommonStepDefinitions.the_user_should_get_the_in_the_alert(java.lang.String)
The Expected results are :You are logged in
[INFO ] 2024-10-21 00:39:53.178 [TestNG-PoolService-7] LoggerLoad - User Enter Login credential with username as " DreamTeam" and password as" Dre@mTe@m123" 
The Expected results are :You are logged in
[INFO ] 2024-10-21 00:39:53.197 [TestNG-PoolService-2] LoggerLoad - User Enter Login credential with username as " DreamTeam" and password as" Dre@mTe@m123" 
[INFO ] 2024-10-21 00:39:53.212 [TestNG-PoolService-9] LoggerLoad - The user is on the Login page.
  Given The User is on the login page                                             # stepdefinitions.LoginStep.the_user_is_on_the_login_page()
[INFO ] 2024-10-21 00:39:53.731 [TestNG-PoolService-8] LoggerLoad - The user is on the Login page.
  Given The User is on the login page                                                  # stepdefinitions.LoginStep.the_user_is_on_the_login_page()
The Expected results are :You are logged in
[INFO ] 2024-10-21 00:39:53.915 [TestNG-PoolService-9] LoggerLoad - User Enter Login credential with username as " DreamTeam" and password as" Dre@mTe@m123" 
]]></system-out>
    <system-err><![CDATA[Oct 21, 2024 12:39:48 AM org.openqa.selenium.devtools.CdpVersionFinder findNearestMatch
WARNING: Unable to find an exact match for CDP version 129, returning the closest version; found: 128; Please update to a Selenium version that supports CDP version 129
Oct 21, 2024 12:39:49 AM org.openqa.selenium.devtools.CdpVersionFinder findNearestMatch
WARNING: Unable to find an exact match for CDP version 129, returning the closest version; found: 128; Please update to a Selenium version that supports CDP version 129
Oct 21, 2024 12:39:49 AM org.openqa.selenium.devtools.CdpVersionFinder findNearestMatch
WARNING: Unable to find an exact match for CDP version 129, returning the closest version; found: 128; Please update to a Selenium version that supports CDP version 129
Oct 21, 2024 12:39:50 AM org.openqa.selenium.devtools.CdpVersionFinder findNearestMatch
WARNING: Unable to find an exact match for CDP version 129, returning the closest version; found: 128; Please update to a Selenium version that supports CDP version 129
Oct 21, 2024 12:39:51 AM org.openqa.selenium.devtools.CdpVersionFinder findNearestMatch
WARNING: Unable to find an exact match for CDP version 129, returning the closest version; found: 128; Please update to a Selenium version that supports CDP version 129
]]></system-err>
  </testcase>
  <testcase name="runScenario[&quot;validate the deletion page&quot;, &quot;DS Portal Linked List Page Functionality&quot;](89)" classname="runner.TestRunner" time="0.027">
    <system-out><![CDATA[
@LinkedList @PracticeTypesOfList @LinkedListTC_033
Scenario: validate the Linked list practice questions page from Introduction page # src/test/resources/features/LinkedList.feature:257
]]></system-out>
  </testcase>
  <testcase name="runScenario[&quot;validate the Try here page from Deletion page&quot;, &quot;DS Portal Linked List Page Functionality&quot;](90)" classname="runner.TestRunner" time="0.175">
    <system-out><![CDATA[
@LinkedList @PracticeTraversal @LinkedListTC_034
Scenario: validate the Linked list practice questions page from Introduction page # src/test/resources/features/LinkedList.feature:263
]]></system-out>
  </testcase>
  <testcase name="runScenario[&quot;validate the Try editor for negative input from Insertion page&quot;, &quot;DS Portal Linked List Page Functionality&quot;](91)" classname="runner.TestRunner" time="0.405">
    <system-out><![CDATA[
@LinkedList @PracticeInsertion @LinkedListTC_035
Scenario: validate the Linked list practice questions page from Introduction page # src/test/resources/features/LinkedList.feature:269
  When The User enters the valid username and password "LoginCredentials"                      # stepdefinitions.LoginStep.the_user_enters_the_valid_username_and_password(java.lang.String)
  When The User enters the valid username and password "LoginCredentials"         # stepdefinitions.LoginStep.the_user_enters_the_valid_username_and_password(java.lang.String)
The Expected results are :You are logged in
[INFO ] 2024-10-21 00:39:54.285 [TestNG-PoolService-8] LoggerLoad - User Enter Login credential with username as " DreamTeam" and password as" Dre@mTe@m123" 
[INFO ] 2024-10-21 00:39:54.468 [TestNG-PoolService-4] LoggerLoad - The user is on the Login page.
  Given The User is on the login page                                             # stepdefinitions.LoginStep.the_user_is_on_the_login_page()
]]></system-out>
  </testcase>
  <testcase name="runScenario[&quot;validate the Linked list practice questions page from Introduction page&quot;, &quot;DS Portal Linked List Page Functionality&quot;](92)" classname="runner.TestRunner" time="6.379">
    <system-out><![CDATA[
@LinkedList @PracticeDeletion @LinkedListTC_036
Scenario: validate the Linked list practice questions page from Introduction page # src/test/resources/features/LinkedList.feature:275
  When The User enters the valid username and password "LoginCredentials"         # stepdefinitions.LoginStep.the_user_enters_the_valid_username_and_password(java.lang.String)
The Expected results are :You are logged in
[INFO ] 2024-10-21 00:39:55.001 [TestNG-PoolService-4] LoggerLoad - User Enter Login credential with username as " DreamTeam" and password as" Dre@mTe@m123" 
  When The User enters the valid username and password "LoginCredentials"              # stepdefinitions.LoginStep.the_user_enters_the_valid_username_and_password(java.lang.String)
  Given the User is on the Try Editor page through the deletion page            # stepdefinitions.LinkedListStep.the_user_is_on_the_try_editor_page_through_the_deletion_page()
  Given the User is on the Introduction page                                      # stepdefinitions.LinkedListStep.the_user_is_on_the_introduction_page()
  When The User enters the valid username and password "LoginCredentials"         # stepdefinitions.LoginStep.the_user_enters_the_valid_username_and_password(java.lang.String)
  When the User clicks the Practice Questions link in Introduction Page           # stepdefinitions.LinkedListStep.the_user_clicks_the_practice_questions_link_in_introduction_page()
  Then the User should get navigated to the Linked List Practice Questions Page   # stepdefinitions.LinkedListStep.the_user_should_get_navigated_to_the_linked_list_practice_questions_page()
  Given the User is on the Creating Linked list page                              # stepdefinitions.LinkedListStep.the_user_is_on_the_creating_linked_list_page()
  When the User clicks the Practice Questions link in Creating Linked list Page   # stepdefinitions.LinkedListStep.the_user_clicks_the_practice_questions_link_in_creating_linked_list_page()
  Then the User should get navigated to the Linked List Practice Questions Page   # stepdefinitions.LinkedListStep.the_user_should_get_navigated_to_the_linked_list_practice_questions_page()
  Given the User is on the Implement linked list in python page                   # stepdefinitions.LinkedListStep.the_user_is_on_the_implement_linked_list_in_python_page()
  Given the User is on the Try Editor page through the deletion page                           # stepdefinitions.LinkedListStep.the_user_is_on_the_try_editor_page_through_the_deletion_page()
print hello
  When the User clicks the Practice Questions link in Implement linked list Page  # stepdefinitions.LinkedListStep.the_user_clicks_the_practice_questions_link_in_implement_linked_list_page()
  Then the User should get navigated to the Linked List Practice Questions Page   # stepdefinitions.LinkedListStep.the_user_should_get_navigated_to_the_linked_list_practice_questions_page()
  When the User enters a sample code as "print hello" in the Editor section and click Run      # stepdefinitions.CommonStepDefinitions.the_user_enters_a_sample_code_as_in_the_editor_section_and_click_run(java.lang.String)
[INFO ] 2024-10-21 00:39:59.630 [TestNG-PoolService-2] LoggerLoad - actual error NameError: name 'hello' is not defined on line 1
  Then the User should get the "NameError: name 'hello' is not defined on line 1" in the alert # stepdefinitions.CommonStepDefinitions.the_user_should_get_the_in_the_alert(java.lang.String)
  When the User enters the following code in the Editor section and clicks Run  # stepdefinitions.CommonStepDefinitions.the_User_enters_the_following_code_in_the_Editor_section_and_clicks_Run(io.cucumber.datatable.DataTable)
    | code           | output |
    | print("Hello") | Hello  |
    | print(1234)    | 1234   |
[INFO ] 2024-10-21 00:40:00.464 [TestNG-PoolService-5] LoggerLoad - Actual Output: Hello Expected Output: Hello
[INFO ] 2024-10-21 00:40:00.464 [TestNG-PoolService-5] LoggerLoad - Actual Output: 1234 Expected Output: 1234
  Then the User should get the correct output on the screen                     # stepdefinitions.CommonStepDefinitions.the_User_should_get_the_correct_output_on_the_screen()
]]></system-out>
    <system-err><![CDATA[Oct 21, 2024 12:39:58 AM org.openqa.selenium.devtools.CdpVersionFinder findNearestMatch
WARNING: Unable to find an exact match for CDP version 129, returning the closest version; found: 128; Please update to a Selenium version that supports CDP version 129
Oct 21, 2024 12:39:58 AM org.openqa.selenium.devtools.CdpVersionFinder findNearestMatch
WARNING: Unable to find an exact match for CDP version 129, returning the closest version; found: 128; Please update to a Selenium version that supports CDP version 129
Oct 21, 2024 12:39:59 AM org.openqa.selenium.devtools.CdpVersionFinder findNearestMatch
WARNING: Unable to find an exact match for CDP version 129, returning the closest version; found: 128; Please update to a Selenium version that supports CDP version 129
Oct 21, 2024 12:39:59 AM org.openqa.selenium.devtools.CdpVersionFinder findNearestMatch
WARNING: Unable to find an exact match for CDP version 129, returning the closest version; found: 128; Please update to a Selenium version that supports CDP version 129
]]></system-err>
  </testcase>
  <testcase name="runScenario[&quot;validate the Linked list practice questions page from Introduction page&quot;, &quot;DS Portal Linked List Page Functionality&quot;](93)" classname="runner.TestRunner" time="1.46">
    <system-out><![CDATA[
@LinkedList @PracticeQuestionsListIntroduction @LinkedListTC_037
Scenario: validate the practice questions in Linked list practice page through Introduction page # src/test/resources/features/LinkedList.feature:281
  Given the User is on the Try Editor page through the deletion page                   # stepdefinitions.LinkedListStep.the_user_is_on_the_try_editor_page_through_the_deletion_page()
aer234@$
[INFO ] 2024-10-21 00:40:01.931 [TestNG-PoolService-1] LoggerLoad - The user is on the Login page.
  Given The User is on the login page                                             # stepdefinitions.LoginStep.the_user_is_on_the_login_page()
[INFO ] 2024-10-21 00:40:01.998 [TestNG-PoolService-10] LoggerLoad - The user is on the Login page.
  Given The User is on the login page                                             # stepdefinitions.LoginStep.the_user_is_on_the_login_page()
[INFO ] 2024-10-21 00:40:02.175 [TestNG-PoolService-6] LoggerLoad - The user is on the Login page.
  Given The User is on the login page                                             # stepdefinitions.LoginStep.the_user_is_on_the_login_page()
The Expected results are :You are logged in
[INFO ] 2024-10-21 00:40:02.489 [TestNG-PoolService-1] LoggerLoad - User Enter Login credential with username as " DreamTeam" and password as" Dre@mTe@m123" 
]]></system-out>
  </testcase>
  <testcase name="runScenario[&quot;validate the Linked list practice questions page from Introduction page&quot;, &quot;DS Portal Linked List Page Functionality&quot;](94)" classname="runner.TestRunner" time="0.041">
    <system-out><![CDATA[  When the User enters a sample code as "aer234@$" in the Editor section and click Run # stepdefinitions.CommonStepDefinitions.the_user_enters_a_sample_code_as_in_the_editor_section_and_click_run(java.lang.String)

@LinkedList @PracticeQuestionsListCreating @LinkedListTC_038
Scenario: validate the practice questions in Linked list practice page through Creating Linked list page # src/test/resources/features/LinkedList.feature:287
[INFO ] 2024-10-21 00:40:02.543 [TestNG-PoolService-8] LoggerLoad - actual error SyntaxError: bad token T_OP on line 1
  Then the User should get the "SyntaxError: bad token T_OP on line 1" in the alert    # stepdefinitions.CommonStepDefinitions.the_user_should_get_the_in_the_alert(java.lang.String)
The Expected results are :You are logged in
[INFO ] 2024-10-21 00:40:02.581 [TestNG-PoolService-10] LoggerLoad - User Enter Login credential with username as " DreamTeam" and password as" Dre@mTe@m123" 
]]></system-out>
  </testcase>
  <testcase name="runScenario[&quot;validate the Try editor for negative input from Deletion page&quot;, &quot;DS Portal Linked List Page Functionality&quot;](95)" classname="runner.TestRunner" time="0.023">
    <system-out><![CDATA[
@LinkedList @PracticeQuestionsListImplement @LinkedListTC_039
Scenario: validate the practice questions in Linked list practice page through Implement linked lis page # src/test/resources/features/LinkedList.feature:293
]]></system-out>
  </testcase>
  <testcase name="runScenario[&quot;validate the Try editor for positive input from Deletion page&quot;, &quot;DS Portal Linked List Page Functionality&quot;](96)" classname="runner.TestRunner" time="0.49">
    <system-out><![CDATA[
@LinkedList @PracticeQuestionsListTypes @LinkedListTC_040
Scenario: validate the practice questions in Linked list practice page through Types of Linked List page # src/test/resources/features/LinkedList.feature:299
The Expected results are :You are logged in
[INFO ] 2024-10-21 00:40:02.627 [TestNG-PoolService-6] LoggerLoad - User Enter Login credential with username as " DreamTeam" and password as" Dre@mTe@m123" 
[INFO ] 2024-10-21 00:40:02.629 [TestNG-PoolService-3] LoggerLoad - The user is on the Login page.
  Given The User is on the login page                                             # stepdefinitions.LoginStep.the_user_is_on_the_login_page()
]]></system-out>
  </testcase>
  <testcase name="runScenario[&quot;validate the Try editor for negative input from Deletion page&quot;, &quot;DS Portal Linked List Page Functionality&quot;](97)" classname="runner.TestRunner" time="0.146">
    <system-out><![CDATA[
@LinkedList @PracticeQuestionsListTraversal @LinkedListTC_041
Scenario: validate the practice questions in Linked list practice page through Traversal page # src/test/resources/features/LinkedList.feature:305
The Expected results are :You are logged in
[INFO ] 2024-10-21 00:40:03.203 [TestNG-PoolService-3] LoggerLoad - User Enter Login credential with username as " DreamTeam" and password as" Dre@mTe@m123" 
]]></system-out>
  </testcase>
  <testcase name="runScenario[&quot;validate the Linked list practice questions page from Introduction page&quot;, &quot;DS Portal Linked List Page Functionality&quot;](98)" classname="runner.TestRunner" time="8.417">
    <system-out><![CDATA[
@LinkedList @PracticeQuestionsListInsertion @LinkedListTC_042
Scenario: validate the practice questions in Linked list practice page through Insertion page # src/test/resources/features/LinkedList.feature:311
  When The User enters the valid username and password "LoginCredentials"         # stepdefinitions.LoginStep.the_user_enters_the_valid_username_and_password(java.lang.String)
  When The User enters the valid username and password "LoginCredentials"         # stepdefinitions.LoginStep.the_user_enters_the_valid_username_and_password(java.lang.String)
  When The User enters the valid username and password "LoginCredentials"         # stepdefinitions.LoginStep.the_user_enters_the_valid_username_and_password(java.lang.String)
  When The User enters the valid username and password "LoginCredentials"         # stepdefinitions.LoginStep.the_user_enters_the_valid_username_and_password(java.lang.String)
  Given the User is on the Insertion page                                         # stepdefinitions.LinkedListStep.the_user_is_on_the_insertion_page()
  Given the User is on the Traversal page                                         # stepdefinitions.LinkedListStep.the_user_is_on_the_traversal_page()
  Given the User is on the Types of Linked List page                              # stepdefinitions.LinkedListStep.the_user_is_on_the_types_of_linked_list_page()
  When the User clicks the Practice Questions link in Insertion Page              # stepdefinitions.LinkedListStep.the_user_clicks_the_practice_questions_link_in_insertion_page()
  Then the User should get navigated to the Linked List Practice Questions Page   # stepdefinitions.LinkedListStep.the_user_should_get_navigated_to_the_linked_list_practice_questions_page()
  Given the User is on the Deletion page                                          # stepdefinitions.LinkedListStep.the_user_is_on_the_deletion_page()
  When the User clicks the Practice Questions link in Types of Linked List Page   # stepdefinitions.LinkedListStep.the_user_clicks_the_practice_questions_link_in_types_of_linked_list_page()
  Then the User should get navigated to the Linked List Practice Questions Page   # stepdefinitions.LinkedListStep.the_user_should_get_navigated_to_the_linked_list_practice_questions_page()
  When the User clicks the Practice Questions link in Deletion Page               # stepdefinitions.LinkedListStep.the_user_clicks_the_practice_questions_link_in_deletion_page()
  Then the User should get navigated to the Linked List Practice Questions Page   # stepdefinitions.LinkedListStep.the_user_should_get_navigated_to_the_linked_list_practice_questions_page()
  When the User clicks the Practice Questions link in Traversal Page              # stepdefinitions.LinkedListStep.the_user_clicks_the_practice_questions_link_in_traversal_page()
  Then the User should get navigated to the Linked List Practice Questions Page   # stepdefinitions.LinkedListStep.the_user_should_get_navigated_to_the_linked_list_practice_questions_page()
[INFO ] 2024-10-21 00:40:08.588 [TestNG-PoolService-7] LoggerLoad - The user is on the Login page.
  Given The User is on the login page                                                            # stepdefinitions.LoginStep.the_user_is_on_the_login_page()
The Expected results are :You are logged in
[INFO ] 2024-10-21 00:40:09.307 [TestNG-PoolService-7] LoggerLoad - User Enter Login credential with username as " DreamTeam" and password as" Dre@mTe@m123" 
[INFO ] 2024-10-21 00:40:10.298 [TestNG-PoolService-9] LoggerLoad - The user is on the Login page.
  Given The User is on the login page                                                                    # stepdefinitions.LoginStep.the_user_is_on_the_login_page()
[INFO ] 2024-10-21 00:40:10.506 [TestNG-PoolService-2] LoggerLoad - The user is on the Login page.
  Given The User is on the login page                                                                    # stepdefinitions.LoginStep.the_user_is_on_the_login_page()
[INFO ] 2024-10-21 00:40:10.570 [TestNG-PoolService-4] LoggerLoad - The user is on the Login page.
  Given The User is on the login page                                                                    # stepdefinitions.LoginStep.the_user_is_on_the_login_page()
  When The User enters the valid username and password "LoginCredentials"                        # stepdefinitions.LoginStep.the_user_enters_the_valid_username_and_password(java.lang.String)
The Expected results are :You are logged in
[INFO ] 2024-10-21 00:40:10.911 [TestNG-PoolService-9] LoggerLoad - User Enter Login credential with username as " DreamTeam" and password as" Dre@mTe@m123" 
The Expected results are :You are logged in
[INFO ] 2024-10-21 00:40:11.093 [TestNG-PoolService-2] LoggerLoad - User Enter Login credential with username as " DreamTeam" and password as" Dre@mTe@m123" 
The Expected results are :You are logged in
[INFO ] 2024-10-21 00:40:11.262 [TestNG-PoolService-4] LoggerLoad - User Enter Login credential with username as " DreamTeam" and password as" Dre@mTe@m123" 
]]></system-out>
    <system-err><![CDATA[Oct 21, 2024 12:40:05 AM org.openqa.selenium.devtools.CdpVersionFinder findNearestMatch
WARNING: Unable to find an exact match for CDP version 129, returning the closest version; found: 128; Please update to a Selenium version that supports CDP version 129
Oct 21, 2024 12:40:07 AM org.openqa.selenium.devtools.CdpVersionFinder findNearestMatch
WARNING: Unable to find an exact match for CDP version 129, returning the closest version; found: 128; Please update to a Selenium version that supports CDP version 129
Oct 21, 2024 12:40:07 AM org.openqa.selenium.devtools.CdpVersionFinder findNearestMatch
WARNING: Unable to find an exact match for CDP version 129, returning the closest version; found: 128; Please update to a Selenium version that supports CDP version 129
Oct 21, 2024 12:40:07 AM org.openqa.selenium.devtools.CdpVersionFinder findNearestMatch
WARNING: Unable to find an exact match for CDP version 129, returning the closest version; found: 128; Please update to a Selenium version that supports CDP version 129
Oct 21, 2024 12:40:09 AM org.openqa.selenium.devtools.CdpVersionFinder findNearestMatch
WARNING: Unable to find an exact match for CDP version 129, returning the closest version; found: 128; Please update to a Selenium version that supports CDP version 129
Oct 21, 2024 12:40:09 AM org.openqa.selenium.devtools.CdpVersionFinder findNearestMatch
WARNING: Unable to find an exact match for CDP version 129, returning the closest version; found: 128; Please update to a Selenium version that supports CDP version 129
]]></system-err>
  </testcase>
  <testcase name="runScenario[&quot;validate the Linked list practice questions page from Introduction page&quot;, &quot;DS Portal Linked List Page Functionality&quot;](99)" classname="runner.TestRunner" time="0.612">
    <system-out><![CDATA[
@LinkedList @PracticeQuestionsListDeletion @LinkedListTC_043
Scenario: validate the practice questions in Linked list practice page through Deletion page # src/test/resources/features/LinkedList.feature:317
[INFO ] 2024-10-21 00:40:11.924 [TestNG-PoolService-5] LoggerLoad - The user is on the Login page.
  Given The User is on the login page                                                         # stepdefinitions.LoginStep.the_user_is_on_the_login_page()
  When The User enters the valid username and password "LoginCredentials"                                # stepdefinitions.LoginStep.the_user_enters_the_valid_username_and_password(java.lang.String)
[INFO ] 2024-10-21 00:40:12.246 [TestNG-PoolService-8] LoggerLoad - The user is on the Login page.
  Given The User is on the login page                                                         # stepdefinitions.LoginStep.the_user_is_on_the_login_page()
]]></system-out>
  </testcase>
  <testcase name="runScenario[&quot;validate the Linked list practice questions page from Introduction page&quot;, &quot;DS Portal Linked List Page Functionality&quot;](100)" classname="runner.TestRunner" time="0.117">
    <system-out><![CDATA[
@Stack @StackGetStarted @StackTC_001
Scenario: validate the stack page                                         # src/test/resources/features/Stack.feature:10
]]></system-out>
  </testcase>
  <testcase name="runScenario[&quot;validate the Linked list practice questions page from Introduction page&quot;, &quot;DS Portal Linked List Page Functionality&quot;](101)" classname="runner.TestRunner" time="0.232">
    <system-out><![CDATA[
@Stack @StackOperationsInStack @StackTC_002
Scenario: validate the Operations in stack page                                  # src/test/resources/features/Stack.feature:16
  When The User enters the valid username and password "LoginCredentials"                                # stepdefinitions.LoginStep.the_user_enters_the_valid_username_and_password(java.lang.String)
  Given the User is on the Introduction page                                                     # stepdefinitions.LinkedListStep.the_user_is_on_the_introduction_page()
  When The User enters the valid username and password "LoginCredentials"                                # stepdefinitions.LoginStep.the_user_enters_the_valid_username_and_password(java.lang.String)
The Expected results are :You are logged in
[INFO ] 2024-10-21 00:40:12.547 [TestNG-PoolService-5] LoggerLoad - User Enter Login credential with username as " DreamTeam" and password as" Dre@mTe@m123" 
]]></system-out>
  </testcase>
  <testcase name="runScenario[&quot;validate the stack page&quot;, &quot;DS Portal Stack Page Functionality&quot;](102)" classname="runner.TestRunner" time="10.035">
    <system-out><![CDATA[
@Stack @TryHereOperationsInStack @StackTC_003
Scenario: validate the Try here page from Operations in stack page        # src/test/resources/features/Stack.feature:22
The Expected results are :You are logged in
[INFO ] 2024-10-21 00:40:12.856 [TestNG-PoolService-8] LoggerLoad - User Enter Login credential with username as " DreamTeam" and password as" Dre@mTe@m123" 
  When the User clicks the Practice Questions link in Introduction Page                          # stepdefinitions.LinkedListStep.the_user_clicks_the_practice_questions_link_in_introduction_page()
  Given the User is on the Creating Linked list page                                                     # stepdefinitions.LinkedListStep.the_user_is_on_the_creating_linked_list_page()
  When The User enters the valid username and password "LoginCredentials"                     # stepdefinitions.LoginStep.the_user_enters_the_valid_username_and_password(java.lang.String)
  When the User clicks the Practice Questions link in Creating Linked list Page                          # stepdefinitions.LinkedListStep.the_user_clicks_the_practice_questions_link_in_creating_linked_list_page()
  Given the User is on the Implement linked list in python page                                          # stepdefinitions.LinkedListStep.the_user_is_on_the_implement_linked_list_in_python_page()
  When The User enters the valid username and password "LoginCredentials"                     # stepdefinitions.LoginStep.the_user_enters_the_valid_username_and_password(java.lang.String)
  Given the User is on the Types of Linked List page                                                     # stepdefinitions.LinkedListStep.the_user_is_on_the_types_of_linked_list_page()
  When the User clicks the Practice Questions link in Implement linked list Page                         # stepdefinitions.LinkedListStep.the_user_clicks_the_practice_questions_link_in_implement_linked_list_page()
  When the User clicks the Practice Questions link in Types of Linked List Page                          # stepdefinitions.LinkedListStep.the_user_clicks_the_practice_questions_link_in_types_of_linked_list_page()
  Given the User is on the Traversal page                                                     # stepdefinitions.LinkedListStep.the_user_is_on_the_traversal_page()
  Given the User is on the Insertion page                                                     # stepdefinitions.LinkedListStep.the_user_is_on_the_insertion_page()
  When the User clicks the Practice Questions link in Insertion Page                          # stepdefinitions.LinkedListStep.the_user_clicks_the_practice_questions_link_in_insertion_page()
  When the User clicks the Practice Questions link in Traversal Page                          # stepdefinitions.LinkedListStep.the_user_clicks_the_practice_questions_link_in_traversal_page()
[INFO ] 2024-10-21 00:40:18.352 [TestNG-PoolService-3] LoggerLoad - The user is on the Login page.
  Given The User is on the login page                                                        # stepdefinitions.LoginStep.the_user_is_on_the_login_page()
The Expected results are :You are logged in
[INFO ] 2024-10-21 00:40:19.216 [TestNG-PoolService-3] LoggerLoad - User Enter Login credential with username as " DreamTeam" and password as" Dre@mTe@m123" 
  When The User enters the valid username and password "LoginCredentials"                    # stepdefinitions.LoginStep.the_user_enters_the_valid_username_and_password(java.lang.String)
[INFO ] 2024-10-21 00:40:20.237 [TestNG-PoolService-1] LoggerLoad - The user is on the Login page.
  Given The User is on the login page                                     # stepdefinitions.LoginStep.the_user_is_on_the_login_page()
[INFO ] 2024-10-21 00:40:20.276 [TestNG-PoolService-6] LoggerLoad - The user is on the Login page.
  Given The User is on the login page                                     # stepdefinitions.LoginStep.the_user_is_on_the_login_page()
[INFO ] 2024-10-21 00:40:20.277 [TestNG-PoolService-10] LoggerLoad - The user is on the Login page.
  Given The User is on the login page                                            # stepdefinitions.LoginStep.the_user_is_on_the_login_page()
The Expected results are :You are logged in
[INFO ] 2024-10-21 00:40:20.706 [TestNG-PoolService-1] LoggerLoad - User Enter Login credential with username as " DreamTeam" and password as" Dre@mTe@m123" 
The Expected results are :You are logged in
[INFO ] 2024-10-21 00:40:20.725 [TestNG-PoolService-6] LoggerLoad - User Enter Login credential with username as " DreamTeam" and password as" Dre@mTe@m123" 
The Expected results are :You are logged in
[INFO ] 2024-10-21 00:40:20.729 [TestNG-PoolService-10] LoggerLoad - User Enter Login credential with username as " DreamTeam" and password as" Dre@mTe@m123" 
  When The User enters the valid username and password "LoginCredentials" # stepdefinitions.LoginStep.the_user_enters_the_valid_username_and_password(java.lang.String)
  When The User enters the valid username and password "LoginCredentials" # stepdefinitions.LoginStep.the_user_enters_the_valid_username_and_password(java.lang.String)
  Given the User is on the Deletion page                                                     # stepdefinitions.LinkedListStep.the_user_is_on_the_deletion_page()
  When The User enters the valid username and password "LoginCredentials"        # stepdefinitions.LoginStep.the_user_enters_the_valid_username_and_password(java.lang.String)
[INFO ] 2024-10-21 00:40:21.832 [TestNG-PoolService-6] LoggerLoad - You are in NumpyNinjahome page.
  Given the user is in homepage and logged in                             # stepdefinitions.CommonStepDefinitions.the_user_is_in_homepage_and_logged_in()
  When the User clicks the Practice Questions link in Deletion Page                          # stepdefinitions.LinkedListStep.the_user_clicks_the_practice_questions_link_in_deletion_page()
  Given the user is in stack page                                                # stepdefinitions.StackStep.the_user_is_in_stack_page()
  When user clicks the get started button under stack section             # stepdefinitions.StackStep.user_clicks_the_get_started_button_under_stack_section()
  Then user views the stack page                                          # stepdefinitions.StackStep.user_views_the_stack_page()
]]></system-out>
    <system-err><![CDATA[Oct 21, 2024 12:40:15 AM org.openqa.selenium.devtools.CdpVersionFinder findNearestMatch
WARNING: Unable to find an exact match for CDP version 129, returning the closest version; found: 128; Please update to a Selenium version that supports CDP version 129
Oct 21, 2024 12:40:17 AM org.openqa.selenium.devtools.CdpVersionFinder findNearestMatch
WARNING: Unable to find an exact match for CDP version 129, returning the closest version; found: 128; Please update to a Selenium version that supports CDP version 129
Oct 21, 2024 12:40:17 AM org.openqa.selenium.devtools.CdpVersionFinder findNearestMatch
WARNING: Unable to find an exact match for CDP version 129, returning the closest version; found: 128; Please update to a Selenium version that supports CDP version 129
Oct 21, 2024 12:40:18 AM org.openqa.selenium.devtools.CdpVersionFinder findNearestMatch
WARNING: Unable to find an exact match for CDP version 129, returning the closest version; found: 128; Please update to a Selenium version that supports CDP version 129
]]></system-err>
  </testcase>
  <testcase name="runScenario[&quot;validate the Operations in stack page&quot;, &quot;DS Portal Stack Page Functionality&quot;](103)" classname="runner.TestRunner" time="0.888">
    <system-out><![CDATA[
@Stack @TryEditorOperationsInStackPositive @StackTC_004
Scenario: validate the Try editor for positive input from Operations in stack page # src/test/resources/features/Stack.feature:28
  Then the User should view the practice questions of Linked List                                # stepdefinitions.LinkedListStep.the_user_should_view_the_practice_questions_of_linked_list()
      java.lang.AssertionError: No questions found
	at org.testng.Assert.fail(Assert.java:111)
	at stepdefinitions.LinkedListStep.the_user_should_view_the_practice_questions_of_linked_list(LinkedListStep.java:344)
	at âœ½.the User should view the practice questions of Linked List(file:///C:/Users/Palanivel/eclipse-workspace/asta_dsalgoBDD/./src/test/resources/features/LinkedList.feature:284)

  When user clicks the Operations in Stack link under the topics covered section # stepdefinitions.StackStep.user_clicks_the_operations_in_stack_link_under_the_topics_covered_section()
  Then user views the Operations in stack page                                   # stepdefinitions.StackStep.user_views_the_operations_in_stack_page()
  Given the User is on the Operations in stack page                       # stepdefinitions.StackStep.the_user_is_on_the_operations_in_stack_page()

    Embedding validate the practice questions in Linked list practice page through Introduction page [image/png 14881 bytes]

]]></system-out>
  </testcase>
  <testcase name="runScenario[&quot;validate the practice questions in Linked list practice page through Introduction page&quot;, &quot;DS Portal Linked List Page Functionality&quot;](104)" classname="runner.TestRunner" time="0.507">
    <failure message="No questions found" type="java.lang.AssertionError"><![CDATA[java.lang.AssertionError: No questions found
	at org.testng.Assert.fail(Assert.java:111)
	at stepdefinitions.LinkedListStep.the_user_should_view_the_practice_questions_of_linked_list(LinkedListStep.java:344)
	at ✽.the User should view the practice questions of Linked List(file:///C:/Users/Palanivel/eclipse-workspace/asta_dsalgoBDD/./src/test/resources/features/LinkedList.feature:284)
]]></failure>
    <system-out><![CDATA[
@Stack @TryEditorOperationsInStackNegative @StackTC_005
Scenario Outline: validate the Try editor for negative input from Operations in stack page     # src/test/resources/features/Stack.feature:45
  Then the User should view the practice questions of Linked List                                        # stepdefinitions.LinkedListStep.the_user_should_view_the_practice_questions_of_linked_list()
      java.lang.AssertionError: No questions found
	at org.testng.Assert.fail(Assert.java:111)
	at stepdefinitions.LinkedListStep.the_user_should_view_the_practice_questions_of_linked_list(LinkedListStep.java:344)
	at âœ½.the User should view the practice questions of Linked List(file:///C:/Users/Palanivel/eclipse-workspace/asta_dsalgoBDD/./src/test/resources/features/LinkedList.feature:290)


    Embedding validate the practice questions in Linked list practice page through Creating Linked list page [image/png 14881 bytes]

]]></system-out>
  </testcase>
  <testcase name="runScenario[&quot;validate the practice questions in Linked list practice page through Creating Linked list page&quot;, &quot;DS Portal Linked List Page Functionality&quot;](105)" classname="runner.TestRunner" time="0.211">
    <failure message="No questions found" type="java.lang.AssertionError"><![CDATA[java.lang.AssertionError: No questions found
	at org.testng.Assert.fail(Assert.java:111)
	at stepdefinitions.LinkedListStep.the_user_should_view_the_practice_questions_of_linked_list(LinkedListStep.java:344)
	at ✽.the User should view the practice questions of Linked List(file:///C:/Users/Palanivel/eclipse-workspace/asta_dsalgoBDD/./src/test/resources/features/LinkedList.feature:290)
]]></failure>
    <system-out><![CDATA[
@Stack @TryEditorOperationsInStackNegative @StackTC_005
Scenario Outline: validate the Try editor for negative input from Operations in stack page # src/test/resources/features/Stack.feature:46
]]></system-out>
  </testcase>
  <testcase name="runScenario[&quot;validate the practice questions in Linked list practice page through Implement linked lis page&quot;, &quot;DS Portal Linked List Page Functionality&quot;](106)" classname="runner.TestRunner" time="1.037">
    <failure message="No questions found" type="java.lang.AssertionError"><![CDATA[java.lang.AssertionError: No questions found
	at org.testng.Assert.fail(Assert.java:111)
	at stepdefinitions.LinkedListStep.the_user_should_view_the_practice_questions_of_linked_list(LinkedListStep.java:344)
	at ✽.the User should view the practice questions of Linked List(file:///C:/Users/Palanivel/eclipse-workspace/asta_dsalgoBDD/./src/test/resources/features/LinkedList.feature:296)
]]></failure>
    <system-out><![CDATA[
@Stack @StackImplementationInStack @StackTC_006
Scenario: validate the Implementation in stack page                                  # src/test/resources/features/Stack.feature:50
  Then the User should view the practice questions of Linked List                                        # stepdefinitions.LinkedListStep.the_user_should_view_the_practice_questions_of_linked_list()
      java.lang.AssertionError: No questions found
	at org.testng.Assert.fail(Assert.java:111)
	at stepdefinitions.LinkedListStep.the_user_should_view_the_practice_questions_of_linked_list(LinkedListStep.java:344)
	at âœ½.the User should view the practice questions of Linked List(file:///C:/Users/Palanivel/eclipse-workspace/asta_dsalgoBDD/./src/test/resources/features/LinkedList.feature:296)

  Then the User should view the practice questions of Linked List                                        # stepdefinitions.LinkedListStep.the_user_should_view_the_practice_questions_of_linked_list()
      java.lang.AssertionError: No questions found
	at org.testng.Assert.fail(Assert.java:111)
	at stepdefinitions.LinkedListStep.the_user_should_view_the_practice_questions_of_linked_list(LinkedListStep.java:344)
	at âœ½.the User should view the practice questions of Linked List(file:///C:/Users/Palanivel/eclipse-workspace/asta_dsalgoBDD/./src/test/resources/features/LinkedList.feature:302)


    Embedding validate the practice questions in Linked list practice page through Implement linked lis page [image/png 14881 bytes]


    Embedding validate the practice questions in Linked list practice page through Types of Linked List page [image/png 14881 bytes]

]]></system-out>
  </testcase>
  <testcase name="runScenario[&quot;validate the practice questions in Linked list practice page through Types of Linked List page&quot;, &quot;DS Portal Linked List Page Functionality&quot;](107)" classname="runner.TestRunner" time="1.251">
    <failure message="No questions found" type="java.lang.AssertionError"><![CDATA[java.lang.AssertionError: No questions found
	at org.testng.Assert.fail(Assert.java:111)
	at stepdefinitions.LinkedListStep.the_user_should_view_the_practice_questions_of_linked_list(LinkedListStep.java:344)
	at ✽.the User should view the practice questions of Linked List(file:///C:/Users/Palanivel/eclipse-workspace/asta_dsalgoBDD/./src/test/resources/features/LinkedList.feature:302)
]]></failure>
    <system-out><![CDATA[
@Stack @TryHereImplementationInStack @StackTC_007
Scenario: validate the Try here page from Implementation in stack page    # src/test/resources/features/Stack.feature:56
  When the User clicks the Try here in Operations in stack Page           # stepdefinitions.StackStep.the_user_clicks_the_try_here_in_operations_in_stack_page()
  Then the User should get navigated to the Try Editor Page               # stepdefinitions.CommonStepDefinitions.the_user_should_get_navigated_to_the_try_editor_page()
  Then the User should view the practice questions of Linked List                             # stepdefinitions.LinkedListStep.the_user_should_view_the_practice_questions_of_linked_list()
      java.lang.AssertionError: No questions found
	at org.testng.Assert.fail(Assert.java:111)
	at stepdefinitions.LinkedListStep.the_user_should_view_the_practice_questions_of_linked_list(LinkedListStep.java:344)
	at âœ½.the User should view the practice questions of Linked List(file:///C:/Users/Palanivel/eclipse-workspace/asta_dsalgoBDD/./src/test/resources/features/LinkedList.feature:314)


    Embedding validate the practice questions in Linked list practice page through Insertion page [image/png 14881 bytes]

  Then the User should view the practice questions of Linked List                             # stepdefinitions.LinkedListStep.the_user_should_view_the_practice_questions_of_linked_list()
      java.lang.AssertionError: No questions found
	at org.testng.Assert.fail(Assert.java:111)
	at stepdefinitions.LinkedListStep.the_user_should_view_the_practice_questions_of_linked_list(LinkedListStep.java:344)
	at âœ½.the User should view the practice questions of Linked List(file:///C:/Users/Palanivel/eclipse-workspace/asta_dsalgoBDD/./src/test/resources/features/LinkedList.feature:308)

]]></system-out>
    <system-err><![CDATA[Oct 21, 2024 12:40:26 AM org.openqa.selenium.devtools.CdpVersionFinder findNearestMatch
WARNING: Unable to find an exact match for CDP version 129, returning the closest version; found: 128; Please update to a Selenium version that supports CDP version 129
]]></system-err>
  </testcase>
  <testcase name="runScenario[&quot;validate the Try here page from Operations in stack page&quot;, &quot;DS Portal Stack Page Functionality&quot;](108)" classname="runner.TestRunner" time="1.417">
    <system-out><![CDATA[
@Stack @TryEditorImplementationInStackPositive @StackTC_008
Scenario: validate the Try editor for positive input from Implementation in stack page # src/test/resources/features/Stack.feature:62

    Embedding validate the practice questions in Linked list practice page through Traversal page [image/png 14881 bytes]

]]></system-out>
  </testcase>
  <testcase name="runScenario[&quot;validate the practice questions in Linked list practice page through Traversal page&quot;, &quot;DS Portal Linked List Page Functionality&quot;](109)" classname="runner.TestRunner" time="3.061">
    <failure message="No questions found" type="java.lang.AssertionError"><![CDATA[java.lang.AssertionError: No questions found
	at org.testng.Assert.fail(Assert.java:111)
	at stepdefinitions.LinkedListStep.the_user_should_view_the_practice_questions_of_linked_list(LinkedListStep.java:344)
	at ✽.the User should view the practice questions of Linked List(file:///C:/Users/Palanivel/eclipse-workspace/asta_dsalgoBDD/./src/test/resources/features/LinkedList.feature:308)
]]></failure>
    <system-out><![CDATA[
@Stack @TryEditorImplementationInStackNegative @StackTC_009
Scenario Outline: validate the Try editor for negative input from Implementation in stack page # src/test/resources/features/Stack.feature:79
[INFO ] 2024-10-21 00:40:30.671 [TestNG-PoolService-6] LoggerLoad - The user is on the Login page.
  Given The User is on the login page                                              # stepdefinitions.LoginStep.the_user_is_on_the_login_page()
]]></system-out>
    <system-err><![CDATA[Oct 21, 2024 12:40:28 AM org.openqa.selenium.devtools.CdpVersionFinder findNearestMatch
WARNING: Unable to find an exact match for CDP version 129, returning the closest version; found: 128; Please update to a Selenium version that supports CDP version 129
Oct 21, 2024 12:40:28 AM org.openqa.selenium.devtools.CdpVersionFinder findNearestMatch
WARNING: Unable to find an exact match for CDP version 129, returning the closest version; found: 128; Please update to a Selenium version that supports CDP version 129
Oct 21, 2024 12:40:29 AM org.openqa.selenium.devtools.CdpVersionFinder findNearestMatch
WARNING: Unable to find an exact match for CDP version 129, returning the closest version; found: 128; Please update to a Selenium version that supports CDP version 129
Oct 21, 2024 12:40:30 AM org.openqa.selenium.devtools.CdpVersionFinder findNearestMatch
WARNING: Unable to find an exact match for CDP version 129, returning the closest version; found: 128; Please update to a Selenium version that supports CDP version 129
]]></system-err>
  </testcase>
  <testcase name="runScenario[&quot;validate the practice questions in Linked list practice page through Insertion page&quot;, &quot;DS Portal Linked List Page Functionality&quot;](110)" classname="runner.TestRunner" time="3.516">
    <failure message="No questions found" type="java.lang.AssertionError"><![CDATA[java.lang.AssertionError: No questions found
	at org.testng.Assert.fail(Assert.java:111)
	at stepdefinitions.LinkedListStep.the_user_should_view_the_practice_questions_of_linked_list(LinkedListStep.java:344)
	at ✽.the User should view the practice questions of Linked List(file:///C:/Users/Palanivel/eclipse-workspace/asta_dsalgoBDD/./src/test/resources/features/LinkedList.feature:314)
]]></failure>
    <system-out><![CDATA[
@Stack @TryEditorImplementationInStackNegative @StackTC_009
Scenario Outline: validate the Try editor for negative input from Implementation in stack page # src/test/resources/features/Stack.feature:80
[INFO ] 2024-10-21 00:40:31.275 [TestNG-PoolService-7] LoggerLoad - The user is on the Login page.
  Given The User is on the login page                                                      # stepdefinitions.LoginStep.the_user_is_on_the_login_page()
The Expected results are :You are logged in
[INFO ] 2024-10-21 00:40:31.375 [TestNG-PoolService-6] LoggerLoad - User Enter Login credential with username as " DreamTeam" and password as" Dre@mTe@m123" 
The Expected results are :You are logged in
[INFO ] 2024-10-21 00:40:32.034 [TestNG-PoolService-7] LoggerLoad - User Enter Login credential with username as " DreamTeam" and password as" Dre@mTe@m123" 
  Then the User should view the practice questions of Linked List                            # stepdefinitions.LinkedListStep.the_user_should_view_the_practice_questions_of_linked_list()
      java.lang.AssertionError: No questions found
	at org.testng.Assert.fail(Assert.java:111)
	at stepdefinitions.LinkedListStep.the_user_should_view_the_practice_questions_of_linked_list(LinkedListStep.java:344)
	at âœ½.the User should view the practice questions of Linked List(file:///C:/Users/Palanivel/eclipse-workspace/asta_dsalgoBDD/./src/test/resources/features/LinkedList.feature:320)


    Embedding validate the practice questions in Linked list practice page through Deletion page [image/png 14881 bytes]

[INFO ] 2024-10-21 00:40:32.421 [TestNG-PoolService-10] LoggerLoad - The user is on the Login page.
  Given The User is on the login page                                                          # stepdefinitions.LoginStep.the_user_is_on_the_login_page()
[INFO ] 2024-10-21 00:40:32.964 [TestNG-PoolService-9] LoggerLoad - The user is on the Login page.
  Given The User is on the login page                                                # stepdefinitions.LoginStep.the_user_is_on_the_login_page()
The Expected results are :You are logged in
[INFO ] 2024-10-21 00:40:33.121 [TestNG-PoolService-10] LoggerLoad - User Enter Login credential with username as " DreamTeam" and password as" Dre@mTe@m123" 
  When The User enters the valid username and password "LoginCredentials"                  # stepdefinitions.LoginStep.the_user_enters_the_valid_username_and_password(java.lang.String)
  When The User enters the valid username and password "LoginCredentials"          # stepdefinitions.LoginStep.the_user_enters_the_valid_username_and_password(java.lang.String)
The Expected results are :You are logged in
[INFO ] 2024-10-21 00:40:33.881 [TestNG-PoolService-9] LoggerLoad - User Enter Login credential with username as " DreamTeam" and password as" Dre@mTe@m123" 
]]></system-out>
    <system-err><![CDATA[Oct 21, 2024 12:40:32 AM org.openqa.selenium.devtools.CdpVersionFinder findNearestMatch
WARNING: Unable to find an exact match for CDP version 129, returning the closest version; found: 128; Please update to a Selenium version that supports CDP version 129
Oct 21, 2024 12:40:33 AM org.openqa.selenium.devtools.CdpVersionFinder findNearestMatch
WARNING: Unable to find an exact match for CDP version 129, returning the closest version; found: 128; Please update to a Selenium version that supports CDP version 129
]]></system-err>
  </testcase>
  <testcase name="runScenario[&quot;validate the practice questions in Linked list practice page through Deletion page&quot;, &quot;DS Portal Linked List Page Functionality&quot;](111)" classname="runner.TestRunner" time="2.339">
    <failure message="No questions found" type="java.lang.AssertionError"><![CDATA[java.lang.AssertionError: No questions found
	at org.testng.Assert.fail(Assert.java:111)
	at stepdefinitions.LinkedListStep.the_user_should_view_the_practice_questions_of_linked_list(LinkedListStep.java:344)
	at ✽.the User should view the practice questions of Linked List(file:///C:/Users/Palanivel/eclipse-workspace/asta_dsalgoBDD/./src/test/resources/features/LinkedList.feature:320)
]]></failure>
    <system-out><![CDATA[
@Stack @StackApplicationsInStack @StackTC_010
Scenario: validate the Applications in stack page                                  # src/test/resources/features/Stack.feature:84
[INFO ] 2024-10-21 00:40:34.889 [TestNG-PoolService-4] LoggerLoad - The user is on the Login page.
  Given The User is on the login page                                     # stepdefinitions.LoginStep.the_user_is_on_the_login_page()
  When The User enters the valid username and password "LoginCredentials"                      # stepdefinitions.LoginStep.the_user_enters_the_valid_username_and_password(java.lang.String)
The Expected results are :You are logged in
[INFO ] 2024-10-21 00:40:35.837 [TestNG-PoolService-4] LoggerLoad - User Enter Login credential with username as " DreamTeam" and password as" Dre@mTe@m123" 
  When The User enters the valid username and password "LoginCredentials"            # stepdefinitions.LoginStep.the_user_enters_the_valid_username_and_password(java.lang.String)
[INFO ] 2024-10-21 00:40:36.402 [TestNG-PoolService-2] LoggerLoad - The user is on the Login page.
  Given The User is on the login page                                                  # stepdefinitions.LoginStep.the_user_is_on_the_login_page()
]]></system-out>
    <system-err><![CDATA[Oct 21, 2024 12:40:36 AM org.openqa.selenium.devtools.CdpVersionFinder findNearestMatch
WARNING: Unable to find an exact match for CDP version 129, returning the closest version; found: 128; Please update to a Selenium version that supports CDP version 129
]]></system-err>
  </testcase>
  <testcase name="runScenario[&quot;validate the Try editor for negative input from Operations in stack page&quot;, &quot;DS Portal Stack Page Functionality&quot;](112)" classname="runner.TestRunner" time="6.837">
    <system-out><![CDATA[
@Stack @TryHereApplicationsInStack @StackTC_011
Scenario: validate the Try here page from Applications in stack page      # src/test/resources/features/Stack.feature:90
[INFO ] 2024-10-21 00:40:37.169 [TestNG-PoolService-1] LoggerLoad - The user is on the Login page.
  Given The User is on the login page                                                          # stepdefinitions.LoginStep.the_user_is_on_the_login_page()
The Expected results are :You are logged in
[INFO ] 2024-10-21 00:40:37.178 [TestNG-PoolService-2] LoggerLoad - User Enter Login credential with username as " DreamTeam" and password as" Dre@mTe@m123" 
  When The User enters the valid username and password "LoginCredentials" # stepdefinitions.LoginStep.the_user_enters_the_valid_username_and_password(java.lang.String)
  Given the user is in stack page                                                    # stepdefinitions.StackStep.the_user_is_in_stack_page()
The Expected results are :You are logged in
[INFO ] 2024-10-21 00:40:37.771 [TestNG-PoolService-1] LoggerLoad - User Enter Login credential with username as " DreamTeam" and password as" Dre@mTe@m123" 
  Given the User is on the Try Editor page through the operations in stack page            # stepdefinitions.StackStep.the_user_is_on_the_try_editor_page_through_the_operations_in_stack_page()
aer234@$
  Given the User is on the Try Editor page through the operations in stack page    # stepdefinitions.StackStep.the_user_is_on_the_try_editor_page_through_the_operations_in_stack_page()
  When user clicks the Implementation in Stack link under the topics covered section # stepdefinitions.StackStep.user_clicks_the_implementation_in_stack_link_under_the_topics_covered_section()
  Then user views the Implementation in stack page                                   # stepdefinitions.StackStep.user_views_the_implementation_in_stack_page()
  Given the User is on the Implementation in stack page                   # stepdefinitions.StackStep.the_user_is_on_the_implementation_in_stack_page()
  When The User enters the valid username and password "LoginCredentials"              # stepdefinitions.LoginStep.the_user_enters_the_valid_username_and_password(java.lang.String)
  When The User enters the valid username and password "LoginCredentials"                      # stepdefinitions.LoginStep.the_user_enters_the_valid_username_and_password(java.lang.String)
[INFO ] 2024-10-21 00:40:39.771 [TestNG-PoolService-5] LoggerLoad - The user is on the Login page.
  Given The User is on the login page                                                          # stepdefinitions.LoginStep.the_user_is_on_the_login_page()
The Expected results are :You are logged in
[INFO ] 2024-10-21 00:40:40.322 [TestNG-PoolService-5] LoggerLoad - User Enter Login credential with username as " DreamTeam" and password as" Dre@mTe@m123" 
  Given the User is on the Try Editor page through the operations in stack page                # stepdefinitions.StackStep.the_user_is_on_the_try_editor_page_through_the_operations_in_stack_page()
print hello
  When the User enters a sample code as "aer234@$" in the Editor section and click Run     # stepdefinitions.CommonStepDefinitions.the_user_enters_a_sample_code_as_in_the_editor_section_and_click_run(java.lang.String)
[INFO ] 2024-10-21 00:40:40.462 [TestNG-PoolService-7] LoggerLoad - actual error SyntaxError: bad token T_OP on line 1
  Then the User should get the "SyntaxError: bad token T_OP on line 1" in the alert        # stepdefinitions.CommonStepDefinitions.the_user_should_get_the_in_the_alert(java.lang.String)
  When the User enters a sample code as "print hello" in the Editor section and click Run      # stepdefinitions.CommonStepDefinitions.the_user_enters_a_sample_code_as_in_the_editor_section_and_click_run(java.lang.String)
[INFO ] 2024-10-21 00:40:41.579 [TestNG-PoolService-10] LoggerLoad - actual error NameError: name 'hello' is not defined on line 1
  Then the User should get the "NameError: name 'hello' is not defined on line 1" in the alert # stepdefinitions.CommonStepDefinitions.the_user_should_get_the_in_the_alert(java.lang.String)
  When The User enters the valid username and password "LoginCredentials"                      # stepdefinitions.LoginStep.the_user_enters_the_valid_username_and_password(java.lang.String)
  When the User clicks the Try here in Implementation in stack Page       # stepdefinitions.StackStep.the_user_clicks_the_try_here_in_implementation_in_stack_page()
  Then the User should get navigated to the Try Editor Page               # stepdefinitions.CommonStepDefinitions.the_user_should_get_navigated_to_the_try_editor_page()
  When the User enters the following code in the Editor section and clicks Run     # stepdefinitions.CommonStepDefinitions.the_User_enters_the_following_code_in_the_Editor_section_and_clicks_Run(io.cucumber.datatable.DataTable)
    | code           | output |
    | print("Hello") | Hello  |
    | print(1234)    | 1234   |
[INFO ] 2024-10-21 00:40:42.555 [TestNG-PoolService-6] LoggerLoad - Actual Output: Hello Expected Output: Hello
[INFO ] 2024-10-21 00:40:42.555 [TestNG-PoolService-6] LoggerLoad - Actual Output: 1234 Expected Output: 1234
  Then the User should get the correct output on the screen                        # stepdefinitions.CommonStepDefinitions.the_User_should_get_the_correct_output_on_the_screen()
  Given the User is on the Try Editor page through the implementation in stack page    # stepdefinitions.StackStep.the_user_is_on_the_try_editor_page_through_the_implementation_in_stack_page()
]]></system-out>
    <system-err><![CDATA[Oct 21, 2024 12:40:41 AM org.openqa.selenium.devtools.CdpVersionFinder findNearestMatch
WARNING: Unable to find an exact match for CDP version 129, returning the closest version; found: 128; Please update to a Selenium version that supports CDP version 129
Oct 21, 2024 12:40:43 AM org.openqa.selenium.devtools.CdpVersionFinder findNearestMatch
WARNING: Unable to find an exact match for CDP version 129, returning the closest version; found: 128; Please update to a Selenium version that supports CDP version 129
]]></system-err>
  </testcase>
  <testcase name="runScenario[&quot;validate the Try editor for positive input from Operations in stack page&quot;, &quot;DS Portal Stack Page Functionality&quot;](113)" classname="runner.TestRunner" time="0.789">
    <system-out><![CDATA[
@Stack @TryEditorApplicationsInStackPositive @StackTC_012
Scenario: validate the Try editor for positive input from Applications in stack page # src/test/resources/features/Stack.feature:96
  Given the User is on the Try Editor page through the implementation in stack page            # stepdefinitions.StackStep.the_user_is_on_the_try_editor_page_through_the_implementation_in_stack_page()
print hello
[INFO ] 2024-10-21 00:40:44.439 [TestNG-PoolService-8] LoggerLoad - The user is on the Login page.
  Given The User is on the login page                                              # stepdefinitions.LoginStep.the_user_is_on_the_login_page()
  When the User enters a sample code as "print hello" in the Editor section and click Run      # stepdefinitions.CommonStepDefinitions.the_user_enters_a_sample_code_as_in_the_editor_section_and_click_run(java.lang.String)
[INFO ] 2024-10-21 00:40:44.593 [TestNG-PoolService-1] LoggerLoad - actual error NameError: name 'hello' is not defined on line 1
  Then the User should get the "NameError: name 'hello' is not defined on line 1" in the alert # stepdefinitions.CommonStepDefinitions.the_user_should_get_the_in_the_alert(java.lang.String)
]]></system-out>
  </testcase>
  <testcase name="runScenario[&quot;validate the Implementation in stack page&quot;, &quot;DS Portal Stack Page Functionality&quot;](114)" classname="runner.TestRunner" time="0.089">
    <system-out><![CDATA[
@Stack @TryEditorApplicationsInStackNegative @StackTC_013
Scenario Outline: validate the Try editor for negative input from Applications in stack page   # src/test/resources/features/Stack.feature:113
]]></system-out>
  </testcase>
  <testcase name="runScenario[&quot;validate the Try editor for negative input from Operations in stack page&quot;, &quot;DS Portal Stack Page Functionality&quot;](115)" classname="runner.TestRunner" time="0.057">
    <system-out><![CDATA[
@Stack @TryEditorApplicationsInStackNegative @StackTC_013
Scenario Outline: validate the Try editor for negative input from Applications in stack page # src/test/resources/features/Stack.feature:114
The Expected results are :You are logged in
[INFO ] 2024-10-21 00:40:44.938 [TestNG-PoolService-8] LoggerLoad - User Enter Login credential with username as " DreamTeam" and password as" Dre@mTe@m123" 
]]></system-out>
  </testcase>
  <testcase name="runScenario[&quot;validate the Try here page from Implementation in stack page&quot;, &quot;DS Portal Stack Page Functionality&quot;](116)" classname="runner.TestRunner" time="0.155">
    <system-out><![CDATA[
@Stack @PracticeOperations @StackTC_014
Scenario: validate the Stack practice questions page from Operations in stack page # src/test/resources/features/Stack.feature:117
  When the User enters the following code in the Editor section and clicks Run         # stepdefinitions.CommonStepDefinitions.the_User_enters_the_following_code_in_the_Editor_section_and_clicks_Run(io.cucumber.datatable.DataTable)
    | code           | output |
    | print("Hello") | Hello  |
    | print(1234)    | 1234   |
[INFO ] 2024-10-21 00:40:45.055 [TestNG-PoolService-2] LoggerLoad - Actual Output: Hello Expected Output: Hello
[INFO ] 2024-10-21 00:40:45.055 [TestNG-PoolService-2] LoggerLoad - Actual Output: 1234 Expected Output: 1234
  Then the User should get the correct output on the screen                            # stepdefinitions.CommonStepDefinitions.the_User_should_get_the_correct_output_on_the_screen()
]]></system-out>
  </testcase>
  <testcase name="runScenario[&quot;validate the Try editor for negative input from Implementation in stack page&quot;, &quot;DS Portal Stack Page Functionality&quot;](117)" classname="runner.TestRunner" time="0.319">
    <system-out><![CDATA[
@Stack @PracticeImplementation @StackTC_015
Scenario: validate the Stack practice questions page from Implementation in stack page # src/test/resources/features/Stack.feature:123
]]></system-out>
  </testcase>
  <testcase name="runScenario[&quot;validate the Try editor for positive input from Implementation in stack page&quot;, &quot;DS Portal Stack Page Functionality&quot;](118)" classname="runner.TestRunner" time="0.223">
    <system-out><![CDATA[
@Stack @PracticeApplication @StackTC_016
Scenario: validate the Stack practice questions page from Applications of stack page # src/test/resources/features/Stack.feature:129
]]></system-out>
  </testcase>
  <testcase name="runScenario[&quot;validate the Try editor for negative input from Implementation in stack page&quot;, &quot;DS Portal Stack Page Functionality&quot;](119)" classname="runner.TestRunner" time="2.388">
    <system-out><![CDATA[
@Stack @PracticeQuestionsStackFromOperations @StackTC_017
Scenario: validate the practice questions in Stack practice page through Operations in stack page # src/test/resources/features/Stack.feature:135
  When The User enters the valid username and password "LoginCredentials"          # stepdefinitions.LoginStep.the_user_enters_the_valid_username_and_password(java.lang.String)
  Given the User is on the Try Editor page through the implementation in stack page            # stepdefinitions.StackStep.the_user_is_on_the_try_editor_page_through_the_implementation_in_stack_page()
aer234@$
[INFO ] 2024-10-21 00:40:46.269 [TestNG-PoolService-3] LoggerLoad - The user is on the Login page.
  Given The User is on the login page                                     # stepdefinitions.LoginStep.the_user_is_on_the_login_page()
  When the User enters a sample code as "aer234@$" in the Editor section and click Run         # stepdefinitions.CommonStepDefinitions.the_user_enters_a_sample_code_as_in_the_editor_section_and_click_run(java.lang.String)
  Given the user is in stack page                                                  # stepdefinitions.StackStep.the_user_is_in_stack_page()
[INFO ] 2024-10-21 00:40:46.480 [TestNG-PoolService-5] LoggerLoad - actual error SyntaxError: bad token T_OP on line 1
  Then the User should get the "SyntaxError: bad token T_OP on line 1" in the alert            # stepdefinitions.CommonStepDefinitions.the_user_should_get_the_in_the_alert(java.lang.String)
The Expected results are :You are logged in
[INFO ] 2024-10-21 00:40:46.841 [TestNG-PoolService-3] LoggerLoad - User Enter Login credential with username as " DreamTeam" and password as" Dre@mTe@m123" 
  When user clicks the Applications in Stack link under the topics covered section # stepdefinitions.StackStep.user_clicks_the_applications_in_stack_link_under_the_topics_covered_section()
  Then user views the Applications in stack page                                   # stepdefinitions.StackStep.user_views_the_applications_in_stack_page()
]]></system-out>
    <system-err><![CDATA[Oct 21, 2024 12:40:47 AM org.openqa.selenium.devtools.CdpVersionFinder findNearestMatch
WARNING: Unable to find an exact match for CDP version 129, returning the closest version; found: 128; Please update to a Selenium version that supports CDP version 129
]]></system-err>
  </testcase>
  <testcase name="runScenario[&quot;validate the Applications in stack page&quot;, &quot;DS Portal Stack Page Functionality&quot;](120)" classname="runner.TestRunner" time="9.081">
    <system-out><![CDATA[
@Stack @PracticeQuestionsStackFromImplementation @StackTC_018
Scenario: validate the practice questions in Stack practice page through Implementation in stack page # src/test/resources/features/Stack.feature:141
  When The User enters the valid username and password "LoginCredentials" # stepdefinitions.LoginStep.the_user_enters_the_valid_username_and_password(java.lang.String)
  Given the User is on the Applications in stack page                     # stepdefinitions.StackStep.the_user_is_on_the_applications_in_stack_page()
[INFO ] 2024-10-21 00:40:53.616 [TestNG-PoolService-6] LoggerLoad - The user is on the Login page.
  Given The User is on the login page                                                          # stepdefinitions.LoginStep.the_user_is_on_the_login_page()
[INFO ] 2024-10-21 00:40:53.778 [TestNG-PoolService-7] LoggerLoad - The user is on the Login page.
  Given The User is on the login page                                                # stepdefinitions.LoginStep.the_user_is_on_the_login_page()
[INFO ] 2024-10-21 00:40:53.912 [TestNG-PoolService-10] LoggerLoad - The user is on the Login page.
  Given The User is on the login page                                              # stepdefinitions.LoginStep.the_user_is_on_the_login_page()
[INFO ] 2024-10-21 00:40:53.973 [TestNG-PoolService-4] LoggerLoad - The user is on the Login page.
  Given The User is on the login page                                                  # stepdefinitions.LoginStep.the_user_is_on_the_login_page()
The Expected results are :You are logged in
[INFO ] 2024-10-21 00:40:54.292 [TestNG-PoolService-6] LoggerLoad - User Enter Login credential with username as " DreamTeam" and password as" Dre@mTe@m123" 
The Expected results are :You are logged in
[INFO ] 2024-10-21 00:40:54.424 [TestNG-PoolService-7] LoggerLoad - User Enter Login credential with username as " DreamTeam" and password as" Dre@mTe@m123" 
The Expected results are :You are logged in
[INFO ] 2024-10-21 00:40:54.594 [TestNG-PoolService-10] LoggerLoad - User Enter Login credential with username as " DreamTeam" and password as" Dre@mTe@m123" 
[INFO ] 2024-10-21 00:40:54.654 [TestNG-PoolService-9] LoggerLoad - The user is on the Login page.
  Given The User is on the login page                                                        # stepdefinitions.LoginStep.the_user_is_on_the_login_page()
The Expected results are :You are logged in
[INFO ] 2024-10-21 00:40:54.697 [TestNG-PoolService-4] LoggerLoad - User Enter Login credential with username as " DreamTeam" and password as" Dre@mTe@m123" 
[INFO ] 2024-10-21 00:40:55.239 [TestNG-PoolService-1] LoggerLoad - The user is on the Login page.
  Given The User is on the login page                                                # stepdefinitions.LoginStep.the_user_is_on_the_login_page()
The Expected results are :You are logged in
[INFO ] 2024-10-21 00:40:55.773 [TestNG-PoolService-1] LoggerLoad - User Enter Login credential with username as " DreamTeam" and password as" Dre@mTe@m123" 
  When The User enters the valid username and password "LoginCredentials"                      # stepdefinitions.LoginStep.the_user_enters_the_valid_username_and_password(java.lang.String)
The Expected results are :You are logged in
[INFO ] 2024-10-21 00:40:55.807 [TestNG-PoolService-9] LoggerLoad - User Enter Login credential with username as " DreamTeam" and password as" Dre@mTe@m123" 
  When the User clicks the Try here in Applications in stack Page         # stepdefinitions.StackStep.the_user_clicks_the_try_here_in_applications_in_stack_page()
  Then the User should get navigated to the Try Editor Page               # stepdefinitions.CommonStepDefinitions.the_user_should_get_navigated_to_the_try_editor_page()
  When The User enters the valid username and password "LoginCredentials"          # stepdefinitions.LoginStep.the_user_enters_the_valid_username_and_password(java.lang.String)
  When The User enters the valid username and password "LoginCredentials"              # stepdefinitions.LoginStep.the_user_enters_the_valid_username_and_password(java.lang.String)
[INFO ] 2024-10-21 00:40:56.278 [TestNG-PoolService-2] LoggerLoad - The user is on the Login page.
  Given The User is on the login page                                                             # stepdefinitions.LoginStep.the_user_is_on_the_login_page()
  When The User enters the valid username and password "LoginCredentials"            # stepdefinitions.LoginStep.the_user_enters_the_valid_username_and_password(java.lang.String)
The Expected results are :You are logged in
[INFO ] 2024-10-21 00:40:56.901 [TestNG-PoolService-2] LoggerLoad - User Enter Login credential with username as " DreamTeam" and password as" Dre@mTe@m123" 
  When The User enters the valid username and password "LoginCredentials"            # stepdefinitions.LoginStep.the_user_enters_the_valid_username_and_password(java.lang.String)
]]></system-out>
    <system-err><![CDATA[Oct 21, 2024 12:40:49 AM org.openqa.selenium.devtools.CdpVersionFinder findNearestMatch
WARNING: Unable to find an exact match for CDP version 129, returning the closest version; found: 128; Please update to a Selenium version that supports CDP version 129
Oct 21, 2024 12:40:50 AM org.openqa.selenium.devtools.CdpVersionFinder findNearestMatch
WARNING: Unable to find an exact match for CDP version 129, returning the closest version; found: 128; Please update to a Selenium version that supports CDP version 129
Oct 21, 2024 12:40:50 AM org.openqa.selenium.devtools.CdpVersionFinder findNearestMatch
WARNING: Unable to find an exact match for CDP version 129, returning the closest version; found: 128; Please update to a Selenium version that supports CDP version 129
Oct 21, 2024 12:40:50 AM org.openqa.selenium.devtools.CdpVersionFinder findNearestMatch
WARNING: Unable to find an exact match for CDP version 129, returning the closest version; found: 128; Please update to a Selenium version that supports CDP version 129
Oct 21, 2024 12:40:52 AM org.openqa.selenium.devtools.CdpVersionFinder findNearestMatch
WARNING: Unable to find an exact match for CDP version 129, returning the closest version; found: 128; Please update to a Selenium version that supports CDP version 129
Oct 21, 2024 12:40:52 AM org.openqa.selenium.devtools.CdpVersionFinder findNearestMatch
WARNING: Unable to find an exact match for CDP version 129, returning the closest version; found: 128; Please update to a Selenium version that supports CDP version 129
Oct 21, 2024 12:40:56 AM org.openqa.selenium.devtools.CdpVersionFinder findNearestMatch
WARNING: Unable to find an exact match for CDP version 129, returning the closest version; found: 128; Please update to a Selenium version that supports CDP version 129
]]></system-err>
  </testcase>
  <testcase name="runScenario[&quot;validate the Try here page from Applications in stack page&quot;, &quot;DS Portal Stack Page Functionality&quot;](121)" classname="runner.TestRunner" time="2.351">
    <system-out><![CDATA[
@Stack @PracticeQuestionsStackFromApplication @StackTC_019
Scenario: validate the practice questions in Stack practice page through Applications in stack page # src/test/resources/features/Stack.feature:147
  Given the User is on the Implementation in stack page                                # stepdefinitions.StackStep.the_user_is_on_the_implementation_in_stack_page()
  Given the User is on the Operations in stack page                                # stepdefinitions.StackStep.the_user_is_on_the_operations_in_stack_page()
  When The User enters the valid username and password "LoginCredentials"                    # stepdefinitions.LoginStep.the_user_enters_the_valid_username_and_password(java.lang.String)
  When the User clicks the Practice Questions link in Implementation in stack Page     # stepdefinitions.StackStep.the_user_clicks_the_practice_questions_link_in_implementation_in_stack_page()
  Then the User should get navigated to the Stack Practice Questions Page              # stepdefinitions.StackStep.the_user_should_get_navigated_to_the_stack_practice_questions_page()
  Given the User is on the Applications in stack page                                # stepdefinitions.StackStep.the_user_is_on_the_applications_in_stack_page()
  When The User enters the valid username and password "LoginCredentials"                         # stepdefinitions.LoginStep.the_user_enters_the_valid_username_and_password(java.lang.String)
  When the User clicks the Practice Questions link in Operations in stack Page     # stepdefinitions.StackStep.the_user_clicks_the_practice_questions_link_in_operations_in_stack_page()
  Then the User should get navigated to the Stack Practice Questions Page          # stepdefinitions.StackStep.the_user_should_get_navigated_to_the_stack_practice_questions_page()
  When the User clicks the Practice Questions link in Applications in stack Page     # stepdefinitions.StackStep.the_user_clicks_the_practice_questions_link_in_applications_in_stack_page()
  Then the User should get navigated to the Stack Practice Questions Page            # stepdefinitions.StackStep.the_user_should_get_navigated_to_the_stack_practice_questions_page()
[INFO ] 2024-10-21 00:40:59.448 [TestNG-PoolService-5] LoggerLoad - The user is on the Login page.
  Given The User is on the login page                                                                 # stepdefinitions.LoginStep.the_user_is_on_the_login_page()
]]></system-out>
  </testcase>
  <testcase name="runScenario[&quot;validate the Stack practice questions page from Implementation in stack page&quot;, &quot;DS Portal Stack Page Functionality&quot;](122)" classname="runner.TestRunner" time="0.829">
    <system-out><![CDATA[
@Tree @TreeGetStarted @TreeTC_001
Scenario: Validate the Tree Module page by clicking Get Started           # src/test/resources/features/Tree.feature:9
  Given the User is on the Operations in stack page                                               # stepdefinitions.StackStep.the_user_is_on_the_operations_in_stack_page()
The Expected results are :You are logged in
[INFO ] 2024-10-21 00:41:00.018 [TestNG-PoolService-5] LoggerLoad - User Enter Login credential with username as " DreamTeam" and password as" Dre@mTe@m123" 
]]></system-out>
  </testcase>
  <testcase name="runScenario[&quot;validate the Stack practice questions page from Operations in stack page&quot;, &quot;DS Portal Stack Page Functionality&quot;](123)" classname="runner.TestRunner" time="0.02"/>
  <testcase name="runScenario[&quot;validate the Stack practice questions page from Applications of stack page&quot;, &quot;DS Portal Stack Page Functionality&quot;](124)" classname="runner.TestRunner" time="0.151">
    <system-out><![CDATA[
@Tree @TreeOverviewtrees @TreeTC_002
Scenario: Validate the Tree Module Page Overview of Trees link            # src/test/resources/features/Tree.feature:15

@Tree @OverviewTreesTryhere @TreeTC_003
Scenario: Validate  the Overview of Trees Try here                        # src/test/resources/features/Tree.feature:20
  When the User clicks the Practice Questions link in Operations in stack Page                    # stepdefinitions.StackStep.the_user_clicks_the_practice_questions_link_in_operations_in_stack_page()
]]></system-out>
  </testcase>
  <testcase name="runScenario[&quot;validate the Try editor for negative input from Applications in stack page&quot;, &quot;DS Portal Stack Page Functionality&quot;](125)" classname="runner.TestRunner" time="2.013">
    <system-out><![CDATA[  Given the User is on the Try Editor page through the applications in stack page              # stepdefinitions.StackStep.the_user_is_on_the_try_editor_page_through_the_applications_in_stack_page()
print hello

@Tree @OverviewTreesTryeditor @TreeTC_004
Scenario: validate the Try editor for positive input from Overview of Trees page # src/test/resources/features/Tree.feature:26
  Given the User is on the Try Editor page through the applications in stack page    # stepdefinitions.StackStep.the_user_is_on_the_try_editor_page_through_the_applications_in_stack_page()
  When The User enters the valid username and password "LoginCredentials"                             # stepdefinitions.LoginStep.the_user_enters_the_valid_username_and_password(java.lang.String)
  When the User enters a sample code as "print hello" in the Editor section and click Run      # stepdefinitions.CommonStepDefinitions.the_user_enters_a_sample_code_as_in_the_editor_section_and_click_run(java.lang.String)
[INFO ] 2024-10-21 00:41:01.735 [TestNG-PoolService-6] LoggerLoad - actual error NameError: name 'hello' is not defined on line 1
  Then the User should get the "NameError: name 'hello' is not defined on line 1" in the alert # stepdefinitions.CommonStepDefinitions.the_user_should_get_the_in_the_alert(java.lang.String)
  Given the User is on the Try Editor page through the applications in stack page            # stepdefinitions.StackStep.the_user_is_on_the_try_editor_page_through_the_applications_in_stack_page()
aer234@$
  When the User enters a sample code as "aer234@$" in the Editor section and click Run       # stepdefinitions.CommonStepDefinitions.the_user_enters_a_sample_code_as_in_the_editor_section_and_click_run(java.lang.String)
[INFO ] 2024-10-21 00:41:02.554 [TestNG-PoolService-9] LoggerLoad - actual error SyntaxError: bad token T_OP on line 1
  Then the User should get the "SyntaxError: bad token T_OP on line 1" in the alert          # stepdefinitions.CommonStepDefinitions.the_user_should_get_the_in_the_alert(java.lang.String)
]]></system-out>
    <system-err><![CDATA[Oct 21, 2024 12:41:01 AM org.openqa.selenium.devtools.CdpVersionFinder findNearestMatch
WARNING: Unable to find an exact match for CDP version 129, returning the closest version; found: 128; Please update to a Selenium version that supports CDP version 129
]]></system-err>
  </testcase>
  <testcase name="runScenario[&quot;validate the Try editor for negative input from Applications in stack page&quot;, &quot;DS Portal Stack Page Functionality&quot;](126)" classname="runner.TestRunner" time="1.273">
    <system-out><![CDATA[
@Tree @OverviewTreesTryeditorNegative @TreeTC_005
Scenario Outline: validate the Try editor for negative input from Overview of Trees page       # src/test/resources/features/Tree.feature:43
]]></system-out>
    <system-err><![CDATA[Oct 21, 2024 12:41:03 AM org.openqa.selenium.devtools.CdpVersionFinder findNearestMatch
WARNING: Unable to find an exact match for CDP version 129, returning the closest version; found: 128; Please update to a Selenium version that supports CDP version 129
]]></system-err>
  </testcase>
  <testcase name="runScenario[&quot;validate the Try editor for positive input from Applications in stack page&quot;, &quot;DS Portal Stack Page Functionality&quot;](127)" classname="runner.TestRunner" time="2.424">
    <system-out><![CDATA[
@Tree @OverviewTreesTryeditorNegative @TreeTC_005
Scenario Outline: validate the Try editor for negative input from Overview of Trees page # src/test/resources/features/Tree.feature:44
  When the User enters the following code in the Editor section and clicks Run       # stepdefinitions.CommonStepDefinitions.the_User_enters_the_following_code_in_the_Editor_section_and_clicks_Run(io.cucumber.datatable.DataTable)
    | code           | output |
    | print("Hello") | Hello  |
    | print(1234)    | 1234   |
[INFO ] 2024-10-21 00:41:04.478 [TestNG-PoolService-7] LoggerLoad - Actual Output: Hello Expected Output: Hello
[INFO ] 2024-10-21 00:41:04.478 [TestNG-PoolService-7] LoggerLoad - Actual Output: 1234 Expected Output: 1234
  Then the User should get the correct output on the screen                          # stepdefinitions.CommonStepDefinitions.the_User_should_get_the_correct_output_on_the_screen()
]]></system-out>
    <system-err><![CDATA[Oct 21, 2024 12:41:04 AM org.openqa.selenium.devtools.CdpVersionFinder findNearestMatch
WARNING: Unable to find an exact match for CDP version 129, returning the closest version; found: 128; Please update to a Selenium version that supports CDP version 129
Oct 21, 2024 12:41:05 AM org.openqa.selenium.devtools.CdpVersionFinder findNearestMatch
WARNING: Unable to find an exact match for CDP version 129, returning the closest version; found: 128; Please update to a Selenium version that supports CDP version 129
Oct 21, 2024 12:41:05 AM org.openqa.selenium.devtools.CdpVersionFinder findNearestMatch
WARNING: Unable to find an exact match for CDP version 129, returning the closest version; found: 128; Please update to a Selenium version that supports CDP version 129
]]></system-err>
  </testcase>
  <testcase name="runScenario[&quot;validate the practice questions in Stack practice page through Operations in stack page&quot;, &quot;DS Portal Stack Page Functionality&quot;](128)" classname="runner.TestRunner" time="8.273">
    <failure message="No questions found" type="java.lang.AssertionError"><![CDATA[java.lang.AssertionError: No questions found
	at org.testng.Assert.fail(Assert.java:111)
	at stepdefinitions.StackStep.the_user_should_view_the_practice_questions_of_stack(StackStep.java:164)
	at ✽.the User should view the practice questions of stack(file:///C:/Users/Palanivel/eclipse-workspace/asta_dsalgoBDD/./src/test/resources/features/Stack.feature:138)
]]></failure>
    <system-out><![CDATA[
@Tree @OverviewTreesPracques @TreeTC_006
Scenario: Validate the Overview of Trees page Practice Questions          # src/test/resources/features/Tree.feature:47
  Then the User should view the practice questions of stack                                       # stepdefinitions.StackStep.the_user_should_view_the_practice_questions_of_stack()
      java.lang.AssertionError: No questions found
	at org.testng.Assert.fail(Assert.java:111)
	at stepdefinitions.StackStep.the_user_should_view_the_practice_questions_of_stack(StackStep.java:164)
	at âœ½.the User should view the practice questions of stack(file:///C:/Users/Palanivel/eclipse-workspace/asta_dsalgoBDD/./src/test/resources/features/Stack.feature:138)


    Embedding validate the practice questions in Stack practice page through Operations in stack page [image/png 14881 bytes]

  Given the User is on the Implementation in stack page                                               # stepdefinitions.StackStep.the_user_is_on_the_implementation_in_stack_page()
[INFO ] 2024-10-21 00:41:11.785 [TestNG-PoolService-4] LoggerLoad - The user is on the Login page.
  Given The User is on the login page                                     # stepdefinitions.LoginStep.the_user_is_on_the_login_page()
  When the User clicks the Practice Questions link in Implementation in stack Page                    # stepdefinitions.StackStep.the_user_clicks_the_practice_questions_link_in_implementation_in_stack_page()
The Expected results are :You are logged in
[INFO ] 2024-10-21 00:41:12.706 [TestNG-PoolService-4] LoggerLoad - User Enter Login credential with username as " DreamTeam" and password as" Dre@mTe@m123" 
]]></system-out>
    <system-err><![CDATA[Oct 21, 2024 12:41:07 AM org.openqa.selenium.devtools.CdpVersionFinder findNearestMatch
WARNING: Unable to find an exact match for CDP version 129, returning the closest version; found: 128; Please update to a Selenium version that supports CDP version 129
Oct 21, 2024 12:41:08 AM org.openqa.selenium.devtools.CdpVersionFinder findNearestMatch
WARNING: Unable to find an exact match for CDP version 129, returning the closest version; found: 128; Please update to a Selenium version that supports CDP version 129
Oct 21, 2024 12:41:09 AM org.openqa.selenium.devtools.CdpVersionFinder findNearestMatch
WARNING: Unable to find an exact match for CDP version 129, returning the closest version; found: 128; Please update to a Selenium version that supports CDP version 129
]]></system-err>
  </testcase>
  <testcase name="runScenario[&quot;Validate the Tree Module Page Overview of Trees link&quot;, &quot;Ds Portal Tree Page Functionality&quot;](129)" classname="runner.TestRunner" time="3.418">
    <system-out><![CDATA[
@Tree @TreeTerminologies @TreeTC_007
Scenario: Validate the Tree Module Page Terminologies link                # src/test/resources/features/Tree.feature:53
[INFO ] 2024-10-21 00:41:14.725 [TestNG-PoolService-10] LoggerLoad - The user is on the Login page.
  Given The User is on the login page                                     # stepdefinitions.LoginStep.the_user_is_on_the_login_page()
[INFO ] 2024-10-21 00:41:15.068 [TestNG-PoolService-8] LoggerLoad - The user is on the Login page.
  Given The User is on the login page                                                               # stepdefinitions.LoginStep.the_user_is_on_the_login_page()
  When The User enters the valid username and password "LoginCredentials" # stepdefinitions.LoginStep.the_user_enters_the_valid_username_and_password(java.lang.String)
The Expected results are :You are logged in
[INFO ] 2024-10-21 00:41:15.506 [TestNG-PoolService-10] LoggerLoad - User Enter Login credential with username as " DreamTeam" and password as" Dre@mTe@m123" 
[INFO ] 2024-10-21 00:41:15.658 [TestNG-PoolService-3] LoggerLoad - The user is on the Login page.
  Given The User is on the login page                                     # stepdefinitions.LoginStep.the_user_is_on_the_login_page()
[INFO ] 2024-10-21 00:41:15.672 [TestNG-PoolService-9] LoggerLoad - The user is on the Login page.
  Given The User is on the login page                                                    # stepdefinitions.LoginStep.the_user_is_on_the_login_page()
The Expected results are :You are logged in
[INFO ] 2024-10-21 00:41:15.806 [TestNG-PoolService-8] LoggerLoad - User Enter Login credential with username as " DreamTeam" and password as" Dre@mTe@m123" 
[INFO ] 2024-10-21 00:41:15.886 [TestNG-PoolService-1] LoggerLoad - The user is on the Login page.
  Given The User is on the login page                                            # stepdefinitions.LoginStep.the_user_is_on_the_login_page()
[INFO ] 2024-10-21 00:41:16.016 [TestNG-PoolService-7] LoggerLoad - The user is on the Login page.
  Given The User is on the login page                                     # stepdefinitions.LoginStep.the_user_is_on_the_login_page()
[INFO ] 2024-10-21 00:41:16.155 [TestNG-PoolService-6] LoggerLoad - The user is on the Login page.
  Given The User is on the login page                                                          # stepdefinitions.LoginStep.the_user_is_on_the_login_page()
The Expected results are :You are logged in
[INFO ] 2024-10-21 00:41:16.343 [TestNG-PoolService-3] LoggerLoad - User Enter Login credential with username as " DreamTeam" and password as" Dre@mTe@m123" 
[INFO ] 2024-10-21 00:41:16.345 [TestNG-PoolService-4] LoggerLoad - You are in Tree page.
  Given user is on the Tree module page                                   # stepdefinitions.TreeStep.user_is_on_the_tree_module_page()
The Expected results are :You are logged in
[INFO ] 2024-10-21 00:41:16.404 [TestNG-PoolService-9] LoggerLoad - User Enter Login credential with username as " DreamTeam" and password as" Dre@mTe@m123" 
The Expected results are :You are logged in
[INFO ] 2024-10-21 00:41:16.471 [TestNG-PoolService-1] LoggerLoad - User Enter Login credential with username as " DreamTeam" and password as" Dre@mTe@m123" 
The Expected results are :You are logged in
[INFO ] 2024-10-21 00:41:16.588 [TestNG-PoolService-7] LoggerLoad - User Enter Login credential with username as " DreamTeam" and password as" Dre@mTe@m123" 
The Expected results are :You are logged in
[INFO ] 2024-10-21 00:41:16.768 [TestNG-PoolService-6] LoggerLoad - User Enter Login credential with username as " DreamTeam" and password as" Dre@mTe@m123" 
  When The User enters the valid username and password "LoginCredentials" # stepdefinitions.LoginStep.the_user_enters_the_valid_username_and_password(java.lang.String)
  When The User enters the valid username and password "LoginCredentials"                           # stepdefinitions.LoginStep.the_user_enters_the_valid_username_and_password(java.lang.String)
  When user clicked the overview of Trees link                            # stepdefinitions.TreeStep.user_clicked_the_overview_of_trees_link()
  When The User enters the valid username and password "LoginCredentials"                # stepdefinitions.LoginStep.the_user_enters_the_valid_username_and_password(java.lang.String)
  When The User enters the valid username and password "LoginCredentials" # stepdefinitions.LoginStep.the_user_enters_the_valid_username_and_password(java.lang.String)
  When The User enters the valid username and password "LoginCredentials" # stepdefinitions.LoginStep.the_user_enters_the_valid_username_and_password(java.lang.String)
  When The User enters the valid username and password "LoginCredentials"        # stepdefinitions.LoginStep.the_user_enters_the_valid_username_and_password(java.lang.String)
  When The User enters the valid username and password "LoginCredentials"                      # stepdefinitions.LoginStep.the_user_enters_the_valid_username_and_password(java.lang.String)
]]></system-out>
  </testcase>
  <testcase name="runScenario[&quot;Validate the Tree Module page by clicking Get Started&quot;, &quot;Ds Portal Tree Page Functionality&quot;](130)" classname="runner.TestRunner" time="2.106">
    <system-out><![CDATA[
@Tree @TerminologiesTryhere @TreeTC_008
Scenario: Validate the Terminologies Try here                             # src/test/resources/features/Tree.feature:59
[INFO ] 2024-10-21 00:41:18.208 [TestNG-PoolService-3] LoggerLoad - You are in NumpyNinjahome page.
  Given the user is in homepage and logged in                             # stepdefinitions.CommonStepDefinitions.the_user_is_in_homepage_and_logged_in()
  Given the User is on the Applications in stack page                                               # stepdefinitions.StackStep.the_user_is_on_the_applications_in_stack_page()
[INFO ] 2024-10-21 00:41:19.154 [TestNG-PoolService-10] LoggerLoad - You are in Overview of Trees page.
  Given user is on the Overview of Trees Page                             # stepdefinitions.TreeStep.user_is_on_the_overview_of_trees_page()
  When user clicked on the Tree Get Started link button                   # stepdefinitions.TreeStep.user_clicked_on_the_tree_get_started_link_button()
[INFO ] 2024-10-21 00:41:19.635 [TestNG-PoolService-3] LoggerLoad - You are viewing the Tree page.
  Then user is able to view the Tree Module Page                          # stepdefinitions.TreeStep.user_is_able_to_view_the_Tree_module_page()
  When the User clicks the Practice Questions link in Applications in stack Page                    # stepdefinitions.StackStep.the_user_clicks_the_practice_questions_link_in_applications_in_stack_page()
[INFO ] 2024-10-21 00:41:20.021 [TestNG-PoolService-7] LoggerLoad - You are in Overview of Trees page.
  Given user is on the Overview of Trees Page                             # stepdefinitions.TreeStep.user_is_on_the_overview_of_trees_page()
]]></system-out>
    <system-err><![CDATA[Oct 21, 2024 12:41:19 AM org.openqa.selenium.devtools.CdpVersionFinder findNearestMatch
WARNING: Unable to find an exact match for CDP version 129, returning the closest version; found: 128; Please update to a Selenium version that supports CDP version 129
]]></system-err>
  </testcase>
  <testcase name="runScenario[&quot;Validate  the Overview of Trees Try here&quot;, &quot;Ds Portal Tree Page Functionality&quot;](131)" classname="runner.TestRunner" time="4.66">
    <system-out><![CDATA[
@Tree @TerminologiesTryEditor @TreeTC_009
Scenario: validate the Try editor for positive input from Terminologies page   # src/test/resources/features/Tree.feature:65
  When user clicked the Practice Questions from Overview of Trees page    # stepdefinitions.TreeStep.user_clicked_the_practice_questions_from_overview_of_trees_page()
  When user clicked the Try here link from the Overview of Trees Page     # stepdefinitions.TreeStep.user_clicked_the_try_here_link_from_the_overview_of_trees_page()
  Then the User should view the practice questions of stack                                           # stepdefinitions.StackStep.the_user_should_view_the_practice_questions_of_stack()
      java.lang.AssertionError: No questions found
	at org.testng.Assert.fail(Assert.java:111)
	at stepdefinitions.StackStep.the_user_should_view_the_practice_questions_of_stack(StackStep.java:164)
	at âœ½.the User should view the practice questions of stack(file:///C:/Users/Palanivel/eclipse-workspace/asta_dsalgoBDD/./src/test/resources/features/Stack.feature:144)

  Then the User should get navigated to the Try Editor Page               # stepdefinitions.CommonStepDefinitions.the_user_should_get_navigated_to_the_try_editor_page()

    Embedding validate the practice questions in Stack practice page through Implementation in stack page [image/png 14881 bytes]

[INFO ] 2024-10-21 00:41:23.486 [TestNG-PoolService-9] LoggerLoad - You are in Assessment page.
  Given the User is on the Try Editor page from Overview of Trees link                   # stepdefinitions.TreeStep.the_user_is_on_the_try_editor_page_from_overview_of_trees_link()
aer234@$
[INFO ] 2024-10-21 00:41:23.515 [TestNG-PoolService-2] LoggerLoad - The user is on the Login page.
  Given The User is on the login page                                     # stepdefinitions.LoginStep.the_user_is_on_the_login_page()
[INFO ] 2024-10-21 00:41:23.538 [TestNG-PoolService-6] LoggerLoad - You are in Assessment page.
  Given the User is on the Try Editor page from Overview of Trees link                         # stepdefinitions.TreeStep.the_user_is_on_the_try_editor_page_from_overview_of_trees_link()
print hello
The Expected results are :You are logged in
[INFO ] 2024-10-21 00:41:24.166 [TestNG-PoolService-2] LoggerLoad - User Enter Login credential with username as " DreamTeam" and password as" Dre@mTe@m123" 
  When the User enters a sample code as "aer234@$" in the Editor section and click Run   # stepdefinitions.CommonStepDefinitions.the_user_enters_a_sample_code_as_in_the_editor_section_and_click_run(java.lang.String)
[INFO ] 2024-10-21 00:41:24.273 [TestNG-PoolService-9] LoggerLoad - actual error SyntaxError: bad token T_OP on line 1
  Then the User should get the "SyntaxError: bad token T_OP on line 1" in the alert      # stepdefinitions.CommonStepDefinitions.the_user_should_get_the_in_the_alert(java.lang.String)
[INFO ] 2024-10-21 00:41:24.297 [TestNG-PoolService-1] LoggerLoad - You are in Assessment page.
  Given the User is on the Try Editor page from Overview of Trees link           # stepdefinitions.TreeStep.the_user_is_on_the_try_editor_page_from_overview_of_trees_link()
  When the User enters a sample code as "print hello" in the Editor section and click Run      # stepdefinitions.CommonStepDefinitions.the_user_enters_a_sample_code_as_in_the_editor_section_and_click_run(java.lang.String)
[INFO ] 2024-10-21 00:41:24.754 [TestNG-PoolService-6] LoggerLoad - actual error NameError: name 'hello' is not defined on line 1
  Then the User should get the "NameError: name 'hello' is not defined on line 1" in the alert # stepdefinitions.CommonStepDefinitions.the_user_should_get_the_in_the_alert(java.lang.String)
]]></system-out>
    <system-err><![CDATA[Oct 21, 2024 12:41:23 AM org.openqa.selenium.devtools.CdpVersionFinder findNearestMatch
WARNING: Unable to find an exact match for CDP version 129, returning the closest version; found: 128; Please update to a Selenium version that supports CDP version 129
Oct 21, 2024 12:41:24 AM org.openqa.selenium.devtools.CdpVersionFinder findNearestMatch
WARNING: Unable to find an exact match for CDP version 129, returning the closest version; found: 128; Please update to a Selenium version that supports CDP version 129
]]></system-err>
  </testcase>
  <testcase name="runScenario[&quot;validate the practice questions in Stack practice page through Implementation in stack page&quot;, &quot;DS Portal Stack Page Functionality&quot;](132)" classname="runner.TestRunner" time="0.576">
    <failure message="No questions found" type="java.lang.AssertionError"><![CDATA[java.lang.AssertionError: No questions found
	at org.testng.Assert.fail(Assert.java:111)
	at stepdefinitions.StackStep.the_user_should_view_the_practice_questions_of_stack(StackStep.java:164)
	at ✽.the User should view the practice questions of stack(file:///C:/Users/Palanivel/eclipse-workspace/asta_dsalgoBDD/./src/test/resources/features/Stack.feature:144)
]]></failure>
    <system-out><![CDATA[
@Tree @TerminologiesTryEditorNegative @TreeTC_010
Scenario Outline: validate the Try editor for negative input from Terminologies page           # src/test/resources/features/Tree.feature:82
]]></system-out>
  </testcase>
  <testcase name="runScenario[&quot;validate the Try editor for negative input from Overview of Trees page&quot;, &quot;Ds Portal Tree Page Functionality&quot;](133)" classname="runner.TestRunner" time="0.091">
    <system-out><![CDATA[
@Tree @TerminologiesTryEditorNegative @TreeTC_010
Scenario Outline: validate the Try editor for negative input from Terminologies page   # src/test/resources/features/Tree.feature:83
]]></system-out>
  </testcase>
  <testcase name="runScenario[&quot;validate the Try editor for negative input from Overview of Trees page&quot;, &quot;Ds Portal Tree Page Functionality&quot;](134)" classname="runner.TestRunner" time="0.001"/>
  <testcase name="runScenario[&quot;validate the Try editor for positive input from Overview of Trees page&quot;, &quot;Ds Portal Tree Page Functionality&quot;](135)" classname="runner.TestRunner" time="1.083">
    <system-out><![CDATA[
@Tree @TerminologiesPracQues @TreeTC_011
Scenario: Validate the Terminologies page Practice Questions              # src/test/resources/features/Tree.feature:86

@Tree @TreeTypesTrees @TreeTC_012
Scenario: Validate the Tree Module Page Types of Trees link               # src/test/resources/features/Tree.feature:92
  When The User enters the valid username and password "LoginCredentials" # stepdefinitions.LoginStep.the_user_enters_the_valid_username_and_password(java.lang.String)
[INFO ] 2024-10-21 00:41:25.769 [TestNG-PoolService-4] LoggerLoad - The user is on the Login page.
  Given The User is on the login page                                     # stepdefinitions.LoginStep.the_user_is_on_the_login_page()
The Expected results are :You are logged in
[INFO ] 2024-10-21 00:41:26.244 [TestNG-PoolService-4] LoggerLoad - User Enter Login credential with username as " DreamTeam" and password as" Dre@mTe@m123" 
  When the User enters the following code in the Editor section and clicks Run   # stepdefinitions.CommonStepDefinitions.the_User_enters_the_following_code_in_the_Editor_section_and_clicks_Run(io.cucumber.datatable.DataTable)
    | code           | output |
    | print("Hello") | Hello  |
    | print(1234)    | 1234   |
[INFO ] 2024-10-21 00:41:26.282 [TestNG-PoolService-1] LoggerLoad - Actual Output: Hello Expected Output: Hello
[INFO ] 2024-10-21 00:41:26.282 [TestNG-PoolService-1] LoggerLoad - Actual Output: 1234 Expected Output: 1234
  Then the User should get the correct output on the screen                      # stepdefinitions.CommonStepDefinitions.the_User_should_get_the_correct_output_on_the_screen()
]]></system-out>
  </testcase>
  <testcase name="runScenario[&quot;Validate the Tree Module Page Terminologies link&quot;, &quot;Ds Portal Tree Page Functionality&quot;](136)" classname="runner.TestRunner" time="8.372">
    <system-out><![CDATA[
@Tree @TypeTreesTryhere @TreeTC_013
Scenario: Validate the  Type of Trees Try here                            # src/test/resources/features/Tree.feature:98
[INFO ] 2024-10-21 00:41:27.222 [TestNG-PoolService-2] LoggerLoad - You are in Tree page.
  Given user is on the Tree module page                                   # stepdefinitions.TreeStep.user_is_on_the_tree_module_page()
[INFO ] 2024-10-21 00:41:27.235 [TestNG-PoolService-3] LoggerLoad - The user is on the Login page.
  Given The User is on the login page                                          # stepdefinitions.LoginStep.the_user_is_on_the_login_page()
  When The User enters the valid username and password "LoginCredentials" # stepdefinitions.LoginStep.the_user_enters_the_valid_username_and_password(java.lang.String)
The Expected results are :You are logged in
[INFO ] 2024-10-21 00:41:27.824 [TestNG-PoolService-3] LoggerLoad - User Enter Login credential with username as " DreamTeam" and password as" Dre@mTe@m123" 
  When user clicked Terminologies link on the Tree Module page            # stepdefinitions.TreeStep.user_clicked_terminologies_link_on_the_tree_module_page()
[INFO ] 2024-10-21 00:41:28.517 [TestNG-PoolService-2] LoggerLoad - You are viewing the Terminologies page.
  Then user is able to view the Terminologies linked page                 # stepdefinitions.TreeStep.user_is_able_to_view_the_terminologies_linked_page()
[INFO ] 2024-10-21 00:41:29.971 [TestNG-PoolService-4] LoggerLoad - You are in Terminologies page.
  Given user is on the Terminologies page                                 # stepdefinitions.TreeStep.user_is_on_the_terminologies_page()
  When The User enters the valid username and password "LoginCredentials"      # stepdefinitions.LoginStep.the_user_enters_the_valid_username_and_password(java.lang.String)
  Then the User should view the practice questions of stack                                         # stepdefinitions.StackStep.the_user_should_view_the_practice_questions_of_stack()
      java.lang.AssertionError: No questions found
	at org.testng.Assert.fail(Assert.java:111)
	at stepdefinitions.StackStep.the_user_should_view_the_practice_questions_of_stack(StackStep.java:164)
	at âœ½.the User should view the practice questions of stack(file:///C:/Users/Palanivel/eclipse-workspace/asta_dsalgoBDD/./src/test/resources/features/Stack.feature:150)


    Embedding validate the practice questions in Stack practice page through Applications in stack page [image/png 14881 bytes]

  Then user should view the Practice Questions of Tree                    # stepdefinitions.TreeStep.user_should_view_the_Practice_Questions_of_Tree()
      java.lang.AssertionError: No questions found
	at org.testng.Assert.fail(Assert.java:111)
	at stepdefinitions.TreeStep.user_should_view_the_Practice_Questions_of_Tree(TreeStep.java:81)
	at âœ½.user should view the Practice Questions of Tree(file:///C:/Users/Palanivel/eclipse-workspace/asta_dsalgoBDD/./src/test/resources/features/Tree.feature:50)


    Embedding Validate the Overview of Trees page Practice Questions [image/png 14881 bytes]

[INFO ] 2024-10-21 00:41:32.735 [TestNG-PoolService-5] LoggerLoad - The user is on the Login page.
  Given The User is on the login page                                                  # stepdefinitions.LoginStep.the_user_is_on_the_login_page()
  When user clicked the Try here on the Terminologies page                # stepdefinitions.TreeStep.user_clicked_the_try_here_on_the_terminologies_page()
  Then the User should get navigated to the Try Editor Page               # stepdefinitions.CommonStepDefinitions.the_user_should_get_navigated_to_the_try_editor_page()
[INFO ] 2024-10-21 00:41:33.410 [TestNG-PoolService-10] LoggerLoad - The user is on the Login page.
  Given The User is on the login page                                                          # stepdefinitions.LoginStep.the_user_is_on_the_login_page()
The Expected results are :You are logged in
[INFO ] 2024-10-21 00:41:33.493 [TestNG-PoolService-5] LoggerLoad - User Enter Login credential with username as " DreamTeam" and password as" Dre@mTe@m123" 
The Expected results are :You are logged in
[INFO ] 2024-10-21 00:41:34.115 [TestNG-PoolService-10] LoggerLoad - User Enter Login credential with username as " DreamTeam" and password as" Dre@mTe@m123" 
[INFO ] 2024-10-21 00:41:34.328 [TestNG-PoolService-9] LoggerLoad - The user is on the Login page.
  Given The User is on the login page                                     # stepdefinitions.LoginStep.the_user_is_on_the_login_page()
[INFO ] 2024-10-21 00:41:34.663 [TestNG-PoolService-6] LoggerLoad - The user is on the Login page.
  Given The User is on the login page                                     # stepdefinitions.LoginStep.the_user_is_on_the_login_page()
  When The User enters the valid username and password "LoginCredentials"              # stepdefinitions.LoginStep.the_user_enters_the_valid_username_and_password(java.lang.String)
[INFO ] 2024-10-21 00:41:34.952 [TestNG-PoolService-1] LoggerLoad - The user is on the Login page.
  Given The User is on the login page                                     # stepdefinitions.LoginStep.the_user_is_on_the_login_page()
The Expected results are :You are logged in
[INFO ] 2024-10-21 00:41:34.989 [TestNG-PoolService-9] LoggerLoad - User Enter Login credential with username as " DreamTeam" and password as" Dre@mTe@m123" 
]]></system-out>
    <system-err><![CDATA[Oct 21, 2024 12:41:28 AM org.openqa.selenium.devtools.CdpVersionFinder findNearestMatch
WARNING: Unable to find an exact match for CDP version 129, returning the closest version; found: 128; Please update to a Selenium version that supports CDP version 129
Oct 21, 2024 12:41:29 AM org.openqa.selenium.devtools.CdpVersionFinder findNearestMatch
WARNING: Unable to find an exact match for CDP version 129, returning the closest version; found: 128; Please update to a Selenium version that supports CDP version 129
Oct 21, 2024 12:41:30 AM org.openqa.selenium.devtools.CdpVersionFinder findNearestMatch
WARNING: Unable to find an exact match for CDP version 129, returning the closest version; found: 128; Please update to a Selenium version that supports CDP version 129
Oct 21, 2024 12:41:31 AM org.openqa.selenium.devtools.CdpVersionFinder findNearestMatch
WARNING: Unable to find an exact match for CDP version 129, returning the closest version; found: 128; Please update to a Selenium version that supports CDP version 129
Oct 21, 2024 12:41:32 AM org.openqa.selenium.devtools.CdpVersionFinder findNearestMatch
WARNING: Unable to find an exact match for CDP version 129, returning the closest version; found: 128; Please update to a Selenium version that supports CDP version 129
]]></system-err>
  </testcase>
  <testcase name="runScenario[&quot;Validate the Overview of Trees page Practice Questions&quot;, &quot;Ds Portal Tree Page Functionality&quot;](137)" classname="runner.TestRunner" time="0.14">
    <failure message="No questions found" type="java.lang.AssertionError"><![CDATA[java.lang.AssertionError: No questions found
	at org.testng.Assert.fail(Assert.java:111)
	at stepdefinitions.TreeStep.user_should_view_the_Practice_Questions_of_Tree(TreeStep.java:81)
	at ✽.user should view the Practice Questions of Tree(file:///C:/Users/Palanivel/eclipse-workspace/asta_dsalgoBDD/./src/test/resources/features/Tree.feature:50)
]]></failure>
    <system-out><![CDATA[
@Tree @TypesTreesTryEditor @TreeTC_014
Scenario: Validate the Try editor for positive input from Type of Trees page   # src/test/resources/features/Tree.feature:104
]]></system-out>
  </testcase>
  <testcase name="runScenario[&quot;Validate the Terminologies Try here&quot;, &quot;Ds Portal Tree Page Functionality&quot;](138)" classname="runner.TestRunner" time="0.103">
    <system-out><![CDATA[
@Tree @TypesTreesTryEditorNegative @TreeTC_015
Scenario Outline: validate the Try editor for negative input from Type of Trees page           # src/test/resources/features/Tree.feature:121
  When The User enters the valid username and password "LoginCredentials"                      # stepdefinitions.LoginStep.the_user_enters_the_valid_username_and_password(java.lang.String)
The Expected results are :You are logged in
[INFO ] 2024-10-21 00:41:35.237 [TestNG-PoolService-6] LoggerLoad - User Enter Login credential with username as " DreamTeam" and password as" Dre@mTe@m123" 
]]></system-out>
  </testcase>
  <testcase name="runScenario[&quot;validate the practice questions in Stack practice page through Applications in stack page&quot;, &quot;DS Portal Stack Page Functionality&quot;](139)" classname="runner.TestRunner" time="1.281">
    <failure message="No questions found" type="java.lang.AssertionError"><![CDATA[java.lang.AssertionError: No questions found
	at org.testng.Assert.fail(Assert.java:111)
	at stepdefinitions.StackStep.the_user_should_view_the_practice_questions_of_stack(StackStep.java:164)
	at ✽.the User should view the practice questions of stack(file:///C:/Users/Palanivel/eclipse-workspace/asta_dsalgoBDD/./src/test/resources/features/Stack.feature:150)
]]></failure>
    <system-out><![CDATA[
@Tree @TypesTreesTryEditorNegative @TreeTC_015
Scenario Outline: validate the Try editor for negative input from Type of Trees page   # src/test/resources/features/Tree.feature:122
The Expected results are :You are logged in
[INFO ] 2024-10-21 00:41:35.497 [TestNG-PoolService-1] LoggerLoad - User Enter Login credential with username as " DreamTeam" and password as" Dre@mTe@m123" 
  When The User enters the valid username and password "LoginCredentials" # stepdefinitions.LoginStep.the_user_enters_the_valid_username_and_password(java.lang.String)
[INFO ] 2024-10-21 00:41:36.326 [TestNG-PoolService-3] LoggerLoad - You are in Assessment page.
  Given the User is on the Try Editor page from Terminologies link             # stepdefinitions.TreeStep.the_user_is_on_the_try_editor_page_from_terminologies_link()
  When The User enters the valid username and password "LoginCredentials" # stepdefinitions.LoginStep.the_user_enters_the_valid_username_and_password(java.lang.String)
]]></system-out>
  </testcase>
  <testcase name="runScenario[&quot;validate the Try editor for negative input from Terminologies page&quot;, &quot;Ds Portal Tree Page Functionality&quot;](140)" classname="runner.TestRunner" time="8.159">
    <system-out><![CDATA[
@Tree @TypeTreesPracQues @TreeTC_016
Scenario: Validate the Type of Trees page Practice Questions              # src/test/resources/features/Tree.feature:125
  When The User enters the valid username and password "LoginCredentials" # stepdefinitions.LoginStep.the_user_enters_the_valid_username_and_password(java.lang.String)
[INFO ] 2024-10-21 00:41:37.265 [TestNG-PoolService-9] LoggerLoad - You are in Tree page.
  Given user is on the Tree module page                                   # stepdefinitions.TreeStep.user_is_on_the_tree_module_page()
  When user clicked Types of Trees link in the Tree Modulepage            # stepdefinitions.TreeStep.user_clicked_types_of_trees_link_in_the_tree_modulepage()
[INFO ] 2024-10-21 00:41:38.600 [TestNG-PoolService-9] LoggerLoad - You are viewing the Types of Trees page.
  Then user is able to view the Types of Trees linked page                # stepdefinitions.TreeStep.user_is_able_to_view_the_types_of_trees_linked_page()
[INFO ] 2024-10-21 00:41:38.649 [TestNG-PoolService-6] LoggerLoad - You are in Terminologies page.
  Given user is on the Terminologies page                                 # stepdefinitions.TreeStep.user_is_on_the_terminologies_page()
[INFO ] 2024-10-21 00:41:38.843 [TestNG-PoolService-1] LoggerLoad - You are in Types of Trees page.
  Given user is on the Type of Trees page                                 # stepdefinitions.TreeStep.user_is_on_the_type_of_trees_page()
  When user clicked the Practice Questions from Terminologies page        # stepdefinitions.TreeStep.user_clicked_the_practice_questions_from_terminologies_page()
[INFO ] 2024-10-21 00:41:39.546 [TestNG-PoolService-5] LoggerLoad - You are in Assessment page.
  Given the User is on the Try Editor page from Terminologies link                     # stepdefinitions.TreeStep.the_user_is_on_the_try_editor_page_from_terminologies_link()
aer234@$
[INFO ] 2024-10-21 00:41:40.560 [TestNG-PoolService-10] LoggerLoad - You are in Assessment page.
  Given the User is on the Try Editor page from Terminologies link                             # stepdefinitions.TreeStep.the_user_is_on_the_try_editor_page_from_terminologies_link()
print hello
  When the User enters a sample code as "aer234@$" in the Editor section and click Run # stepdefinitions.CommonStepDefinitions.the_user_enters_a_sample_code_as_in_the_editor_section_and_click_run(java.lang.String)
  When the User enters the following code in the Editor section and clicks Run # stepdefinitions.CommonStepDefinitions.the_User_enters_the_following_code_in_the_Editor_section_and_clicks_Run(io.cucumber.datatable.DataTable)
    | code           | output |
    | print("Hello") | Hello  |
    | print(1234)    | 1234   |
[INFO ] 2024-10-21 00:41:41.038 [TestNG-PoolService-3] LoggerLoad - Actual Output: Hello Expected Output: Hello
[INFO ] 2024-10-21 00:41:41.038 [TestNG-PoolService-3] LoggerLoad - Actual Output: 1234 Expected Output: 1234
  Then the User should get the correct output on the screen                    # stepdefinitions.CommonStepDefinitions.the_User_should_get_the_correct_output_on_the_screen()
[INFO ] 2024-10-21 00:41:41.057 [TestNG-PoolService-5] LoggerLoad - actual error SyntaxError: bad token T_OP on line 1
  Then the User should get the "SyntaxError: bad token T_OP on line 1" in the alert    # stepdefinitions.CommonStepDefinitions.the_user_should_get_the_in_the_alert(java.lang.String)
  When user clicked the Try here on the Types of Trees page               # stepdefinitions.TreeStep.user_clicked_the_try_here_on_the_types_of_trees_page()
  Then the User should get navigated to the Try Editor Page               # stepdefinitions.CommonStepDefinitions.the_user_should_get_navigated_to_the_try_editor_page()
[INFO ] 2024-10-21 00:41:43.124 [TestNG-PoolService-2] LoggerLoad - The user is on the Login page.
  Given The User is on the login page                                          # stepdefinitions.LoginStep.the_user_is_on_the_login_page()
  When the User enters a sample code as "print hello" in the Editor section and click Run      # stepdefinitions.CommonStepDefinitions.the_user_enters_a_sample_code_as_in_the_editor_section_and_click_run(java.lang.String)
[INFO ] 2024-10-21 00:41:43.216 [TestNG-PoolService-10] LoggerLoad - actual error NameError: name 'hello' is not defined on line 1
  Then the User should get the "NameError: name 'hello' is not defined on line 1" in the alert # stepdefinitions.CommonStepDefinitions.the_user_should_get_the_in_the_alert(java.lang.String)
The Expected results are :You are logged in
[INFO ] 2024-10-21 00:41:43.863 [TestNG-PoolService-2] LoggerLoad - User Enter Login credential with username as " DreamTeam" and password as" Dre@mTe@m123" 
[INFO ] 2024-10-21 00:41:44.423 [TestNG-PoolService-7] LoggerLoad - The user is on the Login page.
  Given The User is on the login page                                                          # stepdefinitions.LoginStep.the_user_is_on_the_login_page()
[INFO ] 2024-10-21 00:41:44.456 [TestNG-PoolService-4] LoggerLoad - The user is on the Login page.
  Given The User is on the login page                                                  # stepdefinitions.LoginStep.the_user_is_on_the_login_page()
]]></system-out>
    <system-err><![CDATA[Oct 21, 2024 12:41:39 AM org.openqa.selenium.devtools.CdpVersionFinder findNearestMatch
WARNING: Unable to find an exact match for CDP version 129, returning the closest version; found: 128; Please update to a Selenium version that supports CDP version 129
Oct 21, 2024 12:41:41 AM org.openqa.selenium.devtools.CdpVersionFinder findNearestMatch
WARNING: Unable to find an exact match for CDP version 129, returning the closest version; found: 128; Please update to a Selenium version that supports CDP version 129
Oct 21, 2024 12:41:41 AM org.openqa.selenium.devtools.CdpVersionFinder findNearestMatch
WARNING: Unable to find an exact match for CDP version 129, returning the closest version; found: 128; Please update to a Selenium version that supports CDP version 129
Oct 21, 2024 12:41:42 AM org.openqa.selenium.devtools.CdpVersionFinder findNearestMatch
WARNING: Unable to find an exact match for CDP version 129, returning the closest version; found: 128; Please update to a Selenium version that supports CDP version 129
]]></system-err>
  </testcase>
  <testcase name="runScenario[&quot;validate the Try editor for positive input from Terminologies page&quot;, &quot;Ds Portal Tree Page Functionality&quot;](141)" classname="runner.TestRunner" time="0.041">
    <system-out><![CDATA[
@Tree @TreeTraversals @TreeTC_017
Scenario: Validate the Tree Module Page Tree Traversals link              # src/test/resources/features/Tree.feature:131
]]></system-out>
  </testcase>
  <testcase name="runScenario[&quot;Validate the Tree Module Page Types of Trees link&quot;, &quot;Ds Portal Tree Page Functionality&quot;](142)" classname="runner.TestRunner" time="0.007"/>
  <testcase name="runScenario[&quot;validate the Try editor for negative input from Terminologies page&quot;, &quot;Ds Portal Tree Page Functionality&quot;](143)" classname="runner.TestRunner" time="0.017"/>
  <testcase name="runScenario[&quot;Validate the  Type of Trees Try here&quot;, &quot;Ds Portal Tree Page Functionality&quot;](144)" classname="runner.TestRunner" time="0.236">
    <system-out><![CDATA[
@Tree @TreeTraversalsTryEditorNegative @TreeTC_020
Scenario Outline: validate the Try editor for negative input from Tree Traversals page         # src/test/resources/features/Tree.feature:160

@Tree @TreeTraversalsTryEditor @TreeTC_019
Scenario: Validate the Try editor for positive input from Tree Traversals page # src/test/resources/features/Tree.feature:143

@Tree @TraversalsTryhere @TreeTC_018
Scenario: Validate the  Tree Traversals Try here                          # src/test/resources/features/Tree.feature:137
The Expected results are :You are logged in
[INFO ] 2024-10-21 00:41:44.911 [TestNG-PoolService-7] LoggerLoad - User Enter Login credential with username as " DreamTeam" and password as" Dre@mTe@m123" 
  When The User enters the valid username and password "LoginCredentials"      # stepdefinitions.LoginStep.the_user_enters_the_valid_username_and_password(java.lang.String)
The Expected results are :You are logged in
[INFO ] 2024-10-21 00:41:45.013 [TestNG-PoolService-4] LoggerLoad - User Enter Login credential with username as " DreamTeam" and password as" Dre@mTe@m123" 
]]></system-out>
  </testcase>
  <testcase name="runScenario[&quot;Validate the Try editor for positive input from Type of Trees page&quot;, &quot;Ds Portal Tree Page Functionality&quot;](145)" classname="runner.TestRunner" time="10.755">
    <system-out><![CDATA[
@Tree @TreeTraversalsTryEditorNegative @TreeTC_020
Scenario Outline: validate the Try editor for negative input from Tree Traversals page # src/test/resources/features/Tree.feature:161
[INFO ] 2024-10-21 00:41:45.209 [TestNG-PoolService-8] LoggerLoad - The user is on the Login page.
  Given The User is on the login page                                     # stepdefinitions.LoginStep.the_user_is_on_the_login_page()
The Expected results are :You are logged in
[INFO ] 2024-10-21 00:41:45.796 [TestNG-PoolService-8] LoggerLoad - User Enter Login credential with username as " DreamTeam" and password as" Dre@mTe@m123" 
  When The User enters the valid username and password "LoginCredentials"                      # stepdefinitions.LoginStep.the_user_enters_the_valid_username_and_password(java.lang.String)
  When The User enters the valid username and password "LoginCredentials"              # stepdefinitions.LoginStep.the_user_enters_the_valid_username_and_password(java.lang.String)
  When The User enters the valid username and password "LoginCredentials" # stepdefinitions.LoginStep.the_user_enters_the_valid_username_and_password(java.lang.String)
[INFO ] 2024-10-21 00:41:49.200 [TestNG-PoolService-2] LoggerLoad - You are in Assessment page.
  Given the User is on the Try Editor page from Type of Trees link             # stepdefinitions.TreeStep.the_user_is_on_the_try_editor_page_from_type_of_trees_link()
[INFO ] 2024-10-21 00:41:50.560 [TestNG-PoolService-4] LoggerLoad - You are in Assessment page.
  Given the User is on the Try Editor page from Type of Trees link                     # stepdefinitions.TreeStep.the_user_is_on_the_try_editor_page_from_type_of_trees_link()
aer234@$
  Then user should view the Practice Questions of Tree                    # stepdefinitions.TreeStep.user_should_view_the_Practice_Questions_of_Tree()
      java.lang.AssertionError: No questions found
	at org.testng.Assert.fail(Assert.java:111)
	at stepdefinitions.TreeStep.user_should_view_the_Practice_Questions_of_Tree(TreeStep.java:81)
	at âœ½.user should view the Practice Questions of Tree(file:///C:/Users/Palanivel/eclipse-workspace/asta_dsalgoBDD/./src/test/resources/features/Tree.feature:89)

[INFO ] 2024-10-21 00:41:51.158 [TestNG-PoolService-8] LoggerLoad - You are in Types of Trees page.
  Given user is on the Type of Trees page                                 # stepdefinitions.TreeStep.user_is_on_the_type_of_trees_page()

    Embedding Validate the Terminologies page Practice Questions [image/png 14881 bytes]

  When the User enters a sample code as "aer234@$" in the Editor section and click Run # stepdefinitions.CommonStepDefinitions.the_user_enters_a_sample_code_as_in_the_editor_section_and_click_run(java.lang.String)
[INFO ] 2024-10-21 00:41:51.934 [TestNG-PoolService-4] LoggerLoad - actual error SyntaxError: bad token T_OP on line 1
  Then the User should get the "SyntaxError: bad token T_OP on line 1" in the alert    # stepdefinitions.CommonStepDefinitions.the_user_should_get_the_in_the_alert(java.lang.String)
  When user clicked the Practice Questions from Type of Trees page        # stepdefinitions.TreeStep.user_clicked_the_practice_questions_from_type_of_trees_page()
[INFO ] 2024-10-21 00:41:52.341 [TestNG-PoolService-7] LoggerLoad - You are in Assessment page.
  Given the User is on the Try Editor page from Type of Trees link                             # stepdefinitions.TreeStep.the_user_is_on_the_try_editor_page_from_type_of_trees_link()
print hello
  When the User enters the following code in the Editor section and clicks Run # stepdefinitions.CommonStepDefinitions.the_User_enters_the_following_code_in_the_Editor_section_and_clicks_Run(io.cucumber.datatable.DataTable)
    | code           | output |
    | print("Hello") | Hello  |
    | print(1234)    | 1234   |
[INFO ] 2024-10-21 00:41:53.636 [TestNG-PoolService-2] LoggerLoad - Actual Output: Hello Expected Output: Hello
[INFO ] 2024-10-21 00:41:53.636 [TestNG-PoolService-2] LoggerLoad - Actual Output: 1234 Expected Output: 1234
  Then the User should get the correct output on the screen                    # stepdefinitions.CommonStepDefinitions.the_User_should_get_the_correct_output_on_the_screen()
  When the User enters a sample code as "print hello" in the Editor section and click Run      # stepdefinitions.CommonStepDefinitions.the_user_enters_a_sample_code_as_in_the_editor_section_and_click_run(java.lang.String)
[INFO ] 2024-10-21 00:41:54.079 [TestNG-PoolService-7] LoggerLoad - actual error NameError: name 'hello' is not defined on line 1
  Then the User should get the "NameError: name 'hello' is not defined on line 1" in the alert # stepdefinitions.CommonStepDefinitions.the_user_should_get_the_in_the_alert(java.lang.String)
[INFO ] 2024-10-21 00:41:54.893 [TestNG-PoolService-1] LoggerLoad - The user is on the Login page.
  Given The User is on the login page                                                  # stepdefinitions.LoginStep.the_user_is_on_the_login_page()
[INFO ] 2024-10-21 00:41:54.938 [TestNG-PoolService-5] LoggerLoad - The user is on the Login page.
  Given The User is on the login page                                     # stepdefinitions.LoginStep.the_user_is_on_the_login_page()
[INFO ] 2024-10-21 00:41:54.941 [TestNG-PoolService-9] LoggerLoad - The user is on the Login page.
  Given The User is on the login page                                          # stepdefinitions.LoginStep.the_user_is_on_the_login_page()
[INFO ] 2024-10-21 00:41:55.163 [TestNG-PoolService-10] LoggerLoad - The user is on the Login page.
  Given The User is on the login page                                                          # stepdefinitions.LoginStep.the_user_is_on_the_login_page()
The Expected results are :You are logged in
[INFO ] 2024-10-21 00:41:55.365 [TestNG-PoolService-1] LoggerLoad - User Enter Login credential with username as " DreamTeam" and password as" Dre@mTe@m123" 
The Expected results are :You are logged in
[INFO ] 2024-10-21 00:41:55.388 [TestNG-PoolService-5] LoggerLoad - User Enter Login credential with username as " DreamTeam" and password as" Dre@mTe@m123" 
The Expected results are :You are logged in
[INFO ] 2024-10-21 00:41:55.464 [TestNG-PoolService-9] LoggerLoad - User Enter Login credential with username as " DreamTeam" and password as" Dre@mTe@m123" 
The Expected results are :You are logged in
[INFO ] 2024-10-21 00:41:55.832 [TestNG-PoolService-10] LoggerLoad - User Enter Login credential with username as " DreamTeam" and password as" Dre@mTe@m123" 
]]></system-out>
    <system-err><![CDATA[Oct 21, 2024 12:41:50 AM org.openqa.selenium.devtools.CdpVersionFinder findNearestMatch
WARNING: Unable to find an exact match for CDP version 129, returning the closest version; found: 128; Please update to a Selenium version that supports CDP version 129
Oct 21, 2024 12:41:50 AM org.openqa.selenium.devtools.CdpVersionFinder findNearestMatch
WARNING: Unable to find an exact match for CDP version 129, returning the closest version; found: 128; Please update to a Selenium version that supports CDP version 129
Oct 21, 2024 12:41:51 AM org.openqa.selenium.devtools.CdpVersionFinder findNearestMatch
WARNING: Unable to find an exact match for CDP version 129, returning the closest version; found: 128; Please update to a Selenium version that supports CDP version 129
Oct 21, 2024 12:41:51 AM org.openqa.selenium.devtools.CdpVersionFinder findNearestMatch
WARNING: Unable to find an exact match for CDP version 129, returning the closest version; found: 128; Please update to a Selenium version that supports CDP version 129
Oct 21, 2024 12:41:52 AM org.openqa.selenium.devtools.CdpVersionFinder findNearestMatch
WARNING: Unable to find an exact match for CDP version 129, returning the closest version; found: 128; Please update to a Selenium version that supports CDP version 129
]]></system-err>
  </testcase>
  <testcase name="runScenario[&quot;validate the Try editor for negative input from Type of Trees page&quot;, &quot;Ds Portal Tree Page Functionality&quot;](146)" classname="runner.TestRunner" time="0.012">
    <system-out><![CDATA[
@Tree @TreeTraversalsPracQues @TreeTC_021
Scenario: Validate the Tree Traversals page Practice Questions            # src/test/resources/features/Tree.feature:164
]]></system-out>
  </testcase>
  <testcase name="runScenario[&quot;Validate the Terminologies page Practice Questions&quot;, &quot;Ds Portal Tree Page Functionality&quot;](147)" classname="runner.TestRunner" time="0.08">
    <failure message="No questions found" type="java.lang.AssertionError"><![CDATA[java.lang.AssertionError: No questions found
	at org.testng.Assert.fail(Assert.java:111)
	at stepdefinitions.TreeStep.user_should_view_the_Practice_Questions_of_Tree(TreeStep.java:81)
	at ✽.user should view the Practice Questions of Tree(file:///C:/Users/Palanivel/eclipse-workspace/asta_dsalgoBDD/./src/test/resources/features/Tree.feature:89)
]]></failure>
    <system-out><![CDATA[
@Tree @TraversalsIllustration @TreeTC_022
Scenario: Validate the Tree Module Page Traversals Illustration link      # src/test/resources/features/Tree.feature:170
[INFO ] 2024-10-21 00:41:55.966 [TestNG-PoolService-3] LoggerLoad - The user is on the Login page.
  Given The User is on the login page                                     # stepdefinitions.LoginStep.the_user_is_on_the_login_page()
]]></system-out>
  </testcase>
  <testcase name="runScenario[&quot;validate the Try editor for negative input from Type of Trees page&quot;, &quot;Ds Portal Tree Page Functionality&quot;](148)" classname="runner.TestRunner" time="0.087">
    <system-out><![CDATA[
@Tree @IllustrationTryhere @TreeTC_023
Scenario: Validate the Traversals Illustration Try here                   # src/test/resources/features/Tree.feature:176
]]></system-out>
  </testcase>
  <testcase name="runScenario[&quot;Validate the Tree Module Page Tree Traversals link&quot;, &quot;Ds Portal Tree Page Functionality&quot;](149)" classname="runner.TestRunner" time="9.573">
    <system-out><![CDATA[
@Tree @IllustrationTryEditor @TreeTC_024
Scenario: Validate the Try editor for positive input from Traversals Illustration page # src/test/resources/features/Tree.feature:182
  When The User enters the valid username and password "LoginCredentials"              # stepdefinitions.LoginStep.the_user_enters_the_valid_username_and_password(java.lang.String)
The Expected results are :You are logged in
[INFO ] 2024-10-21 00:41:56.432 [TestNG-PoolService-3] LoggerLoad - User Enter Login credential with username as " DreamTeam" and password as" Dre@mTe@m123" 
  When The User enters the valid username and password "LoginCredentials" # stepdefinitions.LoginStep.the_user_enters_the_valid_username_and_password(java.lang.String)
  When The User enters the valid username and password "LoginCredentials"      # stepdefinitions.LoginStep.the_user_enters_the_valid_username_and_password(java.lang.String)
  When The User enters the valid username and password "LoginCredentials"                      # stepdefinitions.LoginStep.the_user_enters_the_valid_username_and_password(java.lang.String)
[INFO ] 2024-10-21 00:41:57.277 [TestNG-PoolService-5] LoggerLoad - You are in Tree page.
  Given user is on the Tree module page                                   # stepdefinitions.TreeStep.user_is_on_the_tree_module_page()
  When The User enters the valid username and password "LoginCredentials" # stepdefinitions.LoginStep.the_user_enters_the_valid_username_and_password(java.lang.String)
  When user clicked Tree Traversals link in the Tree Module page          # stepdefinitions.TreeStep.user_clicked_tree_traversals_link_in_the_tree_module_page()
[INFO ] 2024-10-21 00:41:58.587 [TestNG-PoolService-5] LoggerLoad - You are viewing the Tree Traversals page.
  Then user is able to view the Tree Traversals linked page               # stepdefinitions.TreeStep.user_is_able_to_view_the_tree_traversals_linked_page()
[INFO ] 2024-10-21 00:42:00.697 [TestNG-PoolService-1] LoggerLoad - You are in Assessment page.
  Given the User is on the Try Editor page from Tree Traversals link                   # stepdefinitions.TreeStep.the_user_is_on_the_try_editor_page_from_tree_traversals_link()
aer234@$
[INFO ] 2024-10-21 00:42:02.021 [TestNG-PoolService-3] LoggerLoad - You are in Tree Traversals page.
  Given user is on the Tree Traversals page                               # stepdefinitions.TreeStep.user_is_on_the_tree_traversals_page()
  Then user should view the Practice Questions of Tree                    # stepdefinitions.TreeStep.user_should_view_the_Practice_Questions_of_Tree()
      java.lang.AssertionError: No questions found
	at org.testng.Assert.fail(Assert.java:111)
	at stepdefinitions.TreeStep.user_should_view_the_Practice_Questions_of_Tree(TreeStep.java:81)
	at âœ½.user should view the Practice Questions of Tree(file:///C:/Users/Palanivel/eclipse-workspace/asta_dsalgoBDD/./src/test/resources/features/Tree.feature:128)

  When the User enters a sample code as "aer234@$" in the Editor section and click Run # stepdefinitions.CommonStepDefinitions.the_user_enters_a_sample_code_as_in_the_editor_section_and_click_run(java.lang.String)
[INFO ] 2024-10-21 00:42:02.455 [TestNG-PoolService-1] LoggerLoad - actual error SyntaxError: bad token T_OP on line 1
  Then the User should get the "SyntaxError: bad token T_OP on line 1" in the alert    # stepdefinitions.CommonStepDefinitions.the_user_should_get_the_in_the_alert(java.lang.String)
[INFO ] 2024-10-21 00:42:02.570 [TestNG-PoolService-10] LoggerLoad - You are in Assessment page.
  Given the User is on the Try Editor page from Tree Traversals link                           # stepdefinitions.TreeStep.the_user_is_on_the_try_editor_page_from_tree_traversals_link()
print hello

    Embedding Validate the Type of Trees page Practice Questions [image/png 14881 bytes]

[INFO ] 2024-10-21 00:42:02.984 [TestNG-PoolService-9] LoggerLoad - You are in Assessment page.
  Given the User is on the Try Editor page from Tree Traversals link           # stepdefinitions.TreeStep.the_user_is_on_the_try_editor_page_from_tree_traversals_link()
  When the User enters a sample code as "print hello" in the Editor section and click Run      # stepdefinitions.CommonStepDefinitions.the_user_enters_a_sample_code_as_in_the_editor_section_and_click_run(java.lang.String)
[INFO ] 2024-10-21 00:42:04.270 [TestNG-PoolService-10] LoggerLoad - actual error NameError: name 'hello' is not defined on line 1
  Then the User should get the "NameError: name 'hello' is not defined on line 1" in the alert # stepdefinitions.CommonStepDefinitions.the_user_should_get_the_in_the_alert(java.lang.String)
[INFO ] 2024-10-21 00:42:05.019 [TestNG-PoolService-4] LoggerLoad - The user is on the Login page.
  Given The User is on the login page                                     # stepdefinitions.LoginStep.the_user_is_on_the_login_page()
[INFO ] 2024-10-21 00:42:05.597 [TestNG-PoolService-2] LoggerLoad - The user is on the Login page.
  Given The User is on the login page                                     # stepdefinitions.LoginStep.the_user_is_on_the_login_page()
]]></system-out>
    <system-err><![CDATA[Oct 21, 2024 12:42:01 AM org.openqa.selenium.devtools.CdpVersionFinder findNearestMatch
WARNING: Unable to find an exact match for CDP version 129, returning the closest version; found: 128; Please update to a Selenium version that supports CDP version 129
Oct 21, 2024 12:42:01 AM org.openqa.selenium.devtools.CdpVersionFinder findNearestMatch
WARNING: Unable to find an exact match for CDP version 129, returning the closest version; found: 128; Please update to a Selenium version that supports CDP version 129
Oct 21, 2024 12:42:02 AM org.openqa.selenium.devtools.CdpVersionFinder findNearestMatch
WARNING: Unable to find an exact match for CDP version 129, returning the closest version; found: 128; Please update to a Selenium version that supports CDP version 129
Oct 21, 2024 12:42:03 AM org.openqa.selenium.devtools.CdpVersionFinder findNearestMatch
WARNING: Unable to find an exact match for CDP version 129, returning the closest version; found: 128; Please update to a Selenium version that supports CDP version 129
]]></system-err>
  </testcase>
  <testcase name="runScenario[&quot;validate the Try editor for negative input from Tree Traversals page&quot;, &quot;Ds Portal Tree Page Functionality&quot;](150)" classname="runner.TestRunner" time="1.697">
    <system-out><![CDATA[
@Tree @IllustrationTryEditorNegative @TreeTC_025
Scenario Outline: validate the Try editor for negative input from Traversals Illustration page # src/test/resources/features/Tree.feature:199
The Expected results are :You are logged in
[INFO ] 2024-10-21 00:42:05.753 [TestNG-PoolService-4] LoggerLoad - User Enter Login credential with username as " DreamTeam" and password as" Dre@mTe@m123" 
[INFO ] 2024-10-21 00:42:06.181 [TestNG-PoolService-6] LoggerLoad - The user is on the Login page.
  Given The User is on the login page                                     # stepdefinitions.LoginStep.the_user_is_on_the_login_page()
The Expected results are :You are logged in
[INFO ] 2024-10-21 00:42:06.187 [TestNG-PoolService-2] LoggerLoad - User Enter Login credential with username as " DreamTeam" and password as" Dre@mTe@m123" 
[INFO ] 2024-10-21 00:42:06.556 [TestNG-PoolService-7] LoggerLoad - The user is on the Login page.
  Given The User is on the login page                                                  # stepdefinitions.LoginStep.the_user_is_on_the_login_page()
The Expected results are :You are logged in
[INFO ] 2024-10-21 00:42:06.715 [TestNG-PoolService-6] LoggerLoad - User Enter Login credential with username as " DreamTeam" and password as" Dre@mTe@m123" 
  When user clicked the Try here on the Tree Traversals page              # stepdefinitions.TreeStep.user_clicked_the_try_here_on_the_tree_traversals_page()
  When The User enters the valid username and password "LoginCredentials" # stepdefinitions.LoginStep.the_user_enters_the_valid_username_and_password(java.lang.String)
  Then the User should get navigated to the Try Editor Page               # stepdefinitions.CommonStepDefinitions.the_user_should_get_navigated_to_the_try_editor_page()
  When the User enters the following code in the Editor section and clicks Run # stepdefinitions.CommonStepDefinitions.the_User_enters_the_following_code_in_the_Editor_section_and_clicks_Run(io.cucumber.datatable.DataTable)
    | code           | output |
    | print("Hello") | Hello  |
    | print(1234)    | 1234   |
[INFO ] 2024-10-21 00:42:07.055 [TestNG-PoolService-9] LoggerLoad - Actual Output: Hello Expected Output: Hello
[INFO ] 2024-10-21 00:42:07.055 [TestNG-PoolService-9] LoggerLoad - Actual Output: 1234 Expected Output: 1234
  Then the User should get the correct output on the screen                    # stepdefinitions.CommonStepDefinitions.the_User_should_get_the_correct_output_on_the_screen()
The Expected results are :You are logged in
[INFO ] 2024-10-21 00:42:07.085 [TestNG-PoolService-7] LoggerLoad - User Enter Login credential with username as " DreamTeam" and password as" Dre@mTe@m123" 
]]></system-out>
  </testcase>
  <testcase name="runScenario[&quot;validate the Try editor for negative input from Tree Traversals page&quot;, &quot;Ds Portal Tree Page Functionality&quot;](151)" classname="runner.TestRunner" time="0.039">
    <system-out><![CDATA[
@Tree @IllustrationTryEditorNegative @TreeTC_025
Scenario Outline: validate the Try editor for negative input from Traversals Illustration page # src/test/resources/features/Tree.feature:200
]]></system-out>
  </testcase>
  <testcase name="runScenario[&quot;Validate the Type of Trees page Practice Questions&quot;, &quot;Ds Portal Tree Page Functionality&quot;](152)" classname="runner.TestRunner" time="0.076">
    <failure message="No questions found" type="java.lang.AssertionError"><![CDATA[java.lang.AssertionError: No questions found
	at org.testng.Assert.fail(Assert.java:111)
	at stepdefinitions.TreeStep.user_should_view_the_Practice_Questions_of_Tree(TreeStep.java:81)
	at ✽.user should view the Practice Questions of Tree(file:///C:/Users/Palanivel/eclipse-workspace/asta_dsalgoBDD/./src/test/resources/features/Tree.feature:128)
]]></failure>
    <system-out><![CDATA[
@Tree @IllustrationPracQues @TreeTC_026
Scenario: Validate the Traversals Illustration page Practice Questions       # src/test/resources/features/Tree.feature:203
]]></system-out>
  </testcase>
  <testcase name="runScenario[&quot;Validate the  Tree Traversals Try here&quot;, &quot;Ds Portal Tree Page Functionality&quot;](153)" classname="runner.TestRunner" time="0.041">
    <system-out><![CDATA[  When The User enters the valid username and password "LoginCredentials" # stepdefinitions.LoginStep.the_user_enters_the_valid_username_and_password(java.lang.String)
]]></system-out>
  </testcase>
  <testcase name="runScenario[&quot;Validate the Try editor for positive input from Tree Traversals page&quot;, &quot;Ds Portal Tree Page Functionality&quot;](154)" classname="runner.TestRunner" time="0.672">
    <system-out><![CDATA[
@Tree @Tree_BinaryTrees @TreeTC_027
Scenario: Validate the Tree Module Page-Binary Trees link                 # src/test/resources/features/Tree.feature:209

@Tree @BinaryTreesTryhere @TreeTC_028
Scenario: Validate the Binary Trees Try here                              # src/test/resources/features/Tree.feature:215
[INFO ] 2024-10-21 00:42:07.723 [TestNG-PoolService-4] LoggerLoad - You are in Tree page.
  Given user is on the Tree module page                                   # stepdefinitions.TreeStep.user_is_on_the_tree_module_page()
  When The User enters the valid username and password "LoginCredentials" # stepdefinitions.LoginStep.the_user_enters_the_valid_username_and_password(java.lang.String)
]]></system-out>
  </testcase>
  <testcase name="runScenario[&quot;Validate the Tree Module Page Traversals Illustration link&quot;, &quot;Ds Portal Tree Page Functionality&quot;](155)" classname="runner.TestRunner" time="8.161">
    <system-out><![CDATA[
@Tree @BinaryTreesTryEditor @TreeTC_029
Scenario: Validate the Try editor for positive input from BinaryTrees page     # src/test/resources/features/Tree.feature:221
  When The User enters the valid username and password "LoginCredentials"              # stepdefinitions.LoginStep.the_user_enters_the_valid_username_and_password(java.lang.String)
  When user clicked Traversals Illustration link in the Tree Module page  # stepdefinitions.TreeStep.user_clicked_traversals_illustration_link_in_the_tree_module_page()
[INFO ] 2024-10-21 00:42:08.803 [TestNG-PoolService-4] LoggerLoad - You are viewing the Traversals-Illustration page.
  Then user is able to view the Traversals Illustration linked page       # stepdefinitions.TreeStep.user_is_able_to_view_the_traversals_illustration_linked_page()
[INFO ] 2024-10-21 00:42:08.996 [TestNG-PoolService-2] LoggerLoad - You are in Tree Traversals page.
  Given user is on the Tree Traversals page                               # stepdefinitions.TreeStep.user_is_on_the_tree_traversals_page()
  When user clicked the Practice Questions from Tree Traversals page      # stepdefinitions.TreeStep.user_clicked_the_practice_questions_from_tree_traversals_page()
[INFO ] 2024-10-21 00:42:09.454 [TestNG-PoolService-6] LoggerLoad - You are in Traversals-Illustration page.
  Given user is on the Traversals Illustration                            # stepdefinitions.TreeStep.user_is_on_the_traversals_illustration()
  When user clicked the Try here on the Traversals Illustration page      # stepdefinitions.TreeStep.user_clicked_the_try_here_on_the_traversals_illustration_page()
  Then the User should get navigated to the Try Editor Page               # stepdefinitions.CommonStepDefinitions.the_user_should_get_navigated_to_the_try_editor_page()
[INFO ] 2024-10-21 00:42:14.932 [TestNG-PoolService-7] LoggerLoad - You are in Assessment page.
  Given the User is on the Try Editor page from Traversals Illustration link           # stepdefinitions.TreeStep.the_user_is_on_the_try_editor_page_from_traversals_illustration_link()
[INFO ] 2024-10-21 00:42:15.669 [TestNG-PoolService-5] LoggerLoad - The user is on the Login page.
  Given The User is on the login page                                                          # stepdefinitions.LoginStep.the_user_is_on_the_login_page()
The Expected results are :You are logged in
[INFO ] 2024-10-21 00:42:16.366 [TestNG-PoolService-5] LoggerLoad - User Enter Login credential with username as " DreamTeam" and password as" Dre@mTe@m123" 
]]></system-out>
    <system-err><![CDATA[Oct 21, 2024 12:42:10 AM org.openqa.selenium.devtools.CdpVersionFinder findNearestMatch
WARNING: Unable to find an exact match for CDP version 129, returning the closest version; found: 128; Please update to a Selenium version that supports CDP version 129
Oct 21, 2024 12:42:13 AM org.openqa.selenium.devtools.CdpVersionFinder findNearestMatch
WARNING: Unable to find an exact match for CDP version 129, returning the closest version; found: 128; Please update to a Selenium version that supports CDP version 129
Oct 21, 2024 12:42:13 AM org.openqa.selenium.devtools.CdpVersionFinder findNearestMatch
WARNING: Unable to find an exact match for CDP version 129, returning the closest version; found: 128; Please update to a Selenium version that supports CDP version 129
Oct 21, 2024 12:42:13 AM org.openqa.selenium.devtools.CdpVersionFinder findNearestMatch
WARNING: Unable to find an exact match for CDP version 129, returning the closest version; found: 128; Please update to a Selenium version that supports CDP version 129
Oct 21, 2024 12:42:13 AM org.openqa.selenium.devtools.CdpVersionFinder findNearestMatch
WARNING: Unable to find an exact match for CDP version 129, returning the closest version; found: 128; Please update to a Selenium version that supports CDP version 129
Oct 21, 2024 12:42:15 AM org.openqa.selenium.devtools.CdpVersionFinder findNearestMatch
WARNING: Unable to find an exact match for CDP version 129, returning the closest version; found: 128; Please update to a Selenium version that supports CDP version 129
]]></system-err>
  </testcase>
  <testcase name="runScenario[&quot;Validate the Traversals Illustration Try here&quot;, &quot;Ds Portal Tree Page Functionality&quot;](156)" classname="runner.TestRunner" time="0.919">
    <system-out><![CDATA[
@Tree @BinaryTreesTryEditorNegative @TreeTC_030
Scenario Outline: validate the Try editor for negative input from BinaryTrees page             # src/test/resources/features/Tree.feature:238
[INFO ] 2024-10-21 00:42:16.739 [TestNG-PoolService-1] LoggerLoad - The user is on the Login page.
  Given The User is on the login page                                                          # stepdefinitions.LoginStep.the_user_is_on_the_login_page()
[INFO ] 2024-10-21 00:42:16.793 [TestNG-PoolService-10] LoggerLoad - The user is on the Login page.
  Given The User is on the login page                                        # stepdefinitions.LoginStep.the_user_is_on_the_login_page()
[INFO ] 2024-10-21 00:42:16.861 [TestNG-PoolService-8] LoggerLoad - The user is on the Login page.
  Given The User is on the login page                                     # stepdefinitions.LoginStep.the_user_is_on_the_login_page()
[INFO ] 2024-10-21 00:42:17.285 [TestNG-PoolService-3] LoggerLoad - The user is on the Login page.
  Given The User is on the login page                                     # stepdefinitions.LoginStep.the_user_is_on_the_login_page()
The Expected results are :You are logged in
[INFO ] 2024-10-21 00:42:17.369 [TestNG-PoolService-1] LoggerLoad - User Enter Login credential with username as " DreamTeam" and password as" Dre@mTe@m123" 
]]></system-out>
  </testcase>
  <testcase name="runScenario[&quot;Validate the Try editor for positive input from Traversals Illustration page&quot;, &quot;Ds Portal Tree Page Functionality&quot;](157)" classname="runner.TestRunner" time="3.527">
    <system-out><![CDATA[The Expected results are :You are logged in
[INFO ] 2024-10-21 00:42:17.377 [TestNG-PoolService-8] LoggerLoad - User Enter Login credential with username as " DreamTeam" and password as" Dre@mTe@m123" 

@Tree @BinaryTreesTryEditorNegative @TreeTC_030
Scenario Outline: validate the Try editor for negative input from BinaryTrees page     # src/test/resources/features/Tree.feature:239
The Expected results are :You are logged in
[INFO ] 2024-10-21 00:42:17.419 [TestNG-PoolService-10] LoggerLoad - User Enter Login credential with username as " DreamTeam" and password as" Dre@mTe@m123" 
  When the User enters the following code in the Editor section and clicks Run         # stepdefinitions.CommonStepDefinitions.the_User_enters_the_following_code_in_the_Editor_section_and_clicks_Run(io.cucumber.datatable.DataTable)
    | code           | output |
    | print("Hello") | Hello  |
    | print(1234)    | 1234   |
[INFO ] 2024-10-21 00:42:17.616 [TestNG-PoolService-7] LoggerLoad - Actual Output: Hello Expected Output: Hello
[INFO ] 2024-10-21 00:42:17.616 [TestNG-PoolService-7] LoggerLoad - Actual Output: 1234 Expected Output: 1234
  Then the User should get the correct output on the screen                            # stepdefinitions.CommonStepDefinitions.the_User_should_get_the_correct_output_on_the_screen()
The Expected results are :You are logged in
[INFO ] 2024-10-21 00:42:18.051 [TestNG-PoolService-3] LoggerLoad - User Enter Login credential with username as " DreamTeam" and password as" Dre@mTe@m123" 
[INFO ] 2024-10-21 00:42:18.095 [TestNG-PoolService-9] LoggerLoad - The user is on the Login page.
  Given The User is on the login page                                          # stepdefinitions.LoginStep.the_user_is_on_the_login_page()
  When The User enters the valid username and password "LoginCredentials"                      # stepdefinitions.LoginStep.the_user_enters_the_valid_username_and_password(java.lang.String)
  When The User enters the valid username and password "LoginCredentials"                      # stepdefinitions.LoginStep.the_user_enters_the_valid_username_and_password(java.lang.String)
  When The User enters the valid username and password "LoginCredentials" # stepdefinitions.LoginStep.the_user_enters_the_valid_username_and_password(java.lang.String)
  When The User enters the valid username and password "LoginCredentials"    # stepdefinitions.LoginStep.the_user_enters_the_valid_username_and_password(java.lang.String)
The Expected results are :You are logged in
[INFO ] 2024-10-21 00:42:18.813 [TestNG-PoolService-9] LoggerLoad - User Enter Login credential with username as " DreamTeam" and password as" Dre@mTe@m123" 
  Then user should view the Practice Questions of Tree                    # stepdefinitions.TreeStep.user_should_view_the_Practice_Questions_of_Tree()
      java.lang.AssertionError: No questions found
	at org.testng.Assert.fail(Assert.java:111)
	at stepdefinitions.TreeStep.user_should_view_the_Practice_Questions_of_Tree(TreeStep.java:81)
	at âœ½.user should view the Practice Questions of Tree(file:///C:/Users/Palanivel/eclipse-workspace/asta_dsalgoBDD/./src/test/resources/features/Tree.feature:167)

[INFO ] 2024-10-21 00:42:19.599 [TestNG-PoolService-8] LoggerLoad - You are in Tree page.
  Given user is on the Tree module page                                   # stepdefinitions.TreeStep.user_is_on_the_tree_module_page()

    Embedding Validate the Tree Traversals page Practice Questions [image/png 14881 bytes]

  When The User enters the valid username and password "LoginCredentials" # stepdefinitions.LoginStep.the_user_enters_the_valid_username_and_password(java.lang.String)
  When The User enters the valid username and password "LoginCredentials"      # stepdefinitions.LoginStep.the_user_enters_the_valid_username_and_password(java.lang.String)
[INFO ] 2024-10-21 00:42:20.401 [TestNG-PoolService-10] LoggerLoad - You are in Traversals-Illustration page.
  Given user is on the Traversals Illustration page                          # stepdefinitions.TreeStep.user_is_on_the_traversals_illustration_page()
  When user clicked Binary Trees link in the Tree Module page             # stepdefinitions.TreeStep.user_clicked_binary_trees_link_in_the_tree_module_page()
]]></system-out>
  </testcase>
  <testcase name="runScenario[&quot;Validate the Tree Traversals page Practice Questions&quot;, &quot;Ds Portal Tree Page Functionality&quot;](158)" classname="runner.TestRunner" time="3.002">
    <failure message="No questions found" type="java.lang.AssertionError"><![CDATA[java.lang.AssertionError: No questions found
	at org.testng.Assert.fail(Assert.java:111)
	at stepdefinitions.TreeStep.user_should_view_the_Practice_Questions_of_Tree(TreeStep.java:81)
	at ✽.user should view the Practice Questions of Tree(file:///C:/Users/Palanivel/eclipse-workspace/asta_dsalgoBDD/./src/test/resources/features/Tree.feature:167)
]]></failure>
    <system-out><![CDATA[
@Tree @BinaryTreesPracQues @TreeTC_031
Scenario: Validate the BinaryTrees page Practice Questions                # src/test/resources/features/Tree.feature:242
[INFO ] 2024-10-21 00:42:20.999 [TestNG-PoolService-8] LoggerLoad - You are viewing the Binary Trees page.
  Then user is able to view the Binary Trees page                         # stepdefinitions.TreeStep.user_is_able_to_view_the_binary_trees_page()
  When user clicked the Practice Questions from Traversals Illustration page # stepdefinitions.TreeStep.user_clicked_the_practice_questions_from_traversals_illustration_page()
[INFO ] 2024-10-21 00:42:22.494 [TestNG-PoolService-3] LoggerLoad - You are in Binary Trees page.
  Given user is on the Binary Trees page                                  # stepdefinitions.TreeStep.user_is_on_the_binary_trees_page()
]]></system-out>
    <system-err><![CDATA[Oct 21, 2024 12:42:21 AM org.openqa.selenium.devtools.CdpVersionFinder findNearestMatch
WARNING: Unable to find an exact match for CDP version 129, returning the closest version; found: 128; Please update to a Selenium version that supports CDP version 129
Oct 21, 2024 12:42:22 AM org.openqa.selenium.devtools.CdpVersionFinder findNearestMatch
WARNING: Unable to find an exact match for CDP version 129, returning the closest version; found: 128; Please update to a Selenium version that supports CDP version 129
]]></system-err>
  </testcase>
  <testcase name="runScenario[&quot;Validate the Tree Module Page-Binary Trees link&quot;, &quot;Ds Portal Tree Page Functionality&quot;](159)" classname="runner.TestRunner" time="1.006">
    <system-out><![CDATA[
@Tree @TypesBinaryTrees @TreeTC_032
Scenario: Validate the Tree Module Page Types of Binary Trees link        # src/test/resources/features/Tree.feature:248
[INFO ] 2024-10-21 00:42:24.184 [TestNG-PoolService-1] LoggerLoad - You are in Assessment page.
  Given the User is on the Try Editor page from Traversals Illustration link                   # stepdefinitions.TreeStep.the_user_is_on_the_try_editor_page_from_traversals_illustration_link()
aer234@$
[INFO ] 2024-10-21 00:42:24.508 [TestNG-PoolService-5] LoggerLoad - You are in Assessment page.
  Given the User is on the Try Editor page from Traversals Illustration link                   # stepdefinitions.TreeStep.the_user_is_on_the_try_editor_page_from_traversals_illustration_link()
print hello
]]></system-out>
  </testcase>
  <testcase name="runScenario[&quot;validate the Try editor for negative input from Traversals Illustration page&quot;, &quot;Ds Portal Tree Page Functionality&quot;](160)" classname="runner.TestRunner" time="3.309">
    <system-out><![CDATA[
@Tree @TypesBinaryTryhere @TreeTC_033
Scenario: Validate the Types of Binary Trees Try here                     # src/test/resources/features/Tree.feature:254
  When the User enters a sample code as "aer234@$" in the Editor section and click Run         # stepdefinitions.CommonStepDefinitions.the_user_enters_a_sample_code_as_in_the_editor_section_and_click_run(java.lang.String)
[INFO ] 2024-10-21 00:42:25.214 [TestNG-PoolService-1] LoggerLoad - actual error SyntaxError: bad token T_OP on line 1
  Then the User should get the "SyntaxError: bad token T_OP on line 1" in the alert            # stepdefinitions.CommonStepDefinitions.the_user_should_get_the_in_the_alert(java.lang.String)
[INFO ] 2024-10-21 00:42:25.813 [TestNG-PoolService-9] LoggerLoad - You are in Assessment page.
  Given the User is on the Try Editor page from BinaryTrees link               # stepdefinitions.TreeStep.the_user_is_on_the_try_editor_page_from_binary_trees_link()
[INFO ] 2024-10-21 00:42:25.902 [TestNG-PoolService-4] LoggerLoad - The user is on the Login page.
  Given The User is on the login page                                                          # stepdefinitions.LoginStep.the_user_is_on_the_login_page()
  When user clicked the Try here on the Binary Trees page                 # stepdefinitions.TreeStep.user_clicked_the_try_here_on_the_binary_trees_page()
  Then the User should get navigated to the Try Editor Page               # stepdefinitions.CommonStepDefinitions.the_user_should_get_navigated_to_the_try_editor_page()
  When the User enters a sample code as "print hello" in the Editor section and click Run      # stepdefinitions.CommonStepDefinitions.the_user_enters_a_sample_code_as_in_the_editor_section_and_click_run(java.lang.String)
[INFO ] 2024-10-21 00:42:26.731 [TestNG-PoolService-5] LoggerLoad - actual error NameError: name 'hello' is not defined on line 1
  Then the User should get the "NameError: name 'hello' is not defined on line 1" in the alert # stepdefinitions.CommonStepDefinitions.the_user_should_get_the_in_the_alert(java.lang.String)
The Expected results are :You are logged in
[INFO ] 2024-10-21 00:42:26.801 [TestNG-PoolService-4] LoggerLoad - User Enter Login credential with username as " DreamTeam" and password as" Dre@mTe@m123" 
[INFO ] 2024-10-21 00:42:27.281 [TestNG-PoolService-6] LoggerLoad - The user is on the Login page.
  Given The User is on the login page                                                  # stepdefinitions.LoginStep.the_user_is_on_the_login_page()
The Expected results are :You are logged in
[INFO ] 2024-10-21 00:42:27.862 [TestNG-PoolService-6] LoggerLoad - User Enter Login credential with username as " DreamTeam" and password as" Dre@mTe@m123" 
  When The User enters the valid username and password "LoginCredentials"                      # stepdefinitions.LoginStep.the_user_enters_the_valid_username_and_password(java.lang.String)
]]></system-out>
    <system-err><![CDATA[Oct 21, 2024 12:42:27 AM org.openqa.selenium.devtools.CdpVersionFinder findNearestMatch
WARNING: Unable to find an exact match for CDP version 129, returning the closest version; found: 128; Please update to a Selenium version that supports CDP version 129
]]></system-err>
  </testcase>
  <testcase name="runScenario[&quot;Validate the Binary Trees Try here&quot;, &quot;Ds Portal Tree Page Functionality&quot;](161)" classname="runner.TestRunner" time="3.961">
    <system-out><![CDATA[
@Tree @TypesBinaryTryEditor @TreeTC_034
Scenario: Validate the Try editor for positive input from Types of Binary Trees page # src/test/resources/features/Tree.feature:260
  When The User enters the valid username and password "LoginCredentials"              # stepdefinitions.LoginStep.the_user_enters_the_valid_username_and_password(java.lang.String)
  When the User enters the following code in the Editor section and clicks Run # stepdefinitions.CommonStepDefinitions.the_User_enters_the_following_code_in_the_Editor_section_and_clicks_Run(io.cucumber.datatable.DataTable)
    | code           | output |
    | print("Hello") | Hello  |
    | print(1234)    | 1234   |
[INFO ] 2024-10-21 00:42:29.378 [TestNG-PoolService-9] LoggerLoad - Actual Output: Hello Expected Output: Hello
[INFO ] 2024-10-21 00:42:29.378 [TestNG-PoolService-9] LoggerLoad - Actual Output: 1234 Expected Output: 1234
  Then the User should get the correct output on the screen                    # stepdefinitions.CommonStepDefinitions.the_User_should_get_the_correct_output_on_the_screen()
[INFO ] 2024-10-21 00:42:30.216 [TestNG-PoolService-7] LoggerLoad - The user is on the Login page.
  Given The User is on the login page                                     # stepdefinitions.LoginStep.the_user_is_on_the_login_page()
The Expected results are :You are logged in
[INFO ] 2024-10-21 00:42:31.011 [TestNG-PoolService-7] LoggerLoad - User Enter Login credential with username as " DreamTeam" and password as" Dre@mTe@m123" 
  Then user should view the Practice Questions of Tree                       # stepdefinitions.TreeStep.user_should_view_the_Practice_Questions_of_Tree()
      java.lang.AssertionError: No questions found
	at org.testng.Assert.fail(Assert.java:111)
	at stepdefinitions.TreeStep.user_should_view_the_Practice_Questions_of_Tree(TreeStep.java:81)
	at âœ½.user should view the Practice Questions of Tree(file:///C:/Users/Palanivel/eclipse-workspace/asta_dsalgoBDD/./src/test/resources/features/Tree.feature:206)


    Embedding Validate the Traversals Illustration page Practice Questions [image/png 14881 bytes]

]]></system-out>
    <system-err><![CDATA[Oct 21, 2024 12:42:29 AM org.openqa.selenium.devtools.CdpVersionFinder findNearestMatch
WARNING: Unable to find an exact match for CDP version 129, returning the closest version; found: 128; Please update to a Selenium version that supports CDP version 129
Oct 21, 2024 12:42:30 AM org.openqa.selenium.devtools.CdpVersionFinder findNearestMatch
WARNING: Unable to find an exact match for CDP version 129, returning the closest version; found: 128; Please update to a Selenium version that supports CDP version 129
]]></system-err>
  </testcase>
  <testcase name="runScenario[&quot;validate the Try editor for negative input from Traversals Illustration page&quot;, &quot;Ds Portal Tree Page Functionality&quot;](162)" classname="runner.TestRunner" time="2.492">
    <system-out><![CDATA[
@Tree @TypesBinaryTryEditorNegative @TreeTC_035
Scenario Outline: validate the Try editor for negative input from Types of Binary Trees page   # src/test/resources/features/Tree.feature:277
[INFO ] 2024-10-21 00:42:32.471 [TestNG-PoolService-2] LoggerLoad - The user is on the Login page.
  Given The User is on the login page                                     # stepdefinitions.LoginStep.the_user_is_on_the_login_page()
  When The User enters the valid username and password "LoginCredentials" # stepdefinitions.LoginStep.the_user_enters_the_valid_username_and_password(java.lang.String)
The Expected results are :You are logged in
[INFO ] 2024-10-21 00:42:33.085 [TestNG-PoolService-2] LoggerLoad - User Enter Login credential with username as " DreamTeam" and password as" Dre@mTe@m123" 
[INFO ] 2024-10-21 00:42:33.377 [TestNG-PoolService-4] LoggerLoad - You are in Assessment page.
  Given the User is on the Try Editor page from BinaryTrees link                               # stepdefinitions.TreeStep.the_user_is_on_the_try_editor_page_from_binary_trees_link()
print hello
[INFO ] 2024-10-21 00:42:33.794 [TestNG-PoolService-8] LoggerLoad - The user is on the Login page.
  Given The User is on the login page                                     # stepdefinitions.LoginStep.the_user_is_on_the_login_page()
[INFO ] 2024-10-21 00:42:34.062 [TestNG-PoolService-6] LoggerLoad - You are in Assessment page.
  Given the User is on the Try Editor page from BinaryTrees link                       # stepdefinitions.TreeStep.the_user_is_on_the_try_editor_page_from_binary_trees_link()
aer234@$
  When The User enters the valid username and password "LoginCredentials" # stepdefinitions.LoginStep.the_user_enters_the_valid_username_and_password(java.lang.String)
  When the User enters a sample code as "print hello" in the Editor section and click Run      # stepdefinitions.CommonStepDefinitions.the_user_enters_a_sample_code_as_in_the_editor_section_and_click_run(java.lang.String)
[INFO ] 2024-10-21 00:42:34.226 [TestNG-PoolService-4] LoggerLoad - actual error NameError: name 'hello' is not defined on line 1
  Then the User should get the "NameError: name 'hello' is not defined on line 1" in the alert # stepdefinitions.CommonStepDefinitions.the_user_should_get_the_in_the_alert(java.lang.String)
The Expected results are :You are logged in
[INFO ] 2024-10-21 00:42:34.460 [TestNG-PoolService-8] LoggerLoad - User Enter Login credential with username as " DreamTeam" and password as" Dre@mTe@m123" 
  When the User enters a sample code as "aer234@$" in the Editor section and click Run # stepdefinitions.CommonStepDefinitions.the_user_enters_a_sample_code_as_in_the_editor_section_and_click_run(java.lang.String)
[INFO ] 2024-10-21 00:42:34.793 [TestNG-PoolService-6] LoggerLoad - actual error SyntaxError: bad token T_OP on line 1
  Then the User should get the "SyntaxError: bad token T_OP on line 1" in the alert    # stepdefinitions.CommonStepDefinitions.the_user_should_get_the_in_the_alert(java.lang.String)
]]></system-out>
    <system-err><![CDATA[Oct 21, 2024 12:42:33 AM org.openqa.selenium.devtools.CdpVersionFinder findNearestMatch
WARNING: Unable to find an exact match for CDP version 129, returning the closest version; found: 128; Please update to a Selenium version that supports CDP version 129
]]></system-err>
  </testcase>
  <testcase name="runScenario[&quot;Validate the Try editor for positive input from BinaryTrees page&quot;, &quot;Ds Portal Tree Page Functionality&quot;](163)" classname="runner.TestRunner" time="0.765">
    <system-out><![CDATA[
@Tree @TypesBinaryTryEditorNegative @TreeTC_035
Scenario Outline: validate the Try editor for negative input from Types of Binary Trees page # src/test/resources/features/Tree.feature:278
[INFO ] 2024-10-21 00:42:34.952 [TestNG-PoolService-2] LoggerLoad - You are in Tree page.
  Given user is on the Tree module page                                   # stepdefinitions.TreeStep.user_is_on_the_tree_module_page()
[INFO ] 2024-10-21 00:42:35.243 [TestNG-PoolService-7] LoggerLoad - You are in Binary Trees page.
  Given user is on the Binary Trees page                                  # stepdefinitions.TreeStep.user_is_on_the_binary_trees_page()
  When The User enters the valid username and password "LoginCredentials" # stepdefinitions.LoginStep.the_user_enters_the_valid_username_and_password(java.lang.String)
]]></system-out>
  </testcase>
  <testcase name="runScenario[&quot;validate the Try editor for negative input from BinaryTrees page&quot;, &quot;Ds Portal Tree Page Functionality&quot;](164)" classname="runner.TestRunner" time="0.068">
    <system-out><![CDATA[
@Tree @TypesBinaryPracQues @TreeTC_036
Scenario: Validate the Types of Binary Trees page Practice Questions       # src/test/resources/features/Tree.feature:281
]]></system-out>
  </testcase>
  <testcase name="runScenario[&quot;validate the Try editor for negative input from BinaryTrees page&quot;, &quot;Ds Portal Tree Page Functionality&quot;](165)" classname="runner.TestRunner" time="0.012"/>
  <testcase name="runScenario[&quot;Validate the Tree Module Page Types of Binary Trees link&quot;, &quot;Ds Portal Tree Page Functionality&quot;](166)" classname="runner.TestRunner" time="0.779">
    <system-out><![CDATA[  When user clicked the Practice Questions from BinaryTrees page          # stepdefinitions.TreeStep.user_clicked_the_practice_questions_from_binary_trees_page()

@Tree @ImpPython @TreeTC_037
Scenario: Validate the Tree Module Page Implementations in Python link     # src/test/resources/features/Tree.feature:287

@Tree @ImpPythonTryhere @TreeTC_038
Scenario: Validate the Implementations in Python Try here                   # src/test/resources/features/Tree.feature:293
  When user clicked Types of Binary Trees link in the Tree Module page    # stepdefinitions.TreeStep.user_clicked_types_of_binary_trees_link_in_the_tree_module_page()
[INFO ] 2024-10-21 00:42:36.006 [TestNG-PoolService-2] LoggerLoad - You are viewing the Types of Binary Trees page.
  Then user is able to view the  Types of Binary Tree linked page         # stepdefinitions.TreeStep.user_is_able_to_view_the_types_of_binary_tree_linked_page()
[INFO ] 2024-10-21 00:42:36.258 [TestNG-PoolService-1] LoggerLoad - The user is on the Login page.
  Given The User is on the login page                                                # stepdefinitions.LoginStep.the_user_is_on_the_login_page()
]]></system-out>
  </testcase>
  <testcase name="runScenario[&quot;Validate the Traversals Illustration page Practice Questions&quot;, &quot;Ds Portal Tree Page Functionality&quot;](167)" classname="runner.TestRunner" time="1.127">
    <failure message="No questions found" type="java.lang.AssertionError"><![CDATA[java.lang.AssertionError: No questions found
	at org.testng.Assert.fail(Assert.java:111)
	at stepdefinitions.TreeStep.user_should_view_the_Practice_Questions_of_Tree(TreeStep.java:81)
	at ✽.user should view the Practice Questions of Tree(file:///C:/Users/Palanivel/eclipse-workspace/asta_dsalgoBDD/./src/test/resources/features/Tree.feature:206)
]]></failure>
    <system-out><![CDATA[
@Tree @ImpPythonTryEditor @TreeTC_039
Scenario: Validate the Try editor for positive input from Implementations in Python page # src/test/resources/features/Tree.feature:299
The Expected results are :You are logged in
[INFO ] 2024-10-21 00:42:36.866 [TestNG-PoolService-1] LoggerLoad - User Enter Login credential with username as " DreamTeam" and password as" Dre@mTe@m123" 
]]></system-out>
    <system-err><![CDATA[Oct 21, 2024 12:42:37 AM org.openqa.selenium.devtools.CdpVersionFinder findNearestMatch
WARNING: Unable to find an exact match for CDP version 129, returning the closest version; found: 128; Please update to a Selenium version that supports CDP version 129
]]></system-err>
  </testcase>
  <testcase name="runScenario[&quot;Validate the Types of Binary Trees Try here&quot;, &quot;Ds Portal Tree Page Functionality&quot;](168)" classname="runner.TestRunner" time="14.931">
    <system-out><![CDATA[
@Tree @ImpPythonTryEditorNegative @TreeTC_40
Scenario Outline: validate the Try editor for negative input from Implementations in Python page # src/test/resources/features/Tree.feature:316
  When The User enters the valid username and password "LoginCredentials"            # stepdefinitions.LoginStep.the_user_enters_the_valid_username_and_password(java.lang.String)
[INFO ] 2024-10-21 00:42:38.040 [TestNG-PoolService-8] LoggerLoad - You are in Types of Binary Trees page.
  Given user is on the Types of Binary Trees page                         # stepdefinitions.TreeStep.user_is_on_the_types_of_binary_trees_page()
[INFO ] 2024-10-21 00:42:39.715 [TestNG-PoolService-3] LoggerLoad - The user is on the Login page.
  Given The User is on the login page                                                          # stepdefinitions.LoginStep.the_user_is_on_the_login_page()
The Expected results are :You are logged in
[INFO ] 2024-10-21 00:42:40.863 [TestNG-PoolService-3] LoggerLoad - User Enter Login credential with username as " DreamTeam" and password as" Dre@mTe@m123" 
  When user clicked the Try here on the Types of Binary Trees page        # stepdefinitions.TreeStep.user_clicked_the_try_here_on_the_types_of_binary_trees_page()
[INFO ] 2024-10-21 00:42:42.060 [TestNG-PoolService-5] LoggerLoad - The user is on the Login page.
  Given The User is on the login page                                                        # stepdefinitions.LoginStep.the_user_is_on_the_login_page()
  Then the User should get navigated to the Try Editor Page               # stepdefinitions.CommonStepDefinitions.the_user_should_get_navigated_to_the_try_editor_page()
  When The User enters the valid username and password "LoginCredentials"                      # stepdefinitions.LoginStep.the_user_enters_the_valid_username_and_password(java.lang.String)
The Expected results are :You are logged in
[INFO ] 2024-10-21 00:42:42.733 [TestNG-PoolService-5] LoggerLoad - User Enter Login credential with username as " DreamTeam" and password as" Dre@mTe@m123" 
  When The User enters the valid username and password "LoginCredentials"                    # stepdefinitions.LoginStep.the_user_enters_the_valid_username_and_password(java.lang.String)
[INFO ] 2024-10-21 00:42:45.202 [TestNG-PoolService-9] LoggerLoad - The user is on the Login page.
  Given The User is on the login page                                      # stepdefinitions.LoginStep.the_user_is_on_the_login_page()
[INFO ] 2024-10-21 00:42:45.654 [TestNG-PoolService-4] LoggerLoad - The user is on the Login page.
  Given The User is on the login page                                       # stepdefinitions.LoginStep.the_user_is_on_the_login_page()
  Then user should view the Practice Questions of Tree                    # stepdefinitions.TreeStep.user_should_view_the_Practice_Questions_of_Tree()
      java.lang.AssertionError: No questions found
	at org.testng.Assert.fail(Assert.java:111)
	at stepdefinitions.TreeStep.user_should_view_the_Practice_Questions_of_Tree(TreeStep.java:81)
	at âœ½.user should view the Practice Questions of Tree(file:///C:/Users/Palanivel/eclipse-workspace/asta_dsalgoBDD/./src/test/resources/features/Tree.feature:245)

The Expected results are :You are logged in
[INFO ] 2024-10-21 00:42:46.191 [TestNG-PoolService-9] LoggerLoad - User Enter Login credential with username as " DreamTeam" and password as" Dre@mTe@m123" 

    Embedding Validate the BinaryTrees page Practice Questions [image/png 14881 bytes]

[INFO ] 2024-10-21 00:42:46.376 [TestNG-PoolService-6] LoggerLoad - The user is on the Login page.
  Given The User is on the login page                                      # stepdefinitions.LoginStep.the_user_is_on_the_login_page()
The Expected results are :You are logged in
[INFO ] 2024-10-21 00:42:46.494 [TestNG-PoolService-4] LoggerLoad - User Enter Login credential with username as " DreamTeam" and password as" Dre@mTe@m123" 
The Expected results are :You are logged in
[INFO ] 2024-10-21 00:42:46.979 [TestNG-PoolService-6] LoggerLoad - User Enter Login credential with username as " DreamTeam" and password as" Dre@mTe@m123" 
[INFO ] 2024-10-21 00:42:47.540 [TestNG-PoolService-1] LoggerLoad - You are in Assessment page.
  Given the User is on the Try Editor page from Types of Binary Trees link           # stepdefinitions.TreeStep.the_user_is_on_the_try_editor_page_from_types_of_binary_trees_link()
  When The User enters the valid username and password "LoginCredentials"  # stepdefinitions.LoginStep.the_user_enters_the_valid_username_and_password(java.lang.String)
  When The User enters the valid username and password "LoginCredentials"   # stepdefinitions.LoginStep.the_user_enters_the_valid_username_and_password(java.lang.String)
[INFO ] 2024-10-21 00:42:48.493 [TestNG-PoolService-3] LoggerLoad - You are in Assessment page.
  Given the User is on the Try Editor page from Types of Binary Trees link                     # stepdefinitions.TreeStep.the_user_is_on_the_try_editor_page_from_types_of_binary_trees_link()
print hello
[INFO ] 2024-10-21 00:42:48.621 [TestNG-PoolService-2] LoggerLoad - The user is on the Login page.
  Given The User is on the login page                                                    # stepdefinitions.LoginStep.the_user_is_on_the_login_page()
  When The User enters the valid username and password "LoginCredentials"  # stepdefinitions.LoginStep.the_user_enters_the_valid_username_and_password(java.lang.String)
The Expected results are :You are logged in
[INFO ] 2024-10-21 00:42:49.367 [TestNG-PoolService-2] LoggerLoad - User Enter Login credential with username as " DreamTeam" and password as" Dre@mTe@m123" 
  When the User enters a sample code as "print hello" in the Editor section and click Run      # stepdefinitions.CommonStepDefinitions.the_user_enters_a_sample_code_as_in_the_editor_section_and_click_run(java.lang.String)
[INFO ] 2024-10-21 00:42:49.526 [TestNG-PoolService-3] LoggerLoad - actual error NameError: name 'hello' is not defined on line 1
  Then the User should get the "NameError: name 'hello' is not defined on line 1" in the alert # stepdefinitions.CommonStepDefinitions.the_user_should_get_the_in_the_alert(java.lang.String)
[INFO ] 2024-10-21 00:42:49.808 [TestNG-PoolService-10] LoggerLoad - The user is on the Login page.
  Given The User is on the login page                                                            # stepdefinitions.LoginStep.the_user_is_on_the_login_page()
[INFO ] 2024-10-21 00:42:49.927 [TestNG-PoolService-6] LoggerLoad - You are in Tree page.
  Given user is on the Tree module page                                    # stepdefinitions.TreeStep.user_is_on_the_tree_module_page()
[INFO ] 2024-10-21 00:42:50.272 [TestNG-PoolService-4] LoggerLoad - You are in Implementation in Python page.
  Given user is on the Implementations in Python page                       # stepdefinitions.TreeStep.user_is_on_the_implementations_in_Python_page()
[INFO ] 2024-10-21 00:42:50.334 [TestNG-PoolService-5] LoggerLoad - You are in Assessment page.
  Given the User is on the Try Editor page from Types of Binary Trees link                   # stepdefinitions.TreeStep.the_user_is_on_the_try_editor_page_from_types_of_binary_trees_link()
aer234@$
The Expected results are :You are logged in
[INFO ] 2024-10-21 00:42:50.626 [TestNG-PoolService-10] LoggerLoad - User Enter Login credential with username as " DreamTeam" and password as" Dre@mTe@m123" 
  When the User enters a sample code as "aer234@$" in the Editor section and click Run       # stepdefinitions.CommonStepDefinitions.the_user_enters_a_sample_code_as_in_the_editor_section_and_click_run(java.lang.String)
[INFO ] 2024-10-21 00:42:50.937 [TestNG-PoolService-5] LoggerLoad - actual error SyntaxError: bad token T_OP on line 1
  Then the User should get the "SyntaxError: bad token T_OP on line 1" in the alert          # stepdefinitions.CommonStepDefinitions.the_user_should_get_the_in_the_alert(java.lang.String)
  When The User enters the valid username and password "LoginCredentials"                # stepdefinitions.LoginStep.the_user_enters_the_valid_username_and_password(java.lang.String)
  When user clicked Implementations in Python link in the Tree Module page # stepdefinitions.TreeStep.user_clicked_implementations_in_python_link_in_the_tree_module_page()
[INFO ] 2024-10-21 00:42:51.146 [TestNG-PoolService-9] LoggerLoad - You are in Types of Binary Trees page.
  Given user is on the Types of Binary Trees page                          # stepdefinitions.TreeStep.user_is_on_the_types_of_binary_trees_page()
[INFO ] 2024-10-21 00:42:51.164 [TestNG-PoolService-6] LoggerLoad - You are viewing the Implementation in Python page.
  Then user is able to view the  Implementations in Python link page       # stepdefinitions.TreeStep.user_is_able_to_view_the_implementations_in_python_link_page()
  When user clicked the Practice Questions from Types of Binary Trees page # stepdefinitions.TreeStep.user_clicked_the_practice_questions_from_types_of_binary_trees_page()
  When the User enters the following code in the Editor section and clicks Run       # stepdefinitions.CommonStepDefinitions.the_User_enters_the_following_code_in_the_Editor_section_and_clicks_Run(io.cucumber.datatable.DataTable)
    | code           | output |
    | print("Hello") | Hello  |
    | print(1234)    | 1234   |
[INFO ] 2024-10-21 00:42:51.785 [TestNG-PoolService-1] LoggerLoad - Actual Output: Hello Expected Output: Hello
[INFO ] 2024-10-21 00:42:51.785 [TestNG-PoolService-1] LoggerLoad - Actual Output: 1234 Expected Output: 1234
  Then the User should get the correct output on the screen                          # stepdefinitions.CommonStepDefinitions.the_User_should_get_the_correct_output_on_the_screen()
  When The User enters the valid username and password "LoginCredentials"                        # stepdefinitions.LoginStep.the_user_enters_the_valid_username_and_password(java.lang.String)
]]></system-out>
    <system-err><![CDATA[Oct 21, 2024 12:42:39 AM org.openqa.selenium.devtools.CdpVersionFinder findNearestMatch
WARNING: Unable to find an exact match for CDP version 129, returning the closest version; found: 128; Please update to a Selenium version that supports CDP version 129
Oct 21, 2024 12:42:41 AM org.openqa.selenium.devtools.CdpVersionFinder findNearestMatch
WARNING: Unable to find an exact match for CDP version 129, returning the closest version; found: 128; Please update to a Selenium version that supports CDP version 129
Oct 21, 2024 12:42:41 AM org.openqa.selenium.devtools.CdpVersionFinder findNearestMatch
WARNING: Unable to find an exact match for CDP version 129, returning the closest version; found: 128; Please update to a Selenium version that supports CDP version 129
Oct 21, 2024 12:42:41 AM org.openqa.selenium.devtools.CdpVersionFinder findNearestMatch
WARNING: Unable to find an exact match for CDP version 129, returning the closest version; found: 128; Please update to a Selenium version that supports CDP version 129
Oct 21, 2024 12:42:43 AM org.openqa.selenium.devtools.CdpVersionFinder findNearestMatch
WARNING: Unable to find an exact match for CDP version 129, returning the closest version; found: 128; Please update to a Selenium version that supports CDP version 129
Oct 21, 2024 12:42:46 AM org.openqa.selenium.devtools.CdpVersionFinder findNearestMatch
WARNING: Unable to find an exact match for CDP version 129, returning the closest version; found: 128; Please update to a Selenium version that supports CDP version 129
]]></system-err>
  </testcase>
  <testcase name="runScenario[&quot;validate the Try editor for negative input from Types of Binary Trees page&quot;, &quot;Ds Portal Tree Page Functionality&quot;](169)" classname="runner.TestRunner" time="0.049">
    <system-out><![CDATA[
@Tree @ImpPythonTryEditorNegative @TreeTC_40
Scenario Outline: validate the Try editor for negative input from Implementations in Python page # src/test/resources/features/Tree.feature:317
]]></system-out>
  </testcase>
  <testcase name="runScenario[&quot;Validate the BinaryTrees page Practice Questions&quot;, &quot;Ds Portal Tree Page Functionality&quot;](170)" classname="runner.TestRunner" time="0.054">
    <failure message="No questions found" type="java.lang.AssertionError"><![CDATA[java.lang.AssertionError: No questions found
	at org.testng.Assert.fail(Assert.java:111)
	at stepdefinitions.TreeStep.user_should_view_the_Practice_Questions_of_Tree(TreeStep.java:81)
	at ✽.user should view the Practice Questions of Tree(file:///C:/Users/Palanivel/eclipse-workspace/asta_dsalgoBDD/./src/test/resources/features/Tree.feature:245)
]]></failure>
    <system-out><![CDATA[
@Tree @ImpPythonPracQues @TreeTC_041
Scenario: Validate the Implementations in Python page Practice Questions       # src/test/resources/features/Tree.feature:320
]]></system-out>
  </testcase>
  <testcase name="runScenario[&quot;Validate the Tree Module Page Implementations in Python link&quot;, &quot;Ds Portal Tree Page Functionality&quot;](171)" classname="runner.TestRunner" time="0.055">
    <system-out><![CDATA[
@Tree @TreeBinaryTraversals @TreeTC_042
Scenario: Validate the Tree Module Page Binary Tree Traversals link       # src/test/resources/features/Tree.feature:326
]]></system-out>
  </testcase>
  <testcase name="runScenario[&quot;Validate the Try editor for positive input from Types of Binary Trees page&quot;, &quot;Ds Portal Tree Page Functionality&quot;](172)" classname="runner.TestRunner" time="0.06">
    <system-out><![CDATA[
@Tree @BinaryTraversals_Tryhere @TreeTC_043
Scenario: Validate the Binary Tree Traversals Try here                    # src/test/resources/features/Tree.feature:332
]]></system-out>
  </testcase>
  <testcase name="runScenario[&quot;Validate the Implementations in Python Try here&quot;, &quot;Ds Portal Tree Page Functionality&quot;](173)" classname="runner.TestRunner" time="0.577">
    <system-out><![CDATA[
@Tree @BinaryTraversalsTryEditor @TreeTC_044
Scenario: Validate the Try editor for positive input from Binary Tree Traversals page # src/test/resources/features/Tree.feature:338
  When user clicked the Try here on the Implementations in Python Tree page # stepdefinitions.TreeStep.user_clicked_the_try_here_on_the_implementations_in_python_tree_page()
  Then the User should get navigated to the Try Editor Page                 # stepdefinitions.CommonStepDefinitions.the_user_should_get_navigated_to_the_try_editor_page()
]]></system-out>
  </testcase>
  <testcase name="runScenario[&quot;validate the Try editor for negative input from Types of Binary Trees page&quot;, &quot;Ds Portal Tree Page Functionality&quot;](174)" classname="runner.TestRunner" time="0.802">
    <system-out><![CDATA[
@Tree @BinaryTraversalsTryEditorNegative @TreeTC_45
Scenario Outline: validate the Try editor for negative input from Binary Tree Traversals page  # src/test/resources/features/Tree.feature:355
]]></system-out>
  </testcase>
  <testcase name="runScenario[&quot;validate the Try editor for negative input from Implementations in Python page&quot;, &quot;Ds Portal Tree Page Functionality&quot;](175)" classname="runner.TestRunner" time="12.315">
    <system-out><![CDATA[
@Tree @BinaryTraversalsTryEditorNegative @TreeTC_45
Scenario Outline: validate the Try editor for negative input from Binary Tree Traversals page # src/test/resources/features/Tree.feature:356
[INFO ] 2024-10-21 00:42:55.484 [TestNG-PoolService-2] LoggerLoad - You are in Assessment page.
  Given the User is on the Try Editor page from Implementations in Python link           # stepdefinitions.TreeStep.the_user_is_on_the_try_editor_page_from_implementations_in_python_link()
[INFO ] 2024-10-21 00:42:57.511 [TestNG-PoolService-10] LoggerLoad - You are in Assessment page.
  Given the User is on the Try Editor page from Implementations in Python link                   # stepdefinitions.TreeStep.the_user_is_on_the_try_editor_page_from_implementations_in_python_link()
print hello
[INFO ] 2024-10-21 00:43:00.039 [TestNG-PoolService-5] LoggerLoad - The user is on the Login page.
  Given The User is on the login page                                          # stepdefinitions.LoginStep.the_user_is_on_the_login_page()
  When the User enters a sample code as "print hello" in the Editor section and click Run        # stepdefinitions.CommonStepDefinitions.the_user_enters_a_sample_code_as_in_the_editor_section_and_click_run(java.lang.String)
[INFO ] 2024-10-21 00:43:00.637 [TestNG-PoolService-10] LoggerLoad - actual error NameError: name 'hello' is not defined on line 1
  Then the User should get the "NameError: name 'hello' is not defined on line 1" in the alert   # stepdefinitions.CommonStepDefinitions.the_user_should_get_the_in_the_alert(java.lang.String)
The Expected results are :You are logged in
[INFO ] 2024-10-21 00:43:00.661 [TestNG-PoolService-5] LoggerLoad - User Enter Login credential with username as " DreamTeam" and password as" Dre@mTe@m123" 
  Then user should view the Practice Questions of Tree                     # stepdefinitions.TreeStep.user_should_view_the_Practice_Questions_of_Tree()
      java.lang.AssertionError: No questions found
	at org.testng.Assert.fail(Assert.java:111)
	at stepdefinitions.TreeStep.user_should_view_the_Practice_Questions_of_Tree(TreeStep.java:81)
	at âœ½.user should view the Practice Questions of Tree(file:///C:/Users/Palanivel/eclipse-workspace/asta_dsalgoBDD/./src/test/resources/features/Tree.feature:284)


    Embedding Validate the Types of Binary Trees page Practice Questions [image/png 14881 bytes]

  When The User enters the valid username and password "LoginCredentials"      # stepdefinitions.LoginStep.the_user_enters_the_valid_username_and_password(java.lang.String)
[INFO ] 2024-10-21 00:43:03.968 [TestNG-PoolService-7] LoggerLoad - The user is on the Login page.
  Given The User is on the login page                                     # stepdefinitions.LoginStep.the_user_is_on_the_login_page()
[INFO ] 2024-10-21 00:43:04.105 [TestNG-PoolService-1] LoggerLoad - The user is on the Login page.
  Given The User is on the login page                                                 # stepdefinitions.LoginStep.the_user_is_on_the_login_page()
[INFO ] 2024-10-21 00:43:04.255 [TestNG-PoolService-8] LoggerLoad - The user is on the Login page.
  Given The User is on the login page                                                            # stepdefinitions.LoginStep.the_user_is_on_the_login_page()
  When the User enters the following code in the Editor section and clicks Run           # stepdefinitions.CommonStepDefinitions.the_User_enters_the_following_code_in_the_Editor_section_and_clicks_Run(io.cucumber.datatable.DataTable)
    | code           | output |
    | print("Hello") | Hello  |
    | print(1234)    | 1234   |
[INFO ] 2024-10-21 00:43:04.829 [TestNG-PoolService-2] LoggerLoad - Actual Output: Hello Expected Output: Hello
[INFO ] 2024-10-21 00:43:04.829 [TestNG-PoolService-2] LoggerLoad - Actual Output: 1234 Expected Output: 1234
  Then the User should get the correct output on the screen                              # stepdefinitions.CommonStepDefinitions.the_User_should_get_the_correct_output_on_the_screen()
The Expected results are :You are logged in
[INFO ] 2024-10-21 00:43:04.874 [TestNG-PoolService-1] LoggerLoad - User Enter Login credential with username as " DreamTeam" and password as" Dre@mTe@m123" 
The Expected results are :You are logged in
[INFO ] 2024-10-21 00:43:04.934 [TestNG-PoolService-7] LoggerLoad - User Enter Login credential with username as " DreamTeam" and password as" Dre@mTe@m123" 
The Expected results are :You are logged in
[INFO ] 2024-10-21 00:43:05.036 [TestNG-PoolService-8] LoggerLoad - User Enter Login credential with username as " DreamTeam" and password as" Dre@mTe@m123" 
[INFO ] 2024-10-21 00:43:05.155 [TestNG-PoolService-6] LoggerLoad - The user is on the Login page.
  Given The User is on the login page                                     # stepdefinitions.LoginStep.the_user_is_on_the_login_page()
[INFO ] 2024-10-21 00:43:05.232 [TestNG-PoolService-4] LoggerLoad - The user is on the Login page.
  Given The User is on the login page                                                          # stepdefinitions.LoginStep.the_user_is_on_the_login_page()
[INFO ] 2024-10-21 00:43:05.439 [TestNG-PoolService-5] LoggerLoad - You are in Implementation in Python page.
  Given user is on the Implementations in Python page                          # stepdefinitions.TreeStep.user_is_on_the_implementations_in_Python_page()
The Expected results are :You are logged in
[INFO ] 2024-10-21 00:43:05.702 [TestNG-PoolService-6] LoggerLoad - User Enter Login credential with username as " DreamTeam" and password as" Dre@mTe@m123" 
  When user clicked the Practice Questions from Implementations in Python page # stepdefinitions.TreeStep.user_clicked_the_practice_questions_from_implementations_in_python_page()
The Expected results are :You are logged in
[INFO ] 2024-10-21 00:43:05.849 [TestNG-PoolService-4] LoggerLoad - User Enter Login credential with username as " DreamTeam" and password as" Dre@mTe@m123" 
  When The User enters the valid username and password "LoginCredentials"             # stepdefinitions.LoginStep.the_user_enters_the_valid_username_and_password(java.lang.String)
  When The User enters the valid username and password "LoginCredentials"                        # stepdefinitions.LoginStep.the_user_enters_the_valid_username_and_password(java.lang.String)
  When The User enters the valid username and password "LoginCredentials" # stepdefinitions.LoginStep.the_user_enters_the_valid_username_and_password(java.lang.String)
[INFO ] 2024-10-21 00:43:06.471 [TestNG-PoolService-3] LoggerLoad - The user is on the Login page.
  Given The User is on the login page                                                         # stepdefinitions.LoginStep.the_user_is_on_the_login_page()
]]></system-out>
    <system-err><![CDATA[Oct 21, 2024 12:42:56 AM org.openqa.selenium.devtools.CdpVersionFinder findNearestMatch
WARNING: Unable to find an exact match for CDP version 129, returning the closest version; found: 128; Please update to a Selenium version that supports CDP version 129
Oct 21, 2024 12:42:58 AM org.openqa.selenium.devtools.CdpVersionFinder findNearestMatch
WARNING: Unable to find an exact match for CDP version 129, returning the closest version; found: 128; Please update to a Selenium version that supports CDP version 129
Oct 21, 2024 12:42:58 AM org.openqa.selenium.devtools.CdpVersionFinder findNearestMatch
WARNING: Unable to find an exact match for CDP version 129, returning the closest version; found: 128; Please update to a Selenium version that supports CDP version 129
Oct 21, 2024 12:42:58 AM org.openqa.selenium.devtools.CdpVersionFinder findNearestMatch
WARNING: Unable to find an exact match for CDP version 129, returning the closest version; found: 128; Please update to a Selenium version that supports CDP version 129
Oct 21, 2024 12:42:59 AM org.openqa.selenium.devtools.CdpVersionFinder findNearestMatch
WARNING: Unable to find an exact match for CDP version 129, returning the closest version; found: 128; Please update to a Selenium version that supports CDP version 129
Oct 21, 2024 12:43:00 AM org.openqa.selenium.devtools.CdpVersionFinder findNearestMatch
WARNING: Unable to find an exact match for CDP version 129, returning the closest version; found: 128; Please update to a Selenium version that supports CDP version 129
Oct 21, 2024 12:43:03 AM org.openqa.selenium.devtools.CdpVersionFinder findNearestMatch
WARNING: Unable to find an exact match for CDP version 129, returning the closest version; found: 128; Please update to a Selenium version that supports CDP version 129
]]></system-err>
  </testcase>
  <testcase name="runScenario[&quot;Validate the Types of Binary Trees page Practice Questions&quot;, &quot;Ds Portal Tree Page Functionality&quot;](176)" classname="runner.TestRunner" time="0.0">
    <failure message="No questions found" type="java.lang.AssertionError"><![CDATA[java.lang.AssertionError: No questions found
	at org.testng.Assert.fail(Assert.java:111)
	at stepdefinitions.TreeStep.user_should_view_the_Practice_Questions_of_Tree(TreeStep.java:81)
	at ✽.user should view the Practice Questions of Tree(file:///C:/Users/Palanivel/eclipse-workspace/asta_dsalgoBDD/./src/test/resources/features/Tree.feature:284)
]]></failure>
  </testcase>
  <testcase name="runScenario[&quot;Validate the Try editor for positive input from Implementations in Python page&quot;, &quot;Ds Portal Tree Page Functionality&quot;](177)" classname="runner.TestRunner" time="0.186">
    <system-out><![CDATA[
@Tree @BinaryTraversalsPracQues @TreeTC_046
Scenario: Validate the Binary Tree Traversals page Practice Questions       # src/test/resources/features/Tree.feature:359

@Tree @ImpBinaryTrees @TreeTC_047
Scenario: Validate the Tree Module Page Implementation of Binary Trees link     # src/test/resources/features/Tree.feature:365
  When The User enters the valid username and password "LoginCredentials" # stepdefinitions.LoginStep.the_user_enters_the_valid_username_and_password(java.lang.String)
]]></system-out>
  </testcase>
  <testcase name="runScenario[&quot;Validate the Tree Module Page Binary Tree Traversals link&quot;, &quot;Ds Portal Tree Page Functionality&quot;](178)" classname="runner.TestRunner" time="2.57">
    <system-out><![CDATA[
@Tree @ImpBinaryTreesTryhere @TreeTC_048
Scenario: Validate the Implementation of Binary Trees Try here             # src/test/resources/features/Tree.feature:371
[INFO ] 2024-10-21 00:43:07.092 [TestNG-PoolService-7] LoggerLoad - You are in Tree page.
  Given user is on the Tree module page                                   # stepdefinitions.TreeStep.user_is_on_the_tree_module_page()
The Expected results are :You are logged in
[INFO ] 2024-10-21 00:43:07.104 [TestNG-PoolService-3] LoggerLoad - User Enter Login credential with username as " DreamTeam" and password as" Dre@mTe@m123" 
  When The User enters the valid username and password "LoginCredentials"                      # stepdefinitions.LoginStep.the_user_enters_the_valid_username_and_password(java.lang.String)
  When The User enters the valid username and password "LoginCredentials"                     # stepdefinitions.LoginStep.the_user_enters_the_valid_username_and_password(java.lang.String)
  When user clicked Binary Tree Traversals link in the Tree Module page   # stepdefinitions.TreeStep.user_clicked_binary_tree_traversals_link_in_the_tree_module_page()
[INFO ] 2024-10-21 00:43:08.282 [TestNG-PoolService-7] LoggerLoad - You are viewing the Binary Tree Traversals page.
  Then user is able to view the Binary Tree Traversals linked page        # stepdefinitions.TreeStep.user_is_able_to_view_the_binary_tree_traversals_linked_page()
[INFO ] 2024-10-21 00:43:08.601 [TestNG-PoolService-6] LoggerLoad - You are in Binary Tree Traversals page.
  Given user is on the Binary Tree Traversals page                        # stepdefinitions.TreeStep.user_is_on_the_binary_tree_traversals_page()
]]></system-out>
  </testcase>
  <testcase name="runScenario[&quot;validate the Try editor for negative input from Implementations in Python page&quot;, &quot;Ds Portal Tree Page Functionality&quot;](179)" classname="runner.TestRunner" time="5.531">
    <system-out><![CDATA[
@Tree @ImpBinaryTreesTryEditor @TreeTC_049
Scenario: Validate the Try editor for positive input from Implementation of Binary Trees page # src/test/resources/features/Tree.feature:377
[INFO ] 2024-10-21 00:43:11.236 [TestNG-PoolService-1] LoggerLoad - You are in Assessment page.
  Given the User is on the Try Editor page from Binary Tree Traversals link           # stepdefinitions.TreeStep.the_user_is_on_the_try_editor_page_from_binary_tree_traversals_link()
[INFO ] 2024-10-21 00:43:11.887 [TestNG-PoolService-8] LoggerLoad - You are in Assessment page.
  Given the User is on the Try Editor page from Implementations in Python link                   # stepdefinitions.TreeStep.the_user_is_on_the_try_editor_page_from_implementations_in_python_link()
aer234@$
  When user clicked the Try here on the Binary Tree Traversals page       # stepdefinitions.TreeStep.user_clicked_the_try_here_on_the_binary_tree_traversals_page()
  Then the User should get navigated to the Try Editor Page               # stepdefinitions.CommonStepDefinitions.the_user_should_get_navigated_to_the_try_editor_page()
  When the User enters a sample code as "aer234@$" in the Editor section and click Run           # stepdefinitions.CommonStepDefinitions.the_user_enters_a_sample_code_as_in_the_editor_section_and_click_run(java.lang.String)
[INFO ] 2024-10-21 00:43:12.957 [TestNG-PoolService-8] LoggerLoad - actual error SyntaxError: bad token T_OP on line 1
  Then the User should get the "SyntaxError: bad token T_OP on line 1" in the alert              # stepdefinitions.CommonStepDefinitions.the_user_should_get_the_in_the_alert(java.lang.String)
[INFO ] 2024-10-21 00:43:13.025 [TestNG-PoolService-4] LoggerLoad - You are in Assessment page.
  Given the User is on the Try Editor page from Binary Tree Traversals link                    # stepdefinitions.TreeStep.the_user_is_on_the_try_editor_page_from_binary_tree_traversals_link()
print hello
  When the User enters a sample code as "print hello" in the Editor section and click Run      # stepdefinitions.CommonStepDefinitions.the_user_enters_a_sample_code_as_in_the_editor_section_and_click_run(java.lang.String)
[INFO ] 2024-10-21 00:43:14.063 [TestNG-PoolService-4] LoggerLoad - actual error NameError: name 'hello' is not defined on line 1
  Then the User should get the "NameError: name 'hello' is not defined on line 1" in the alert # stepdefinitions.CommonStepDefinitions.the_user_should_get_the_in_the_alert(java.lang.String)
[INFO ] 2024-10-21 00:43:14.499 [TestNG-PoolService-3] LoggerLoad - You are in Assessment page.
  Given the User is on the Try Editor page from Binary Tree Traversals link                   # stepdefinitions.TreeStep.the_user_is_on_the_try_editor_page_from_binary_tree_traversals_link()
aer234@$
  When the User enters the following code in the Editor section and clicks Run        # stepdefinitions.CommonStepDefinitions.the_User_enters_the_following_code_in_the_Editor_section_and_clicks_Run(io.cucumber.datatable.DataTable)
    | code           | output |
    | print("Hello") | Hello  |
    | print(1234)    | 1234   |
[INFO ] 2024-10-21 00:43:14.528 [TestNG-PoolService-1] LoggerLoad - Actual Output: Hello Expected Output: Hello
[INFO ] 2024-10-21 00:43:14.529 [TestNG-PoolService-1] LoggerLoad - Actual Output: 1234 Expected Output: 1234
  Then the User should get the correct output on the screen                           # stepdefinitions.CommonStepDefinitions.the_User_should_get_the_correct_output_on_the_screen()
]]></system-out>
    <system-err><![CDATA[Oct 21, 2024 12:43:11 AM org.openqa.selenium.devtools.CdpVersionFinder findNearestMatch
WARNING: Unable to find an exact match for CDP version 129, returning the closest version; found: 128; Please update to a Selenium version that supports CDP version 129
Oct 21, 2024 12:43:11 AM org.openqa.selenium.devtools.CdpVersionFinder findNearestMatch
WARNING: Unable to find an exact match for CDP version 129, returning the closest version; found: 128; Please update to a Selenium version that supports CDP version 129
Oct 21, 2024 12:43:12 AM org.openqa.selenium.devtools.CdpVersionFinder findNearestMatch
WARNING: Unable to find an exact match for CDP version 129, returning the closest version; found: 128; Please update to a Selenium version that supports CDP version 129
]]></system-err>
  </testcase>
  <testcase name="runScenario[&quot;validate the Try editor for negative input from Binary Tree Traversals page&quot;, &quot;Ds Portal Tree Page Functionality&quot;](180)" classname="runner.TestRunner" time="0.025">
    <system-out><![CDATA[
@Tree @ImpBinaryTreesTryEditorNegative @TreeTC_50
Scenario Outline: validate the Try editor for negative input from Implementation of Binary Trees page # src/test/resources/features/Tree.feature:394
]]></system-out>
  </testcase>
  <testcase name="runScenario[&quot;Validate the Binary Tree Traversals Try here&quot;, &quot;Ds Portal Tree Page Functionality&quot;](181)" classname="runner.TestRunner" time="0.05">
    <system-out><![CDATA[
@Tree @ImpBinaryTreesTryEditorNegative @TreeTC_50
Scenario Outline: validate the Try editor for negative input from Implementation of Binary Trees page # src/test/resources/features/Tree.feature:395
[INFO ] 2024-10-21 00:43:14.983 [TestNG-PoolService-10] LoggerLoad - The user is on the Login page.
  Given The User is on the login page                                       # stepdefinitions.LoginStep.the_user_is_on_the_login_page()
]]></system-out>
  </testcase>
  <testcase name="runScenario[&quot;Validate the Try editor for positive input from Binary Tree Traversals page&quot;, &quot;Ds Portal Tree Page Functionality&quot;](182)" classname="runner.TestRunner" time="0.378">
    <system-out><![CDATA[
@Tree @ImpBinaryTreesPracQues @TreeTC_051
Scenario: Validate the Implementation of Binary Trees page Practice Questions      # src/test/resources/features/Tree.feature:398
[INFO ] 2024-10-21 00:43:15.080 [TestNG-PoolService-2] LoggerLoad - The user is on the Login page.
  Given The User is on the login page                                      # stepdefinitions.LoginStep.the_user_is_on_the_login_page()
  When the User enters a sample code as "aer234@$" in the Editor section and click Run        # stepdefinitions.CommonStepDefinitions.the_user_enters_a_sample_code_as_in_the_editor_section_and_click_run(java.lang.String)
[INFO ] 2024-10-21 00:43:15.338 [TestNG-PoolService-3] LoggerLoad - actual error SyntaxError: bad token T_OP on line 1
  Then the User should get the "SyntaxError: bad token T_OP on line 1" in the alert           # stepdefinitions.CommonStepDefinitions.the_user_should_get_the_in_the_alert(java.lang.String)
]]></system-out>
  </testcase>
  <testcase name="runScenario[&quot;validate the Try editor for negative input from Binary Tree Traversals page&quot;, &quot;Ds Portal Tree Page Functionality&quot;](183)" classname="runner.TestRunner" time="1.702">
    <system-out><![CDATA[
@Tree @TreeAppBinarytrees @TreeTC_052
Scenario: Validate the Tree Module Page Applications of Binary trees link     # src/test/resources/features/Tree.feature:404
The Expected results are :You are logged in
[INFO ] 2024-10-21 00:43:15.504 [TestNG-PoolService-10] LoggerLoad - User Enter Login credential with username as " DreamTeam" and password as" Dre@mTe@m123" 
The Expected results are :You are logged in
[INFO ] 2024-10-21 00:43:15.519 [TestNG-PoolService-2] LoggerLoad - User Enter Login credential with username as " DreamTeam" and password as" Dre@mTe@m123" 
[INFO ] 2024-10-21 00:43:15.519 [TestNG-PoolService-9] LoggerLoad - The user is on the Login page.
  Given The User is on the login page                                           # stepdefinitions.LoginStep.the_user_is_on_the_login_page()
  Then user should view the Practice Questions of Tree                         # stepdefinitions.TreeStep.user_should_view_the_Practice_Questions_of_Tree()
      java.lang.AssertionError: No questions found
	at org.testng.Assert.fail(Assert.java:111)
	at stepdefinitions.TreeStep.user_should_view_the_Practice_Questions_of_Tree(TreeStep.java:81)
	at âœ½.user should view the Practice Questions of Tree(file:///C:/Users/Palanivel/eclipse-workspace/asta_dsalgoBDD/./src/test/resources/features/Tree.feature:323)

The Expected results are :You are logged in
[INFO ] 2024-10-21 00:43:16.124 [TestNG-PoolService-9] LoggerLoad - User Enter Login credential with username as " DreamTeam" and password as" Dre@mTe@m123" 

    Embedding Validate the Implementations in Python page Practice Questions [image/png 14881 bytes]

  When The User enters the valid username and password "LoginCredentials"   # stepdefinitions.LoginStep.the_user_enters_the_valid_username_and_password(java.lang.String)
  When The User enters the valid username and password "LoginCredentials"  # stepdefinitions.LoginStep.the_user_enters_the_valid_username_and_password(java.lang.String)
]]></system-out>
    <system-err><![CDATA[Oct 21, 2024 12:43:16 AM org.openqa.selenium.devtools.CdpVersionFinder findNearestMatch
WARNING: Unable to find an exact match for CDP version 129, returning the closest version; found: 128; Please update to a Selenium version that supports CDP version 129
]]></system-err>
  </testcase>
  <testcase name="runScenario[&quot;Validate the Implementations in Python page Practice Questions&quot;, &quot;Ds Portal Tree Page Functionality&quot;](184)" classname="runner.TestRunner" time="0.253">
    <failure message="No questions found" type="java.lang.AssertionError"><![CDATA[java.lang.AssertionError: No questions found
	at org.testng.Assert.fail(Assert.java:111)
	at stepdefinitions.TreeStep.user_should_view_the_Practice_Questions_of_Tree(TreeStep.java:81)
	at ✽.user should view the Practice Questions of Tree(file:///C:/Users/Palanivel/eclipse-workspace/asta_dsalgoBDD/./src/test/resources/features/Tree.feature:323)
]]></failure>
    <system-out><![CDATA[
@Tree @AppBinary_Tryhere @TreeTC_053
Scenario: Validate the Applications of Binary trees Try here              # src/test/resources/features/Tree.feature:410
  When The User enters the valid username and password "LoginCredentials"       # stepdefinitions.LoginStep.the_user_enters_the_valid_username_and_password(java.lang.String)
]]></system-out>
  </testcase>
  <testcase name="runScenario[&quot;Validate the Tree Module Page Implementation of Binary Trees link&quot;, &quot;Ds Portal Tree Page Functionality&quot;](185)" classname="runner.TestRunner" time="15.336">
    <system-out><![CDATA[
@Tree @AppBinaryTryEditor @TreeTC_054
Scenario: Validate the Try editor for positive input from Applications of Binary trees page # src/test/resources/features/Tree.feature:416
[INFO ] 2024-10-21 00:43:17.942 [TestNG-PoolService-9] LoggerLoad - You are in Tree page.
  Given user is on the Tree module page                                         # stepdefinitions.TreeStep.user_is_on_the_tree_module_page()
[INFO ] 2024-10-21 00:43:18.375 [TestNG-PoolService-10] LoggerLoad - You are in Binary Tree Traversals page.
  Given user is on the Binary Tree Traversals page                          # stepdefinitions.TreeStep.user_is_on_the_binary_tree_traversals_page()
[INFO ] 2024-10-21 00:43:18.758 [TestNG-PoolService-7] LoggerLoad - The user is on the Login page.
  Given The User is on the login page                                                         # stepdefinitions.LoginStep.the_user_is_on_the_login_page()
  When user clicked Implementation of Binary Trees link in the Tree Module page # stepdefinitions.TreeStep.user_clicked_implementation_of_binary_trees_link_in_the_tree_module_page()
  When user clicked the Practice Questions from Binary Tree Traversals page # stepdefinitions.TreeStep.user_clicked_the_practice_questions_from_binary_tree_traversals_page()
[INFO ] 2024-10-21 00:43:19.120 [TestNG-PoolService-9] LoggerLoad - You are viewing the Implementation of Binary Trees page.
  Then user is able to view the Implementation of Binary Trees link page        # stepdefinitions.TreeStep.user_is_able_to_view_the_implementation_of_binary_trees_link_page()
The Expected results are :You are logged in
[INFO ] 2024-10-21 00:43:19.376 [TestNG-PoolService-7] LoggerLoad - User Enter Login credential with username as " DreamTeam" and password as" Dre@mTe@m123" 
[INFO ] 2024-10-21 00:43:19.626 [TestNG-PoolService-2] LoggerLoad - You are in Implementation of Binary Trees page.
  Given user is on the Implementation of Binary Trees                      # stepdefinitions.TreeStep.user_is_on_the_implementation_of_binary_trees()
  When The User enters the valid username and password "LoginCredentials"                     # stepdefinitions.LoginStep.the_user_enters_the_valid_username_and_password(java.lang.String)
[INFO ] 2024-10-21 00:43:23.305 [TestNG-PoolService-4] LoggerLoad - The user is on the Login page.
  Given The User is on the login page                                                                 # stepdefinitions.LoginStep.the_user_is_on_the_login_page()
[INFO ] 2024-10-21 00:43:23.735 [TestNG-PoolService-8] LoggerLoad - The user is on the Login page.
  Given The User is on the login page                                                                 # stepdefinitions.LoginStep.the_user_is_on_the_login_page()
The Expected results are :You are logged in
[INFO ] 2024-10-21 00:43:24.286 [TestNG-PoolService-4] LoggerLoad - User Enter Login credential with username as " DreamTeam" and password as" Dre@mTe@m123" 
[INFO ] 2024-10-21 00:43:24.381 [TestNG-PoolService-1] LoggerLoad - The user is on the Login page.
  Given The User is on the login page                                         # stepdefinitions.LoginStep.the_user_is_on_the_login_page()
The Expected results are :You are logged in
[INFO ] 2024-10-21 00:43:24.396 [TestNG-PoolService-8] LoggerLoad - User Enter Login credential with username as " DreamTeam" and password as" Dre@mTe@m123" 
  When user clicked the Try here on theImplementation of Binary Trees page # stepdefinitions.TreeStep.user_clicked_the_try_here_on_the_implementation_of_binary_trees_page()
  Then the User should get navigated to the Try Editor Page                # stepdefinitions.CommonStepDefinitions.the_user_should_get_navigated_to_the_try_editor_page()
The Expected results are :You are logged in
[INFO ] 2024-10-21 00:43:25.119 [TestNG-PoolService-1] LoggerLoad - User Enter Login credential with username as " DreamTeam" and password as" Dre@mTe@m123" 
  When The User enters the valid username and password "LoginCredentials"                             # stepdefinitions.LoginStep.the_user_enters_the_valid_username_and_password(java.lang.String)
[INFO ] 2024-10-21 00:43:25.937 [TestNG-PoolService-6] LoggerLoad - The user is on the Login page.
  Given The User is on the login page                                              # stepdefinitions.LoginStep.the_user_is_on_the_login_page()
  When The User enters the valid username and password "LoginCredentials"                             # stepdefinitions.LoginStep.the_user_enters_the_valid_username_and_password(java.lang.String)
  When The User enters the valid username and password "LoginCredentials"     # stepdefinitions.LoginStep.the_user_enters_the_valid_username_and_password(java.lang.String)
The Expected results are :You are logged in
[INFO ] 2024-10-21 00:43:26.553 [TestNG-PoolService-6] LoggerLoad - User Enter Login credential with username as " DreamTeam" and password as" Dre@mTe@m123" 
[INFO ] 2024-10-21 00:43:26.871 [TestNG-PoolService-7] LoggerLoad - You are in Assessment page.
  Given the User is on the Try Editor page from Implementation of Binary Trees link           # stepdefinitions.TreeStep.the_user_is_on_the_try_editor_page_from_implementation_of_binary_trees_link()
[INFO ] 2024-10-21 00:43:27.387 [TestNG-PoolService-1] LoggerLoad - You are in Tree page.
  Given user is on the Tree module page                                       # stepdefinitions.TreeStep.user_is_on_the_tree_module_page()
[INFO ] 2024-10-21 00:43:27.761 [TestNG-PoolService-5] LoggerLoad - The user is on the Login page.
  Given The User is on the login page                                                       # stepdefinitions.LoginStep.the_user_is_on_the_login_page()
[INFO ] 2024-10-21 00:43:27.967 [TestNG-PoolService-3] LoggerLoad - The user is on the Login page.
  Given The User is on the login page                                     # stepdefinitions.LoginStep.the_user_is_on_the_login_page()
  When The User enters the valid username and password "LoginCredentials"          # stepdefinitions.LoginStep.the_user_enters_the_valid_username_and_password(java.lang.String)
The Expected results are :You are logged in
[INFO ] 2024-10-21 00:43:28.312 [TestNG-PoolService-5] LoggerLoad - User Enter Login credential with username as " DreamTeam" and password as" Dre@mTe@m123" 
  When user clicked Applications of Binary trees link in the Tree Module page # stepdefinitions.TreeStep.user_clicked_applications_of_binary_trees_link_in_the_tree_module_page()
[INFO ] 2024-10-21 00:43:28.542 [TestNG-PoolService-1] LoggerLoad - You are viewing the Applications of Binary trees page.
  Then user is able to view the Applications of Binary trees link page        # stepdefinitions.TreeStep.user_is_able_to_view_the_applications_of_binary_trees_link_page()
The Expected results are :You are logged in
[INFO ] 2024-10-21 00:43:28.860 [TestNG-PoolService-3] LoggerLoad - User Enter Login credential with username as " DreamTeam" and password as" Dre@mTe@m123" 
  Then user should view the Practice Questions of Tree                      # stepdefinitions.TreeStep.user_should_view_the_Practice_Questions_of_Tree()
      java.lang.AssertionError: No questions found
	at org.testng.Assert.fail(Assert.java:111)
	at stepdefinitions.TreeStep.user_should_view_the_Practice_Questions_of_Tree(TreeStep.java:81)
	at âœ½.user should view the Practice Questions of Tree(file:///C:/Users/Palanivel/eclipse-workspace/asta_dsalgoBDD/./src/test/resources/features/Tree.feature:362)


    Embedding Validate the Binary Tree Traversals page Practice Questions [image/png 14881 bytes]

  When the User enters the following code in the Editor section and clicks Run                # stepdefinitions.CommonStepDefinitions.the_User_enters_the_following_code_in_the_Editor_section_and_clicks_Run(io.cucumber.datatable.DataTable)
    | code           | output |
    | print("Hello") | Hello  |
    | print(1234)    | 1234   |
[INFO ] 2024-10-21 00:43:29.460 [TestNG-PoolService-7] LoggerLoad - Actual Output: Hello Expected Output: Hello
[INFO ] 2024-10-21 00:43:29.460 [TestNG-PoolService-7] LoggerLoad - Actual Output: 1234 Expected Output: 1234
  Then the User should get the correct output on the screen                                   # stepdefinitions.CommonStepDefinitions.the_User_should_get_the_correct_output_on_the_screen()
  When The User enters the valid username and password "LoginCredentials"                   # stepdefinitions.LoginStep.the_user_enters_the_valid_username_and_password(java.lang.String)
  When The User enters the valid username and password "LoginCredentials" # stepdefinitions.LoginStep.the_user_enters_the_valid_username_and_password(java.lang.String)
[INFO ] 2024-10-21 00:43:30.693 [TestNG-PoolService-6] LoggerLoad - You are in Implementation of Binary Trees page.
  Given user is on the Implementation of Binary Trees                              # stepdefinitions.TreeStep.user_is_on_the_implementation_of_binary_trees()
  When user clicked the Practice Questions from Implementation of Binary Treespage # stepdefinitions.TreeStep.user_clicked_the_practice_questions_from_implementation_of_binary_treespage()
[INFO ] 2024-10-21 00:43:31.096 [TestNG-PoolService-8] LoggerLoad - You are in Assessment page.
  Given the User is on the Try Editor page from Implementation of Binary Trees link                   # stepdefinitions.TreeStep.the_user_is_on_the_try_editor_page_from_implementation_of_binary_trees_link()
print hello
[INFO ] 2024-10-21 00:43:31.358 [TestNG-PoolService-4] LoggerLoad - You are in Assessment page.
  Given the User is on the Try Editor page from Implementation of Binary Trees link                   # stepdefinitions.TreeStep.the_user_is_on_the_try_editor_page_from_implementation_of_binary_trees_link()
aer234@$
  When the User enters a sample code as "print hello" in the Editor section and click Run             # stepdefinitions.CommonStepDefinitions.the_user_enters_a_sample_code_as_in_the_editor_section_and_click_run(java.lang.String)
[INFO ] 2024-10-21 00:43:31.719 [TestNG-PoolService-8] LoggerLoad - actual error NameError: name 'hello' is not defined on line 1
  Then the User should get the "NameError: name 'hello' is not defined on line 1" in the alert        # stepdefinitions.CommonStepDefinitions.the_user_should_get_the_in_the_alert(java.lang.String)
  When the User enters a sample code as "aer234@$" in the Editor section and click Run                # stepdefinitions.CommonStepDefinitions.the_user_enters_a_sample_code_as_in_the_editor_section_and_click_run(java.lang.String)
[INFO ] 2024-10-21 00:43:31.813 [TestNG-PoolService-4] LoggerLoad - actual error SyntaxError: bad token T_OP on line 1
  Then the User should get the "SyntaxError: bad token T_OP on line 1" in the alert                   # stepdefinitions.CommonStepDefinitions.the_user_should_get_the_in_the_alert(java.lang.String)
[INFO ] 2024-10-21 00:43:31.927 [TestNG-PoolService-3] LoggerLoad - You are in Applications of Binary trees page.
  Given user is on the Applications of Binary trees                       # stepdefinitions.TreeStep.user_is_on_the_applications_of_binary_trees()
]]></system-out>
    <system-err><![CDATA[Oct 21, 2024 12:43:19 AM org.openqa.selenium.devtools.CdpVersionFinder findNearestMatch
WARNING: Unable to find an exact match for CDP version 129, returning the closest version; found: 128; Please update to a Selenium version that supports CDP version 129
Oct 21, 2024 12:43:20 AM org.openqa.selenium.devtools.CdpVersionFinder findNearestMatch
WARNING: Unable to find an exact match for CDP version 129, returning the closest version; found: 128; Please update to a Selenium version that supports CDP version 129
Oct 21, 2024 12:43:20 AM org.openqa.selenium.devtools.CdpVersionFinder findNearestMatch
WARNING: Unable to find an exact match for CDP version 129, returning the closest version; found: 128; Please update to a Selenium version that supports CDP version 129
Oct 21, 2024 12:43:20 AM org.openqa.selenium.devtools.CdpVersionFinder findNearestMatch
WARNING: Unable to find an exact match for CDP version 129, returning the closest version; found: 128; Please update to a Selenium version that supports CDP version 129
Oct 21, 2024 12:43:24 AM org.openqa.selenium.devtools.CdpVersionFinder findNearestMatch
WARNING: Unable to find an exact match for CDP version 129, returning the closest version; found: 128; Please update to a Selenium version that supports CDP version 129
Oct 21, 2024 12:43:24 AM org.openqa.selenium.devtools.CdpVersionFinder findNearestMatch
WARNING: Unable to find an exact match for CDP version 129, returning the closest version; found: 128; Please update to a Selenium version that supports CDP version 129
]]></system-err>
  </testcase>
  <testcase name="runScenario[&quot;Validate the Binary Tree Traversals page Practice Questions&quot;, &quot;Ds Portal Tree Page Functionality&quot;](186)" classname="runner.TestRunner" time="0.017">
    <failure message="No questions found" type="java.lang.AssertionError"><![CDATA[java.lang.AssertionError: No questions found
	at org.testng.Assert.fail(Assert.java:111)
	at stepdefinitions.TreeStep.user_should_view_the_Practice_Questions_of_Tree(TreeStep.java:81)
	at ✽.user should view the Practice Questions of Tree(file:///C:/Users/Palanivel/eclipse-workspace/asta_dsalgoBDD/./src/test/resources/features/Tree.feature:362)
]]></failure>
    <system-out><![CDATA[
@Tree @AppBinaryTryEditorNegative @TreeTC_055
Scenario Outline: validate the Try editor for negative input from Applications of Binary trees page # src/test/resources/features/Tree.feature:433
]]></system-out>
  </testcase>
  <testcase name="runScenario[&quot;Validate the Implementation of Binary Trees Try here&quot;, &quot;Ds Portal Tree Page Functionality&quot;](187)" classname="runner.TestRunner" time="0.129">
    <system-out><![CDATA[
@Tree @AppBinaryTryEditorNegative @TreeTC_055
Scenario Outline: validate the Try editor for negative input from Applications of Binary trees page # src/test/resources/features/Tree.feature:434
]]></system-out>
  </testcase>
  <testcase name="runScenario[&quot;validate the Try editor for negative input from Implementation of Binary Trees page&quot;, &quot;Ds Portal Tree Page Functionality&quot;](188)" classname="runner.TestRunner" time="0.243">
    <system-out><![CDATA[
@Tree @AppBinaryPracQues @TreeTC_056
Scenario: Validate the Applications of Binary trees page Practice Questions       # src/test/resources/features/Tree.feature:437
]]></system-out>
  </testcase>
  <testcase name="runScenario[&quot;Validate the Try editor for positive input from Implementation of Binary Trees page&quot;, &quot;Ds Portal Tree Page Functionality&quot;](189)" classname="runner.TestRunner" time="0.564">
    <system-out><![CDATA[
@Tree @BinarySearchTrees @TreeTC_057
Scenario: Validate the Tree Module Page Binary Search Trees link          # src/test/resources/features/Tree.feature:443
[INFO ] 2024-10-21 00:43:33.534 [TestNG-PoolService-5] LoggerLoad - You are in Assessment page.
  Given the User is on the Try Editor page from Applications of Binary trees link           # stepdefinitions.TreeStep.the_user_is_on_the_try_editor_page_from_applications_of_binary_trees_link()
]]></system-out>
  </testcase>
  <testcase name="runScenario[&quot;validate the Try editor for negative input from Implementation of Binary Trees page&quot;, &quot;Ds Portal Tree Page Functionality&quot;](190)" classname="runner.TestRunner" time="0.195">
    <system-out><![CDATA[
@Tree @BinarySearchTrees_Tryhere @TreeTC_058
Scenario: Validate the Binary Search Trees Try here                       # src/test/resources/features/Tree.feature:449
]]></system-out>
  </testcase>
  <testcase name="runScenario[&quot;Validate the Tree Module Page Applications of Binary trees link&quot;, &quot;Ds Portal Tree Page Functionality&quot;](191)" classname="runner.TestRunner" time="0.04">
    <system-out><![CDATA[
@Tree @BinarySearchTreesTryEditor @TreeTC_059
Scenario: Validate the Try editor for positive input from Binary Search Trees page # src/test/resources/features/Tree.feature:455
]]></system-out>
  </testcase>
  <testcase name="runScenario[&quot;Validate the Try editor for positive input from Applications of Binary trees page&quot;, &quot;Ds Portal Tree Page Functionality&quot;](192)" classname="runner.TestRunner" time="10.665">
    <system-out><![CDATA[
@Tree @BinarySearchTreesTryEditorNegative @TreeTC_060
Scenario Outline: validate the Try editor for negative input from Binary Search Trees page     # src/test/resources/features/Tree.feature:472
  When user clicked the Try here on the Applications of Binary trees page # stepdefinitions.TreeStep.user_clicked_the_try_here_on_the_applications_of_binary_trees_page()
  Then the User should get navigated to the Try Editor Page               # stepdefinitions.CommonStepDefinitions.the_user_should_get_navigated_to_the_try_editor_page()
  When the User enters the following code in the Editor section and clicks Run              # stepdefinitions.CommonStepDefinitions.the_User_enters_the_following_code_in_the_Editor_section_and_clicks_Run(io.cucumber.datatable.DataTable)
    | code           | output |
    | print("Hello") | Hello  |
    | print(1234)    | 1234   |
[INFO ] 2024-10-21 00:43:35.676 [TestNG-PoolService-5] LoggerLoad - Actual Output: Hello Expected Output: Hello
[INFO ] 2024-10-21 00:43:35.676 [TestNG-PoolService-5] LoggerLoad - Actual Output: 1234 Expected Output: 1234
  Then the User should get the correct output on the screen                                 # stepdefinitions.CommonStepDefinitions.the_User_should_get_the_correct_output_on_the_screen()
[INFO ] 2024-10-21 00:43:40.791 [TestNG-PoolService-9] LoggerLoad - The user is on the Login page.
  Given The User is on the login page                                                               # stepdefinitions.LoginStep.the_user_is_on_the_login_page()
  Then user should view the Practice Questions of Tree                             # stepdefinitions.TreeStep.user_should_view_the_Practice_Questions_of_Tree()
      java.lang.AssertionError: No questions found
	at org.testng.Assert.fail(Assert.java:111)
	at stepdefinitions.TreeStep.user_should_view_the_Practice_Questions_of_Tree(TreeStep.java:81)
	at âœ½.user should view the Practice Questions of Tree(file:///C:/Users/Palanivel/eclipse-workspace/asta_dsalgoBDD/./src/test/resources/features/Tree.feature:401)


    Embedding Validate the Implementation of Binary Trees page Practice Questions [image/png 14881 bytes]

[INFO ] 2024-10-21 00:43:41.516 [TestNG-PoolService-2] LoggerLoad - The user is on the Login page.
  Given The User is on the login page                                             # stepdefinitions.LoginStep.the_user_is_on_the_login_page()
[INFO ] 2024-10-21 00:43:41.587 [TestNG-PoolService-10] LoggerLoad - The user is on the Login page.
  Given The User is on the login page                                                               # stepdefinitions.LoginStep.the_user_is_on_the_login_page()
The Expected results are :You are logged in
[INFO ] 2024-10-21 00:43:41.689 [TestNG-PoolService-9] LoggerLoad - User Enter Login credential with username as " DreamTeam" and password as" Dre@mTe@m123" 
[INFO ] 2024-10-21 00:43:42.251 [TestNG-PoolService-8] LoggerLoad - The user is on the Login page.
  Given The User is on the login page                                     # stepdefinitions.LoginStep.the_user_is_on_the_login_page()
The Expected results are :You are logged in
[INFO ] 2024-10-21 00:43:42.325 [TestNG-PoolService-2] LoggerLoad - User Enter Login credential with username as " DreamTeam" and password as" Dre@mTe@m123" 
The Expected results are :You are logged in
[INFO ] 2024-10-21 00:43:42.381 [TestNG-PoolService-10] LoggerLoad - User Enter Login credential with username as " DreamTeam" and password as" Dre@mTe@m123" 
  When The User enters the valid username and password "LoginCredentials"                           # stepdefinitions.LoginStep.the_user_enters_the_valid_username_and_password(java.lang.String)
The Expected results are :You are logged in
[INFO ] 2024-10-21 00:43:42.997 [TestNG-PoolService-8] LoggerLoad - User Enter Login credential with username as " DreamTeam" and password as" Dre@mTe@m123" 
[INFO ] 2024-10-21 00:43:43.139 [TestNG-PoolService-4] LoggerLoad - The user is on the Login page.
  Given The User is on the login page                                              # stepdefinitions.LoginStep.the_user_is_on_the_login_page()
[INFO ] 2024-10-21 00:43:43.206 [TestNG-PoolService-1] LoggerLoad - The user is on the Login page.
  Given The User is on the login page                                                          # stepdefinitions.LoginStep.the_user_is_on_the_login_page()
  When The User enters the valid username and password "LoginCredentials"         # stepdefinitions.LoginStep.the_user_enters_the_valid_username_and_password(java.lang.String)
  When The User enters the valid username and password "LoginCredentials"                           # stepdefinitions.LoginStep.the_user_enters_the_valid_username_and_password(java.lang.String)
The Expected results are :You are logged in
[INFO ] 2024-10-21 00:43:43.712 [TestNG-PoolService-1] LoggerLoad - User Enter Login credential with username as " DreamTeam" and password as" Dre@mTe@m123" 
The Expected results are :You are logged in
[INFO ] 2024-10-21 00:43:43.749 [TestNG-PoolService-4] LoggerLoad - User Enter Login credential with username as " DreamTeam" and password as" Dre@mTe@m123" 
[INFO ] 2024-10-21 00:43:43.936 [TestNG-PoolService-7] LoggerLoad - The user is on the Login page.
  Given The User is on the login page                                     # stepdefinitions.LoginStep.the_user_is_on_the_login_page()
  When The User enters the valid username and password "LoginCredentials" # stepdefinitions.LoginStep.the_user_enters_the_valid_username_and_password(java.lang.String)
The Expected results are :You are logged in
[INFO ] 2024-10-21 00:43:44.496 [TestNG-PoolService-7] LoggerLoad - User Enter Login credential with username as " DreamTeam" and password as" Dre@mTe@m123" 
]]></system-out>
    <system-err><![CDATA[Oct 21, 2024 12:43:36 AM org.openqa.selenium.devtools.CdpVersionFinder findNearestMatch
WARNING: Unable to find an exact match for CDP version 129, returning the closest version; found: 128; Please update to a Selenium version that supports CDP version 129
Oct 21, 2024 12:43:36 AM org.openqa.selenium.devtools.CdpVersionFinder findNearestMatch
WARNING: Unable to find an exact match for CDP version 129, returning the closest version; found: 128; Please update to a Selenium version that supports CDP version 129
Oct 21, 2024 12:43:37 AM org.openqa.selenium.devtools.CdpVersionFinder findNearestMatch
WARNING: Unable to find an exact match for CDP version 129, returning the closest version; found: 128; Please update to a Selenium version that supports CDP version 129
Oct 21, 2024 12:43:37 AM org.openqa.selenium.devtools.CdpVersionFinder findNearestMatch
WARNING: Unable to find an exact match for CDP version 129, returning the closest version; found: 128; Please update to a Selenium version that supports CDP version 129
Oct 21, 2024 12:43:39 AM org.openqa.selenium.devtools.CdpVersionFinder findNearestMatch
WARNING: Unable to find an exact match for CDP version 129, returning the closest version; found: 128; Please update to a Selenium version that supports CDP version 129
Oct 21, 2024 12:43:39 AM org.openqa.selenium.devtools.CdpVersionFinder findNearestMatch
WARNING: Unable to find an exact match for CDP version 129, returning the closest version; found: 128; Please update to a Selenium version that supports CDP version 129
Oct 21, 2024 12:43:40 AM org.openqa.selenium.devtools.CdpVersionFinder findNearestMatch
WARNING: Unable to find an exact match for CDP version 129, returning the closest version; found: 128; Please update to a Selenium version that supports CDP version 129
]]></system-err>
  </testcase>
  <testcase name="runScenario[&quot;Validate the Implementation of Binary Trees page Practice Questions&quot;, &quot;Ds Portal Tree Page Functionality&quot;](193)" classname="runner.TestRunner" time="0.294">
    <failure message="No questions found" type="java.lang.AssertionError"><![CDATA[java.lang.AssertionError: No questions found
	at org.testng.Assert.fail(Assert.java:111)
	at stepdefinitions.TreeStep.user_should_view_the_Practice_Questions_of_Tree(TreeStep.java:81)
	at ✽.user should view the Practice Questions of Tree(file:///C:/Users/Palanivel/eclipse-workspace/asta_dsalgoBDD/./src/test/resources/features/Tree.feature:401)
]]></failure>
    <system-out><![CDATA[
@Tree @BinarySearchTreesTryEditorNegative @TreeTC_060
Scenario Outline: validate the Try editor for negative input from Binary Search Trees page # src/test/resources/features/Tree.feature:473
  When The User enters the valid username and password "LoginCredentials"                      # stepdefinitions.LoginStep.the_user_enters_the_valid_username_and_password(java.lang.String)
  When The User enters the valid username and password "LoginCredentials"          # stepdefinitions.LoginStep.the_user_enters_the_valid_username_and_password(java.lang.String)
]]></system-out>
  </testcase>
  <testcase name="runScenario[&quot;Validate the Applications of Binary trees Try here&quot;, &quot;Ds Portal Tree Page Functionality&quot;](194)" classname="runner.TestRunner" time="0.912">
    <system-out><![CDATA[
@Tree @BinarySearchTreesPracQues @TreeTC_061
Scenario: Validate the Binary Search Trees Practice Questions             # src/test/resources/features/Tree.feature:476
[INFO ] 2024-10-21 00:43:45.162 [TestNG-PoolService-8] LoggerLoad - You are in Tree page.
  Given user is on the Tree module page                                   # stepdefinitions.TreeStep.user_is_on_the_tree_module_page()
[INFO ] 2024-10-21 00:43:45.207 [TestNG-PoolService-2] LoggerLoad - You are in Applications of Binary trees page.
  Given user is on the Applications of Binary trees                               # stepdefinitions.TreeStep.user_is_on_the_applications_of_binary_trees()
  When The User enters the valid username and password "LoginCredentials" # stepdefinitions.LoginStep.the_user_enters_the_valid_username_and_password(java.lang.String)
  When user clicked the Practice Questions from Applications of Binary trees page # stepdefinitions.TreeStep.user_clicked_the_practice_questions_from_applications_of_binary_trees_page()
]]></system-out>
  </testcase>
  <testcase name="runScenario[&quot;Validate the Tree Module Page Binary Search Trees link&quot;, &quot;Ds Portal Tree Page Functionality&quot;](195)" classname="runner.TestRunner" time="0.718">
    <system-out><![CDATA[
@Tree @ImpBST @TreeTC_062
Scenario: Validate the Tree Module Page Implementation Of BST link        # src/test/resources/features/Tree.feature:482
  When user clicked Binary Search Trees link in the Tree Module page      # stepdefinitions.TreeStep.user_clicked_binary_search_trees_link_in_the_tree_module_page()
[INFO ] 2024-10-21 00:43:46.137 [TestNG-PoolService-8] LoggerLoad - You are viewing the Binary Search Trees page.
  Then user is able to view the  Binary Search Trees linked page          # stepdefinitions.TreeStep.user_is_able_to_view_the_binary_search_trees_linked_page()
]]></system-out>
  </testcase>
  <testcase name="runScenario[&quot;Validate the Binary Search Trees Try here&quot;, &quot;Ds Portal Tree Page Functionality&quot;](196)" classname="runner.TestRunner" time="7.136">
    <system-out><![CDATA[
@Tree @ImpBSTTryhere @TreeTC_063
Scenario: Validate the Implementation Of BST Try here                     # src/test/resources/features/Tree.feature:488
[INFO ] 2024-10-21 00:43:47.048 [TestNG-PoolService-9] LoggerLoad - You are in Assessment page.
  Given the User is on the Try Editor page from Applications of Binary trees link                   # stepdefinitions.TreeStep.the_user_is_on_the_try_editor_page_from_applications_of_binary_trees_link()
print hello
  When the User enters a sample code as "print hello" in the Editor section and click Run           # stepdefinitions.CommonStepDefinitions.the_user_enters_a_sample_code_as_in_the_editor_section_and_click_run(java.lang.String)
[INFO ] 2024-10-21 00:43:48.089 [TestNG-PoolService-9] LoggerLoad - actual error NameError: name 'hello' is not defined on line 1
  Then the User should get the "NameError: name 'hello' is not defined on line 1" in the alert      # stepdefinitions.CommonStepDefinitions.the_user_should_get_the_in_the_alert(java.lang.String)
[INFO ] 2024-10-21 00:43:48.299 [TestNG-PoolService-7] LoggerLoad - You are in Binary Search Trees page.
  Given user is on the Binary Search Trees                                # stepdefinitions.TreeStep.user_is_on_the_binary_search_trees()
[INFO ] 2024-10-21 00:43:48.417 [TestNG-PoolService-10] LoggerLoad - You are in Assessment page.
  Given the User is on the Try Editor page from Applications of Binary trees link                   # stepdefinitions.TreeStep.the_user_is_on_the_try_editor_page_from_applications_of_binary_trees_link()
aer234@$
  When the User enters a sample code as "aer234@$" in the Editor section and click Run              # stepdefinitions.CommonStepDefinitions.the_user_enters_a_sample_code_as_in_the_editor_section_and_click_run(java.lang.String)
[INFO ] 2024-10-21 00:43:49.307 [TestNG-PoolService-10] LoggerLoad - actual error SyntaxError: bad token T_OP on line 1
  Then the User should get the "SyntaxError: bad token T_OP on line 1" in the alert                 # stepdefinitions.CommonStepDefinitions.the_user_should_get_the_in_the_alert(java.lang.String)
[INFO ] 2024-10-21 00:43:49.608 [TestNG-PoolService-4] LoggerLoad - You are in Assessment page.
  Given the User is on the Try Editor page from Binary Search Trees link           # stepdefinitions.TreeStep.the_user_is_on_the_try_editor_page_from_binary_search_trees_link()
  When user clicked the Try here on the Binary Search Trees page          # stepdefinitions.TreeStep.user_clicked_the_try_here_on_the_binary_search_trees_page()
[INFO ] 2024-10-21 00:43:52.288 [TestNG-PoolService-5] LoggerLoad - The user is on the Login page.
  Given The User is on the login page                                                      # stepdefinitions.LoginStep.the_user_is_on_the_login_page()
  Then the User should get navigated to the Try Editor Page               # stepdefinitions.CommonStepDefinitions.the_user_should_get_navigated_to_the_try_editor_page()
[INFO ] 2024-10-21 00:43:52.471 [TestNG-PoolService-1] LoggerLoad - You are in Assessment page.
  Given the User is on the Try Editor page from Binary Search Trees link                       # stepdefinitions.TreeStep.the_user_is_on_the_try_editor_page_from_binary_search_trees_link()
print hello
[INFO ] 2024-10-21 00:43:52.724 [TestNG-PoolService-6] LoggerLoad - The user is on the Login page.
  Given The User is on the login page                                     # stepdefinitions.LoginStep.the_user_is_on_the_login_page()
The Expected results are :You are logged in
[INFO ] 2024-10-21 00:43:52.942 [TestNG-PoolService-5] LoggerLoad - User Enter Login credential with username as " DreamTeam" and password as" Dre@mTe@m123" 
  When the User enters a sample code as "print hello" in the Editor section and click Run      # stepdefinitions.CommonStepDefinitions.the_user_enters_a_sample_code_as_in_the_editor_section_and_click_run(java.lang.String)
[INFO ] 2024-10-21 00:43:53.146 [TestNG-PoolService-1] LoggerLoad - actual error NameError: name 'hello' is not defined on line 1
  Then the User should get the "NameError: name 'hello' is not defined on line 1" in the alert # stepdefinitions.CommonStepDefinitions.the_user_should_get_the_in_the_alert(java.lang.String)
  When the User enters the following code in the Editor section and clicks Run     # stepdefinitions.CommonStepDefinitions.the_User_enters_the_following_code_in_the_Editor_section_and_clicks_Run(io.cucumber.datatable.DataTable)
    | code           | output |
    | print("Hello") | Hello  |
    | print(1234)    | 1234   |
[INFO ] 2024-10-21 00:43:53.276 [TestNG-PoolService-4] LoggerLoad - Actual Output: Hello Expected Output: Hello
[INFO ] 2024-10-21 00:43:53.276 [TestNG-PoolService-4] LoggerLoad - Actual Output: 1234 Expected Output: 1234
  Then the User should get the correct output on the screen                        # stepdefinitions.CommonStepDefinitions.the_User_should_get_the_correct_output_on_the_screen()
The Expected results are :You are logged in
[INFO ] 2024-10-21 00:43:53.330 [TestNG-PoolService-6] LoggerLoad - User Enter Login credential with username as " DreamTeam" and password as" Dre@mTe@m123" 
]]></system-out>
    <system-err><![CDATA[Oct 21, 2024 12:43:48 AM org.openqa.selenium.devtools.CdpVersionFinder findNearestMatch
WARNING: Unable to find an exact match for CDP version 129, returning the closest version; found: 128; Please update to a Selenium version that supports CDP version 129
Oct 21, 2024 12:43:49 AM org.openqa.selenium.devtools.CdpVersionFinder findNearestMatch
WARNING: Unable to find an exact match for CDP version 129, returning the closest version; found: 128; Please update to a Selenium version that supports CDP version 129
Oct 21, 2024 12:43:51 AM org.openqa.selenium.devtools.CdpVersionFinder findNearestMatch
WARNING: Unable to find an exact match for CDP version 129, returning the closest version; found: 128; Please update to a Selenium version that supports CDP version 129
Oct 21, 2024 12:43:52 AM org.openqa.selenium.devtools.CdpVersionFinder findNearestMatch
WARNING: Unable to find an exact match for CDP version 129, returning the closest version; found: 128; Please update to a Selenium version that supports CDP version 129
]]></system-err>
  </testcase>
  <testcase name="runScenario[&quot;validate the Try editor for negative input from Binary Search Trees page&quot;, &quot;Ds Portal Tree Page Functionality&quot;](197)" classname="runner.TestRunner" time="0.236">
    <system-out><![CDATA[
@Tree @ImpBSTTryEditor @TreeTC_064
Scenario: Validate the Try editor for positive input from Implementation Of BST page # src/test/resources/features/Tree.feature:494
]]></system-out>
  </testcase>
  <testcase name="runScenario[&quot;validate the Try editor for negative input from Applications of Binary trees page&quot;, &quot;Ds Portal Tree Page Functionality&quot;](198)" classname="runner.TestRunner" time="0.007"/>
  <testcase name="runScenario[&quot;Validate the Try editor for positive input from Binary Search Trees page&quot;, &quot;Ds Portal Tree Page Functionality&quot;](199)" classname="runner.TestRunner" time="0.022">
    <system-out><![CDATA[
@Tree @ImpBSTTryEditorNegative @TreeTC_065
Scenario Outline: validate the Try editor for negative input from Implementation Of BST page   # src/test/resources/features/Tree.feature:511
]]></system-out>
  </testcase>
  <testcase name="runScenario[&quot;validate the Try editor for negative input from Applications of Binary trees page&quot;, &quot;Ds Portal Tree Page Functionality&quot;](200)" classname="runner.TestRunner" time="1.202">
    <system-out><![CDATA[
@Tree @ImpBSTTryEditorNegative @TreeTC_065
Scenario Outline: validate the Try editor for negative input from Implementation Of BST page # src/test/resources/features/Tree.feature:512

@Tree @ImpBSTPracQues @TreeTC_066
Scenario: Validate the Implementation Of BST Practice Questions            # src/test/resources/features/Tree.feature:515
  When The User enters the valid username and password "LoginCredentials"                  # stepdefinitions.LoginStep.the_user_enters_the_valid_username_and_password(java.lang.String)
  When The User enters the valid username and password "LoginCredentials" # stepdefinitions.LoginStep.the_user_enters_the_valid_username_and_password(java.lang.String)
[INFO ] 2024-10-21 00:43:55.271 [TestNG-PoolService-3] LoggerLoad - The user is on the Login page.
  Given The User is on the login page                                     # stepdefinitions.LoginStep.the_user_is_on_the_login_page()
]]></system-out>
  </testcase>
  <testcase name="runScenario[&quot;Validate the Applications of Binary trees page Practice Questions&quot;, &quot;Ds Portal Tree Page Functionality&quot;](201)" classname="runner.TestRunner" time="2.306">
    <failure message="No questions found" type="java.lang.AssertionError"><![CDATA[java.lang.AssertionError: No questions found
	at org.testng.Assert.fail(Assert.java:111)
	at stepdefinitions.TreeStep.user_should_view_the_Practice_Questions_of_Tree(TreeStep.java:81)
	at ✽.user should view the Practice Questions of Tree(file:///C:/Users/Palanivel/eclipse-workspace/asta_dsalgoBDD/./src/test/resources/features/Tree.feature:440)
]]></failure>
    <system-out><![CDATA[
@Graph @GraphPage @GraphTest_001
Scenario: Validate the Graph Page                                         # src/test/resources/features/graph.feature:9
[INFO ] 2024-10-21 00:43:55.333 [TestNG-PoolService-8] LoggerLoad - The user is on the Login page.
  Given The User is on the login page                                     # stepdefinitions.LoginStep.the_user_is_on_the_login_page()
  Then user should view the Practice Questions of Tree                            # stepdefinitions.TreeStep.user_should_view_the_Practice_Questions_of_Tree()
      java.lang.AssertionError: No questions found
	at org.testng.Assert.fail(Assert.java:111)
	at stepdefinitions.TreeStep.user_should_view_the_Practice_Questions_of_Tree(TreeStep.java:81)
	at âœ½.user should view the Practice Questions of Tree(file:///C:/Users/Palanivel/eclipse-workspace/asta_dsalgoBDD/./src/test/resources/features/Tree.feature:440)

The Expected results are :You are logged in
[INFO ] 2024-10-21 00:43:55.820 [TestNG-PoolService-3] LoggerLoad - User Enter Login credential with username as " DreamTeam" and password as" Dre@mTe@m123" 
The Expected results are :You are logged in
[INFO ] 2024-10-21 00:43:55.878 [TestNG-PoolService-8] LoggerLoad - User Enter Login credential with username as " DreamTeam" and password as" Dre@mTe@m123" 

    Embedding Validate the Applications of Binary trees page Practice Questions [image/png 14881 bytes]

[INFO ] 2024-10-21 00:43:55.962 [TestNG-PoolService-6] LoggerLoad - You are in Binary Search Trees page.
  Given user is on the Binary Search Trees                                # stepdefinitions.TreeStep.user_is_on_the_binary_search_trees()
  When user clicked the Practice Questions from Binary Search Trees page  # stepdefinitions.TreeStep.user_clicked_the_practice_questions_from_binary_search_trees_page()
  When The User enters the valid username and password "LoginCredentials" # stepdefinitions.LoginStep.the_user_enters_the_valid_username_and_password(java.lang.String)
]]></system-out>
  </testcase>
  <testcase name="runScenario[&quot;Validate the Tree Module Page Implementation Of BST link&quot;, &quot;Ds Portal Tree Page Functionality&quot;](202)" classname="runner.TestRunner" time="7.753">
    <system-out><![CDATA[
@Graph @GraphList @GraphListTest_002
Scenario: Validate the Graph page link                                    # src/test/resources/features/graph.feature:15
  When The User enters the valid username and password "LoginCredentials" # stepdefinitions.LoginStep.the_user_enters_the_valid_username_and_password(java.lang.String)
[INFO ] 2024-10-21 00:43:58.680 [TestNG-PoolService-5] LoggerLoad - You are in Assessment page.
  Given the User is on the Try Editor page from Binary Search Trees link                   # stepdefinitions.TreeStep.the_user_is_on_the_try_editor_page_from_binary_search_trees_link()
aer234@$
[INFO ] 2024-10-21 00:44:00.200 [TestNG-PoolService-3] LoggerLoad - You are in Tree page.
  Given user is on the Tree module page                                   # stepdefinitions.TreeStep.user_is_on_the_tree_module_page()
[INFO ] 2024-10-21 00:44:01.356 [TestNG-PoolService-8] LoggerLoad - You are in Implementation Of BST page.
  Given user is on the Implementation Of BST                              # stepdefinitions.TreeStep.user_is_on_the_implementation_of_bst()
  When user clicked Implementation Of BST link in the Tree Module page    # stepdefinitions.TreeStep.user_clicked_implementation_of_bst_link_in_the_tree_module_page()
[INFO ] 2024-10-21 00:44:01.596 [TestNG-PoolService-3] LoggerLoad - You are viewing the Implementation Of BST page.
  Then user is able to view the  Implementation Of BST linked page        # stepdefinitions.TreeStep.user_is_able_to_view_the_implementation_of_bst_linked_page()
  When the User enters a sample code as "aer234@$" in the Editor section and click Run     # stepdefinitions.CommonStepDefinitions.the_user_enters_a_sample_code_as_in_the_editor_section_and_click_run(java.lang.String)
[INFO ] 2024-10-21 00:44:01.849 [TestNG-PoolService-5] LoggerLoad - actual error SyntaxError: bad token T_OP on line 1
  Then the User should get the "SyntaxError: bad token T_OP on line 1" in the alert        # stepdefinitions.CommonStepDefinitions.the_user_should_get_the_in_the_alert(java.lang.String)
[INFO ] 2024-10-21 00:44:02.619 [TestNG-PoolService-1] LoggerLoad - The user is on the Login page.
  Given The User is on the login page                                                          # stepdefinitions.LoginStep.the_user_is_on_the_login_page()
[INFO ] 2024-10-21 00:44:02.661 [TestNG-PoolService-10] LoggerLoad - The user is on the Login page.
  Given The User is on the login page                                                        # stepdefinitions.LoginStep.the_user_is_on_the_login_page()
[INFO ] 2024-10-21 00:44:03.240 [TestNG-PoolService-7] LoggerLoad - The user is on the Login page.
  Given The User is on the login page                                                # stepdefinitions.LoginStep.the_user_is_on_the_login_page()
The Expected results are :You are logged in
[INFO ] 2024-10-21 00:44:03.255 [TestNG-PoolService-1] LoggerLoad - User Enter Login credential with username as " DreamTeam" and password as" Dre@mTe@m123" 
[INFO ] 2024-10-21 00:44:03.311 [TestNG-PoolService-4] LoggerLoad - The user is on the Login page.
  Given The User is on the login page                                      # stepdefinitions.LoginStep.the_user_is_on_the_login_page()
The Expected results are :You are logged in
[INFO ] 2024-10-21 00:44:03.347 [TestNG-PoolService-10] LoggerLoad - User Enter Login credential with username as " DreamTeam" and password as" Dre@mTe@m123" 
[INFO ] 2024-10-21 00:44:03.713 [TestNG-PoolService-9] LoggerLoad - The user is on the Login page.
  Given The User is on the login page                                     # stepdefinitions.LoginStep.the_user_is_on_the_login_page()
The Expected results are :You are logged in
[INFO ] 2024-10-21 00:44:03.739 [TestNG-PoolService-7] LoggerLoad - User Enter Login credential with username as " DreamTeam" and password as" Dre@mTe@m123" 
The Expected results are :You are logged in
[INFO ] 2024-10-21 00:44:03.927 [TestNG-PoolService-4] LoggerLoad - User Enter Login credential with username as " DreamTeam" and password as" Dre@mTe@m123" 
  When The User enters the valid username and password "LoginCredentials"                      # stepdefinitions.LoginStep.the_user_enters_the_valid_username_and_password(java.lang.String)
The Expected results are :You are logged in
[INFO ] 2024-10-21 00:44:04.400 [TestNG-PoolService-9] LoggerLoad - User Enter Login credential with username as " DreamTeam" and password as" Dre@mTe@m123" 
  When The User enters the valid username and password "LoginCredentials"                    # stepdefinitions.LoginStep.the_user_enters_the_valid_username_and_password(java.lang.String)
  When user clicked the Try here on the Implementation Of BST page        # stepdefinitions.TreeStep.user_clicked_the_try_here_on_the_implementation_of_bst_page()
  Then the User should get navigated to the Try Editor Page               # stepdefinitions.CommonStepDefinitions.the_user_should_get_navigated_to_the_try_editor_page()
  When The User enters the valid username and password "LoginCredentials"            # stepdefinitions.LoginStep.the_user_enters_the_valid_username_and_password(java.lang.String)
  When The User enters the valid username and password "LoginCredentials"  # stepdefinitions.LoginStep.the_user_enters_the_valid_username_and_password(java.lang.String)
]]></system-out>
    <system-err><![CDATA[Oct 21, 2024 12:43:58 AM org.openqa.selenium.devtools.CdpVersionFinder findNearestMatch
WARNING: Unable to find an exact match for CDP version 129, returning the closest version; found: 128; Please update to a Selenium version that supports CDP version 129
Oct 21, 2024 12:43:58 AM org.openqa.selenium.devtools.CdpVersionFinder findNearestMatch
WARNING: Unable to find an exact match for CDP version 129, returning the closest version; found: 128; Please update to a Selenium version that supports CDP version 129
Oct 21, 2024 12:43:59 AM org.openqa.selenium.devtools.CdpVersionFinder findNearestMatch
WARNING: Unable to find an exact match for CDP version 129, returning the closest version; found: 128; Please update to a Selenium version that supports CDP version 129
Oct 21, 2024 12:43:59 AM org.openqa.selenium.devtools.CdpVersionFinder findNearestMatch
WARNING: Unable to find an exact match for CDP version 129, returning the closest version; found: 128; Please update to a Selenium version that supports CDP version 129
Oct 21, 2024 12:44:01 AM org.openqa.selenium.devtools.CdpVersionFinder findNearestMatch
WARNING: Unable to find an exact match for CDP version 129, returning the closest version; found: 128; Please update to a Selenium version that supports CDP version 129
Oct 21, 2024 12:44:04 AM org.openqa.selenium.devtools.CdpVersionFinder findNearestMatch
WARNING: Unable to find an exact match for CDP version 129, returning the closest version; found: 128; Please update to a Selenium version that supports CDP version 129
]]></system-err>
  </testcase>
  <testcase name="runScenario[&quot;validate the Try editor for negative input from Binary Search Trees page&quot;, &quot;Ds Portal Tree Page Functionality&quot;](203)" classname="runner.TestRunner" time="0.324">
    <system-out><![CDATA[
@Graph @GraphTryHere @GraphTryHereTest_003
Scenario: Validate the navigation from the first Topic Graph Page to the Try Editor page # src/test/resources/features/graph.feature:21
  When The User enters the valid username and password "LoginCredentials" # stepdefinitions.LoginStep.the_user_enters_the_valid_username_and_password(java.lang.String)
]]></system-out>
  </testcase>
  <testcase name="runScenario[&quot;Validate the Implementation Of BST Try here&quot;, &quot;Ds Portal Tree Page Functionality&quot;](204)" classname="runner.TestRunner" time="0.94">
    <system-out><![CDATA[
@Graph @GraphTryEditorPositive @GraphEditorTest_004
Scenario: validate the Try editor for positive input from the first Topic Graph Page # src/test/resources/features/graph.feature:27
[INFO ] 2024-10-21 00:44:05.999 [TestNG-PoolService-9] LoggerLoad - You are in NumpyNinjahome page.
  Given the user is in homepage and logged in                             # stepdefinitions.CommonStepDefinitions.the_user_is_in_homepage_and_logged_in()
  Then user should view the Practice Questions of Tree                    # stepdefinitions.TreeStep.user_should_view_the_Practice_Questions_of_Tree()
      java.lang.AssertionError: No questions found
	at org.testng.Assert.fail(Assert.java:111)
	at stepdefinitions.TreeStep.user_should_view_the_Practice_Questions_of_Tree(TreeStep.java:81)
	at âœ½.user should view the Practice Questions of Tree(file:///C:/Users/Palanivel/eclipse-workspace/asta_dsalgoBDD/./src/test/resources/features/Tree.feature:479)

  When The User clicks Get Started button in the Graph section            # stepdefinitions.GraphStep.the_user_clicks_get_started_button_in_the_graph_section()
]]></system-out>
  </testcase>
  <testcase name="runScenario[&quot;Validate the Binary Search Trees Practice Questions&quot;, &quot;Ds Portal Tree Page Functionality&quot;](205)" classname="runner.TestRunner" time="0.938">
    <failure message="No questions found" type="java.lang.AssertionError"><![CDATA[java.lang.AssertionError: No questions found
	at org.testng.Assert.fail(Assert.java:111)
	at stepdefinitions.TreeStep.user_should_view_the_Practice_Questions_of_Tree(TreeStep.java:81)
	at ✽.user should view the Practice Questions of Tree(file:///C:/Users/Palanivel/eclipse-workspace/asta_dsalgoBDD/./src/test/resources/features/Tree.feature:479)
]]></failure>
    <system-out><![CDATA[
@Graph @GraphTryEditorNegative @GraphEditorTest_011
Scenario Outline: validate the Try editor for negative input from the first Topic Graph Page   # src/test/resources/features/graph.feature:43
Graph
[INFO ] 2024-10-21 00:44:06.778 [TestNG-PoolService-9] LoggerLoad - You are navigated to Graph Page.
  Then The User should get navigated to the DsAlgo Portal Graph Page      # stepdefinitions.GraphStep.the_user_should_get_navigated_to_the_ds_algo_portal_graph_page()

    Embedding Validate the Binary Search Trees Practice Questions [image/png 14881 bytes]

[INFO ] 2024-10-21 00:44:06.865 [TestNG-PoolService-4] LoggerLoad - You are in Implementation Of BST page.
  Given user is on the Implementation Of BST                               # stepdefinitions.TreeStep.user_is_on_the_implementation_of_bst()
[INFO ] 2024-10-21 00:44:07.318 [TestNG-PoolService-2] LoggerLoad - The user is on the Login page.
  Given The User is on the login page                                     # stepdefinitions.LoginStep.the_user_is_on_the_login_page()
  When user clicked the Practice Questions from Implementation Of BST page # stepdefinitions.TreeStep.user_clicked_the_practice_questions_from_implementation_of_bst_page()
]]></system-out>
  </testcase>
  <testcase name="runScenario[&quot;Validate the Graph Page&quot;, &quot;DS Portal Graph Page Functionality&quot;](206)" classname="runner.TestRunner" time="0.198">
    <system-out><![CDATA[
@Graph @GraphTryEditorNegative @GraphEditorTest_011
Scenario Outline: validate the Try editor for negative input from the first Topic Graph Page # src/test/resources/features/graph.feature:44
The Expected results are :You are logged in
[INFO ] 2024-10-21 00:44:07.783 [TestNG-PoolService-2] LoggerLoad - User Enter Login credential with username as " DreamTeam" and password as" Dre@mTe@m123" 
]]></system-out>
  </testcase>
  <testcase name="runScenario[&quot;validate the Try editor for negative input from Implementation Of BST page&quot;, &quot;Ds Portal Tree Page Functionality&quot;](207)" classname="runner.TestRunner" time="5.266">
    <system-out><![CDATA[
@Graph @GraphPracticeQuestionLink1 @GraphQuestionTest_009
Scenario: Validate the Practice Questions                                 # src/test/resources/features/graph.feature:48
[INFO ] 2024-10-21 00:44:08.914 [TestNG-PoolService-1] LoggerLoad - You are in Assessment page.
  Given the User is on the Try Editor page from Implementation Of BST link                     # stepdefinitions.TreeStep.the_user_is_on_the_try_editor_page_from_implementation_of_bst_link()
print hello
[INFO ] 2024-10-21 00:44:09.033 [TestNG-PoolService-10] LoggerLoad - You are in Assessment page.
  Given the User is on the Try Editor page from Implementation Of BST link                   # stepdefinitions.TreeStep.the_user_is_on_the_try_editor_page_from_implementation_of_bst_link()
aer234@$
  When The User enters the valid username and password "LoginCredentials" # stepdefinitions.LoginStep.the_user_enters_the_valid_username_and_password(java.lang.String)
[INFO ] 2024-10-21 00:44:09.766 [TestNG-PoolService-7] LoggerLoad - You are in Assessment page.
  Given the User is on the Try Editor page from Implementation Of BST link           # stepdefinitions.TreeStep.the_user_is_on_the_try_editor_page_from_implementation_of_bst_link()
  When the User enters a sample code as "print hello" in the Editor section and click Run      # stepdefinitions.CommonStepDefinitions.the_user_enters_a_sample_code_as_in_the_editor_section_and_click_run(java.lang.String)
[INFO ] 2024-10-21 00:44:10.047 [TestNG-PoolService-1] LoggerLoad - actual error NameError: name 'hello' is not defined on line 1
  Then the User should get the "NameError: name 'hello' is not defined on line 1" in the alert # stepdefinitions.CommonStepDefinitions.the_user_should_get_the_in_the_alert(java.lang.String)
  When the User enters a sample code as "aer234@$" in the Editor section and click Run       # stepdefinitions.CommonStepDefinitions.the_user_enters_a_sample_code_as_in_the_editor_section_and_click_run(java.lang.String)
[INFO ] 2024-10-21 00:44:10.627 [TestNG-PoolService-10] LoggerLoad - actual error SyntaxError: bad token T_OP on line 1
  Then the User should get the "SyntaxError: bad token T_OP on line 1" in the alert          # stepdefinitions.CommonStepDefinitions.the_user_should_get_the_in_the_alert(java.lang.String)
  When the User enters the following code in the Editor section and clicks Run       # stepdefinitions.CommonStepDefinitions.the_User_enters_the_following_code_in_the_Editor_section_and_clicks_Run(io.cucumber.datatable.DataTable)
    | code           | output |
    | print("Hello") | Hello  |
    | print(1234)    | 1234   |
[INFO ] 2024-10-21 00:44:12.279 [TestNG-PoolService-7] LoggerLoad - Actual Output: Hello Expected Output: Hello
[INFO ] 2024-10-21 00:44:12.279 [TestNG-PoolService-7] LoggerLoad - Actual Output: 1234 Expected Output: 1234
  Then the User should get the correct output on the screen                          # stepdefinitions.CommonStepDefinitions.the_User_should_get_the_correct_output_on_the_screen()
]]></system-out>
    <system-err><![CDATA[Oct 21, 2024 12:44:09 AM org.openqa.selenium.devtools.CdpVersionFinder findNearestMatch
WARNING: Unable to find an exact match for CDP version 129, returning the closest version; found: 128; Please update to a Selenium version that supports CDP version 129
Oct 21, 2024 12:44:09 AM org.openqa.selenium.devtools.CdpVersionFinder findNearestMatch
WARNING: Unable to find an exact match for CDP version 129, returning the closest version; found: 128; Please update to a Selenium version that supports CDP version 129
Oct 21, 2024 12:44:11 AM org.openqa.selenium.devtools.CdpVersionFinder findNearestMatch
WARNING: Unable to find an exact match for CDP version 129, returning the closest version; found: 128; Please update to a Selenium version that supports CDP version 129
Oct 21, 2024 12:44:12 AM org.openqa.selenium.devtools.CdpVersionFinder findNearestMatch
WARNING: Unable to find an exact match for CDP version 129, returning the closest version; found: 128; Please update to a Selenium version that supports CDP version 129
Oct 21, 2024 12:44:12 AM org.openqa.selenium.devtools.CdpVersionFinder findNearestMatch
WARNING: Unable to find an exact match for CDP version 129, returning the closest version; found: 128; Please update to a Selenium version that supports CDP version 129
]]></system-err>
  </testcase>
  <testcase name="runScenario[&quot;validate the Try editor for negative input from Implementation Of BST page&quot;, &quot;Ds Portal Tree Page Functionality&quot;](208)" classname="runner.TestRunner" time="1.592">
    <system-out><![CDATA[
@Graph @GraphRepresentations @GraphRepTest_005
Scenario: Validate the Graph Representations page                         # src/test/resources/features/graph.feature:54
  Given The User is on the Graph Page                                     # stepdefinitions.GraphStep.the_user_is_on_the_graph_page()
]]></system-out>
  </testcase>
  <testcase name="runScenario[&quot;Validate the Try editor for positive input from Implementation Of BST page&quot;, &quot;Ds Portal Tree Page Functionality&quot;](209)" classname="runner.TestRunner" time="1.179">
    <system-out><![CDATA[
@Graph @GraphReprTryHere @GraphReprTryHereTest_006
Scenario: Validate the navigation from the Graph Representation Page to the Try Editor page # src/test/resources/features/graph.feature:60
  When The User clicks Graph link                                         # stepdefinitions.GraphStep.the_user_clicks_graph_link()
Graph
[INFO ] 2024-10-21 00:44:15.007 [TestNG-PoolService-2] LoggerLoad - You are navigated to first link of Graph Page.
  Then The User should get navigated to first Topic Graph Page            # stepdefinitions.GraphStep.the_user_should_get_navigated_to_first_topic_graph_page()
[INFO ] 2024-10-21 00:44:15.454 [TestNG-PoolService-8] LoggerLoad - The user is on the Login page.
  Given The User is on the login page                                                          # stepdefinitions.LoginStep.the_user_is_on_the_login_page()
[INFO ] 2024-10-21 00:44:15.543 [TestNG-PoolService-9] LoggerLoad - The user is on the Login page.
  Given The User is on the login page                                     # stepdefinitions.LoginStep.the_user_is_on_the_login_page()
[INFO ] 2024-10-21 00:44:15.659 [TestNG-PoolService-3] LoggerLoad - The user is on the Login page.
  Given The User is on the login page                                                    # stepdefinitions.LoginStep.the_user_is_on_the_login_page()
]]></system-out>
  </testcase>
  <testcase name="runScenario[&quot;Validate the Graph page link&quot;, &quot;DS Portal Graph Page Functionality&quot;](210)" classname="runner.TestRunner" time="0.48">
    <system-out><![CDATA[
@Graph @GraphReprTryEditorPositive @GraphReprEditorTest_007
Scenario: validate the Try editor for positive input from the Graph Representation Page # src/test/resources/features/graph.feature:66
The Expected results are :You are logged in
[INFO ] 2024-10-21 00:44:16.036 [TestNG-PoolService-8] LoggerLoad - User Enter Login credential with username as " DreamTeam" and password as" Dre@mTe@m123" 
[INFO ] 2024-10-21 00:44:16.092 [TestNG-PoolService-5] LoggerLoad - The user is on the Login page.
  Given The User is on the login page                                                # stepdefinitions.LoginStep.the_user_is_on_the_login_page()
[INFO ] 2024-10-21 00:44:16.093 [TestNG-PoolService-6] LoggerLoad - The user is on the Login page.
  Given The User is on the login page                                                        # stepdefinitions.LoginStep.the_user_is_on_the_login_page()
The Expected results are :You are logged in
[INFO ] 2024-10-21 00:44:16.134 [TestNG-PoolService-9] LoggerLoad - User Enter Login credential with username as " DreamTeam" and password as" Dre@mTe@m123" 
The Expected results are :You are logged in
[INFO ] 2024-10-21 00:44:16.182 [TestNG-PoolService-3] LoggerLoad - User Enter Login credential with username as " DreamTeam" and password as" Dre@mTe@m123" 
]]></system-out>
  </testcase>
  <testcase name="runScenario[&quot;Validate the Implementation Of BST Practice Questions&quot;, &quot;Ds Portal Tree Page Functionality&quot;](211)" classname="runner.TestRunner" time="1.675">
    <failure message="No questions found" type="java.lang.AssertionError"><![CDATA[java.lang.AssertionError: No questions found
	at org.testng.Assert.fail(Assert.java:111)
	at stepdefinitions.TreeStep.user_should_view_the_Practice_Questions_of_Tree(TreeStep.java:81)
	at ✽.user should view the Practice Questions of Tree(file:///C:/Users/Palanivel/eclipse-workspace/asta_dsalgoBDD/./src/test/resources/features/Tree.feature:518)
]]></failure>
    <system-out><![CDATA[
@Graph @GraphReprTryEditorNegative @GraphReprEditorTest_012
Scenario Outline: validate the Try editor for negative input from the Graph Representation Page # src/test/resources/features/graph.feature:82
The Expected results are :You are logged in
[INFO ] 2024-10-21 00:44:16.647 [TestNG-PoolService-5] LoggerLoad - User Enter Login credential with username as " DreamTeam" and password as" Dre@mTe@m123" 
The Expected results are :You are logged in
[INFO ] 2024-10-21 00:44:16.651 [TestNG-PoolService-6] LoggerLoad - User Enter Login credential with username as " DreamTeam" and password as" Dre@mTe@m123" 
  Then user should view the Practice Questions of Tree                     # stepdefinitions.TreeStep.user_should_view_the_Practice_Questions_of_Tree()
      java.lang.AssertionError: No questions found
	at org.testng.Assert.fail(Assert.java:111)
	at stepdefinitions.TreeStep.user_should_view_the_Practice_Questions_of_Tree(TreeStep.java:81)
	at âœ½.user should view the Practice Questions of Tree(file:///C:/Users/Palanivel/eclipse-workspace/asta_dsalgoBDD/./src/test/resources/features/Tree.feature:518)


    Embedding Validate the Implementation Of BST Practice Questions [image/png 14881 bytes]

]]></system-out>
    <system-err><![CDATA[Oct 21, 2024 12:44:17 AM org.openqa.selenium.devtools.CdpVersionFinder findNearestMatch
WARNING: Unable to find an exact match for CDP version 129, returning the closest version; found: 128; Please update to a Selenium version that supports CDP version 129
]]></system-err>
  </testcase>
  <testcase name="runScenario[&quot;Validate the navigation from the first Topic Graph Page to the Try Editor page&quot;, &quot;DS Portal Graph Page Functionality&quot;](212)" classname="runner.TestRunner" time="9.493">
    <system-out><![CDATA[
@Graph @GraphReprTryEditorNegative @GraphReprEditorTest_012
Scenario Outline: validate the Try editor for negative input from the Graph Representation Page # src/test/resources/features/graph.feature:83
  When The User enters the valid username and password "LoginCredentials" # stepdefinitions.LoginStep.the_user_enters_the_valid_username_and_password(java.lang.String)
  When The User enters the valid username and password "LoginCredentials"                    # stepdefinitions.LoginStep.the_user_enters_the_valid_username_and_password(java.lang.String)
  When The User enters the valid username and password "LoginCredentials"            # stepdefinitions.LoginStep.the_user_enters_the_valid_username_and_password(java.lang.String)
  When The User enters the valid username and password "LoginCredentials"                # stepdefinitions.LoginStep.the_user_enters_the_valid_username_and_password(java.lang.String)
[INFO ] 2024-10-21 00:44:20.483 [TestNG-PoolService-1] LoggerLoad - The user is on the Login page.
  Given The User is on the login page                                     # stepdefinitions.LoginStep.the_user_is_on_the_login_page()
  When The User enters the valid username and password "LoginCredentials"                      # stepdefinitions.LoginStep.the_user_enters_the_valid_username_and_password(java.lang.String)
  Given The User is on the first Topic Graph Page                                        # stepdefinitions.GraphStep.the_user_is_on_the_first_topic_graph_page()
The Expected results are :You are logged in
[INFO ] 2024-10-21 00:44:21.245 [TestNG-PoolService-1] LoggerLoad - User Enter Login credential with username as " DreamTeam" and password as" Dre@mTe@m123" 
  Given The User is on the first Topic Graph Page                         # stepdefinitions.GraphStep.the_user_is_on_the_first_topic_graph_page()
[INFO ] 2024-10-21 00:44:22.375 [TestNG-PoolService-10] LoggerLoad - The user is on the Login page.
  Given The User is on the login page                                                       # stepdefinitions.LoginStep.the_user_is_on_the_login_page()
The Expected results are :You are logged in
[INFO ] 2024-10-21 00:44:23.011 [TestNG-PoolService-10] LoggerLoad - User Enter Login credential with username as " DreamTeam" and password as" Dre@mTe@m123" 
  When The User enters the valid username and password "LoginCredentials" # stepdefinitions.LoginStep.the_user_enters_the_valid_username_and_password(java.lang.String)
  Given The User is on the Graph Page                                     # stepdefinitions.GraphStep.the_user_is_on_the_graph_page()
  When The User clicks Practice Questions link                            # stepdefinitions.GraphStep.the_user_clicks_practice_questions_link()
  Given the User is on the Try Editor page through the first Topic Graph Page        # stepdefinitions.GraphStep.the_user_is_on_the_try_editor_page_through_the_first_topic_graph_page()
  When The User clicks Try Here button in the first topic Graph Page                     # stepdefinitions.GraphStep.the_user_clicks_try_here_button_in_the_first_topic_graph_page()
  Then the User should get navigated to the Try Editor Page                              # stepdefinitions.CommonStepDefinitions.the_user_should_get_navigated_to_the_try_editor_page()
  Given the User is on the Try Editor page through the first Topic Graph Page                # stepdefinitions.GraphStep.the_user_is_on_the_try_editor_page_through_the_first_topic_graph_page()
aer234@$
[INFO ] 2024-10-21 00:44:25.337 [TestNG-PoolService-7] LoggerLoad - The user is on the Login page.
  Given The User is on the login page                                                   # stepdefinitions.LoginStep.the_user_is_on_the_login_page()
[INFO ] 2024-10-21 00:44:25.455 [TestNG-PoolService-2] LoggerLoad - The user is on the Login page.
  Given The User is on the login page                                                           # stepdefinitions.LoginStep.the_user_is_on_the_login_page()
  When The User enters the valid username and password "LoginCredentials"                   # stepdefinitions.LoginStep.the_user_enters_the_valid_username_and_password(java.lang.String)
  When The User clicks Graph Representations link                         # stepdefinitions.GraphStep.the_user_clicks_graph_representations_link()
Graph Representations
[INFO ] 2024-10-21 00:44:25.739 [TestNG-PoolService-1] LoggerLoad - You are navigated to Graph Representations Page.
  Then The User should get navigated to Graph Representation Page         # stepdefinitions.GraphStep.the_user_should_get_navigated_to_graph_representation_page()
The Expected results are :You are logged in
[INFO ] 2024-10-21 00:44:25.923 [TestNG-PoolService-7] LoggerLoad - User Enter Login credential with username as " DreamTeam" and password as" Dre@mTe@m123" 
  When the User enters a sample code as "aer234@$" in the Editor section and click Run       # stepdefinitions.CommonStepDefinitions.the_user_enters_a_sample_code_as_in_the_editor_section_and_click_run(java.lang.String)
[INFO ] 2024-10-21 00:44:26.004 [TestNG-PoolService-6] LoggerLoad - actual error SyntaxError: bad token T_OP on line 1
  Then the User should get the "SyntaxError: bad token T_OP on line 1" in the alert          # stepdefinitions.CommonStepDefinitions.the_user_should_get_the_in_the_alert(java.lang.String)
The Expected results are :You are logged in
[INFO ] 2024-10-21 00:44:26.100 [TestNG-PoolService-2] LoggerLoad - User Enter Login credential with username as " DreamTeam" and password as" Dre@mTe@m123" 
  Given the User is on the Try Editor page through the first Topic Graph Page                  # stepdefinitions.GraphStep.the_user_is_on_the_try_editor_page_through_the_first_topic_graph_page()
print hello
  When the User enters a sample code as "print hello" in the Editor section and click Run      # stepdefinitions.CommonStepDefinitions.the_user_enters_a_sample_code_as_in_the_editor_section_and_click_run(java.lang.String)
[INFO ] 2024-10-21 00:44:26.776 [TestNG-PoolService-8] LoggerLoad - actual error NameError: name 'hello' is not defined on line 1
  Then the User should get the "NameError: name 'hello' is not defined on line 1" in the alert # stepdefinitions.CommonStepDefinitions.the_user_should_get_the_in_the_alert(java.lang.String)
  Given The User is on the Graph Representation Page                                        # stepdefinitions.GraphStep.the_user_is_on_the_graph_representation_page()
  When The User enters the valid username and password "LoginCredentials"                       # stepdefinitions.LoginStep.the_user_enters_the_valid_username_and_password(java.lang.String)
  When The User enters the valid username and password "LoginCredentials"               # stepdefinitions.LoginStep.the_user_enters_the_valid_username_and_password(java.lang.String)
]]></system-out>
    <system-err><![CDATA[Oct 21, 2024 12:44:18 AM org.openqa.selenium.devtools.CdpVersionFinder findNearestMatch
WARNING: Unable to find an exact match for CDP version 129, returning the closest version; found: 128; Please update to a Selenium version that supports CDP version 129
Oct 21, 2024 12:44:20 AM org.openqa.selenium.devtools.CdpVersionFinder findNearestMatch
WARNING: Unable to find an exact match for CDP version 129, returning the closest version; found: 128; Please update to a Selenium version that supports CDP version 129
Oct 21, 2024 12:44:21 AM org.openqa.selenium.devtools.CdpVersionFinder findNearestMatch
WARNING: Unable to find an exact match for CDP version 129, returning the closest version; found: 128; Please update to a Selenium version that supports CDP version 129
Oct 21, 2024 12:44:24 AM org.openqa.selenium.devtools.CdpVersionFinder findNearestMatch
WARNING: Unable to find an exact match for CDP version 129, returning the closest version; found: 128; Please update to a Selenium version that supports CDP version 129
]]></system-err>
  </testcase>
  <testcase name="runScenario[&quot;validate the Try editor for negative input from the first Topic Graph Page&quot;, &quot;DS Portal Graph Page Functionality&quot;](213)" classname="runner.TestRunner" time="0.054">
    <system-out><![CDATA[[INFO ] 2024-10-21 00:44:27.572 [TestNG-PoolService-4] LoggerLoad - The user is on the Login page.
  Given The User is on the login page                                                           # stepdefinitions.LoginStep.the_user_is_on_the_login_page()

@Graph @GraphPracticeQuestionLink2 @GraphQuestionTest_010
Scenario: Validate the Practice Questions                                 # src/test/resources/features/graph.feature:87
]]></system-out>
  </testcase>
  <testcase name="runScenario[&quot;Validate the Graph Representations page&quot;, &quot;DS Portal Graph Page Functionality&quot;](214)" classname="runner.TestRunner" time="0.01">
    <system-out><![CDATA[  When the User enters the following code in the Editor section and clicks Run       # stepdefinitions.CommonStepDefinitions.the_User_enters_the_following_code_in_the_Editor_section_and_clicks_Run(io.cucumber.datatable.DataTable)
    | code           | output |
    | print("Hello") | Hello  |
    | print(1234)    | 1234   |
[INFO ] 2024-10-21 00:44:27.661 [TestNG-PoolService-5] LoggerLoad - Actual Output: Hello Expected Output: Hello
]]></system-out>
  </testcase>
  <testcase name="runScenario[&quot;validate the Try editor for negative input from the first Topic Graph Page&quot;, &quot;DS Portal Graph Page Functionality&quot;](215)" classname="runner.TestRunner" time="0.061">
    <system-out><![CDATA[[INFO ] 2024-10-21 00:44:27.661 [TestNG-PoolService-5] LoggerLoad - Actual Output: 1234 Expected Output: 1234
  Then the User should get the correct output on the screen                          # stepdefinitions.CommonStepDefinitions.the_User_should_get_the_correct_output_on_the_screen()

@Login @LoginCredentials @LoginTC_001
Scenario: Validate the login with valid credentials                       # src/test/resources/features/login.feature:5

@Login @LoginInvalidCredentials @LoginTC_002
Scenario Outline: Validate the login with Invalid Credentials                                # src/test/resources/features/login.feature:18
]]></system-out>
  </testcase>
  <testcase name="runScenario[&quot;validate the Try editor for positive input from the first Topic Graph Page&quot;, &quot;DS Portal Graph Page Functionality&quot;](216)" classname="runner.TestRunner" time="0.552">
    <system-out><![CDATA[
@Login @LoginInvalidCredentials @LoginTC_002
Scenario Outline: Validate the login with Invalid Credentials                                # src/test/resources/features/login.feature:19
The Expected results are :You are logged in
[INFO ] 2024-10-21 00:44:28.171 [TestNG-PoolService-4] LoggerLoad - User Enter Login credential with username as " DreamTeam" and password as" Dre@mTe@m123" 
]]></system-out>
  </testcase>
  <testcase name="runScenario[&quot;Validate the navigation from the Graph Representation Page to the Try Editor page&quot;, &quot;DS Portal Graph Page Functionality&quot;](217)" classname="runner.TestRunner" time="1.965">
    <system-out><![CDATA[
@Login @LoginInvalidCredentials @LoginTC_002
Scenario Outline: Validate the login with Invalid Credentials                                # src/test/resources/features/login.feature:20
  When The User enters the valid username and password "LoginCredentials"                       # stepdefinitions.LoginStep.the_user_enters_the_valid_username_and_password(java.lang.String)
  When The User clicks Try Here button in the Graph Representation Page                     # stepdefinitions.GraphStep.the_user_clicks_try_here_button_in_the_graph_representation_page()
  Then the User should get navigated to the Try Editor Page                                 # stepdefinitions.CommonStepDefinitions.the_user_should_get_navigated_to_the_try_editor_page()
]]></system-out>
  </testcase>
  <testcase name="runScenario[&quot;validate the Try editor for negative input from the Graph Representation Page&quot;, &quot;DS Portal Graph Page Functionality&quot;](219)" classname="runner.TestRunner" time="9.045">
    <system-out><![CDATA[
@Login @LoginInvalidCredentials @LoginTC_002
Scenario Outline: Validate the login with Invalid Credentials                                # src/test/resources/features/login.feature:21
  Given the User is on the Try Editor page through the Graph Representation Page        # stepdefinitions.GraphStep.the_user_is_on_the_try_editor_page_through_the_graph_representation_page()
  Given the User is on the Try Editor page through the Graph Representation Page                # stepdefinitions.GraphStep.the_user_is_on_the_try_editor_page_through_the_graph_representation_page()
print hello
  Given the User is on the Try Editor page through the Graph Representation Page                # stepdefinitions.GraphStep.the_user_is_on_the_try_editor_page_through_the_graph_representation_page()
aer234@$
  When the User enters a sample code as "aer234@$" in the Editor section and click Run          # stepdefinitions.CommonStepDefinitions.the_user_enters_a_sample_code_as_in_the_editor_section_and_click_run(java.lang.String)
[INFO ] 2024-10-21 00:44:34.519 [TestNG-PoolService-4] LoggerLoad - actual error SyntaxError: bad token T_OP on line 1
  Then the User should get the "SyntaxError: bad token T_OP on line 1" in the alert             # stepdefinitions.CommonStepDefinitions.the_user_should_get_the_in_the_alert(java.lang.String)
  Then The User should navigate to Practice Question Page                 # stepdefinitions.GraphStep.the_user_should_navigate_to_practice_question_page()
      java.lang.AssertionError: No questions found
	at org.testng.Assert.fail(Assert.java:111)
	at stepdefinitions.GraphStep.the_user_should_navigate_to_practice_question_page(GraphStep.java:129)
	at âœ½.The User should navigate to Practice Question Page(file:///C:/Users/Palanivel/eclipse-workspace/asta_dsalgoBDD/./src/test/resources/features/graph.feature:51)


    Embedding Validate the Practice Questions [image/png 14881 bytes]

[INFO ] 2024-10-21 00:44:35.429 [TestNG-PoolService-8] LoggerLoad - The user is on the Login page.
  Given The User is on the login page                                                        # stepdefinitions.LoginStep.the_user_is_on_the_login_page()
  When the User enters a sample code as "print hello" in the Editor section and click Run       # stepdefinitions.CommonStepDefinitions.the_user_enters_a_sample_code_as_in_the_editor_section_and_click_run(java.lang.String)
[INFO ] 2024-10-21 00:44:35.706 [TestNG-PoolService-2] LoggerLoad - actual error NameError: name 'hello' is not defined on line 1
  Then the User should get the "NameError: name 'hello' is not defined on line 1" in the alert  # stepdefinitions.CommonStepDefinitions.the_user_should_get_the_in_the_alert(java.lang.String)
[INFO ] 2024-10-21 00:44:36.433 [TestNG-PoolService-1] LoggerLoad - The user is on the Login page.
  Given The User is on the login page                                                        # stepdefinitions.LoginStep.the_user_is_on_the_login_page()
Expected message: Please fill out this field.
[INFO ] 2024-10-21 00:44:36.777 [TestNG-PoolService-5] LoggerLoad - The user is on the Login page.
  Given The User is on the login page                                                        # stepdefinitions.LoginStep.the_user_is_on_the_login_page()
Expected message: Please fill out this field.
Expected message: Please fill out this field.
  When The User enters the username "LoginCredentials" password 2 and clicks on login button # stepdefinitions.LoginStep.the_user_enter_the_username_password_and_clicks_on_login_button(java.lang.String,int)
[INFO ] 2024-10-21 00:44:37.641 [TestNG-PoolService-8] LoggerLoad - User Enter Login credential with username as " " and password as" Dre@mTe@m123" 
[ERROR] 2024-10-21 00:44:37.642 [TestNG-PoolService-8] LoggerLoad - The username textfield alert : Please fill out this field.
  Then The User gets suggested to enter the valid credentials                                # stepdefinitions.LoginStep.The_User_gets_suggested_to_enter_the_valid_credentials()
[INFO ] 2024-10-21 00:44:38.037 [TestNG-PoolService-6] LoggerLoad - The user is on the Login page.
  Given The User is on the login page                                     # stepdefinitions.LoginStep.the_user_is_on_the_login_page()
[INFO ] 2024-10-21 00:44:38.120 [TestNG-PoolService-3] LoggerLoad - The user is on the Login page.
  Given The User is on the login page                                     # stepdefinitions.LoginStep.the_user_is_on_the_login_page()
  When The User enters the username "LoginCredentials" password 1 and clicks on login button # stepdefinitions.LoginStep.the_user_enter_the_username_password_and_clicks_on_login_button(java.lang.String,int)
[INFO ] 2024-10-21 00:44:38.127 [TestNG-PoolService-1] LoggerLoad - User Enter Login credential with username as " DreamTeam" and password as" " 
[ERROR] 2024-10-21 00:44:38.127 [TestNG-PoolService-1] LoggerLoad - The password textfield alert : Please fill out this field.
  Then The User gets suggested to enter the valid credentials                                # stepdefinitions.LoginStep.The_User_gets_suggested_to_enter_the_valid_credentials()
  When the User enters the following code in the Editor section and clicks Run          # stepdefinitions.CommonStepDefinitions.the_User_enters_the_following_code_in_the_Editor_section_and_clicks_Run(io.cucumber.datatable.DataTable)
    | code           | output |
    | print("Hello") | Hello  |
    | print(1234)    | 1234   |
[INFO ] 2024-10-21 00:44:38.200 [TestNG-PoolService-7] LoggerLoad - Actual Output: Hello Expected Output: Hello
[INFO ] 2024-10-21 00:44:38.200 [TestNG-PoolService-7] LoggerLoad - Actual Output: 1234 Expected Output: 1234
  Then the User should get the correct output on the screen                             # stepdefinitions.CommonStepDefinitions.the_User_should_get_the_correct_output_on_the_screen()
  When The User enters the username "LoginCredentials" password 3 and clicks on login button # stepdefinitions.LoginStep.the_user_enter_the_username_password_and_clicks_on_login_button(java.lang.String,int)
[INFO ] 2024-10-21 00:44:38.327 [TestNG-PoolService-5] LoggerLoad - User Enter Login credential with username as " " and password as" " 
[ERROR] 2024-10-21 00:44:38.328 [TestNG-PoolService-5] LoggerLoad - The username textfield alert : Please fill out this field.
  Then The User gets suggested to enter the valid credentials                                # stepdefinitions.LoginStep.The_User_gets_suggested_to_enter_the_valid_credentials()
The Expected results are :You are logged in
[INFO ] 2024-10-21 00:44:38.502 [TestNG-PoolService-6] LoggerLoad - User Enter Login credential with username as " DreamTeam" and password as" Dre@mTe@m123" 
The Expected results are :You are logged in
[INFO ] 2024-10-21 00:44:38.644 [TestNG-PoolService-3] LoggerLoad - User Enter Login credential with username as " DreamTeam" and password as" Dre@mTe@m123" 
]]></system-out>
    <system-err><![CDATA[Oct 21, 2024 12:44:32 AM org.openqa.selenium.devtools.CdpVersionFinder findNearestMatch
WARNING: Unable to find an exact match for CDP version 129, returning the closest version; found: 128; Please update to a Selenium version that supports CDP version 129
Oct 21, 2024 12:44:32 AM org.openqa.selenium.devtools.CdpVersionFinder findNearestMatch
WARNING: Unable to find an exact match for CDP version 129, returning the closest version; found: 128; Please update to a Selenium version that supports CDP version 129
Oct 21, 2024 12:44:33 AM org.openqa.selenium.devtools.CdpVersionFinder findNearestMatch
WARNING: Unable to find an exact match for CDP version 129, returning the closest version; found: 128; Please update to a Selenium version that supports CDP version 129
Oct 21, 2024 12:44:33 AM org.openqa.selenium.devtools.CdpVersionFinder findNearestMatch
WARNING: Unable to find an exact match for CDP version 129, returning the closest version; found: 128; Please update to a Selenium version that supports CDP version 129
Oct 21, 2024 12:44:33 AM org.openqa.selenium.devtools.CdpVersionFinder findNearestMatch
WARNING: Unable to find an exact match for CDP version 129, returning the closest version; found: 128; Please update to a Selenium version that supports CDP version 129
Oct 21, 2024 12:44:38 AM org.openqa.selenium.devtools.CdpVersionFinder findNearestMatch
WARNING: Unable to find an exact match for CDP version 129, returning the closest version; found: 128; Please update to a Selenium version that supports CDP version 129
]]></system-err>
  </testcase>
  <testcase name="runScenario[&quot;Validate the login with Invalid Credentials&quot;, &quot;DsAlgo Portal Login Functionality&quot;](219)" classname="runner.TestRunner" time="9.096"/>
  <testcase name="runScenario[&quot;validate the Try editor for positive input from the Graph Representation Page&quot;, &quot;DS Portal Graph Page Functionality&quot;](220)" classname="runner.TestRunner" time="0.0"/>
  <testcase name="runScenario[&quot;Validate the Practice Questions&quot;, &quot;DS Portal Graph Page Functionality&quot;](221)" classname="runner.TestRunner" time="0.168">
    <failure message="No questions found" type="java.lang.AssertionError"><![CDATA[java.lang.AssertionError: No questions found
	at org.testng.Assert.fail(Assert.java:111)
	at stepdefinitions.GraphStep.the_user_should_navigate_to_practice_question_page(GraphStep.java:129)
	at ✽.The User should navigate to Practice Question Page(file:///C:/Users/Palanivel/eclipse-workspace/asta_dsalgoBDD/./src/test/resources/features/graph.feature:51)
]]></failure>
    <system-out><![CDATA[
@Login @WithoutLogin @WithoutloginTC_003
Scenario: Validate the Get Started Click button on Home page  without Login # src/test/resources/features/login.feature:25

@Login @DropdownWithoutLogin @WithoutloginTC_004
Scenario: Validate the dropdown list from Home page without Login        # src/test/resources/features/login.feature:31

@Login @LoginInvalidCredentials @LoginTC_002
Scenario Outline: Validate the login with Invalid Credentials                                # src/test/resources/features/login.feature:22
  When The User enters the valid username and password "LoginCredentials" # stepdefinitions.LoginStep.the_user_enters_the_valid_username_and_password(java.lang.String)
[INFO ] 2024-10-21 00:44:39.473 [TestNG-PoolService-6] LoggerLoad - The user is on the NumpyNinja home page and successfully logged in.
  Then The User get navigated to home page and successfully logged in     # stepdefinitions.LoginStep.the_user_get_navigated_to_home_page_and_successfully_logged_in()
]]></system-out>
  </testcase>
  <testcase name="runScenario[&quot;Validate the login with Invalid Credentials&quot;, &quot;DsAlgo Portal Login Functionality&quot;](222)" classname="runner.TestRunner" time="0.001">
    <system-out><![CDATA[  When The User enters the valid username and password "LoginCredentials" # stepdefinitions.LoginStep.the_user_enters_the_valid_username_and_password(java.lang.String)
]]></system-out>
  </testcase>
  <testcase name="runScenario[&quot;Validate the login with Invalid Credentials&quot;, &quot;DsAlgo Portal Login Functionality&quot;](223)" classname="runner.TestRunner" time="0.249">
    <system-out><![CDATA[
@Queue @QueueList @QueueListTest_002
Scenario: Validate the Implementation of the lists page                   # src/test/resources/features/queue.feature:15

@Queue @QueuePage @QueueTest_001
Scenario: Validate the Queue Page                                         # src/test/resources/features/queue.feature:9
]]></system-out>
  </testcase>
  <testcase name="runScenario[&quot;Validate the login with valid credentials&quot;, &quot;DsAlgo Portal Login Functionality&quot;](224)" classname="runner.TestRunner" time="0.566">
    <system-out><![CDATA[
@Queue @QueueListTryHere @QueueListTryHereTest_003
Scenario: Validate the navigation from the Implementation Lists page to the Try Editor page # src/test/resources/features/queue.feature:21
[INFO ] 2024-10-21 00:44:40.163 [TestNG-PoolService-10] LoggerLoad - The user is on the Login page.
  Given The User is on the login page                                                        # stepdefinitions.LoginStep.the_user_is_on_the_login_page()
]]></system-out>
  </testcase>
  <testcase name="runScenario[&quot;validate the Try editor for negative input from the Graph Representation Page&quot;, &quot;DS Portal Graph Page Functionality&quot;](225)" classname="runner.TestRunner" time="0.172">
    <system-out><![CDATA[
@Queue @QueueListTryEditorPositive @QueueListEditorTest_004
Scenario: validate the Try editor for positive input from the Implementation Lists page # src/test/resources/features/queue.feature:27
]]></system-out>
  </testcase>
  <testcase name="runScenario[&quot;Validate the login with Invalid Credentials&quot;, &quot;DsAlgo Portal Login Functionality&quot;](226)" classname="runner.TestRunner" time="8.658">
    <system-out><![CDATA[
@Queue @QueueListTryEditorNegative @QueueListEditorTest_018
Scenario Outline: validate the Try editor for negative input from the Implementation Lists page # src/test/resources/features/queue.feature:43
Expected message: Invalid Username and Password
  Given The User is on the Graph Representation Page                      # stepdefinitions.GraphStep.the_user_is_on_the_graph_representation_page()
  When The User enters the username "LoginCredentials" password 4 and clicks on login button # stepdefinitions.LoginStep.the_user_enter_the_username_password_and_clicks_on_login_button(java.lang.String,int)
[INFO ] 2024-10-21 00:44:41.478 [TestNG-PoolService-10] LoggerLoad - User Enter Login credential with username as " Dream" and password as" Dre@mTe@m123" 
[INFO ] 2024-10-21 00:44:41.527 [TestNG-PoolService-10] LoggerLoad - If you don't have an account, please Register
[INFO ] 2024-10-21 00:44:42.014 [TestNG-PoolService-10] LoggerLoad - If you don't have an account, please Register
  When The User clicks Practice Questions link                            # stepdefinitions.GraphStep.the_user_clicks_practice_questions_link()
  Then The User gets suggested to enter the valid credentials                                # stepdefinitions.LoginStep.The_User_gets_suggested_to_enter_the_valid_credentials()
[INFO ] 2024-10-21 00:44:47.066 [TestNG-PoolService-7] LoggerLoad - The user is on the NumpyNinja page trying to access the dropdown list without Login.
  Given The User is on the home page without Login                       # stepdefinitions.LoginStep.The_user_is_on_the_home_page_without_Login()
[INFO ] 2024-10-21 00:44:49.153 [TestNG-PoolService-1] LoggerLoad - The user is on the Login page.
  Given The User is on the login page                                                       # stepdefinitions.LoginStep.the_user_is_on_the_login_page()
]]></system-out>
    <system-err><![CDATA[Oct 21, 2024 12:44:43 AM org.openqa.selenium.devtools.CdpVersionFinder findNearestMatch
WARNING: Unable to find an exact match for CDP version 129, returning the closest version; found: 128; Please update to a Selenium version that supports CDP version 129
Oct 21, 2024 12:44:44 AM org.openqa.selenium.devtools.CdpVersionFinder findNearestMatch
WARNING: Unable to find an exact match for CDP version 129, returning the closest version; found: 128; Please update to a Selenium version that supports CDP version 129
Oct 21, 2024 12:44:44 AM org.openqa.selenium.devtools.CdpVersionFinder findNearestMatch
WARNING: Unable to find an exact match for CDP version 129, returning the closest version; found: 128; Please update to a Selenium version that supports CDP version 129
Oct 21, 2024 12:44:44 AM org.openqa.selenium.devtools.CdpVersionFinder findNearestMatch
WARNING: Unable to find an exact match for CDP version 129, returning the closest version; found: 128; Please update to a Selenium version that supports CDP version 129
Oct 21, 2024 12:44:44 AM org.openqa.selenium.devtools.CdpVersionFinder findNearestMatch
WARNING: Unable to find an exact match for CDP version 129, returning the closest version; found: 128; Please update to a Selenium version that supports CDP version 129
Oct 21, 2024 12:44:45 AM org.openqa.selenium.devtools.CdpVersionFinder findNearestMatch
WARNING: Unable to find an exact match for CDP version 129, returning the closest version; found: 128; Please update to a Selenium version that supports CDP version 129
Oct 21, 2024 12:44:46 AM org.openqa.selenium.devtools.CdpVersionFinder findNearestMatch
WARNING: Unable to find an exact match for CDP version 129, returning the closest version; found: 128; Please update to a Selenium version that supports CDP version 129
Oct 21, 2024 12:44:47 AM org.openqa.selenium.devtools.CdpVersionFinder findNearestMatch
WARNING: Unable to find an exact match for CDP version 129, returning the closest version; found: 128; Please update to a Selenium version that supports CDP version 129
]]></system-err>
  </testcase>
  <testcase name="runScenario[&quot;Validate the Practice Questions&quot;, &quot;DS Portal Graph Page Functionality&quot;](227)" classname="runner.TestRunner" time="4.22">
    <failure message="No questions found" type="java.lang.AssertionError"><![CDATA[java.lang.AssertionError: No questions found
	at org.testng.Assert.fail(Assert.java:111)
	at stepdefinitions.GraphStep.the_user_should_navigate_to_practice_question_page(GraphStep.java:129)
	at ✽.The User should navigate to Practice Question Page(file:///C:/Users/Palanivel/eclipse-workspace/asta_dsalgoBDD/./src/test/resources/features/graph.feature:90)
]]></failure>
    <system-out><![CDATA[
@Queue @QueueListTryEditorNegative @QueueListEditorTest_018
Scenario Outline: validate the Try editor for negative input from the Implementation Lists page # src/test/resources/features/queue.feature:44
The Expected results are :You are logged in
[INFO ] 2024-10-21 00:44:49.713 [TestNG-PoolService-1] LoggerLoad - User Enter Login credential with username as " DreamTeam" and password as" Dre@mTe@m123" 
[INFO ] 2024-10-21 00:44:51.917 [TestNG-PoolService-8] LoggerLoad - The user is on the Login page.
  Given The User is on the login page                                     # stepdefinitions.LoginStep.the_user_is_on_the_login_page()
[INFO ] 2024-10-21 00:44:52.062 [TestNG-PoolService-2] LoggerLoad - The user is on the Login page.
  Given The User is on the login page                                                        # stepdefinitions.LoginStep.the_user_is_on_the_login_page()
  Then The User should navigate to Practice Question Page                 # stepdefinitions.GraphStep.the_user_should_navigate_to_practice_question_page()
      java.lang.AssertionError: No questions found
	at org.testng.Assert.fail(Assert.java:111)
	at stepdefinitions.GraphStep.the_user_should_navigate_to_practice_question_page(GraphStep.java:129)
	at âœ½.The User should navigate to Practice Question Page(file:///C:/Users/Palanivel/eclipse-workspace/asta_dsalgoBDD/./src/test/resources/features/graph.feature:90)


    Embedding Validate the Practice Questions [image/png 14881 bytes]

The Expected results are :You are logged in
[INFO ] 2024-10-21 00:44:52.675 [TestNG-PoolService-8] LoggerLoad - User Enter Login credential with username as " DreamTeam" and password as" Dre@mTe@m123" 
[INFO ] 2024-10-21 00:44:52.848 [TestNG-PoolService-9] LoggerLoad - The user is on the Login page.
  Given The User is on the login page                                     # stepdefinitions.LoginStep.the_user_is_on_the_login_page()
Expected message: Invalid Username and Password
[INFO ] 2024-10-21 00:44:53.210 [TestNG-PoolService-4] LoggerLoad - The user is on the Login page.
  Given The User is on the login page                                                           # stepdefinitions.LoginStep.the_user_is_on_the_login_page()
  When The User enters the valid username and password "LoginCredentials"                   # stepdefinitions.LoginStep.the_user_enters_the_valid_username_and_password(java.lang.String)
]]></system-out>
    <system-err><![CDATA[Oct 21, 2024 12:44:52 AM org.openqa.selenium.devtools.CdpVersionFinder findNearestMatch
WARNING: Unable to find an exact match for CDP version 129, returning the closest version; found: 128; Please update to a Selenium version that supports CDP version 129
]]></system-err>
  </testcase>
  <testcase name="runScenario[&quot;Validate the Implementation of the lists page&quot;, &quot;DS Portal Queue Page Functionality&quot;](228)" classname="runner.TestRunner" time="3.998">
    <system-out><![CDATA[
@Queue @QueuePracticeQuestionLink1 @QueueQuestionlinkTest_014
Scenario: Validate the Practice Questions                                 # src/test/resources/features/queue.feature:48
The Expected results are :You are logged in
[INFO ] 2024-10-21 00:44:53.845 [TestNG-PoolService-9] LoggerLoad - User Enter Login credential with username as " DreamTeam" and password as" Dre@mTe@m123" 
[INFO ] 2024-10-21 00:44:53.895 [TestNG-PoolService-6] LoggerLoad - The user is on the Login page.
  Given The User is on the login page                                                   # stepdefinitions.LoginStep.the_user_is_on_the_login_page()
The Expected results are :You are logged in
[INFO ] 2024-10-21 00:44:53.932 [TestNG-PoolService-4] LoggerLoad - User Enter Login credential with username as " DreamTeam" and password as" Dre@mTe@m123" 
The Expected results are :You are logged in
[INFO ] 2024-10-21 00:44:54.445 [TestNG-PoolService-6] LoggerLoad - User Enter Login credential with username as " DreamTeam" and password as" Dre@mTe@m123" 
  When The User enters the valid username and password "LoginCredentials" # stepdefinitions.LoginStep.the_user_enters_the_valid_username_and_password(java.lang.String)
  When The User enters the username "LoginCredentials" password 5 and clicks on login button # stepdefinitions.LoginStep.the_user_enter_the_username_password_and_clicks_on_login_button(java.lang.String,int)
[INFO ] 2024-10-21 00:44:54.737 [TestNG-PoolService-2] LoggerLoad - User Enter Login credential with username as " DreamTeam" and password as" Dre@m" 
[INFO ] 2024-10-21 00:44:54.836 [TestNG-PoolService-2] LoggerLoad - If you don't have an account, please Register
  Given The User is on the Implementation lists Page                                        # stepdefinitions.QueueStep.the_user_is_on_the_implementation_lists_page()
[INFO ] 2024-10-21 00:44:54.931 [TestNG-PoolService-5] LoggerLoad - The user is on the NumpyNinja page trying to access the dropdown list without Login.
  Given The User is on the home page without Login                          # stepdefinitions.LoginStep.The_user_is_on_the_home_page_without_Login()
  Given The User is on the Queue Page                                     # stepdefinitions.QueueStep.the_user_is_on_the_queue_page()
[INFO ] 2024-10-21 00:44:55.529 [TestNG-PoolService-10] LoggerLoad - The user is on the Login page.
  Given The User is on the login page                                                           # stepdefinitions.LoginStep.the_user_is_on_the_login_page()
  When The User enters the valid username and password "LoginCredentials"                       # stepdefinitions.LoginStep.the_user_enters_the_valid_username_and_password(java.lang.String)
  When The User enters the valid username and password "LoginCredentials" # stepdefinitions.LoginStep.the_user_enters_the_valid_username_and_password(java.lang.String)
[INFO ] 2024-10-21 00:44:55.715 [TestNG-PoolService-2] LoggerLoad - If you don't have an account, please Register
  When The User enters the valid username and password "LoginCredentials"               # stepdefinitions.LoginStep.the_user_enters_the_valid_username_and_password(java.lang.String)
[INFO ] 2024-10-21 00:44:55.960 [TestNG-PoolService-9] LoggerLoad - You are in NumpyNinjahome page.
  Given the user is in homepage and logged in                             # stepdefinitions.CommonStepDefinitions.the_user_is_in_homepage_and_logged_in()
  When The User clicks Implementation of Queue in Python link             # stepdefinitions.QueueStep.the_user_clicks_implementation_of_queue_in_python_link()
Implementation of Queue in Python
[INFO ] 2024-10-21 00:44:56.167 [TestNG-PoolService-8] LoggerLoad - You are navigated to Implementation of Queue in Python Page.
  Then The User should get navigated to Implementation lists              # stepdefinitions.QueueStep.the_user_should_get_navigated_to_implementation_lists()
  Then The User gets suggested to enter the valid credentials                                # stepdefinitions.LoginStep.The_User_gets_suggested_to_enter_the_valid_credentials()
The Expected results are :You are logged in
[INFO ] 2024-10-21 00:44:56.366 [TestNG-PoolService-10] LoggerLoad - User Enter Login credential with username as " DreamTeam" and password as" Dre@mTe@m123" 
  When The User clicks Get Started button in the Queue section            # stepdefinitions.QueueStep.the_user_clicks_get_started_button_in_the_queue_section()
Queue
[INFO ] 2024-10-21 00:44:56.951 [TestNG-PoolService-9] LoggerLoad - You are navigate to Queue Page.
  Then The User should get navigated to the DsAlgo Portal Queue Page      # stepdefinitions.QueueStep.the_user_should_get_navigated_to_the_ds_algo_portal_queue_page()
]]></system-out>
  </testcase>
  <testcase name="runScenario[&quot;Validate the login with Invalid Credentials&quot;, &quot;DsAlgo Portal Login Functionality&quot;](229)" classname="runner.TestRunner" time="1.042">
    <system-out><![CDATA[
@Queue @DeQueue @DeQueueTest_005
Scenario: Validate the Implementation Using Collections Dequeue           # src/test/resources/features/queue.feature:54
  When The User clicked any of the dropdown list                         # stepdefinitions.LoginStep.The_User_clicked_any_of_the_dropdown_list()
  When The User enters the valid username and password "LoginCredentials"                       # stepdefinitions.LoginStep.the_user_enters_the_valid_username_and_password(java.lang.String)
  When The User clicks Try Here button in Queue Implementation List Page                    # stepdefinitions.QueueStep.the_user_clicks_try_here_button_in_queue_implementation_list_page()
  Then the User should get navigated to the Try Editor Page                                 # stepdefinitions.CommonStepDefinitions.the_user_should_get_navigated_to_the_try_editor_page()
]]></system-out>
  </testcase>
  <testcase name="runScenario[&quot;Validate the Queue Page&quot;, &quot;DS Portal Queue Page Functionality&quot;](230)" classname="runner.TestRunner" time="1.735">
    <system-out><![CDATA[
@Queue @DeQueueTryHere @DeQueueTryHereTest_006
Scenario: Validate the navigation from the Implementation collection Page to the Try Editor page # src/test/resources/features/queue.feature:60
]]></system-out>
    <system-err><![CDATA[Oct 21, 2024 12:44:59 AM org.openqa.selenium.devtools.CdpVersionFinder findNearestMatch
WARNING: Unable to find an exact match for CDP version 129, returning the closest version; found: 128; Please update to a Selenium version that supports CDP version 129
]]></system-err>
  </testcase>
  <testcase name="runScenario[&quot;Validate the navigation from the Implementation Lists page to the Try Editor page&quot;, &quot;DS Portal Queue Page Functionality&quot;](231)" classname="runner.TestRunner" time="0.0"/>
  <testcase name="runScenario[&quot;validate the Try editor for negative input from the Implementation Lists page&quot;, &quot;DS Portal Queue Page Functionality&quot;](232)" classname="runner.TestRunner" time="7.42">
    <system-out><![CDATA[
@Queue @DeQueueTryEditorNegative @DeQueueEditorTest_019
Scenario Outline: validate the Try editor for negative input from the Implementation collection Page # src/test/resources/features/queue.feature:82

@Queue @DeQueueTryEditorPositive @DeQueueEditorTest_007
Scenario: validate the Try editor for positive input from the Implementation collection Page # src/test/resources/features/queue.feature:66
  Given the User is on the Try Editor page through the Implementation Lists page        # stepdefinitions.QueueStep.the_user_is_on_the_try_editor_page_through_the_implementation_lists_page()
  Given the User is on the Try Editor page through the Implementation Lists page                # stepdefinitions.QueueStep.the_user_is_on_the_try_editor_page_through_the_implementation_lists_page()
print hello
  When the User enters a sample code as "print hello" in the Editor section and click Run       # stepdefinitions.CommonStepDefinitions.the_user_enters_a_sample_code_as_in_the_editor_section_and_click_run(java.lang.String)
[INFO ] 2024-10-21 00:45:01.329 [TestNG-PoolService-4] LoggerLoad - actual error NameError: name 'hello' is not defined on line 1
  Then the User should get the "NameError: name 'hello' is not defined on line 1" in the alert  # stepdefinitions.CommonStepDefinitions.the_user_should_get_the_in_the_alert(java.lang.String)
  When The User clicked the any of the Get Started link in Home page        # stepdefinitions.HomeStep.The_User_clicked_the_any_of_the_Get_Started_link_in_Home_page()
[INFO ] 2024-10-21 00:45:02.189 [TestNG-PoolService-5] LoggerLoad - The User is seeing the alert message You are not logged in
  When the User enters the following code in the Editor section and clicks Run          # stepdefinitions.CommonStepDefinitions.the_User_enters_the_following_code_in_the_Editor_section_and_clicks_Run(io.cucumber.datatable.DataTable)
    | code           | output |
    | print("Hello") | Hello  |
    | print(1234)    | 1234   |
[INFO ] 2024-10-21 00:45:03.033 [TestNG-PoolService-6] LoggerLoad - Actual Output: Hello Expected Output: Hello
[INFO ] 2024-10-21 00:45:03.033 [TestNG-PoolService-6] LoggerLoad - Actual Output: 1234 Expected Output: 1234
  Then the User should get the correct output on the screen                             # stepdefinitions.CommonStepDefinitions.the_User_should_get_the_correct_output_on_the_screen()
  Given the User is on the Try Editor page through the Implementation Lists page                # stepdefinitions.QueueStep.the_user_is_on_the_try_editor_page_through_the_implementation_lists_page()
aer234@$
[INFO ] 2024-10-21 00:45:03.363 [TestNG-PoolService-5] LoggerLoad - The User is seeing the alert message You are not logged in
  When the User enters a sample code as "aer234@$" in the Editor section and click Run          # stepdefinitions.CommonStepDefinitions.the_user_enters_a_sample_code_as_in_the_editor_section_and_click_run(java.lang.String)
[INFO ] 2024-10-21 00:45:04.162 [TestNG-PoolService-10] LoggerLoad - actual error SyntaxError: bad token T_OP on line 1
  Then the User should get the "SyntaxError: bad token T_OP on line 1" in the alert             # stepdefinitions.CommonStepDefinitions.the_user_should_get_the_in_the_alert(java.lang.String)
[INFO ] 2024-10-21 00:45:04.407 [TestNG-PoolService-3] LoggerLoad - The user is on the Login page.
  Given The User is on the login page                                     # stepdefinitions.LoginStep.the_user_is_on_the_login_page()
[INFO ] 2024-10-21 00:45:04.567 [TestNG-PoolService-7] LoggerLoad - The User is seeing the alert message :  You are not logged in
  Then The User should get the alert message to access the dropdown list # stepdefinitions.LoginStep.The_User_should_get_the_alert_message_to_access_the_dropdown_list()
[INFO ] 2024-10-21 00:45:04.783 [TestNG-PoolService-5] LoggerLoad - The User is seeing the alert message You are not logged in
The Expected results are :You are logged in
[INFO ] 2024-10-21 00:45:05.138 [TestNG-PoolService-3] LoggerLoad - User Enter Login credential with username as " DreamTeam" and password as" Dre@mTe@m123" 
[INFO ] 2024-10-21 00:45:05.898 [TestNG-PoolService-5] LoggerLoad - The User is seeing the alert message You are not logged in
  When The User enters the valid username and password "LoginCredentials" # stepdefinitions.LoginStep.the_user_enters_the_valid_username_and_password(java.lang.String)
[INFO ] 2024-10-21 00:45:07.056 [TestNG-PoolService-8] LoggerLoad - The user is on the Login page.
  Given The User is on the login page                                     # stepdefinitions.LoginStep.the_user_is_on_the_login_page()
[INFO ] 2024-10-21 00:45:07.087 [TestNG-PoolService-5] LoggerLoad - The User is seeing the alert message You are not logged in
[INFO ] 2024-10-21 00:45:07.344 [TestNG-PoolService-2] LoggerLoad - The user is on the Login page.
  Given The User is on the login page                                                            # stepdefinitions.LoginStep.the_user_is_on_the_login_page()
The Expected results are :You are logged in
[INFO ] 2024-10-21 00:45:07.650 [TestNG-PoolService-8] LoggerLoad - User Enter Login credential with username as " DreamTeam" and password as" Dre@mTe@m123" 
]]></system-out>
    <system-err><![CDATA[Oct 21, 2024 12:45:03 AM org.openqa.selenium.devtools.CdpVersionFinder findNearestMatch
WARNING: Unable to find an exact match for CDP version 129, returning the closest version; found: 128; Please update to a Selenium version that supports CDP version 129
Oct 21, 2024 12:45:04 AM org.openqa.selenium.devtools.CdpVersionFinder findNearestMatch
WARNING: Unable to find an exact match for CDP version 129, returning the closest version; found: 128; Please update to a Selenium version that supports CDP version 129
Oct 21, 2024 12:45:05 AM org.openqa.selenium.devtools.CdpVersionFinder findNearestMatch
WARNING: Unable to find an exact match for CDP version 129, returning the closest version; found: 128; Please update to a Selenium version that supports CDP version 129
Oct 21, 2024 12:45:06 AM org.openqa.selenium.devtools.CdpVersionFinder findNearestMatch
WARNING: Unable to find an exact match for CDP version 129, returning the closest version; found: 128; Please update to a Selenium version that supports CDP version 129
]]></system-err>
  </testcase>
  <testcase name="runScenario[&quot;validate the Try editor for positive input from the Implementation Lists page&quot;, &quot;DS Portal Queue Page Functionality&quot;](233)" classname="runner.TestRunner" time="1.045">
    <system-out><![CDATA[
@Queue @DeQueueTryEditorNegative @DeQueueEditorTest_019
Scenario Outline: validate the Try editor for negative input from the Implementation collection Page # src/test/resources/features/queue.feature:83
  Given The User is on the Implementation lists Page                      # stepdefinitions.QueueStep.the_user_is_on_the_implementation_lists_page()
[INFO ] 2024-10-21 00:45:07.811 [TestNG-PoolService-5] LoggerLoad - The User is seeing the alert message You are not logged in
The Expected results are :You are logged in
[INFO ] 2024-10-21 00:45:07.856 [TestNG-PoolService-2] LoggerLoad - User Enter Login credential with username as " DreamTeam" and password as" Dre@mTe@m123" 
[INFO ] 2024-10-21 00:45:08.607 [TestNG-PoolService-5] LoggerLoad - The User is seeing the alert message You are not logged in
  Then The User should get the alert message                                # stepdefinitions.HomeStep.The_User_should_get_the_alert_message()
  When The User clicks Practice Questions                                 # stepdefinitions.QueueStep.the_user_clicks_practice_questions()
  When The User enters the valid username and password "LoginCredentials" # stepdefinitions.LoginStep.the_user_enters_the_valid_username_and_password(java.lang.String)
]]></system-out>
  </testcase>
  <testcase name="runScenario[&quot;validate the Try editor for negative input from the Implementation Lists page&quot;, &quot;DS Portal Queue Page Functionality&quot;](234)" classname="runner.TestRunner" time="0.066">
    <system-out><![CDATA[
@Queue @QueuePracticeQuestionLink2 @QueueQuestionTest_015
Scenario: Validate the Practice Questions                                 # src/test/resources/features/queue.feature:87
]]></system-out>
  </testcase>
  <testcase name="runScenario[&quot;Validate the dropdown list from Home page without Login&quot;, &quot;DsAlgo Portal Login Functionality&quot;](235)" classname="runner.TestRunner" time="0.144">
    <system-out><![CDATA[
@Queue @QueueArray @QueueArrayTest_008
Scenario: Validate the Implementation using array                         # src/test/resources/features/queue.feature:93
[INFO ] 2024-10-21 00:45:08.927 [TestNG-PoolService-9] LoggerLoad - The user is on the Login page.
  Given The User is on the login page                                                        # stepdefinitions.LoginStep.the_user_is_on_the_login_page()
  When The User enters the valid username and password "LoginCredentials"                        # stepdefinitions.LoginStep.the_user_enters_the_valid_username_and_password(java.lang.String)
]]></system-out>
  </testcase>
  <testcase name="runScenario[&quot;Validate the Get Started Click button on Home page  without Login&quot;, &quot;DsAlgo Portal Login Functionality&quot;](236)" classname="runner.TestRunner" time="0.198">
    <system-out><![CDATA[
@Queue @QueueArrayTryHere @QueueArrayTryHereTest_009
Scenario: Validate the navigation from the Implementation Array Page to the Try Editor page # src/test/resources/features/queue.feature:99
[INFO ] 2024-10-21 00:45:09.056 [TestNG-PoolService-1] LoggerLoad - The user is on the Login page.
  Given The User is on the login page                                                                # stepdefinitions.LoginStep.the_user_is_on_the_login_page()
]]></system-out>
  </testcase>
  <testcase name="runScenario[&quot;Validate the Implementation Using Collections Dequeue&quot;, &quot;DS Portal Queue Page Functionality&quot;](237)" classname="runner.TestRunner" time="1.535">
    <system-out><![CDATA[
@Queue @QueueArrayTryEditorPositive @QueueArrayEditorTest_010
Scenario: validate the Try editor for positive input from the Implementation Array Page # src/test/resources/features/queue.feature:105
  Given The User is on the Queue Page                                     # stepdefinitions.QueueStep.the_user_is_on_the_queue_page()
The Expected results are :You are logged in
[INFO ] 2024-10-21 00:45:09.545 [TestNG-PoolService-9] LoggerLoad - User Enter Login credential with username as " DreamTeam" and password as" Dre@mTe@m123" 
The Expected results are :You are logged in
[INFO ] 2024-10-21 00:45:09.570 [TestNG-PoolService-1] LoggerLoad - User Enter Login credential with username as " DreamTeam" and password as" Dre@mTe@m123" 
  When The User clicks Implementation Using Collections Dequeue link      # stepdefinitions.QueueStep.the_user_clicks_implementation_using_collections_dequeue_link()
Implementation using collections.deque
  Given The User is on the Implementation collection Page                                        # stepdefinitions.QueueStep.the_user_is_on_the_implementation_collection_page()
[INFO ] 2024-10-21 00:45:10.044 [TestNG-PoolService-8] LoggerLoad - You are navigated to Implementation using collections.deque Page.
  Then The User should get navigated to Implementation collection Page    # stepdefinitions.QueueStep.the_user_should_get_navigated_to_implementation_collection_page()
  When The User enters the valid username and password "LoginCredentials"                    # stepdefinitions.LoginStep.the_user_enters_the_valid_username_and_password(java.lang.String)
  When The User enters the valid username and password "LoginCredentials"                            # stepdefinitions.LoginStep.the_user_enters_the_valid_username_and_password(java.lang.String)
]]></system-out>
  </testcase>
  <testcase name="runScenario[&quot;Validate the navigation from the Implementation collection Page to the Try Editor page&quot;, &quot;DS Portal Queue Page Functionality&quot;](238)" classname="runner.TestRunner" time="9.712">
    <system-out><![CDATA[
@Queue @QueueArrayTryEditorNegative @QueueArrayEditorTest_020
Scenario Outline: validate the Try editor for negative input from the Implementation Array Page # src/test/resources/features/queue.feature:121
  When The User clicks Try Here button in the Implementation collection Page                     # stepdefinitions.QueueStep.the_user_clicks_try_here_button_in_the_implementation_collection_page()
  Then the User should get navigated to the Try Editor Page                                      # stepdefinitions.CommonStepDefinitions.the_user_should_get_navigated_to_the_try_editor_page()
[INFO ] 2024-10-21 00:45:16.037 [TestNG-PoolService-4] LoggerLoad - The user is on the Login page.
  Given The User is on the login page                                                                # stepdefinitions.LoginStep.the_user_is_on_the_login_page()
  Given the User is on the Try Editor page through the Implementation collection Page        # stepdefinitions.QueueStep.the_user_is_on_the_try_editor_page_through_the_implementation_collection_page()
  Given the User is on the Try Editor page through the Implementation collection Page                # stepdefinitions.QueueStep.the_user_is_on_the_try_editor_page_through_the_implementation_collection_page()
print hello
The Expected results are :You are logged in
[INFO ] 2024-10-21 00:45:16.901 [TestNG-PoolService-4] LoggerLoad - User Enter Login credential with username as " DreamTeam" and password as" Dre@mTe@m123" 
[INFO ] 2024-10-21 00:45:18.229 [TestNG-PoolService-7] LoggerLoad - The user is on the Login page.
  Given The User is on the login page                                                       # stepdefinitions.LoginStep.the_user_is_on_the_login_page()
  When the User enters a sample code as "print hello" in the Editor section and click Run            # stepdefinitions.CommonStepDefinitions.the_user_enters_a_sample_code_as_in_the_editor_section_and_click_run(java.lang.String)
[INFO ] 2024-10-21 00:45:18.415 [TestNG-PoolService-1] LoggerLoad - actual error NameError: name 'hello' is not defined on line 1
  Then the User should get the "NameError: name 'hello' is not defined on line 1" in the alert       # stepdefinitions.CommonStepDefinitions.the_user_should_get_the_in_the_alert(java.lang.String)
  When The User enters the valid username and password "LoginCredentials"                            # stepdefinitions.LoginStep.the_user_enters_the_valid_username_and_password(java.lang.String)
  Then The User should navigate to queue Practice Page                    # stepdefinitions.QueueStep.the_user_should_navigate_to_queue_practice_page()
      java.lang.AssertionError: No questions found
	at org.testng.Assert.fail(Assert.java:111)
	at stepdefinitions.QueueStep.the_user_should_navigate_to_queue_practice_page(QueueStep.java:224)
	at âœ½.The User should navigate to queue Practice Page(file:///C:/Users/Palanivel/eclipse-workspace/asta_dsalgoBDD/./src/test/resources/features/queue.feature:51)

The Expected results are :You are logged in
[INFO ] 2024-10-21 00:45:18.838 [TestNG-PoolService-7] LoggerLoad - User Enter Login credential with username as " DreamTeam" and password as" Dre@mTe@m123" 

    Embedding Validate the Practice Questions [image/png 14881 bytes]

[INFO ] 2024-10-21 00:45:19.251 [TestNG-PoolService-6] LoggerLoad - The user is on the Login page.
  Given The User is on the login page                                     # stepdefinitions.LoginStep.the_user_is_on_the_login_page()
[INFO ] 2024-10-21 00:45:19.486 [TestNG-PoolService-10] LoggerLoad - The user is on the Login page.
  Given The User is on the login page                                     # stepdefinitions.LoginStep.the_user_is_on_the_login_page()
[INFO ] 2024-10-21 00:45:19.492 [TestNG-PoolService-5] LoggerLoad - The user is on the Login page.
  Given The User is on the login page                                                   # stepdefinitions.LoginStep.the_user_is_on_the_login_page()
  When the User enters the following code in the Editor section and clicks Run               # stepdefinitions.CommonStepDefinitions.the_User_enters_the_following_code_in_the_Editor_section_and_clicks_Run(io.cucumber.datatable.DataTable)
    | code           | output |
    | print("Hello") | Hello  |
    | print(1234)    | 1234   |
[INFO ] 2024-10-21 00:45:19.673 [TestNG-PoolService-9] LoggerLoad - Actual Output: Hello Expected Output: Hello
[INFO ] 2024-10-21 00:45:19.673 [TestNG-PoolService-9] LoggerLoad - Actual Output: 1234 Expected Output: 1234
  Then the User should get the correct output on the screen                                  # stepdefinitions.CommonStepDefinitions.the_User_should_get_the_correct_output_on_the_screen()
The Expected results are :You are logged in
[INFO ] 2024-10-21 00:45:19.812 [TestNG-PoolService-6] LoggerLoad - User Enter Login credential with username as " DreamTeam" and password as" Dre@mTe@m123" 
The Expected results are :You are logged in
[INFO ] 2024-10-21 00:45:20.025 [TestNG-PoolService-5] LoggerLoad - User Enter Login credential with username as " DreamTeam" and password as" Dre@mTe@m123" 
The Expected results are :You are logged in
[INFO ] 2024-10-21 00:45:20.109 [TestNG-PoolService-10] LoggerLoad - User Enter Login credential with username as " DreamTeam" and password as" Dre@mTe@m123" 
  When The User enters the valid username and password "LoginCredentials"                   # stepdefinitions.LoginStep.the_user_enters_the_valid_username_and_password(java.lang.String)
]]></system-out>
    <system-err><![CDATA[Oct 21, 2024 12:45:11 AM org.openqa.selenium.devtools.CdpVersionFinder findNearestMatch
WARNING: Unable to find an exact match for CDP version 129, returning the closest version; found: 128; Please update to a Selenium version that supports CDP version 129
Oct 21, 2024 12:45:13 AM org.openqa.selenium.devtools.CdpVersionFinder findNearestMatch
WARNING: Unable to find an exact match for CDP version 129, returning the closest version; found: 128; Please update to a Selenium version that supports CDP version 129
Oct 21, 2024 12:45:13 AM org.openqa.selenium.devtools.CdpVersionFinder findNearestMatch
WARNING: Unable to find an exact match for CDP version 129, returning the closest version; found: 128; Please update to a Selenium version that supports CDP version 129
Oct 21, 2024 12:45:14 AM org.openqa.selenium.devtools.CdpVersionFinder findNearestMatch
WARNING: Unable to find an exact match for CDP version 129, returning the closest version; found: 128; Please update to a Selenium version that supports CDP version 129
Oct 21, 2024 12:45:15 AM org.openqa.selenium.devtools.CdpVersionFinder findNearestMatch
WARNING: Unable to find an exact match for CDP version 129, returning the closest version; found: 128; Please update to a Selenium version that supports CDP version 129
Oct 21, 2024 12:45:18 AM org.openqa.selenium.devtools.CdpVersionFinder findNearestMatch
WARNING: Unable to find an exact match for CDP version 129, returning the closest version; found: 128; Please update to a Selenium version that supports CDP version 129
]]></system-err>
  </testcase>
  <testcase name="runScenario[&quot;validate the Try editor for negative input from the Implementation collection Page&quot;, &quot;DS Portal Queue Page Functionality&quot;](240)" classname="runner.TestRunner" time="0.057">
    <system-out><![CDATA[
@Queue @QueueArrayTryEditorNegative @QueueArrayEditorTest_020
Scenario Outline: validate the Try editor for negative input from the Implementation Array Page # src/test/resources/features/queue.feature:122
]]></system-out>
  </testcase>
  <testcase name="runScenario[&quot;validate the Try editor for positive input from the Implementation collection Page&quot;, &quot;DS Portal Queue Page Functionality&quot;](240)" classname="runner.TestRunner" time="0.0"/>
  <testcase name="runScenario[&quot;Validate the Practice Questions&quot;, &quot;DS Portal Queue Page Functionality&quot;](241)" classname="runner.TestRunner" time="0.192">
    <failure message="No questions found" type="java.lang.AssertionError"><![CDATA[java.lang.AssertionError: No questions found
	at org.testng.Assert.fail(Assert.java:111)
	at stepdefinitions.QueueStep.the_user_should_navigate_to_queue_practice_page(QueueStep.java:224)
	at ✽.The User should navigate to queue Practice Page(file:///C:/Users/Palanivel/eclipse-workspace/asta_dsalgoBDD/./src/test/resources/features/queue.feature:51)
]]></failure>
    <system-out><![CDATA[
@Queue @QueuePracticeQuestionLink3 @QueueQuestionTest_016
Scenario: Validate the Practice Questions                                 # src/test/resources/features/queue.feature:125

@Queue @QueueOperation @QueueOperationTest_011
Scenario: Validate the Queue Operations                                   # src/test/resources/features/queue.feature:131
[INFO ] 2024-10-21 00:45:20.708 [TestNG-PoolService-8] LoggerLoad - The user is on the Login page.
  Given The User is on the login page                                                           # stepdefinitions.LoginStep.the_user_is_on_the_login_page()
]]></system-out>
  </testcase>
  <testcase name="runScenario[&quot;Validate the Implementation using array&quot;, &quot;DS Portal Queue Page Functionality&quot;](242)" classname="runner.TestRunner" time="8.185">
    <system-out><![CDATA[
@Queue @QueueOperationTryHere @QueueOperTryHereTest_012
Scenario: Validate the navigation from the Queue Operation Page to the Try Editor page # src/test/resources/features/queue.feature:137
  When The User enters the valid username and password "LoginCredentials" # stepdefinitions.LoginStep.the_user_enters_the_valid_username_and_password(java.lang.String)
The Expected results are :You are logged in
[INFO ] 2024-10-21 00:45:21.308 [TestNG-PoolService-8] LoggerLoad - User Enter Login credential with username as " DreamTeam" and password as" Dre@mTe@m123" 
  Given The User is on the Implementation collection Array Page                             # stepdefinitions.QueueStep.the_user_is_on_the_implementation_collection_array_page()
  When The User enters the valid username and password "LoginCredentials"               # stepdefinitions.LoginStep.the_user_enters_the_valid_username_and_password(java.lang.String)
  When The User enters the valid username and password "LoginCredentials" # stepdefinitions.LoginStep.the_user_enters_the_valid_username_and_password(java.lang.String)
  Given The User is on the Queue Page                                     # stepdefinitions.QueueStep.the_user_is_on_the_queue_page()
  Given The User is on the Implementation collection Page                 # stepdefinitions.QueueStep.the_user_is_on_the_implementation_collection_page()
  When The User enters the valid username and password "LoginCredentials"                       # stepdefinitions.LoginStep.the_user_enters_the_valid_username_and_password(java.lang.String)
  When The User clicks Implementation using array link                    # stepdefinitions.QueueStep.the_user_clicks_implementation_using_array_link()
Implementation using array
  Given the User is on the Try Editor page through the Implementation collection Page                # stepdefinitions.QueueStep.the_user_is_on_the_try_editor_page_through_the_implementation_collection_page()
aer234@$
[INFO ] 2024-10-21 00:45:23.072 [TestNG-PoolService-10] LoggerLoad - You are navigated to Implementation using array Page.
  Then The User should get navigated to Implementation Array              # stepdefinitions.QueueStep.the_user_should_get_navigated_to_implementation_array()
  When The User clicks Practice Questions                                 # stepdefinitions.QueueStep.the_user_clicks_practice_questions()
  When the User enters a sample code as "aer234@$" in the Editor section and click Run               # stepdefinitions.CommonStepDefinitions.the_user_enters_a_sample_code_as_in_the_editor_section_and_click_run(java.lang.String)
[INFO ] 2024-10-21 00:45:24.385 [TestNG-PoolService-4] LoggerLoad - actual error SyntaxError: bad token T_OP on line 1
  Then the User should get the "SyntaxError: bad token T_OP on line 1" in the alert                  # stepdefinitions.CommonStepDefinitions.the_user_should_get_the_in_the_alert(java.lang.String)
  When The User clicks Try Here button in the Implementation Array Page                     # stepdefinitions.QueueStep.the_user_clicks_try_here_button_in_the_implementation_array_page()
  Then the User should get navigated to the Try Editor Page                                 # stepdefinitions.CommonStepDefinitions.the_user_should_get_navigated_to_the_try_editor_page()
  Given the User is on the Try Editor page through the Implementation Array Page        # stepdefinitions.QueueStep.the_user_is_on_the_try_editor_page_through_the_implementation_array_page()
[INFO ] 2024-10-21 00:45:28.219 [TestNG-PoolService-9] LoggerLoad - The user is on the Login page.
  Given The User is on the login page                                     # stepdefinitions.LoginStep.the_user_is_on_the_login_page()
  Given the User is on the Try Editor page through the Implementation Array Page                # stepdefinitions.QueueStep.the_user_is_on_the_try_editor_page_through_the_implementation_array_page()
print hello
[INFO ] 2024-10-21 00:45:28.597 [TestNG-PoolService-2] LoggerLoad - The user is on the Login page.
  Given The User is on the login page                                                           # stepdefinitions.LoginStep.the_user_is_on_the_login_page()
[INFO ] 2024-10-21 00:45:28.818 [TestNG-PoolService-1] LoggerLoad - The user is on the Login page.
  Given The User is on the login page                                     # stepdefinitions.LoginStep.the_user_is_on_the_login_page()
The Expected results are :You are logged in
[INFO ] 2024-10-21 00:45:28.835 [TestNG-PoolService-9] LoggerLoad - User Enter Login credential with username as " DreamTeam" and password as" Dre@mTe@m123" 
  When the User enters a sample code as "print hello" in the Editor section and click Run       # stepdefinitions.CommonStepDefinitions.the_user_enters_a_sample_code_as_in_the_editor_section_and_click_run(java.lang.String)
]]></system-out>
    <system-err><![CDATA[Oct 21, 2024 12:45:25 AM org.openqa.selenium.devtools.CdpVersionFinder findNearestMatch
WARNING: Unable to find an exact match for CDP version 129, returning the closest version; found: 128; Please update to a Selenium version that supports CDP version 129
Oct 21, 2024 12:45:25 AM org.openqa.selenium.devtools.CdpVersionFinder findNearestMatch
WARNING: Unable to find an exact match for CDP version 129, returning the closest version; found: 128; Please update to a Selenium version that supports CDP version 129
Oct 21, 2024 12:45:25 AM org.openqa.selenium.devtools.CdpVersionFinder findNearestMatch
WARNING: Unable to find an exact match for CDP version 129, returning the closest version; found: 128; Please update to a Selenium version that supports CDP version 129
Oct 21, 2024 12:45:27 AM org.openqa.selenium.devtools.CdpVersionFinder findNearestMatch
WARNING: Unable to find an exact match for CDP version 129, returning the closest version; found: 128; Please update to a Selenium version that supports CDP version 129
]]></system-err>
  </testcase>
  <testcase name="runScenario[&quot;validate the Try editor for negative input from the Implementation collection Page&quot;, &quot;DS Portal Queue Page Functionality&quot;](243)" classname="runner.TestRunner" time="0.01">
    <system-out><![CDATA[[INFO ] 2024-10-21 00:45:28.988 [TestNG-PoolService-8] LoggerLoad - actual error NameError: name 'hello' is not defined on line 1
  Then the User should get the "NameError: name 'hello' is not defined on line 1" in the alert  # stepdefinitions.CommonStepDefinitions.the_user_should_get_the_in_the_alert(java.lang.String)
]]></system-out>
  </testcase>
  <testcase name="runScenario[&quot;Validate the navigation from the Implementation Array Page to the Try Editor page&quot;, &quot;DS Portal Queue Page Functionality&quot;](244)" classname="runner.TestRunner" time="0.034">
    <system-out><![CDATA[
@Queue @QueueOperationTryEditorPositive @QueueOperEditorTest_013
Scenario: validate the Try editor for positive input from the Queue Operation Page # src/test/resources/features/queue.feature:143
]]></system-out>
  </testcase>
  <testcase name="runScenario[&quot;validate the Try editor for positive input from the Implementation Array Page&quot;, &quot;DS Portal Queue Page Functionality&quot;](245)" classname="runner.TestRunner" time="0.551">
    <system-out><![CDATA[
@Queue @QueueOperationTryEditorNegative @QueueOperEditorTest_021
Scenario Outline: validate the Try editor for negative input from the Queue Operation Page     # src/test/resources/features/queue.feature:159

@Queue @QueueOperationTryEditorNegative @QueueOperEditorTest_021
Scenario Outline: validate the Try editor for negative input from the Queue Operation Page # src/test/resources/features/queue.feature:160
  When the User enters the following code in the Editor section and clicks Run          # stepdefinitions.CommonStepDefinitions.the_User_enters_the_following_code_in_the_Editor_section_and_clicks_Run(io.cucumber.datatable.DataTable)
    | code           | output |
    | print("Hello") | Hello  |
    | print(1234)    | 1234   |
[INFO ] 2024-10-21 00:45:29.116 [TestNG-PoolService-5] LoggerLoad - Actual Output: Hello Expected Output: Hello
[INFO ] 2024-10-21 00:45:29.116 [TestNG-PoolService-5] LoggerLoad - Actual Output: 1234 Expected Output: 1234
  Then the User should get the correct output on the screen                             # stepdefinitions.CommonStepDefinitions.the_User_should_get_the_correct_output_on_the_screen()
The Expected results are :You are logged in
[INFO ] 2024-10-21 00:45:29.140 [TestNG-PoolService-2] LoggerLoad - User Enter Login credential with username as " DreamTeam" and password as" Dre@mTe@m123" 
The Expected results are :You are logged in
[INFO ] 2024-10-21 00:45:29.353 [TestNG-PoolService-1] LoggerLoad - User Enter Login credential with username as " DreamTeam" and password as" Dre@mTe@m123" 
[INFO ] 2024-10-21 00:45:29.439 [TestNG-PoolService-3] LoggerLoad - The user is on the Login page.
  Given The User is on the login page                                                  # stepdefinitions.LoginStep.the_user_is_on_the_login_page()
]]></system-out>
  </testcase>
  <testcase name="runScenario[&quot;validate the Try editor for negative input from the Implementation Array Page&quot;, &quot;DS Portal Queue Page Functionality&quot;](246)" classname="runner.TestRunner" time="0.181">
    <system-out><![CDATA[
@Queue @QueuePracticeQuestionLink4 @QueueQuestionTest_017
Scenario: Validate the Practice Questions                                 # src/test/resources/features/queue.feature:163
]]></system-out>
  </testcase>
  <testcase name="runScenario[&quot;Validate the Queue Operations&quot;, &quot;DS Portal Queue Page Functionality&quot;](247)" classname="runner.TestRunner" time="5.985">
    <system-out><![CDATA[
@Registration @RegisterInvalidCredentials @RegistrationTest002
Scenario Outline: Unsuccessful Register with Invalid Credentials                                                                   # src/test/resources/features/register.feature:18
The Expected results are :You are logged in
[INFO ] 2024-10-21 00:45:29.921 [TestNG-PoolService-3] LoggerLoad - User Enter Login credential with username as " DreamTeam" and password as" Dre@mTe@m123" 
  When The User enters the valid username and password "LoginCredentials" # stepdefinitions.LoginStep.the_user_enters_the_valid_username_and_password(java.lang.String)
  When The User enters the valid username and password "LoginCredentials"                       # stepdefinitions.LoginStep.the_user_enters_the_valid_username_and_password(java.lang.String)
  When The User enters the valid username and password "LoginCredentials" # stepdefinitions.LoginStep.the_user_enters_the_valid_username_and_password(java.lang.String)
  Given The User is on the Queue Page                                     # stepdefinitions.QueueStep.the_user_is_on_the_queue_page()
  When The User enters the valid username and password "LoginCredentials"              # stepdefinitions.LoginStep.the_user_enters_the_valid_username_and_password(java.lang.String)
  When The User clicks Queue Operations link                              # stepdefinitions.QueueStep.the_user_clicks_queue_operations_link()
Queue Operations
[INFO ] 2024-10-21 00:45:31.146 [TestNG-PoolService-9] LoggerLoad - You are navigated to Queue Operations Page.
  Then The User should get navigated to Queue Operation Page              # stepdefinitions.QueueStep.the_user_should_get_navigated_to_queue_operation_page()
  Given The User is on the Implementation collection Array Page           # stepdefinitions.QueueStep.the_user_is_on_the_implementation_collection_array_page()
  Given The User is on the Queue Operation Page                                        # stepdefinitions.QueueStep.the_user_is_on_the_queue_operation_page()
  Then The User should navigate to queue Practice Page                    # stepdefinitions.QueueStep.the_user_should_navigate_to_queue_practice_page()
      java.lang.AssertionError: No questions found
	at org.testng.Assert.fail(Assert.java:111)
	at stepdefinitions.QueueStep.the_user_should_navigate_to_queue_practice_page(QueueStep.java:224)
	at âœ½.The User should navigate to queue Practice Page(file:///C:/Users/Palanivel/eclipse-workspace/asta_dsalgoBDD/./src/test/resources/features/queue.feature:90)


    Embedding Validate the Practice Questions [image/png 14881 bytes]

  Given the User is on the Try Editor page through the Implementation Array Page                # stepdefinitions.QueueStep.the_user_is_on_the_try_editor_page_through_the_implementation_array_page()
aer234@$
  When The User clicks Practice Questions                                 # stepdefinitions.QueueStep.the_user_clicks_practice_questions()
]]></system-out>
    <system-err><![CDATA[Oct 21, 2024 12:45:33 AM org.openqa.selenium.devtools.CdpVersionFinder findNearestMatch
WARNING: Unable to find an exact match for CDP version 129, returning the closest version; found: 128; Please update to a Selenium version that supports CDP version 129
Oct 21, 2024 12:45:33 AM org.openqa.selenium.devtools.CdpVersionFinder findNearestMatch
WARNING: Unable to find an exact match for CDP version 129, returning the closest version; found: 128; Please update to a Selenium version that supports CDP version 129
Oct 21, 2024 12:45:33 AM org.openqa.selenium.devtools.CdpVersionFinder findNearestMatch
WARNING: Unable to find an exact match for CDP version 129, returning the closest version; found: 128; Please update to a Selenium version that supports CDP version 129
Oct 21, 2024 12:45:34 AM org.openqa.selenium.devtools.CdpVersionFinder findNearestMatch
WARNING: Unable to find an exact match for CDP version 129, returning the closest version; found: 128; Please update to a Selenium version that supports CDP version 129
]]></system-err>
  </testcase>
  <testcase name="runScenario[&quot;validate the Try editor for negative input from the Implementation Array Page&quot;, &quot;DS Portal Queue Page Functionality&quot;](248)" classname="runner.TestRunner" time="2.325">
    <system-out><![CDATA[
@Registration @RegisterInvalidCredentials @RegistrationTest002
Scenario Outline: Unsuccessful Register with Invalid Credentials                                                                   # src/test/resources/features/register.feature:19
  When the User enters a sample code as "aer234@$" in the Editor section and click Run          # stepdefinitions.CommonStepDefinitions.the_user_enters_a_sample_code_as_in_the_editor_section_and_click_run(java.lang.String)
[INFO ] 2024-10-21 00:45:36.134 [TestNG-PoolService-2] LoggerLoad - actual error SyntaxError: bad token T_OP on line 1
  Then the User should get the "SyntaxError: bad token T_OP on line 1" in the alert             # stepdefinitions.CommonStepDefinitions.the_user_should_get_the_in_the_alert(java.lang.String)
[INFO ] 2024-10-21 00:45:36.261 [TestNG-PoolService-10] LoggerLoad - The user is on the Login page.
  Given The User is on the login page                                              # stepdefinitions.LoginStep.the_user_is_on_the_login_page()
[INFO ] 2024-10-21 00:45:36.883 [TestNG-PoolService-7] LoggerLoad - The user is on the Login page.
  Given The User is on the login page                                                      # stepdefinitions.LoginStep.the_user_is_on_the_login_page()
  When The User clicks Try Here button in the Queue Operation Page                     # stepdefinitions.QueueStep.the_user_clicks_try_here_button_in_the_queue_operation_page()
[INFO ] 2024-10-21 00:45:36.979 [TestNG-PoolService-4] LoggerLoad - The user is on the Login page.
  Given The User is on the login page                                                          # stepdefinitions.LoginStep.the_user_is_on_the_login_page()
The Expected results are :You are logged in
[INFO ] 2024-10-21 00:45:37.078 [TestNG-PoolService-10] LoggerLoad - User Enter Login credential with username as " DreamTeam" and password as" Dre@mTe@m123" 
  Then the User should get navigated to the Try Editor Page                            # stepdefinitions.CommonStepDefinitions.the_user_should_get_navigated_to_the_try_editor_page()
The Expected results are :You are logged in
[INFO ] 2024-10-21 00:45:37.567 [TestNG-PoolService-7] LoggerLoad - User Enter Login credential with username as " DreamTeam" and password as" Dre@mTe@m123" 
The Expected results are :You are logged in
[INFO ] 2024-10-21 00:45:37.613 [TestNG-PoolService-4] LoggerLoad - User Enter Login credential with username as " DreamTeam" and password as" Dre@mTe@m123" 
[INFO ] 2024-10-21 00:45:37.912 [TestNG-PoolService-5] LoggerLoad - The user is on the Login page.
  Given The User is on the login page                                     # stepdefinitions.LoginStep.the_user_is_on_the_login_page()
  When The User enters the valid username and password "LoginCredentials"          # stepdefinitions.LoginStep.the_user_enters_the_valid_username_and_password(java.lang.String)
]]></system-out>
    <system-err><![CDATA[Oct 21, 2024 12:45:36 AM org.openqa.selenium.devtools.CdpVersionFinder findNearestMatch
WARNING: Unable to find an exact match for CDP version 129, returning the closest version; found: 128; Please update to a Selenium version that supports CDP version 129
]]></system-err>
  </testcase>
  <testcase name="runScenario[&quot;Validate the Practice Questions&quot;, &quot;DS Portal Queue Page Functionality&quot;](249)" classname="runner.TestRunner" time="0.568">
    <failure message="No questions found" type="java.lang.AssertionError"><![CDATA[java.lang.AssertionError: No questions found
	at org.testng.Assert.fail(Assert.java:111)
	at stepdefinitions.QueueStep.the_user_should_navigate_to_queue_practice_page(QueueStep.java:224)
	at ✽.The User should navigate to queue Practice Page(file:///C:/Users/Palanivel/eclipse-workspace/asta_dsalgoBDD/./src/test/resources/features/queue.feature:90)
]]></failure>
    <system-out><![CDATA[
@Registration @RegisterInvalidCredentials @RegistrationTest002
Scenario Outline: Unsuccessful Register with Invalid Credentials                                                                   # src/test/resources/features/register.feature:20
  Given The User navigates to the Registration page                                                                                # stepdefinitions.RegisterStep.the_user_navigates_to_the_registration_page()
The Expected results are :You are logged in
[INFO ] 2024-10-21 00:45:38.443 [TestNG-PoolService-5] LoggerLoad - User Enter Login credential with username as " DreamTeam" and password as" Dre@mTe@m123" 
Size of userData: [{username=DreamTeam, password=Dre@mTe@m123, password confirmation=Dre@mTe@m123, Expected Output=New Account Created. You are logged in as DreamFocus}, {username=TestStage2, password=dream12356, password confirmation=dream12356, Expected Output=password_mismatch:The two password fields didn’t match.}, {username=DREAMTEAM, password=Dre@mTe@m1288, password confirmation=dre@mTe3456, Expected Output=password_mismatch:The two password fields didn’t match.}, {username=DreamTeaa, password=dre@m3, password confirmation=dre@m3, Expected Output=password_mismatch:The two password fields didn’t match.}, {username=TestStage2, password=, password confirmation=, Expected Output=Please fill out this field.}, {username=, password=teststage3, password confirmation=, Expected Output=Please fill out this field.}, {username=, password=, password confirmation=teststage3, Expected Output=Please fill out this field.}, {username=, password=, password confirmation=, Expected Output=Please fill out this field.}, {username=DreamTeam, password=Dre@mTe@m123, password confirmation=Dre@mTe@m123, Expected Output=password_mismatch:The two password fields didn’t match.}]
  When The User enters the valid username and password "LoginCredentials"                  # stepdefinitions.LoginStep.the_user_enters_the_valid_username_and_password(java.lang.String)
  When The User enters the valid username and password "LoginCredentials"                      # stepdefinitions.LoginStep.the_user_enters_the_valid_username_and_password(java.lang.String)
]]></system-out>
  </testcase>
  <testcase name="runScenario[&quot;Validate the navigation from the Queue Operation Page to the Try Editor page&quot;, &quot;DS Portal Queue Page Functionality&quot;](250)" classname="runner.TestRunner" time="0.192">
    <system-out><![CDATA[
@Registration @RegisterInvalidCredentials @RegistrationTest002
Scenario Outline: Unsuccessful Register with Invalid Credentials                                                                   # src/test/resources/features/register.feature:21
]]></system-out>
  </testcase>
  <testcase name="runScenario[&quot;Unsuccessful Register with Invalid Credentials&quot;, &quot;DS Portal Register Functionality&quot;](251)" classname="runner.TestRunner" time="3.737">
    <system-out><![CDATA[
@Registration @RegisterInvalidCredentials @RegistrationTest002
Scenario Outline: Unsuccessful Register with Invalid Credentials                                                                   # src/test/resources/features/register.feature:22
  When The User enters the valid username and password "LoginCredentials" # stepdefinitions.LoginStep.the_user_enters_the_valid_username_and_password(java.lang.String)
No alert was present during the Register process.
  When The User enter Invalid username and password then confirmPassword from sheet "RegisterPage" and 1 and click register button # stepdefinitions.RegisterStep.the_user_enter_invalid_username_and_password_then_confirm_password_from_sheet_and_and_click_register_button(java.lang.String,int)
[ERROR] 2024-10-21 00:45:40.108 [TestNG-PoolService-8] LoggerLoad - password_mismatch:The two password fields didnâ€™t match.
  Then The User validate the Excepted Output for Registration Page                                                                 # stepdefinitions.RegisterStep.the_user_validate_the_excepted_output_for_registration_page()
  Given The User is on the Queue Operation Page                           # stepdefinitions.QueueStep.the_user_is_on_the_queue_operation_page()
  When The User clicks Practice Questions                                 # stepdefinitions.QueueStep.the_user_clicks_practice_questions()
  Given the User is on the Try Editor page through Queue Operation Page            # stepdefinitions.QueueStep.the_user_is_on_the_try_editor_page_through_queue_operation_page()
  Given The User navigates to the Registration page                                                                                # stepdefinitions.RegisterStep.the_user_navigates_to_the_registration_page()
]]></system-out>
    <system-err><![CDATA[Oct 21, 2024 12:45:40 AM org.openqa.selenium.devtools.CdpVersionFinder findNearestMatch
WARNING: Unable to find an exact match for CDP version 129, returning the closest version; found: 128; Please update to a Selenium version that supports CDP version 129
]]></system-err>
  </testcase>
  <testcase name="runScenario[&quot;validate the Try editor for negative input from the Queue Operation Page&quot;, &quot;DS Portal Queue Page Functionality&quot;](252)" classname="runner.TestRunner" time="4.309">
    <system-out><![CDATA[
@Registration @RegisterInvalidCredentials @RegistrationTest002
Scenario Outline: Unsuccessful Register with Invalid Credentials                                                                   # src/test/resources/features/register.feature:23
  Given the User is on the Try Editor page through Queue Operation Page                    # stepdefinitions.QueueStep.the_user_is_on_the_try_editor_page_through_queue_operation_page()
aer234@$
Size of userData: [{username=DreamTeam, password=Dre@mTe@m123, password confirmation=Dre@mTe@m123, Expected Output=New Account Created. You are logged in as DreamFocus}, {username=TestStage2, password=dream12356, password confirmation=dream12356, Expected Output=password_mismatch:The two password fields didn’t match.}, {username=DREAMTEAM, password=Dre@mTe@m1288, password confirmation=dre@mTe3456, Expected Output=password_mismatch:The two password fields didn’t match.}, {username=DreamTeaa, password=dre@m3, password confirmation=dre@m3, Expected Output=password_mismatch:The two password fields didn’t match.}, {username=TestStage2, password=, password confirmation=, Expected Output=Please fill out this field.}, {username=, password=teststage3, password confirmation=, Expected Output=Please fill out this field.}, {username=, password=, password confirmation=teststage3, Expected Output=Please fill out this field.}, {username=, password=, password confirmation=, Expected Output=Please fill out this field.}, {username=DreamTeam, password=Dre@mTe@m123, password confirmation=Dre@mTe@m123, Expected Output=password_mismatch:The two password fields didn’t match.}]
  Given the User is on the Try Editor page through Queue Operation Page                        # stepdefinitions.QueueStep.the_user_is_on_the_try_editor_page_through_queue_operation_page()
print hello
  When the User enters a sample code as "aer234@$" in the Editor section and click Run     # stepdefinitions.CommonStepDefinitions.the_user_enters_a_sample_code_as_in_the_editor_section_and_click_run(java.lang.String)
[INFO ] 2024-10-21 00:45:43.712 [TestNG-PoolService-7] LoggerLoad - actual error SyntaxError: bad token T_OP on line 1
  Then the User should get the "SyntaxError: bad token T_OP on line 1" in the alert        # stepdefinitions.CommonStepDefinitions.the_user_should_get_the_in_the_alert(java.lang.String)
  Then The User should navigate to queue Practice Page                    # stepdefinitions.QueueStep.the_user_should_navigate_to_queue_practice_page()
      java.lang.AssertionError: No questions found
	at org.testng.Assert.fail(Assert.java:111)
	at stepdefinitions.QueueStep.the_user_should_navigate_to_queue_practice_page(QueueStep.java:224)
	at âœ½.The User should navigate to queue Practice Page(file:///C:/Users/Palanivel/eclipse-workspace/asta_dsalgoBDD/./src/test/resources/features/queue.feature:128)


    Embedding Validate the Practice Questions [image/png 14881 bytes]

  When the User enters a sample code as "print hello" in the Editor section and click Run      # stepdefinitions.CommonStepDefinitions.the_user_enters_a_sample_code_as_in_the_editor_section_and_click_run(java.lang.String)
  When the User enters the following code in the Editor section and clicks Run     # stepdefinitions.CommonStepDefinitions.the_User_enters_the_following_code_in_the_Editor_section_and_clicks_Run(io.cucumber.datatable.DataTable)
    | code           | output |
    | print("Hello") | Hello  |
    | print(1234)    | 1234   |
[INFO ] 2024-10-21 00:45:45.453 [TestNG-PoolService-10] LoggerLoad - Actual Output: Hello Expected Output: Hello
[INFO ] 2024-10-21 00:45:45.453 [TestNG-PoolService-10] LoggerLoad - Actual Output: 1234 Expected Output: 1234
  Then the User should get the correct output on the screen                        # stepdefinitions.CommonStepDefinitions.the_User_should_get_the_correct_output_on_the_screen()
[INFO ] 2024-10-21 00:45:45.484 [TestNG-PoolService-4] LoggerLoad - actual error NameError: name 'hello' is not defined on line 1
  Then the User should get the "NameError: name 'hello' is not defined on line 1" in the alert # stepdefinitions.CommonStepDefinitions.the_user_should_get_the_in_the_alert(java.lang.String)
  Given The User navigates to the Registration page                                                                                # stepdefinitions.RegisterStep.the_user_navigates_to_the_registration_page()
No alert was present during the Register process.
  When The User enter Invalid username and password then confirmPassword from sheet "RegisterPage" and 2 and click register button # stepdefinitions.RegisterStep.the_user_enter_invalid_username_and_password_then_confirm_password_from_sheet_and_and_click_register_button(java.lang.String,int)
Size of userData: [{username=DreamTeam, password=Dre@mTe@m123, password confirmation=Dre@mTe@m123, Expected Output=New Account Created. You are logged in as DreamFocus}, {username=TestStage2, password=dream12356, password confirmation=dream12356, Expected Output=password_mismatch:The two password fields didn’t match.}, {username=DREAMTEAM, password=Dre@mTe@m1288, password confirmation=dre@mTe3456, Expected Output=password_mismatch:The two password fields didn’t match.}, {username=DreamTeaa, password=dre@m3, password confirmation=dre@m3, Expected Output=password_mismatch:The two password fields didn’t match.}, {username=TestStage2, password=, password confirmation=, Expected Output=Please fill out this field.}, {username=, password=teststage3, password confirmation=, Expected Output=Please fill out this field.}, {username=, password=, password confirmation=teststage3, Expected Output=Please fill out this field.}, {username=, password=, password confirmation=, Expected Output=Please fill out this field.}, {username=DreamTeam, password=Dre@mTe@m123, password confirmation=Dre@mTe@m123, Expected Output=password_mismatch:The two password fields didn’t match.}]
[ERROR] 2024-10-21 00:45:46.333 [TestNG-PoolService-9] LoggerLoad - password_mismatch:The two password fields didnâ€™t match.
  Then The User validate the Excepted Output for Registration Page                                                                 # stepdefinitions.RegisterStep.the_user_validate_the_excepted_output_for_registration_page()
  Given The User navigates to the Registration page                                                                                # stepdefinitions.RegisterStep.the_user_navigates_to_the_registration_page()
  Given The User navigates to the Registration page                                                                                # stepdefinitions.RegisterStep.the_user_navigates_to_the_registration_page()
]]></system-out>
    <system-err><![CDATA[Oct 21, 2024 12:45:42 AM org.openqa.selenium.devtools.CdpVersionFinder findNearestMatch
WARNING: Unable to find an exact match for CDP version 129, returning the closest version; found: 128; Please update to a Selenium version that supports CDP version 129
Oct 21, 2024 12:45:44 AM org.openqa.selenium.devtools.CdpVersionFinder findNearestMatch
WARNING: Unable to find an exact match for CDP version 129, returning the closest version; found: 128; Please update to a Selenium version that supports CDP version 129
Oct 21, 2024 12:45:44 AM org.openqa.selenium.devtools.CdpVersionFinder findNearestMatch
WARNING: Unable to find an exact match for CDP version 129, returning the closest version; found: 128; Please update to a Selenium version that supports CDP version 129
]]></system-err>
  </testcase>
  <testcase name="runScenario[&quot;Validate the Practice Questions&quot;, &quot;DS Portal Queue Page Functionality&quot;](253)" classname="runner.TestRunner" time="0.071">
    <failure message="No questions found" type="java.lang.AssertionError"><![CDATA[java.lang.AssertionError: No questions found
	at org.testng.Assert.fail(Assert.java:111)
	at stepdefinitions.QueueStep.the_user_should_navigate_to_queue_practice_page(QueueStep.java:224)
	at ✽.The User should navigate to queue Practice Page(file:///C:/Users/Palanivel/eclipse-workspace/asta_dsalgoBDD/./src/test/resources/features/queue.feature:128)
]]></failure>
    <system-out><![CDATA[Size of userData: [{username=DreamTeam, password=Dre@mTe@m123, password confirmation=Dre@mTe@m123, Expected Output=New Account Created. You are logged in as DreamFocus}, {username=TestStage2, password=dream12356, password confirmation=dream12356, Expected Output=password_mismatch:The two password fields didn’t match.}, {username=DREAMTEAM, password=Dre@mTe@m1288, password confirmation=dre@mTe3456, Expected Output=password_mismatch:The two password fields didn’t match.}, {username=DreamTeaa, password=dre@m3, password confirmation=dre@m3, Expected Output=password_mismatch:The two password fields didn’t match.}, {username=TestStage2, password=, password confirmation=, Expected Output=Please fill out this field.}, {username=, password=teststage3, password confirmation=, Expected Output=Please fill out this field.}, {username=, password=, password confirmation=teststage3, Expected Output=Please fill out this field.}, {username=, password=, password confirmation=, Expected Output=Please fill out this field.}, {username=DreamTeam, password=Dre@mTe@m123, password confirmation=Dre@mTe@m123, Expected Output=password_mismatch:The two password fields didn’t match.}]

@Registration @RegisterInvalidCredentials @RegistrationTest002
Scenario Outline: Unsuccessful Register with Invalid Credentials                                                                   # src/test/resources/features/register.feature:24
]]></system-out>
  </testcase>
  <testcase name="runScenario[&quot;validate the Try editor for positive input from the Queue Operation Page&quot;, &quot;DS Portal Queue Page Functionality&quot;](254)" classname="runner.TestRunner" time="0.019"/>
  <testcase name="runScenario[&quot;validate the Try editor for negative input from the Queue Operation Page&quot;, &quot;DS Portal Queue Page Functionality&quot;](255)" classname="runner.TestRunner" time="0.617">
    <system-out><![CDATA[
@Registration @RegisterInvalidCredentials @RegistrationTest002
Scenario Outline: Unsuccessful Register with Invalid Credentials                                                                   # src/test/resources/features/register.feature:25
No alert was present during the Register process.
  When The User enter Invalid username and password then confirmPassword from sheet "RegisterPage" and 3 and click register button # stepdefinitions.RegisterStep.the_user_enter_invalid_username_and_password_then_confirm_password_from_sheet_and_and_click_register_button(java.lang.String,int)
Size of userData: [{username=DreamTeam, password=Dre@mTe@m123, password confirmation=Dre@mTe@m123, Expected Output=New Account Created. You are logged in as DreamFocus}, {username=TestStage2, password=dream12356, password confirmation=dream12356, Expected Output=password_mismatch:The two password fields didn’t match.}, {username=DREAMTEAM, password=Dre@mTe@m1288, password confirmation=dre@mTe3456, Expected Output=password_mismatch:The two password fields didn’t match.}, {username=DreamTeaa, password=dre@m3, password confirmation=dre@m3, Expected Output=password_mismatch:The two password fields didn’t match.}, {username=TestStage2, password=, password confirmation=, Expected Output=Please fill out this field.}, {username=, password=teststage3, password confirmation=, Expected Output=Please fill out this field.}, {username=, password=, password confirmation=teststage3, Expected Output=Please fill out this field.}, {username=, password=, password confirmation=, Expected Output=Please fill out this field.}, {username=DreamTeam, password=Dre@mTe@m123, password confirmation=Dre@mTe@m123, Expected Output=password_mismatch:The two password fields didn’t match.}]
[ERROR] 2024-10-21 00:45:47.259 [TestNG-PoolService-2] LoggerLoad - password_mismatch:The two password fields didnâ€™t match.
  Then The User validate the Excepted Output for Registration Page                                                                 # stepdefinitions.RegisterStep.the_user_validate_the_excepted_output_for_registration_page()
]]></system-out>
  </testcase>
  <testcase name="runScenario[&quot;Unsuccessful Register with Invalid Credentials&quot;, &quot;DS Portal Register Functionality&quot;](256)" classname="runner.TestRunner" time="0.755"/>
  <testcase name="runScenario[&quot;Unsuccessful Register with Invalid Credentials&quot;, &quot;DS Portal Register Functionality&quot;](257)" classname="runner.TestRunner" time="1.564">
    <system-out><![CDATA[No alert was present during the Register process.
  When The User enter Invalid username and password then confirmPassword from sheet "RegisterPage" and 5 and click register button # stepdefinitions.RegisterStep.the_user_enter_invalid_username_and_password_then_confirm_password_from_sheet_and_and_click_register_button(java.lang.String,int)
[ERROR] 2024-10-21 00:45:48.160 [TestNG-PoolService-3] LoggerLoad - Username and confirmPassword field are Blank- Please fill out this field.
  Then The User validate the Excepted Output for Registration Page                                                                 # stepdefinitions.RegisterStep.the_user_validate_the_excepted_output_for_registration_page()
No alert was present during the Register process.
  When The User enter Invalid username and password then confirmPassword from sheet "RegisterPage" and 4 and click register button # stepdefinitions.RegisterStep.the_user_enter_invalid_username_and_password_then_confirm_password_from_sheet_and_and_click_register_button(java.lang.String,int)
[ERROR] 2024-10-21 00:45:48.526 [TestNG-PoolService-6] LoggerLoad - Password and confirmPassword field are Blank- Please fill out this field.
  Then The User validate the Excepted Output for Registration Page                                                                 # stepdefinitions.RegisterStep.the_user_validate_the_excepted_output_for_registration_page()
]]></system-out>
    <system-err><![CDATA[Oct 21, 2024 12:45:47 AM org.openqa.selenium.devtools.CdpVersionFinder findNearestMatch
WARNING: Unable to find an exact match for CDP version 129, returning the closest version; found: 128; Please update to a Selenium version that supports CDP version 129
]]></system-err>
  </testcase>
  <testcase name="runScenario[&quot;Unsuccessful Register with Invalid Credentials&quot;, &quot;DS Portal Register Functionality&quot;](258)" classname="runner.TestRunner" time="1.754"/>
  <testcase name="runScenario[&quot;Unsuccessful Register with Invalid Credentials&quot;, &quot;DS Portal Register Functionality&quot;](259)" classname="runner.TestRunner" time="1.805"/>
  <testcase name="runScenario[&quot;Unsuccessful Register with Invalid Credentials&quot;, &quot;DS Portal Register Functionality&quot;](260)" classname="runner.TestRunner" time="3.983">
    <system-out><![CDATA[  Given The User navigates to the Registration page                                                                                # stepdefinitions.RegisterStep.the_user_navigates_to_the_registration_page()
Size of userData: [{username=DreamTeam, password=Dre@mTe@m123, password confirmation=Dre@mTe@m123, Expected Output=New Account Created. You are logged in as DreamFocus}, {username=TestStage2, password=dream12356, password confirmation=dream12356, Expected Output=password_mismatch:The two password fields didn’t match.}, {username=DREAMTEAM, password=Dre@mTe@m1288, password confirmation=dre@mTe3456, Expected Output=password_mismatch:The two password fields didn’t match.}, {username=DreamTeaa, password=dre@m3, password confirmation=dre@m3, Expected Output=password_mismatch:The two password fields didn’t match.}, {username=TestStage2, password=, password confirmation=, Expected Output=Please fill out this field.}, {username=, password=teststage3, password confirmation=, Expected Output=Please fill out this field.}, {username=, password=, password confirmation=teststage3, Expected Output=Please fill out this field.}, {username=, password=, password confirmation=, Expected Output=Please fill out this field.}, {username=DreamTeam, password=Dre@mTe@m123, password confirmation=Dre@mTe@m123, Expected Output=password_mismatch:The two password fields didn’t match.}]
No alert was present during the Register process.
  When The User enter Invalid username and password then confirmPassword from sheet "RegisterPage" and 6 and click register button # stepdefinitions.RegisterStep.the_user_enter_invalid_username_and_password_then_confirm_password_from_sheet_and_and_click_register_button(java.lang.String,int)
[ERROR] 2024-10-21 00:45:50.909 [TestNG-PoolService-8] LoggerLoad - Username and Password field are Blank- Please fill out this field.
  Then The User validate the Excepted Output for Registration Page                                                                 # stepdefinitions.RegisterStep.the_user_validate_the_excepted_output_for_registration_page()
]]></system-out>
    <system-err><![CDATA[Oct 21, 2024 12:45:50 AM org.openqa.selenium.devtools.CdpVersionFinder findNearestMatch
WARNING: Unable to find an exact match for CDP version 129, returning the closest version; found: 128; Please update to a Selenium version that supports CDP version 129
Oct 21, 2024 12:45:50 AM org.openqa.selenium.devtools.CdpVersionFinder findNearestMatch
WARNING: Unable to find an exact match for CDP version 129, returning the closest version; found: 128; Please update to a Selenium version that supports CDP version 129
]]></system-err>
  </testcase>
  <testcase name="runScenario[&quot;Validate the Practice Questions&quot;, &quot;DS Portal Queue Page Functionality&quot;](261)" classname="runner.TestRunner" time="5.446">
    <failure message="No questions found" type="java.lang.AssertionError"><![CDATA[java.lang.AssertionError: No questions found
	at org.testng.Assert.fail(Assert.java:111)
	at stepdefinitions.QueueStep.the_user_should_navigate_to_queue_practice_page(QueueStep.java:224)
	at ✽.The User should navigate to queue Practice Page(file:///C:/Users/Palanivel/eclipse-workspace/asta_dsalgoBDD/./src/test/resources/features/queue.feature:166)
]]></failure>
    <system-out><![CDATA[  Given The User navigates to the Registration page                                                                                # stepdefinitions.RegisterStep.the_user_navigates_to_the_registration_page()
  Then The User should navigate to queue Practice Page                    # stepdefinitions.QueueStep.the_user_should_navigate_to_queue_practice_page()
      java.lang.AssertionError: No questions found
	at org.testng.Assert.fail(Assert.java:111)
	at stepdefinitions.QueueStep.the_user_should_navigate_to_queue_practice_page(QueueStep.java:224)
	at âœ½.The User should navigate to queue Practice Page(file:///C:/Users/Palanivel/eclipse-workspace/asta_dsalgoBDD/./src/test/resources/features/queue.feature:166)

  Given The User navigates to the Registration page                                                                                # stepdefinitions.RegisterStep.the_user_navigates_to_the_registration_page()

    Embedding Validate the Practice Questions [image/png 14881 bytes]

Size of userData: [{username=DreamTeam, password=Dre@mTe@m123, password confirmation=Dre@mTe@m123, Expected Output=New Account Created. You are logged in as DreamFocus}, {username=TestStage2, password=dream12356, password confirmation=dream12356, Expected Output=password_mismatch:The two password fields didn’t match.}, {username=DREAMTEAM, password=Dre@mTe@m1288, password confirmation=dre@mTe3456, Expected Output=password_mismatch:The two password fields didn’t match.}, {username=DreamTeaa, password=dre@m3, password confirmation=dre@m3, Expected Output=password_mismatch:The two password fields didn’t match.}, {username=TestStage2, password=, password confirmation=, Expected Output=Please fill out this field.}, {username=, password=teststage3, password confirmation=, Expected Output=Please fill out this field.}, {username=, password=, password confirmation=teststage3, Expected Output=Please fill out this field.}, {username=, password=, password confirmation=, Expected Output=Please fill out this field.}, {username=DreamTeam, password=Dre@mTe@m123, password confirmation=Dre@mTe@m123, Expected Output=password_mismatch:The two password fields didn’t match.}]
Size of userData: [{username=DreamTeam, password=Dre@mTe@m123, password confirmation=Dre@mTe@m123, Expected Output=New Account Created. You are logged in as DreamFocus}, {username=TestStage2, password=dream12356, password confirmation=dream12356, Expected Output=password_mismatch:The two password fields didn’t match.}, {username=DREAMTEAM, password=Dre@mTe@m1288, password confirmation=dre@mTe3456, Expected Output=password_mismatch:The two password fields didn’t match.}, {username=DreamTeaa, password=dre@m3, password confirmation=dre@m3, Expected Output=password_mismatch:The two password fields didn’t match.}, {username=TestStage2, password=, password confirmation=, Expected Output=Please fill out this field.}, {username=, password=teststage3, password confirmation=, Expected Output=Please fill out this field.}, {username=, password=, password confirmation=teststage3, Expected Output=Please fill out this field.}, {username=, password=, password confirmation=, Expected Output=Please fill out this field.}, {username=DreamTeam, password=Dre@mTe@m123, password confirmation=Dre@mTe@m123, Expected Output=password_mismatch:The two password fields didn’t match.}]
]]></system-out>
  </testcase>
  <testcase name="runScenario[&quot;Unsuccessful Register with Invalid Credentials&quot;, &quot;DS Portal Register Functionality&quot;](262)" classname="runner.TestRunner" time="5.729">
    <system-out><![CDATA[No alert was present during the Register process.
  When The User enter Invalid username and password then confirmPassword from sheet "RegisterPage" and 7 and click register button # stepdefinitions.RegisterStep.the_user_enter_invalid_username_and_password_then_confirm_password_from_sheet_and_and_click_register_button(java.lang.String,int)
[ERROR] 2024-10-21 00:45:52.686 [TestNG-PoolService-4] LoggerLoad - Password and confirmPassword field are Blank- Please fill out this field.
  Then The User validate the Excepted Output for Registration Page                                                                 # stepdefinitions.RegisterStep.the_user_validate_the_excepted_output_for_registration_page()
No alert was present during the Register process.
  When The User enter Invalid username and password then confirmPassword from sheet "RegisterPage" and 8 and click register button # stepdefinitions.RegisterStep.the_user_enter_invalid_username_and_password_then_confirm_password_from_sheet_and_and_click_register_button(java.lang.String,int)
]]></system-out>
  </testcase>
  <testcase name="runScenario[&quot;Unsuccessful Register with Invalid Credentials&quot;, &quot;DS Portal Register Functionality&quot;](263)" classname="runner.TestRunner" time="6.553">
    <system-out><![CDATA[[ERROR] 2024-10-21 00:45:52.882 [TestNG-PoolService-1] LoggerLoad - password_mismatch:The two password fields didnâ€™t match.
clicked login link
[INFO ] 2024-10-21 00:45:53.097 [TestNG-PoolService-1] LoggerLoad - clicked login link
[INFO ] 2024-10-21 00:45:53.134 [TestNG-PoolService-1] LoggerLoad - Back to Register page
clicked sign in  nav link
[INFO ] 2024-10-21 00:45:53.475 [TestNG-PoolService-1] LoggerLoad - We are in Register Page ,Navigate to login page using Menubar 'Sign-in' link
  Then The User validate the Excepted Output for Registration Page                                                                 # stepdefinitions.RegisterStep.the_user_validate_the_excepted_output_for_registration_page()
]]></system-out>
  </testcase>
</testsuite>